[1.158s] Invoking command in '/home/dong/turtlebot4_ws/build/turtlebot4_cmd_py': PYTHONPATH=/home/dong/turtlebot4_ws/build/turtlebot4_cmd_py/prefix_override:/home/dong/turtlebot4_ws/install/turtlebot4_cmd_py/lib/python3.10/site-packages:${PYTHONPATH} /usr/bin/python3 setup.py develop --editable --build-directory /home/dong/turtlebot4_ws/build/turtlebot4_cmd_py/build --no-deps install_data
[1.440s] running develop
[1.440s] /home/dong/.local/lib/python3.10/site-packages/setuptools/command/develop.py:39: EasyInstallDeprecationWarning: easy_install command is deprecated.
[1.440s] !!
[1.441s] 
[1.442s]         ********************************************************************************
[1.442s]         Please avoid running ``setup.py`` and ``easy_install``.
[1.442s]         Instead, use pypa/build, pypa/installer or other
[1.442s]         standards-based tools.
[1.443s] 
[1.443s]         See https://github.com/pypa/setuptools/issues/917 for details.
[1.443s]         ********************************************************************************
[1.443s] 
[1.443s] !!
[1.444s]   easy_install.initialize_options(self)
[1.474s] /home/dong/.local/lib/python3.10/site-packages/setuptools/_distutils/cmd.py:66: SetuptoolsDeprecationWarning: setup.py install is deprecated.
[1.475s] !!
[1.475s] 
[1.476s]         ********************************************************************************
[1.476s]         Please avoid running ``setup.py`` directly.
[1.476s]         Instead, use pypa/build, pypa/installer or other
[1.477s]         standards-based tools.
[1.477s] 
[1.477s]         See https://blog.ganssle.io/articles/2021/10/setup-py-deprecated.html for details.
[1.477s]         ********************************************************************************
[1.477s] 
[1.477s] !!
[1.477s]   self.initialize_options()
[1.656s] running egg_info
[1.669s] writing turtlebot4_cmd_py.egg-info/PKG-INFO
[1.669s] writing dependency_links to turtlebot4_cmd_py.egg-info/dependency_links.txt
[1.670s] writing entry points to turtlebot4_cmd_py.egg-info/entry_points.txt
[1.670s] writing requirements to turtlebot4_cmd_py.egg-info/requires.txt
[1.670s] writing top-level names to turtlebot4_cmd_py.egg-info/top_level.txt
[1.709s] reading manifest file 'turtlebot4_cmd_py.egg-info/SOURCES.txt'
[1.709s] writing manifest file 'turtlebot4_cmd_py.egg-info/SOURCES.txt'
[1.722s] running build_ext
[1.722s] Creating /home/dong/turtlebot4_ws/install/turtlebot4_cmd_py/lib/python3.10/site-packages/turtlebot4_cmd_py.egg-link (link to .)
[1.723s] Installing Turtlebot4Ctl script to /home/dong/turtlebot4_ws/install/turtlebot4_cmd_py/lib/turtlebot4_cmd_py
[1.723s] 
[1.723s] Installed /home/dong/turtlebot4_ws/build/turtlebot4_cmd_py
[1.723s] running install_data
[1.723s] copying resource/turtlebot4_cmd_py -> /home/dong/turtlebot4_ws/install/turtlebot4_cmd_py/share/ament_index/resource_index/packages
[1.723s] copying package.xml -> /home/dong/turtlebot4_ws/install/turtlebot4_cmd_py/share/turtlebot4_cmd_py
[1.897s] Invoked command in '/home/dong/turtlebot4_ws/build/turtlebot4_cmd_py' returned '0': PYTHONPATH=/home/dong/turtlebot4_ws/build/turtlebot4_cmd_py/prefix_override:/home/dong/turtlebot4_ws/install/turtlebot4_cmd_py/lib/python3.10/site-packages:${PYTHONPATH} /usr/bin/python3 setup.py develop --editable --build-directory /home/dong/turtlebot4_ws/build/turtlebot4_cmd_py/build --no-deps install_data
