[0.124s] Invoking command in '/home/dong/turtlebot4-ws/build/minibot_bringup': AMENT_PREFIX_PATH=/home/dong/turtlebot4-ws/install/minibot_gazebo:/home/dong/turtlebot4-ws/install/minibot_description:${AMENT_PREFIX_PATH} CMAKE_PREFIX_PATH=/home/dong/turtlebot4-ws/install/minibot_gazebo:/home/dong/turtlebot4-ws/install/minibot_description:/home/dong/turtlebot4-ws/install/turtlebot4_setup:/home/dong/turtlebot4-ws/install/minibot_navigation2:/home/dong/turtlebot4-ws/install/minibot_controllers:/home/dong/turtlebot4-ws/install/minibot_interfaces:/home/dong/turtlebot4-ws/install/minibot_hardware_interface:/home/dong/turtlebot4-ws/install/minibot_bringup:/home/dong/turtlebot4_ws/install/turtlebot4_setup:/home/dong/turtlebot4_ws/install/minibot_navigation2:/home/dong/turtlebot4_ws/install/minibot_controllers:/home/dong/turtlebot4_ws/install/minibot_interfaces:/home/dong/turtlebot4_ws/install/minibot_hardware_interface:/home/dong/turtlebot4_ws/install/minibot_bringup:/home/dong/turtlebot4_ws/install/minibot_gazebo:/home/dong/turtlebot4_ws/install/minibot_description:/home/dong/turtlebot4-ws/install/turtlebot4_cmd_py:/home/dong/turtlebot4-ws/install/teleop_twist_keyboard:/home/dong/turtlebot4_ws/install/turtlebot4_cmd_py:/home/dong/turtlebot4_ws/install/teleop_twist_keyboard:/opt/ros/humble /usr/bin/cmake /home/dong/turtlebot4-ws/src/pinklab_minibot_robot/minibot_bringup -DAMENT_CMAKE_SYMLINK_INSTALL=1 -DCMAKE_INSTALL_PREFIX=/home/dong/turtlebot4-ws/install/minibot_bringup
[0.195s] -- The C compiler identification is GNU 11.4.0
[0.248s] -- The CXX compiler identification is GNU 11.4.0
[0.254s] -- Detecting C compiler ABI info
[0.328s] -- Detecting C compiler ABI info - done
[0.338s] -- Check for working C compiler: /usr/bin/cc - skipped
[0.338s] -- Detecting C compile features
[0.338s] -- Detecting C compile features - done
[0.343s] -- Detecting CXX compiler ABI info
[0.416s] -- Detecting CXX compiler ABI info - done
[0.422s] -- Check for working CXX compiler: /usr/bin/c++ - skipped
[0.422s] -- Detecting CXX compile features
[0.423s] -- Detecting CXX compile features - done
[0.426s] -- Found ament_cmake: 1.3.7 (/opt/ros/humble/share/ament_cmake/cmake)
[0.758s] -- Found Python3: /usr/bin/python3.10 (found version "3.10.12") found components: Interpreter 
[0.815s] -- Override CMake install command with custom implementation using symlinks instead of copying resources
[0.855s] -- Found minibot_gazebo: 0.0.0 (/home/dong/turtlebot4-ws/install/minibot_gazebo/share/minibot_gazebo/cmake)
[0.856s] -- Found minibot_description: 0.0.0 (/home/dong/turtlebot4-ws/install/minibot_description/share/minibot_description/cmake)
[0.859s] -- Found ament_lint_auto: 0.12.10 (/opt/ros/humble/share/ament_lint_auto/cmake)
[0.962s] -- Added test 'copyright' to check source files copyright and LICENSE
[0.965s] -- Added test 'flake8' to check Python code syntax and style conventions
[0.966s] -- Added test 'lint_cmake' to check CMake code style
[0.967s] -- Added test 'pep257' to check Python code against some of the docstring style conventions in PEP 257
[0.969s] -- Added test 'xmllint' to check XML markup files
[0.971s] -- Configuring done
[0.974s] -- Generating done
[0.975s] -- Build files have been written to: /home/dong/turtlebot4-ws/build/minibot_bringup
[0.981s] Invoked command in '/home/dong/turtlebot4-ws/build/minibot_bringup' returned '0': AMENT_PREFIX_PATH=/home/dong/turtlebot4-ws/install/minibot_gazebo:/home/dong/turtlebot4-ws/install/minibot_description:${AMENT_PREFIX_PATH} CMAKE_PREFIX_PATH=/home/dong/turtlebot4-ws/install/minibot_gazebo:/home/dong/turtlebot4-ws/install/minibot_description:/home/dong/turtlebot4-ws/install/turtlebot4_setup:/home/dong/turtlebot4-ws/install/minibot_navigation2:/home/dong/turtlebot4-ws/install/minibot_controllers:/home/dong/turtlebot4-ws/install/minibot_interfaces:/home/dong/turtlebot4-ws/install/minibot_hardware_interface:/home/dong/turtlebot4-ws/install/minibot_bringup:/home/dong/turtlebot4_ws/install/turtlebot4_setup:/home/dong/turtlebot4_ws/install/minibot_navigation2:/home/dong/turtlebot4_ws/install/minibot_controllers:/home/dong/turtlebot4_ws/install/minibot_interfaces:/home/dong/turtlebot4_ws/install/minibot_hardware_interface:/home/dong/turtlebot4_ws/install/minibot_bringup:/home/dong/turtlebot4_ws/install/minibot_gazebo:/home/dong/turtlebot4_ws/install/minibot_description:/home/dong/turtlebot4-ws/install/turtlebot4_cmd_py:/home/dong/turtlebot4-ws/install/teleop_twist_keyboard:/home/dong/turtlebot4_ws/install/turtlebot4_cmd_py:/home/dong/turtlebot4_ws/install/teleop_twist_keyboard:/opt/ros/humble /usr/bin/cmake /home/dong/turtlebot4-ws/src/pinklab_minibot_robot/minibot_bringup -DAMENT_CMAKE_SYMLINK_INSTALL=1 -DCMAKE_INSTALL_PREFIX=/home/dong/turtlebot4-ws/install/minibot_bringup
[0.982s] Invoking command in '/home/dong/turtlebot4-ws/build/minibot_bringup': AMENT_PREFIX_PATH=/home/dong/turtlebot4-ws/install/minibot_gazebo:/home/dong/turtlebot4-ws/install/minibot_description:${AMENT_PREFIX_PATH} CMAKE_PREFIX_PATH=/home/dong/turtlebot4-ws/install/minibot_gazebo:/home/dong/turtlebot4-ws/install/minibot_description:/home/dong/turtlebot4-ws/install/turtlebot4_setup:/home/dong/turtlebot4-ws/install/minibot_navigation2:/home/dong/turtlebot4-ws/install/minibot_controllers:/home/dong/turtlebot4-ws/install/minibot_interfaces:/home/dong/turtlebot4-ws/install/minibot_hardware_interface:/home/dong/turtlebot4-ws/install/minibot_bringup:/home/dong/turtlebot4_ws/install/turtlebot4_setup:/home/dong/turtlebot4_ws/install/minibot_navigation2:/home/dong/turtlebot4_ws/install/minibot_controllers:/home/dong/turtlebot4_ws/install/minibot_interfaces:/home/dong/turtlebot4_ws/install/minibot_hardware_interface:/home/dong/turtlebot4_ws/install/minibot_bringup:/home/dong/turtlebot4_ws/install/minibot_gazebo:/home/dong/turtlebot4_ws/install/minibot_description:/home/dong/turtlebot4-ws/install/turtlebot4_cmd_py:/home/dong/turtlebot4-ws/install/teleop_twist_keyboard:/home/dong/turtlebot4_ws/install/turtlebot4_cmd_py:/home/dong/turtlebot4_ws/install/teleop_twist_keyboard:/opt/ros/humble /usr/bin/cmake --build /home/dong/turtlebot4-ws/build/minibot_bringup -- -j8 -l8
[1.014s] Invoked command in '/home/dong/turtlebot4-ws/build/minibot_bringup' returned '0': AMENT_PREFIX_PATH=/home/dong/turtlebot4-ws/install/minibot_gazebo:/home/dong/turtlebot4-ws/install/minibot_description:${AMENT_PREFIX_PATH} CMAKE_PREFIX_PATH=/home/dong/turtlebot4-ws/install/minibot_gazebo:/home/dong/turtlebot4-ws/install/minibot_description:/home/dong/turtlebot4-ws/install/turtlebot4_setup:/home/dong/turtlebot4-ws/install/minibot_navigation2:/home/dong/turtlebot4-ws/install/minibot_controllers:/home/dong/turtlebot4-ws/install/minibot_interfaces:/home/dong/turtlebot4-ws/install/minibot_hardware_interface:/home/dong/turtlebot4-ws/install/minibot_bringup:/home/dong/turtlebot4_ws/install/turtlebot4_setup:/home/dong/turtlebot4_ws/install/minibot_navigation2:/home/dong/turtlebot4_ws/install/minibot_controllers:/home/dong/turtlebot4_ws/install/minibot_interfaces:/home/dong/turtlebot4_ws/install/minibot_hardware_interface:/home/dong/turtlebot4_ws/install/minibot_bringup:/home/dong/turtlebot4_ws/install/minibot_gazebo:/home/dong/turtlebot4_ws/install/minibot_description:/home/dong/turtlebot4-ws/install/turtlebot4_cmd_py:/home/dong/turtlebot4-ws/install/teleop_twist_keyboard:/home/dong/turtlebot4_ws/install/turtlebot4_cmd_py:/home/dong/turtlebot4_ws/install/teleop_twist_keyboard:/opt/ros/humble /usr/bin/cmake --build /home/dong/turtlebot4-ws/build/minibot_bringup -- -j8 -l8
[1.034s] Invoking command in '/home/dong/turtlebot4-ws/build/minibot_bringup': AMENT_PREFIX_PATH=/home/dong/turtlebot4-ws/install/minibot_gazebo:/home/dong/turtlebot4-ws/install/minibot_description:${AMENT_PREFIX_PATH} CMAKE_PREFIX_PATH=/home/dong/turtlebot4-ws/install/minibot_gazebo:/home/dong/turtlebot4-ws/install/minibot_description:/home/dong/turtlebot4-ws/install/turtlebot4_setup:/home/dong/turtlebot4-ws/install/minibot_navigation2:/home/dong/turtlebot4-ws/install/minibot_controllers:/home/dong/turtlebot4-ws/install/minibot_interfaces:/home/dong/turtlebot4-ws/install/minibot_hardware_interface:/home/dong/turtlebot4-ws/install/minibot_bringup:/home/dong/turtlebot4_ws/install/turtlebot4_setup:/home/dong/turtlebot4_ws/install/minibot_navigation2:/home/dong/turtlebot4_ws/install/minibot_controllers:/home/dong/turtlebot4_ws/install/minibot_interfaces:/home/dong/turtlebot4_ws/install/minibot_hardware_interface:/home/dong/turtlebot4_ws/install/minibot_bringup:/home/dong/turtlebot4_ws/install/minibot_gazebo:/home/dong/turtlebot4_ws/install/minibot_description:/home/dong/turtlebot4-ws/install/turtlebot4_cmd_py:/home/dong/turtlebot4-ws/install/teleop_twist_keyboard:/home/dong/turtlebot4_ws/install/turtlebot4_cmd_py:/home/dong/turtlebot4_ws/install/teleop_twist_keyboard:/opt/ros/humble /usr/bin/cmake --install /home/dong/turtlebot4-ws/build/minibot_bringup
[1.042s] -- Install configuration: ""
[1.042s] -- Execute custom install script
[1.043s] -- Symlinking: /home/dong/turtlebot4-ws/install/minibot_bringup/share/minibot_bringup/config/minibot_controllers.yaml
[1.054s] -- Symlinking: /home/dong/turtlebot4-ws/install/minibot_bringup/share/minibot_bringup/config/minibot_controllers_gazebo.yaml
[1.065s] -- Symlinking: /home/dong/turtlebot4-ws/install/minibot_bringup/share/minibot_bringup/config/ydlidar.yaml
[1.076s] -- Symlinking: /home/dong/turtlebot4-ws/install/minibot_bringup/share/minibot_bringup/launch/bringup_robot.launch.py
[1.088s] -- Symlinking: /home/dong/turtlebot4-ws/install/minibot_bringup/share/minibot_bringup/launch/bringup_robot_gazebo.launch.py
[1.098s] -- Symlinking: /home/dong/turtlebot4-ws/install/minibot_bringup/share/minibot_bringup/rviz/.empty
[1.105s] -- Symlinking: /home/dong/turtlebot4-ws/install/minibot_bringup/share/minibot_bringup/rviz/robot.rviz
[1.117s] -- Symlinking: /home/dong/turtlebot4-ws/install/minibot_bringup/share/ament_index/resource_index/package_run_dependencies/minibot_bringup
[1.129s] -- Symlinking: /home/dong/turtlebot4-ws/install/minibot_bringup/share/ament_index/resource_index/parent_prefix_path/minibot_bringup
[1.137s] -- Symlinking: /home/dong/turtlebot4-ws/install/minibot_bringup/share/minibot_bringup/environment/ament_prefix_path.sh
[1.147s] -- Symlinking: /home/dong/turtlebot4-ws/install/minibot_bringup/share/minibot_bringup/environment/ament_prefix_path.dsv
[1.158s] -- Symlinking: /home/dong/turtlebot4-ws/install/minibot_bringup/share/minibot_bringup/environment/path.sh
[1.168s] -- Symlinking: /home/dong/turtlebot4-ws/install/minibot_bringup/share/minibot_bringup/environment/path.dsv
[1.177s] -- Symlinking: /home/dong/turtlebot4-ws/install/minibot_bringup/share/minibot_bringup/local_setup.bash
[1.184s] -- Symlinking: /home/dong/turtlebot4-ws/install/minibot_bringup/share/minibot_bringup/local_setup.sh
[1.192s] -- Symlinking: /home/dong/turtlebot4-ws/install/minibot_bringup/share/minibot_bringup/local_setup.zsh
[1.200s] -- Symlinking: /home/dong/turtlebot4-ws/install/minibot_bringup/share/minibot_bringup/local_setup.dsv
[1.207s] -- Symlinking: /home/dong/turtlebot4-ws/install/minibot_bringup/share/minibot_bringup/package.dsv
[1.215s] -- Symlinking: /home/dong/turtlebot4-ws/install/minibot_bringup/share/ament_index/resource_index/packages/minibot_bringup
[1.222s] -- Symlinking: /home/dong/turtlebot4-ws/install/minibot_bringup/share/minibot_bringup/cmake/minibot_bringupConfig.cmake
[1.229s] -- Symlinking: /home/dong/turtlebot4-ws/install/minibot_bringup/share/minibot_bringup/cmake/minibot_bringupConfig-version.cmake
[1.237s] -- Symlinking: /home/dong/turtlebot4-ws/install/minibot_bringup/share/minibot_bringup/package.xml
[1.247s] Invoked command in '/home/dong/turtlebot4-ws/build/minibot_bringup' returned '0': AMENT_PREFIX_PATH=/home/dong/turtlebot4-ws/install/minibot_gazebo:/home/dong/turtlebot4-ws/install/minibot_description:${AMENT_PREFIX_PATH} CMAKE_PREFIX_PATH=/home/dong/turtlebot4-ws/install/minibot_gazebo:/home/dong/turtlebot4-ws/install/minibot_description:/home/dong/turtlebot4-ws/install/turtlebot4_setup:/home/dong/turtlebot4-ws/install/minibot_navigation2:/home/dong/turtlebot4-ws/install/minibot_controllers:/home/dong/turtlebot4-ws/install/minibot_interfaces:/home/dong/turtlebot4-ws/install/minibot_hardware_interface:/home/dong/turtlebot4-ws/install/minibot_bringup:/home/dong/turtlebot4_ws/install/turtlebot4_setup:/home/dong/turtlebot4_ws/install/minibot_navigation2:/home/dong/turtlebot4_ws/install/minibot_controllers:/home/dong/turtlebot4_ws/install/minibot_interfaces:/home/dong/turtlebot4_ws/install/minibot_hardware_interface:/home/dong/turtlebot4_ws/install/minibot_bringup:/home/dong/turtlebot4_ws/install/minibot_gazebo:/home/dong/turtlebot4_ws/install/minibot_description:/home/dong/turtlebot4-ws/install/turtlebot4_cmd_py:/home/dong/turtlebot4-ws/install/teleop_twist_keyboard:/home/dong/turtlebot4_ws/install/turtlebot4_cmd_py:/home/dong/turtlebot4_ws/install/teleop_twist_keyboard:/opt/ros/humble /usr/bin/cmake --install /home/dong/turtlebot4-ws/build/minibot_bringup
