[0.238s] Invoking command in '/home/dong/turtlebot4-ws/build/minibot_description': CMAKE_PREFIX_PATH=/opt/ros/humble /usr/bin/cmake /home/dong/turtlebot4-ws/src/pinklab_minibot_robot/minibot_description -DAMENT_CMAKE_SYMLINK_INSTALL=1 -DCMAKE_INSTALL_PREFIX=/home/dong/turtlebot4-ws/install/minibot_description
[0.661s] -- The C compiler identification is GNU 11.4.0
[0.662s] -- The CXX compiler identification is GNU 11.4.0
[0.663s] -- Detecting C compiler ABI info
[0.663s] -- Detecting C compiler ABI info - done
[0.663s] -- Check for working C compiler: /usr/bin/cc - skipped
[0.663s] -- Detecting C compile features
[0.663s] -- Detecting C compile features - done
[0.663s] -- Detecting CXX compiler ABI info
[0.663s] -- Detecting CXX compiler ABI info - done
[0.663s] -- Check for working CXX compiler: /usr/bin/c++ - skipped
[0.663s] -- Detecting CXX compile features
[0.664s] -- Detecting CXX compile features - done
[0.664s] -- Found ament_cmake: 1.3.7 (/opt/ros/humble/share/ament_cmake/cmake)
[1.035s] -- Found Python3: /usr/bin/python3.10 (found version "3.10.12") found components: Interpreter 
[1.089s] -- Override CMake install command with custom implementation using symlinks instead of copying resources
[1.113s] [31mCMake Error at CMakeLists.txt:10 (find_package):
[1.113s]   By not providing "Findxacro.cmake" in CMAKE_MODULE_PATH this project has
[1.113s]   asked CMake to find a package configuration file provided by "xacro", but
[1.113s]   CMake did not find one.
[1.113s] 
[1.113s]   Could not find a package configuration file provided by "xacro" with any of
[1.113s]   the following names:
[1.113s] 
[1.113s]     xacroConfig.cmake
[1.113s]     xacro-config.cmake
[1.113s] 
[1.113s]   Add the installation prefix of "xacro" to CMAKE_PREFIX_PATH or set
[1.113s]   "xacro_DIR" to a directory containing one of the above files.  If "xacro"
[1.113s]   provides a separate development package or SDK, be sure it has been
[1.114s]   installed.
[1.114s] 
[1.114s] [0m
[1.114s] -- Configuring incomplete, errors occurred!
[1.114s] See also "/home/dong/turtlebot4-ws/build/minibot_description/CMakeFiles/CMakeOutput.log".
[1.120s] Invoked command in '/home/dong/turtlebot4-ws/build/minibot_description' returned '1': CMAKE_PREFIX_PATH=/opt/ros/humble /usr/bin/cmake /home/dong/turtlebot4-ws/src/pinklab_minibot_robot/minibot_description -DAMENT_CMAKE_SYMLINK_INSTALL=1 -DCMAKE_INSTALL_PREFIX=/home/dong/turtlebot4-ws/install/minibot_description
