[1.853s] Invoking command in '/home/dong/turtlebot4_ws/build/turtlebot4_cmd_py': PYTHONPATH=/home/dong/turtlebot4_ws/build/turtlebot4_cmd_py/prefix_override:/home/dong/turtlebot4_ws/install/turtlebot4_cmd_py/lib/python3.10/site-packages:${PYTHONPATH} /usr/bin/python3 setup.py develop --editable --build-directory /home/dong/turtlebot4_ws/build/turtlebot4_cmd_py/build --no-deps install_data
[2.353s] running develop
[2.353s] /home/dong/.local/lib/python3.10/site-packages/setuptools/command/develop.py:39: EasyInstallDeprecationWarning: easy_install command is deprecated.
[2.354s] !!
[2.354s] 
[2.354s]         ********************************************************************************
[2.354s]         Please avoid running ``setup.py`` and ``easy_install``.
[2.354s]         Instead, use pypa/build, pypa/installer or other
[2.354s]         standards-based tools.
[2.354s] 
[2.354s]         See https://github.com/pypa/setuptools/issues/917 for details.
[2.354s]         ********************************************************************************
[2.355s] 
[2.355s] !!
[2.355s]   easy_install.initialize_options(self)
[2.394s] /home/dong/.local/lib/python3.10/site-packages/setuptools/_distutils/cmd.py:66: SetuptoolsDeprecationWarning: setup.py install is deprecated.
[2.394s] !!
[2.394s] 
[2.394s]         ********************************************************************************
[2.394s]         Please avoid running ``setup.py`` directly.
[2.394s]         Instead, use pypa/build, pypa/installer or other
[2.394s]         standards-based tools.
[2.394s] 
[2.394s]         See https://blog.ganssle.io/articles/2021/10/setup-py-deprecated.html for details.
[2.395s]         ********************************************************************************
[2.395s] 
[2.395s] !!
[2.395s]   self.initialize_options()
[2.680s] running egg_info
[2.704s] writing turtlebot4_cmd_py.egg-info/PKG-INFO
[2.705s] writing dependency_links to turtlebot4_cmd_py.egg-info/dependency_links.txt
[2.706s] writing entry points to turtlebot4_cmd_py.egg-info/entry_points.txt
[2.706s] writing requirements to turtlebot4_cmd_py.egg-info/requires.txt
[2.707s] writing top-level names to turtlebot4_cmd_py.egg-info/top_level.txt
[2.757s] reading manifest file 'turtlebot4_cmd_py.egg-info/SOURCES.txt'
[2.758s] writing manifest file 'turtlebot4_cmd_py.egg-info/SOURCES.txt'
[2.787s] running build_ext
[2.787s] Creating /home/dong/turtlebot4_ws/install/turtlebot4_cmd_py/lib/python3.10/site-packages/turtlebot4_cmd_py.egg-link (link to .)
[2.789s] Installing Turtlebot4Ctl script to /home/dong/turtlebot4_ws/install/turtlebot4_cmd_py/lib/turtlebot4_cmd_py
[2.790s] 
[2.790s] Installed /home/dong/turtlebot4_ws/build/turtlebot4_cmd_py
[2.790s] running install_data
[2.790s] copying resource/turtlebot4_cmd_py -> /home/dong/turtlebot4_ws/install/turtlebot4_cmd_py/share/ament_index/resource_index/packages
[2.791s] copying package.xml -> /home/dong/turtlebot4_ws/install/turtlebot4_cmd_py/share/turtlebot4_cmd_py
[2.954s] Invoked command in '/home/dong/turtlebot4_ws/build/turtlebot4_cmd_py' returned '0': PYTHONPATH=/home/dong/turtlebot4_ws/build/turtlebot4_cmd_py/prefix_override:/home/dong/turtlebot4_ws/install/turtlebot4_cmd_py/lib/python3.10/site-packages:${PYTHONPATH} /usr/bin/python3 setup.py develop --editable --build-directory /home/dong/turtlebot4_ws/build/turtlebot4_cmd_py/build --no-deps install_data
