[0.967s] Invoking command in '/home/dong/turtlebot4_ws/build/turtlebot4_cmd_py': PYTHONPATH=/home/dong/turtlebot4_ws/build/turtlebot4_cmd_py/prefix_override:/home/dong/turtlebot4_ws/install/turtlebot4_cmd_py/lib/python3.10/site-packages:${PYTHONPATH} /usr/bin/python3 setup.py develop --uninstall --editable --build-directory /home/dong/turtlebot4_ws/build/turtlebot4_cmd_py/build
[1.206s] running develop
[1.207s] /home/dong/.local/lib/python3.10/site-packages/setuptools/command/develop.py:39: EasyInstallDeprecationWarning: easy_install command is deprecated.
[1.207s] !!
[1.207s] 
[1.207s]         ********************************************************************************
[1.207s]         Please avoid running ``setup.py`` and ``easy_install``.
[1.207s]         Instead, use pypa/build, pypa/installer or other
[1.207s]         standards-based tools.
[1.207s] 
[1.207s]         See https://github.com/pypa/setuptools/issues/917 for details.
[1.207s]         ********************************************************************************
[1.207s] 
[1.207s] !!
[1.207s]   easy_install.initialize_options(self)
[1.233s] /home/dong/.local/lib/python3.10/site-packages/setuptools/_distutils/cmd.py:66: SetuptoolsDeprecationWarning: setup.py install is deprecated.
[1.233s] !!
[1.233s] 
[1.233s]         ********************************************************************************
[1.233s]         Please avoid running ``setup.py`` directly.
[1.233s]         Instead, use pypa/build, pypa/installer or other
[1.233s]         standards-based tools.
[1.233s] 
[1.233s]         See https://blog.ganssle.io/articles/2021/10/setup-py-deprecated.html for details.
[1.233s]         ********************************************************************************
[1.234s] 
[1.234s] !!
[1.234s]   self.initialize_options()
[1.381s] Removing /home/dong/turtlebot4_ws/install/turtlebot4_cmd_py/lib/python3.10/site-packages/turtlebot4_cmd_py.egg-link (link to .)
[1.409s] Invoked command in '/home/dong/turtlebot4_ws/build/turtlebot4_cmd_py' returned '0': PYTHONPATH=/home/dong/turtlebot4_ws/build/turtlebot4_cmd_py/prefix_override:/home/dong/turtlebot4_ws/install/turtlebot4_cmd_py/lib/python3.10/site-packages:${PYTHONPATH} /usr/bin/python3 setup.py develop --uninstall --editable --build-directory /home/dong/turtlebot4_ws/build/turtlebot4_cmd_py/build
[1.410s] Invoking command in '/home/dong/turtlebot4_ws/src/turtlebot4_cmd_py': PYTHONPATH=/home/dong/turtlebot4_ws/build/turtlebot4_cmd_py/prefix_override:/home/dong/turtlebot4_ws/install/turtlebot4_cmd_py/lib/python3.10/site-packages:${PYTHONPATH} /usr/bin/python3 setup.py egg_info --egg-base ../../build/turtlebot4_cmd_py build --build-base /home/dong/turtlebot4_ws/build/turtlebot4_cmd_py/build install --record /home/dong/turtlebot4_ws/build/turtlebot4_cmd_py/install.log --single-version-externally-managed
[1.577s] running egg_info
[1.589s] writing ../../build/turtlebot4_cmd_py/turtlebot4_cmd_py.egg-info/PKG-INFO
[1.589s] writing dependency_links to ../../build/turtlebot4_cmd_py/turtlebot4_cmd_py.egg-info/dependency_links.txt
[1.589s] writing entry points to ../../build/turtlebot4_cmd_py/turtlebot4_cmd_py.egg-info/entry_points.txt
[1.590s] writing requirements to ../../build/turtlebot4_cmd_py/turtlebot4_cmd_py.egg-info/requires.txt
[1.590s] writing top-level names to ../../build/turtlebot4_cmd_py/turtlebot4_cmd_py.egg-info/top_level.txt
[1.616s] reading manifest file '../../build/turtlebot4_cmd_py/turtlebot4_cmd_py.egg-info/SOURCES.txt'
[1.616s] writing manifest file '../../build/turtlebot4_cmd_py/turtlebot4_cmd_py.egg-info/SOURCES.txt'
[1.616s] running build
[1.616s] running build_py
[1.616s] copying turtlebot4_cmd_py/__init__.py -> /home/dong/turtlebot4_ws/build/turtlebot4_cmd_py/build/lib/turtlebot4_cmd_py
[1.617s] copying turtlebot4_cmd_py/turtlebot4_ctl.py -> /home/dong/turtlebot4_ws/build/turtlebot4_cmd_py/build/lib/turtlebot4_cmd_py
[1.617s] running install
[1.617s] /home/dong/.local/lib/python3.10/site-packages/setuptools/_distutils/cmd.py:66: SetuptoolsDeprecationWarning: setup.py install is deprecated.
[1.617s] !!
[1.617s] 
[1.617s]         ********************************************************************************
[1.617s]         Please avoid running ``setup.py`` directly.
[1.617s]         Instead, use pypa/build, pypa/installer or other
[1.617s]         standards-based tools.
[1.618s] 
[1.618s]         See https://blog.ganssle.io/articles/2021/10/setup-py-deprecated.html for details.
[1.618s]         ********************************************************************************
[1.618s] 
[1.618s] !!
[1.618s]   self.initialize_options()
[1.622s] running install_lib
[1.634s] creating /home/dong/turtlebot4_ws/install/turtlebot4_cmd_py/lib/python3.10/site-packages/turtlebot4_cmd_py
[1.634s] copying /home/dong/turtlebot4_ws/build/turtlebot4_cmd_py/build/lib/turtlebot4_cmd_py/__init__.py -> /home/dong/turtlebot4_ws/install/turtlebot4_cmd_py/lib/python3.10/site-packages/turtlebot4_cmd_py
[1.634s] copying /home/dong/turtlebot4_ws/build/turtlebot4_cmd_py/build/lib/turtlebot4_cmd_py/turtlebot4_ctl.py -> /home/dong/turtlebot4_ws/install/turtlebot4_cmd_py/lib/python3.10/site-packages/turtlebot4_cmd_py
[1.635s] byte-compiling /home/dong/turtlebot4_ws/install/turtlebot4_cmd_py/lib/python3.10/site-packages/turtlebot4_cmd_py/__init__.py to __init__.cpython-310.pyc
[1.635s] byte-compiling /home/dong/turtlebot4_ws/install/turtlebot4_cmd_py/lib/python3.10/site-packages/turtlebot4_cmd_py/turtlebot4_ctl.py to turtlebot4_ctl.cpython-310.pyc
[1.635s] running install_data
[1.647s] copying resource/turtlebot4_cmd_py -> /home/dong/turtlebot4_ws/install/turtlebot4_cmd_py/share/ament_index/resource_index/packages
[1.647s] copying package.xml -> /home/dong/turtlebot4_ws/install/turtlebot4_cmd_py/share/turtlebot4_cmd_py
[1.647s] running install_egg_info
[1.660s] Copying ../../build/turtlebot4_cmd_py/turtlebot4_cmd_py.egg-info to /home/dong/turtlebot4_ws/install/turtlebot4_cmd_py/lib/python3.10/site-packages/turtlebot4_cmd_py-0.0.0-py3.10.egg-info
[1.661s] running install_scripts
[1.775s] Installing Turtlebot4Ctl script to /home/dong/turtlebot4_ws/install/turtlebot4_cmd_py/lib/turtlebot4_cmd_py
[1.776s] writing list of installed files to '/home/dong/turtlebot4_ws/build/turtlebot4_cmd_py/install.log'
[1.822s] Invoked command in '/home/dong/turtlebot4_ws/src/turtlebot4_cmd_py' returned '0': PYTHONPATH=/home/dong/turtlebot4_ws/build/turtlebot4_cmd_py/prefix_override:/home/dong/turtlebot4_ws/install/turtlebot4_cmd_py/lib/python3.10/site-packages:${PYTHONPATH} /usr/bin/python3 setup.py egg_info --egg-base ../../build/turtlebot4_cmd_py build --build-base /home/dong/turtlebot4_ws/build/turtlebot4_cmd_py/build install --record /home/dong/turtlebot4_ws/build/turtlebot4_cmd_py/install.log --single-version-externally-managed
