[0.373s] Invoking command in '/home/dong/turtlebot4_ws/build/turtlebot4_setup': CMAKE_PREFIX_PATH=/opt/ros/humble /usr/bin/cmake --build /home/dong/turtlebot4_ws/build/turtlebot4_setup -- -j8 -l8
[0.410s] Built target ament_cmake_python_symlink_turtlebot4_setup
[0.557s] running egg_info
[0.570s] writing turtlebot4_setup.egg-info/PKG-INFO
[0.570s] writing dependency_links to turtlebot4_setup.egg-info/dependency_links.txt
[0.571s] writing top-level names to turtlebot4_setup.egg-info/top_level.txt
[0.607s] reading manifest file 'turtlebot4_setup.egg-info/SOURCES.txt'
[0.608s] writing manifest file 'turtlebot4_setup.egg-info/SOURCES.txt'
[0.628s] Built target ament_cmake_python_build_turtlebot4_setup_egg
[0.636s] Invoked command in '/home/dong/turtlebot4_ws/build/turtlebot4_setup' returned '0': CMAKE_PREFIX_PATH=/opt/ros/humble /usr/bin/cmake --build /home/dong/turtlebot4_ws/build/turtlebot4_setup -- -j8 -l8
[0.658s] Invoking command in '/home/dong/turtlebot4_ws/build/turtlebot4_setup': CMAKE_PREFIX_PATH=/opt/ros/humble /usr/bin/cmake --install /home/dong/turtlebot4_ws/build/turtlebot4_setup
[0.662s] -- Install configuration: ""
[0.662s] -- Execute custom install script
[0.662s] -- Up-to-date symlink: /home/dong/turtlebot4_ws/install/turtlebot4_setup/share/turtlebot4_setup/environment/pythonpath.sh
[0.663s] -- Up-to-date symlink: /home/dong/turtlebot4_ws/install/turtlebot4_setup/share/turtlebot4_setup/environment/pythonpath.dsv
[0.663s] -- Up-to-date symlink: /home/dong/turtlebot4_ws/install/turtlebot4_setup/local/lib/python3.10/dist-packages/turtlebot4_setup-1.0.3-py3.10.egg-info/PKG-INFO
[0.663s] -- Up-to-date symlink: /home/dong/turtlebot4_ws/install/turtlebot4_setup/local/lib/python3.10/dist-packages/turtlebot4_setup-1.0.3-py3.10.egg-info/SOURCES.txt
[0.663s] -- Up-to-date symlink: /home/dong/turtlebot4_ws/install/turtlebot4_setup/local/lib/python3.10/dist-packages/turtlebot4_setup-1.0.3-py3.10.egg-info/dependency_links.txt
[0.663s] -- Up-to-date symlink: /home/dong/turtlebot4_ws/install/turtlebot4_setup/local/lib/python3.10/dist-packages/turtlebot4_setup-1.0.3-py3.10.egg-info/top_level.txt
[0.663s] -- Up-to-date symlink: /home/dong/turtlebot4_ws/install/turtlebot4_setup/local/lib/python3.10/dist-packages/turtlebot4_setup/__init__.py
[0.663s] -- Up-to-date symlink: /home/dong/turtlebot4_ws/install/turtlebot4_setup/local/lib/python3.10/dist-packages/turtlebot4_setup/conf.py
[0.663s] -- Up-to-date symlink: /home/dong/turtlebot4_ws/install/turtlebot4_setup/local/lib/python3.10/dist-packages/turtlebot4_setup/menu.py
[0.664s] -- Up-to-date symlink: /home/dong/turtlebot4_ws/install/turtlebot4_setup/local/lib/python3.10/dist-packages/turtlebot4_setup/ros_setup.py
[0.664s] -- Up-to-date symlink: /home/dong/turtlebot4_ws/install/turtlebot4_setup/local/lib/python3.10/dist-packages/turtlebot4_setup/turtlebot4_setup
[0.664s] -- Up-to-date symlink: /home/dong/turtlebot4_ws/install/turtlebot4_setup/local/lib/python3.10/dist-packages/turtlebot4_setup/wifi.py
[0.664s] -- Up-to-date symlink: /home/dong/turtlebot4_ws/install/turtlebot4_setup/lib/turtlebot4_setup/turtlebot4_setup
[0.664s] -- Up-to-date symlink: /home/dong/turtlebot4_ws/install/turtlebot4_setup/share/ament_index/resource_index/package_run_dependencies/turtlebot4_setup
[0.664s] -- Up-to-date symlink: /home/dong/turtlebot4_ws/install/turtlebot4_setup/share/ament_index/resource_index/parent_prefix_path/turtlebot4_setup
[0.664s] -- Up-to-date symlink: /home/dong/turtlebot4_ws/install/turtlebot4_setup/share/turtlebot4_setup/environment/ament_prefix_path.sh
[0.664s] -- Up-to-date symlink: /home/dong/turtlebot4_ws/install/turtlebot4_setup/share/turtlebot4_setup/environment/ament_prefix_path.dsv
[0.664s] -- Up-to-date symlink: /home/dong/turtlebot4_ws/install/turtlebot4_setup/share/turtlebot4_setup/environment/path.sh
[0.664s] -- Up-to-date symlink: /home/dong/turtlebot4_ws/install/turtlebot4_setup/share/turtlebot4_setup/environment/path.dsv
[0.664s] -- Up-to-date symlink: /home/dong/turtlebot4_ws/install/turtlebot4_setup/share/turtlebot4_setup/local_setup.bash
[0.664s] -- Up-to-date symlink: /home/dong/turtlebot4_ws/install/turtlebot4_setup/share/turtlebot4_setup/local_setup.sh
[0.665s] -- Up-to-date symlink: /home/dong/turtlebot4_ws/install/turtlebot4_setup/share/turtlebot4_setup/local_setup.zsh
[0.665s] -- Up-to-date symlink: /home/dong/turtlebot4_ws/install/turtlebot4_setup/share/turtlebot4_setup/local_setup.dsv
[0.665s] -- Symlinking: /home/dong/turtlebot4_ws/install/turtlebot4_setup/share/turtlebot4_setup/package.dsv
[0.671s] -- Up-to-date symlink: /home/dong/turtlebot4_ws/install/turtlebot4_setup/share/ament_index/resource_index/packages/turtlebot4_setup
[0.671s] -- Up-to-date symlink: /home/dong/turtlebot4_ws/install/turtlebot4_setup/share/turtlebot4_setup/cmake/turtlebot4_setupConfig.cmake
[0.671s] -- Up-to-date symlink: /home/dong/turtlebot4_ws/install/turtlebot4_setup/share/turtlebot4_setup/cmake/turtlebot4_setupConfig-version.cmake
[0.671s] -- Up-to-date symlink: /home/dong/turtlebot4_ws/install/turtlebot4_setup/share/turtlebot4_setup/package.xml
[0.693s] Listing '/home/dong/turtlebot4_ws/install/turtlebot4_setup/local/lib/python3.10/dist-packages/turtlebot4_setup'...
[0.697s] Invoked command in '/home/dong/turtlebot4_ws/build/turtlebot4_setup' returned '0': CMAKE_PREFIX_PATH=/opt/ros/humble /usr/bin/cmake --install /home/dong/turtlebot4_ws/build/turtlebot4_setup
