[0.289s] Invoking command in '/home/dong/turtlebot4-ws/build/minibot_hardware_interface': CMAKE_PREFIX_PATH=${CMAKE_PREFIX_PATH}:/home/dong/turtlebot4-ws/install/turtlebot4_cmd_py:/home/dong/turtlebot4-ws/install/teleop_twist_keyboard:/home/dong/turtlebot4_ws/install/turtlebot4_cmd_py:/home/dong/turtlebot4_ws/install/teleop_twist_keyboard:/opt/ros/humble /usr/bin/cmake /home/dong/turtlebot4-ws/src/pinklab_minibot_robot/minibot_hardware_interface -DAMENT_CMAKE_SYMLINK_INSTALL=1 -DCMAKE_INSTALL_PREFIX=/home/dong/turtlebot4-ws/install/minibot_hardware_interface
[0.799s] -- The C compiler identification is GNU 11.4.0
[0.799s] -- The CXX compiler identification is GNU 11.4.0
[0.799s] -- Detecting C compiler ABI info
[0.799s] -- Detecting C compiler ABI info - done
[0.799s] -- Check for working C compiler: /usr/bin/cc - skipped
[0.799s] -- Detecting C compile features
[0.799s] -- Detecting C compile features - done
[0.799s] -- Detecting CXX compiler ABI info
[0.799s] -- Detecting CXX compiler ABI info - done
[0.801s] -- Check for working CXX compiler: /usr/bin/c++ - skipped
[0.801s] -- Detecting CXX compile features
[0.801s] -- Detecting CXX compile features - done
[0.801s] -- Found ament_cmake: 1.3.7 (/opt/ros/humble/share/ament_cmake/cmake)
[1.160s] -- Found Python3: /usr/bin/python3.10 (found version "3.10.12") found components: Interpreter 
[1.260s] -- Override CMake install command with custom implementation using symlinks instead of copying resources
[1.311s] -- Found hardware_interface: 2.37.0 (/opt/ros/humble/share/hardware_interface/cmake)
[1.376s] -- Found rosidl_generator_c: 3.1.5 (/opt/ros/humble/share/rosidl_generator_c/cmake)
[1.383s] -- Found rosidl_adapter: 3.1.5 (/opt/ros/humble/share/rosidl_adapter/cmake)
[1.400s] -- Found rosidl_generator_cpp: 3.1.5 (/opt/ros/humble/share/rosidl_generator_cpp/cmake)
[1.426s] -- Using all available rosidl_typesupport_c: rosidl_typesupport_fastrtps_c;rosidl_typesupport_introspection_c
[1.460s] -- Using all available rosidl_typesupport_cpp: rosidl_typesupport_fastrtps_cpp;rosidl_typesupport_introspection_cpp
[2.464s] -- Found rmw_implementation_cmake: 6.1.1 (/opt/ros/humble/share/rmw_implementation_cmake/cmake)
[2.468s] -- Found rmw_fastrtps_cpp: 6.2.6 (/opt/ros/humble/share/rmw_fastrtps_cpp/cmake)
[2.512s] -- Found TinyXML2 via Config file: TinyXML2_DIR-NOTFOUND
[2.577s] -- Found OpenSSL: /usr/lib/x86_64-linux-gnu/libcrypto.so (found version "3.0.2")  
[2.579s] -- Found TinyXML2 via Config file: TinyXML2_DIR-NOTFOUND
[2.606s] -- Found FastRTPS: /opt/ros/humble/include  
[2.619s] -- Found TinyXML2 via Config file: TinyXML2_DIR-NOTFOUND
[2.628s] -- Found TinyXML2 via Config file: TinyXML2_DIR-NOTFOUND
[2.641s] -- Using RMW implementation 'rmw_fastrtps_cpp' as default
[2.654s] -- Looking for pthread.h
[2.731s] -- Looking for pthread.h - found
[2.733s] -- Performing Test CMAKE_HAVE_LIBC_PTHREAD
[2.812s] -- Performing Test CMAKE_HAVE_LIBC_PTHREAD - Success
[2.813s] -- Found Threads: TRUE  
[3.043s] -- Found PkgConfig: /usr/bin/pkg-config (found version "0.29.2") 
[3.044s] -- Checking for module 'libserial'
[3.065s] --   Found libserial, version 1.0.0
[3.200s] -- Found ament_lint_auto: 0.12.10 (/opt/ros/humble/share/ament_lint_auto/cmake)
[3.348s] -- Added test 'copyright' to check source files copyright and LICENSE
[3.351s] -- Added test 'cppcheck' to perform static code analysis on C / C++ code
[3.351s] -- Configured cppcheck include dirs: /home/dong/turtlebot4-ws/src/pinklab_minibot_robot/minibot_hardware_interface/include
[3.351s] -- Configured cppcheck exclude dirs and/or files: 
[3.352s] -- Added test 'cpplint' to check C / C++ code against the Google style
[3.352s] -- Configured cpplint exclude dirs and/or files: 
[3.354s] -- Added test 'lint_cmake' to check CMake code style
[3.355s] -- Added test 'uncrustify' to check C / C++ code style
[3.355s] -- Configured uncrustify additional arguments: 
[3.356s] -- Added test 'xmllint' to check XML markup files
[3.360s] -- Configuring done
[3.419s] -- Generating done
[3.420s] -- Build files have been written to: /home/dong/turtlebot4-ws/build/minibot_hardware_interface
[3.462s] Invoked command in '/home/dong/turtlebot4-ws/build/minibot_hardware_interface' returned '0': CMAKE_PREFIX_PATH=${CMAKE_PREFIX_PATH}:/home/dong/turtlebot4-ws/install/turtlebot4_cmd_py:/home/dong/turtlebot4-ws/install/teleop_twist_keyboard:/home/dong/turtlebot4_ws/install/turtlebot4_cmd_py:/home/dong/turtlebot4_ws/install/teleop_twist_keyboard:/opt/ros/humble /usr/bin/cmake /home/dong/turtlebot4-ws/src/pinklab_minibot_robot/minibot_hardware_interface -DAMENT_CMAKE_SYMLINK_INSTALL=1 -DCMAKE_INSTALL_PREFIX=/home/dong/turtlebot4-ws/install/minibot_hardware_interface
[3.469s] Invoking command in '/home/dong/turtlebot4-ws/build/minibot_hardware_interface': CMAKE_PREFIX_PATH=${CMAKE_PREFIX_PATH}:/home/dong/turtlebot4-ws/install/turtlebot4_cmd_py:/home/dong/turtlebot4-ws/install/teleop_twist_keyboard:/home/dong/turtlebot4_ws/install/turtlebot4_cmd_py:/home/dong/turtlebot4_ws/install/teleop_twist_keyboard:/opt/ros/humble /usr/bin/cmake --build /home/dong/turtlebot4-ws/build/minibot_hardware_interface -- -j8 -l8
[3.555s] [ 50%] [32mBuilding CXX object CMakeFiles/minibot_hardware_interface.dir/src/minibot_system.cpp.o[0m
[7.399s] [100%] [32m[1mLinking CXX shared library libminibot_hardware_interface.so[0m
[7.548s] [100%] Built target minibot_hardware_interface
[7.557s] Invoked command in '/home/dong/turtlebot4-ws/build/minibot_hardware_interface' returned '0': CMAKE_PREFIX_PATH=${CMAKE_PREFIX_PATH}:/home/dong/turtlebot4-ws/install/turtlebot4_cmd_py:/home/dong/turtlebot4-ws/install/teleop_twist_keyboard:/home/dong/turtlebot4_ws/install/turtlebot4_cmd_py:/home/dong/turtlebot4_ws/install/teleop_twist_keyboard:/opt/ros/humble /usr/bin/cmake --build /home/dong/turtlebot4-ws/build/minibot_hardware_interface -- -j8 -l8
[7.577s] Invoking command in '/home/dong/turtlebot4-ws/build/minibot_hardware_interface': CMAKE_PREFIX_PATH=${CMAKE_PREFIX_PATH}:/home/dong/turtlebot4-ws/install/turtlebot4_cmd_py:/home/dong/turtlebot4-ws/install/teleop_twist_keyboard:/home/dong/turtlebot4_ws/install/turtlebot4_cmd_py:/home/dong/turtlebot4_ws/install/teleop_twist_keyboard:/opt/ros/humble /usr/bin/cmake --install /home/dong/turtlebot4-ws/build/minibot_hardware_interface
[7.583s] -- Install configuration: ""
[7.583s] -- Execute custom install script
[7.583s] -- Symlinking: /home/dong/turtlebot4-ws/install/minibot_hardware_interface/share/minibot_hardware_interface//minibot_hardware.xml
[7.591s] -- Symlinking: /home/dong/turtlebot4-ws/install/minibot_hardware_interface/lib/libminibot_hardware_interface.so
[7.597s] -- Symlinking: /home/dong/turtlebot4-ws/install/minibot_hardware_interface/include/minibot_hardware_interface/minibot_system.hpp
[7.604s] -- Symlinking: /home/dong/turtlebot4-ws/install/minibot_hardware_interface/share/minibot_hardware_interface/environment/library_path.sh
[7.611s] -- Symlinking: /home/dong/turtlebot4-ws/install/minibot_hardware_interface/share/minibot_hardware_interface/environment/library_path.dsv
[7.618s] -- Symlinking: /home/dong/turtlebot4-ws/install/minibot_hardware_interface/share/ament_index/resource_index/package_run_dependencies/minibot_hardware_interface
[7.625s] -- Symlinking: /home/dong/turtlebot4-ws/install/minibot_hardware_interface/share/ament_index/resource_index/parent_prefix_path/minibot_hardware_interface
[7.632s] -- Symlinking: /home/dong/turtlebot4-ws/install/minibot_hardware_interface/share/minibot_hardware_interface/environment/ament_prefix_path.sh
[7.638s] -- Symlinking: /home/dong/turtlebot4-ws/install/minibot_hardware_interface/share/minibot_hardware_interface/environment/ament_prefix_path.dsv
[7.645s] -- Symlinking: /home/dong/turtlebot4-ws/install/minibot_hardware_interface/share/minibot_hardware_interface/environment/path.sh
[7.652s] -- Symlinking: /home/dong/turtlebot4-ws/install/minibot_hardware_interface/share/minibot_hardware_interface/environment/path.dsv
[7.659s] -- Symlinking: /home/dong/turtlebot4-ws/install/minibot_hardware_interface/share/minibot_hardware_interface/local_setup.bash
[7.665s] -- Symlinking: /home/dong/turtlebot4-ws/install/minibot_hardware_interface/share/minibot_hardware_interface/local_setup.sh
[7.672s] -- Symlinking: /home/dong/turtlebot4-ws/install/minibot_hardware_interface/share/minibot_hardware_interface/local_setup.zsh
[7.678s] -- Symlinking: /home/dong/turtlebot4-ws/install/minibot_hardware_interface/share/minibot_hardware_interface/local_setup.dsv
[7.685s] -- Symlinking: /home/dong/turtlebot4-ws/install/minibot_hardware_interface/share/minibot_hardware_interface/package.dsv
[7.692s] -- Symlinking: /home/dong/turtlebot4-ws/install/minibot_hardware_interface/share/ament_index/resource_index/packages/minibot_hardware_interface
[7.699s] -- Symlinking: /home/dong/turtlebot4-ws/install/minibot_hardware_interface/share/ament_index/resource_index/hardware_interface__pluginlib__plugin/minibot_hardware_interface
[7.706s] -- Symlinking: /home/dong/turtlebot4-ws/install/minibot_hardware_interface/share/minibot_hardware_interface/cmake/ament_cmake_export_include_directories-extras.cmake
[7.712s] -- Symlinking: /home/dong/turtlebot4-ws/install/minibot_hardware_interface/share/minibot_hardware_interface/cmake/ament_cmake_export_libraries-extras.cmake
[7.720s] -- Symlinking: /home/dong/turtlebot4-ws/install/minibot_hardware_interface/share/minibot_hardware_interface/cmake/ament_cmake_export_dependencies-extras.cmake
[7.726s] -- Symlinking: /home/dong/turtlebot4-ws/install/minibot_hardware_interface/share/minibot_hardware_interface/cmake/minibot_hardware_interfaceConfig.cmake
[7.733s] -- Symlinking: /home/dong/turtlebot4-ws/install/minibot_hardware_interface/share/minibot_hardware_interface/cmake/minibot_hardware_interfaceConfig-version.cmake
[7.740s] -- Symlinking: /home/dong/turtlebot4-ws/install/minibot_hardware_interface/share/minibot_hardware_interface/package.xml
[7.747s] Invoked command in '/home/dong/turtlebot4-ws/build/minibot_hardware_interface' returned '0': CMAKE_PREFIX_PATH=${CMAKE_PREFIX_PATH}:/home/dong/turtlebot4-ws/install/turtlebot4_cmd_py:/home/dong/turtlebot4-ws/install/teleop_twist_keyboard:/home/dong/turtlebot4_ws/install/turtlebot4_cmd_py:/home/dong/turtlebot4_ws/install/teleop_twist_keyboard:/opt/ros/humble /usr/bin/cmake --install /home/dong/turtlebot4-ws/build/minibot_hardware_interface
