running egg_info
writing ../../build/turtlebot4_cmd_py/turtlebot4_cmd_py.egg-info/PKG-INFO
writing dependency_links to ../../build/turtlebot4_cmd_py/turtlebot4_cmd_py.egg-info/dependency_links.txt
writing entry points to ../../build/turtlebot4_cmd_py/turtlebot4_cmd_py.egg-info/entry_points.txt
writing requirements to ../../build/turtlebot4_cmd_py/turtlebot4_cmd_py.egg-info/requires.txt
writing top-level names to ../../build/turtlebot4_cmd_py/turtlebot4_cmd_py.egg-info/top_level.txt
reading manifest file '../../build/turtlebot4_cmd_py/turtlebot4_cmd_py.egg-info/SOURCES.txt'
writing manifest file '../../build/turtlebot4_cmd_py/turtlebot4_cmd_py.egg-info/SOURCES.txt'
running build
running build_py
copying turtlebot4_cmd_py/__init__.py -> /home/dong/turtlebot4_ws/build/turtlebot4_cmd_py/build/lib/turtlebot4_cmd_py
copying turtlebot4_cmd_py/turtlebot4_ctl.py -> /home/dong/turtlebot4_ws/build/turtlebot4_cmd_py/build/lib/turtlebot4_cmd_py
running install
running install_lib
copying /home/dong/turtlebot4_ws/build/turtlebot4_cmd_py/build/lib/turtlebot4_cmd_py/turtlebot4_ctl.py -> /home/dong/turtlebot4_ws/install/turtlebot4_cmd_py/lib/python3.10/site-packages/turtlebot4_cmd_py
byte-compiling /home/dong/turtlebot4_ws/install/turtlebot4_cmd_py/lib/python3.10/site-packages/turtlebot4_cmd_py/turtlebot4_ctl.py to turtlebot4_ctl.cpython-310.pyc
running install_data
copying resource/turtlebot4_cmd_py -> /home/dong/turtlebot4_ws/install/turtlebot4_cmd_py/share/ament_index/resource_index/packages
copying package.xml -> /home/dong/turtlebot4_ws/install/turtlebot4_cmd_py/share/turtlebot4_cmd_py
running install_egg_info
removing '/home/dong/turtlebot4_ws/install/turtlebot4_cmd_py/lib/python3.10/site-packages/turtlebot4_cmd_py-0.0.0-py3.10.egg-info' (and everything under it)
Copying ../../build/turtlebot4_cmd_py/turtlebot4_cmd_py.egg-info to /home/dong/turtlebot4_ws/install/turtlebot4_cmd_py/lib/python3.10/site-packages/turtlebot4_cmd_py-0.0.0-py3.10.egg-info
running install_scripts
Installing Turtlebot4Ctl script to /home/dong/turtlebot4_ws/install/turtlebot4_cmd_py/lib/turtlebot4_cmd_py
writing list of installed files to '/home/dong/turtlebot4_ws/build/turtlebot4_cmd_py/install.log'
