[0.993s] Invoking command in '/home/dong/turtlebot4_ws/src/turtlebot4_cmd_py': PYTHONPATH=/home/dong/turtlebot4_ws/build/turtlebot4_cmd_py/prefix_override:/home/dong/turtlebot4_ws/install/turtlebot4_cmd_py/lib/python3.10/site-packages:${PYTHONPATH} /usr/bin/python3 setup.py egg_info --egg-base ../../build/turtlebot4_cmd_py build --build-base /home/dong/turtlebot4_ws/build/turtlebot4_cmd_py/build install --record /home/dong/turtlebot4_ws/build/turtlebot4_cmd_py/install.log --single-version-externally-managed
[1.163s] running egg_info
[1.176s] writing ../../build/turtlebot4_cmd_py/turtlebot4_cmd_py.egg-info/PKG-INFO
[1.176s] writing dependency_links to ../../build/turtlebot4_cmd_py/turtlebot4_cmd_py.egg-info/dependency_links.txt
[1.176s] writing entry points to ../../build/turtlebot4_cmd_py/turtlebot4_cmd_py.egg-info/entry_points.txt
[1.176s] writing requirements to ../../build/turtlebot4_cmd_py/turtlebot4_cmd_py.egg-info/requires.txt
[1.176s] writing top-level names to ../../build/turtlebot4_cmd_py/turtlebot4_cmd_py.egg-info/top_level.txt
[1.202s] reading manifest file '../../build/turtlebot4_cmd_py/turtlebot4_cmd_py.egg-info/SOURCES.txt'
[1.202s] writing manifest file '../../build/turtlebot4_cmd_py/turtlebot4_cmd_py.egg-info/SOURCES.txt'
[1.202s] running build
[1.202s] running build_py
[1.203s] copying turtlebot4_cmd_py/__init__.py -> /home/dong/turtlebot4_ws/build/turtlebot4_cmd_py/build/lib/turtlebot4_cmd_py
[1.203s] copying turtlebot4_cmd_py/turtlebot4_ctl.py -> /home/dong/turtlebot4_ws/build/turtlebot4_cmd_py/build/lib/turtlebot4_cmd_py
[1.203s] running install
[1.203s] /home/dong/.local/lib/python3.10/site-packages/setuptools/_distutils/cmd.py:66: SetuptoolsDeprecationWarning: setup.py install is deprecated.
[1.203s] !!
[1.203s] 
[1.203s]         ********************************************************************************
[1.203s]         Please avoid running ``setup.py`` directly.
[1.203s]         Instead, use pypa/build, pypa/installer or other
[1.203s]         standards-based tools.
[1.203s] 
[1.203s]         See https://blog.ganssle.io/articles/2021/10/setup-py-deprecated.html for details.
[1.203s]         ********************************************************************************
[1.203s] 
[1.203s] !!
[1.203s]   self.initialize_options()
[1.207s] running install_lib
[1.220s] copying /home/dong/turtlebot4_ws/build/turtlebot4_cmd_py/build/lib/turtlebot4_cmd_py/turtlebot4_ctl.py -> /home/dong/turtlebot4_ws/install/turtlebot4_cmd_py/lib/python3.10/site-packages/turtlebot4_cmd_py
[1.220s] byte-compiling /home/dong/turtlebot4_ws/install/turtlebot4_cmd_py/lib/python3.10/site-packages/turtlebot4_cmd_py/turtlebot4_ctl.py to turtlebot4_ctl.cpython-310.pyc
[1.221s] running install_data
[1.233s] copying resource/turtlebot4_cmd_py -> /home/dong/turtlebot4_ws/install/turtlebot4_cmd_py/share/ament_index/resource_index/packages
[1.234s] copying package.xml -> /home/dong/turtlebot4_ws/install/turtlebot4_cmd_py/share/turtlebot4_cmd_py
[1.234s] running install_egg_info
[1.246s] removing '/home/dong/turtlebot4_ws/install/turtlebot4_cmd_py/lib/python3.10/site-packages/turtlebot4_cmd_py-0.0.0-py3.10.egg-info' (and everything under it)
[1.246s] Copying ../../build/turtlebot4_cmd_py/turtlebot4_cmd_py.egg-info to /home/dong/turtlebot4_ws/install/turtlebot4_cmd_py/lib/python3.10/site-packages/turtlebot4_cmd_py-0.0.0-py3.10.egg-info
[1.247s] running install_scripts
[1.360s] Installing Turtlebot4Ctl script to /home/dong/turtlebot4_ws/install/turtlebot4_cmd_py/lib/turtlebot4_cmd_py
[1.360s] writing list of installed files to '/home/dong/turtlebot4_ws/build/turtlebot4_cmd_py/install.log'
[1.409s] Invoked command in '/home/dong/turtlebot4_ws/src/turtlebot4_cmd_py' returned '0': PYTHONPATH=/home/dong/turtlebot4_ws/build/turtlebot4_cmd_py/prefix_override:/home/dong/turtlebot4_ws/install/turtlebot4_cmd_py/lib/python3.10/site-packages:${PYTHONPATH} /usr/bin/python3 setup.py egg_info --egg-base ../../build/turtlebot4_cmd_py build --build-base /home/dong/turtlebot4_ws/build/turtlebot4_cmd_py/build install --record /home/dong/turtlebot4_ws/build/turtlebot4_cmd_py/install.log --single-version-externally-managed
