[0.044s] Invoking command in '/home/dong/turtlebot4_ws/build/turtlebot4_setup': CMAKE_PREFIX_PATH=/opt/ros/humble /usr/bin/cmake /home/dong/turtlebot4_ws/src/turtlebot4_setup -DCMAKE_INSTALL_PREFIX=/home/dong/turtlebot4_ws/install/turtlebot4_setup
[0.147s] -- The C compiler identification is GNU 11.4.0
[0.218s] -- The CXX compiler identification is GNU 11.4.0
[0.224s] -- Detecting C compiler ABI info
[0.273s] -- Detecting C compiler ABI info - done
[0.277s] -- Check for working C compiler: /usr/bin/cc - skipped
[0.278s] -- Detecting C compile features
[0.278s] -- Detecting C compile features - done
[0.281s] -- Detecting CXX compiler ABI info
[0.333s] -- Detecting CXX compiler ABI info - done
[0.338s] -- Check for working CXX compiler: /usr/bin/c++ - skipped
[0.338s] -- Detecting CXX compile features
[0.338s] -- Detecting CXX compile features - done
[0.341s] -- Found ament_cmake: 1.3.6 (/opt/ros/humble/share/ament_cmake/cmake)
[0.573s] -- Found Python3: /usr/bin/python3.10 (found version "3.10.12") found components: Interpreter 
[0.703s] -- Found ament_lint_auto: 0.12.9 (/opt/ros/humble/share/ament_lint_auto/cmake)
[0.772s] -- Added test 'copyright' to check source files copyright and LICENSE
[0.777s] -- Added test 'flake8' to check Python code syntax and style conventions
[0.778s] -- Added test 'lint_cmake' to check CMake code style
[0.779s] -- Added test 'pep257' to check Python code against some of the docstring style conventions in PEP 257
[0.781s] -- Added test 'xmllint' to check XML markup files
[0.782s] -- Configuring done
[0.784s] -- Generating done
[0.785s] -- Build files have been written to: /home/dong/turtlebot4_ws/build/turtlebot4_setup
[0.788s] Invoked command in '/home/dong/turtlebot4_ws/build/turtlebot4_setup' returned '0': CMAKE_PREFIX_PATH=/opt/ros/humble /usr/bin/cmake /home/dong/turtlebot4_ws/src/turtlebot4_setup -DCMAKE_INSTALL_PREFIX=/home/dong/turtlebot4_ws/install/turtlebot4_setup
[0.789s] Invoking command in '/home/dong/turtlebot4_ws/build/turtlebot4_setup': CMAKE_PREFIX_PATH=/opt/ros/humble /usr/bin/cmake --build /home/dong/turtlebot4_ws/build/turtlebot4_setup -- -j8 -l8
[0.826s] Built target ament_cmake_python_copy_turtlebot4_setup
[0.963s] running egg_info
[0.964s] creating turtlebot4_setup.egg-info
[0.975s] writing turtlebot4_setup.egg-info/PKG-INFO
[0.975s] writing dependency_links to turtlebot4_setup.egg-info/dependency_links.txt
[0.975s] writing top-level names to turtlebot4_setup.egg-info/top_level.txt
[0.975s] writing manifest file 'turtlebot4_setup.egg-info/SOURCES.txt'
[1.010s] reading manifest file 'turtlebot4_setup.egg-info/SOURCES.txt'
[1.010s] writing manifest file 'turtlebot4_setup.egg-info/SOURCES.txt'
[1.028s] Built target ament_cmake_python_build_turtlebot4_setup_egg
[1.035s] Invoked command in '/home/dong/turtlebot4_ws/build/turtlebot4_setup' returned '0': CMAKE_PREFIX_PATH=/opt/ros/humble /usr/bin/cmake --build /home/dong/turtlebot4_ws/build/turtlebot4_setup -- -j8 -l8
[1.056s] Invoking command in '/home/dong/turtlebot4_ws/build/turtlebot4_setup': CMAKE_PREFIX_PATH=/opt/ros/humble /usr/bin/cmake --install /home/dong/turtlebot4_ws/build/turtlebot4_setup
[1.061s] -- Install configuration: ""
[1.061s] -- Installing: /home/dong/turtlebot4_ws/install/turtlebot4_setup/share/turtlebot4_setup/environment/pythonpath.sh
[1.061s] -- Installing: /home/dong/turtlebot4_ws/install/turtlebot4_setup/share/turtlebot4_setup/environment/pythonpath.dsv
[1.061s] -- Installing: /home/dong/turtlebot4_ws/install/turtlebot4_setup/local/lib/python3.10/dist-packages/turtlebot4_setup-1.0.3-py3.10.egg-info
[1.061s] -- Installing: /home/dong/turtlebot4_ws/install/turtlebot4_setup/local/lib/python3.10/dist-packages/turtlebot4_setup-1.0.3-py3.10.egg-info/PKG-INFO
[1.061s] -- Installing: /home/dong/turtlebot4_ws/install/turtlebot4_setup/local/lib/python3.10/dist-packages/turtlebot4_setup-1.0.3-py3.10.egg-info/dependency_links.txt
[1.061s] -- Installing: /home/dong/turtlebot4_ws/install/turtlebot4_setup/local/lib/python3.10/dist-packages/turtlebot4_setup-1.0.3-py3.10.egg-info/top_level.txt
[1.061s] -- Installing: /home/dong/turtlebot4_ws/install/turtlebot4_setup/local/lib/python3.10/dist-packages/turtlebot4_setup-1.0.3-py3.10.egg-info/SOURCES.txt
[1.061s] -- Installing: /home/dong/turtlebot4_ws/install/turtlebot4_setup/local/lib/python3.10/dist-packages/turtlebot4_setup
[1.061s] -- Installing: /home/dong/turtlebot4_ws/install/turtlebot4_setup/local/lib/python3.10/dist-packages/turtlebot4_setup/__init__.py
[1.061s] -- Installing: /home/dong/turtlebot4_ws/install/turtlebot4_setup/local/lib/python3.10/dist-packages/turtlebot4_setup/conf.py
[1.061s] -- Installing: /home/dong/turtlebot4_ws/install/turtlebot4_setup/local/lib/python3.10/dist-packages/turtlebot4_setup/menu.py
[1.061s] -- Installing: /home/dong/turtlebot4_ws/install/turtlebot4_setup/local/lib/python3.10/dist-packages/turtlebot4_setup/turtlebot4_setup
[1.061s] -- Installing: /home/dong/turtlebot4_ws/install/turtlebot4_setup/local/lib/python3.10/dist-packages/turtlebot4_setup/ros_setup.py
[1.061s] -- Installing: /home/dong/turtlebot4_ws/install/turtlebot4_setup/local/lib/python3.10/dist-packages/turtlebot4_setup/wifi.py
[1.087s] Listing '/home/dong/turtlebot4_ws/install/turtlebot4_setup/local/lib/python3.10/dist-packages/turtlebot4_setup'...
[1.087s] Compiling '/home/dong/turtlebot4_ws/install/turtlebot4_setup/local/lib/python3.10/dist-packages/turtlebot4_setup/__init__.py'...
[1.087s] Compiling '/home/dong/turtlebot4_ws/install/turtlebot4_setup/local/lib/python3.10/dist-packages/turtlebot4_setup/conf.py'...
[1.087s] Compiling '/home/dong/turtlebot4_ws/install/turtlebot4_setup/local/lib/python3.10/dist-packages/turtlebot4_setup/menu.py'...
[1.087s] Compiling '/home/dong/turtlebot4_ws/install/turtlebot4_setup/local/lib/python3.10/dist-packages/turtlebot4_setup/ros_setup.py'...
[1.087s] Compiling '/home/dong/turtlebot4_ws/install/turtlebot4_setup/local/lib/python3.10/dist-packages/turtlebot4_setup/wifi.py'...
[1.090s] -- Installing: /home/dong/turtlebot4_ws/install/turtlebot4_setup/lib/turtlebot4_setup/turtlebot4_setup
[1.090s] -- Installing: /home/dong/turtlebot4_ws/install/turtlebot4_setup/share/ament_index/resource_index/package_run_dependencies/turtlebot4_setup
[1.090s] -- Installing: /home/dong/turtlebot4_ws/install/turtlebot4_setup/share/ament_index/resource_index/parent_prefix_path/turtlebot4_setup
[1.090s] -- Installing: /home/dong/turtlebot4_ws/install/turtlebot4_setup/share/turtlebot4_setup/environment/ament_prefix_path.sh
[1.090s] -- Installing: /home/dong/turtlebot4_ws/install/turtlebot4_setup/share/turtlebot4_setup/environment/ament_prefix_path.dsv
[1.090s] -- Installing: /home/dong/turtlebot4_ws/install/turtlebot4_setup/share/turtlebot4_setup/environment/path.sh
[1.090s] -- Installing: /home/dong/turtlebot4_ws/install/turtlebot4_setup/share/turtlebot4_setup/environment/path.dsv
[1.090s] -- Installing: /home/dong/turtlebot4_ws/install/turtlebot4_setup/share/turtlebot4_setup/local_setup.bash
[1.090s] -- Installing: /home/dong/turtlebot4_ws/install/turtlebot4_setup/share/turtlebot4_setup/local_setup.sh
[1.090s] -- Installing: /home/dong/turtlebot4_ws/install/turtlebot4_setup/share/turtlebot4_setup/local_setup.zsh
[1.091s] -- Installing: /home/dong/turtlebot4_ws/install/turtlebot4_setup/share/turtlebot4_setup/local_setup.dsv
[1.091s] -- Installing: /home/dong/turtlebot4_ws/install/turtlebot4_setup/share/turtlebot4_setup/package.dsv
[1.091s] -- Installing: /home/dong/turtlebot4_ws/install/turtlebot4_setup/share/ament_index/resource_index/packages/turtlebot4_setup
[1.091s] -- Installing: /home/dong/turtlebot4_ws/install/turtlebot4_setup/share/turtlebot4_setup/cmake/turtlebot4_setupConfig.cmake
[1.091s] -- Installing: /home/dong/turtlebot4_ws/install/turtlebot4_setup/share/turtlebot4_setup/cmake/turtlebot4_setupConfig-version.cmake
[1.091s] -- Installing: /home/dong/turtlebot4_ws/install/turtlebot4_setup/share/turtlebot4_setup/package.xml
[1.092s] Invoked command in '/home/dong/turtlebot4_ws/build/turtlebot4_setup' returned '0': CMAKE_PREFIX_PATH=/opt/ros/humble /usr/bin/cmake --install /home/dong/turtlebot4_ws/build/turtlebot4_setup
