[1.204s] Invoking command in '/home/dong/turtlebot4_ws/build/turtlebot4_cmd_py': PYTHONPATH=/home/dong/turtlebot4_ws/build/turtlebot4_cmd_py/prefix_override:/home/dong/turtlebot4_ws/install/turtlebot4_cmd_py/lib/python3.10/site-packages:${PYTHONPATH} /usr/bin/python3 setup.py develop --editable --build-directory /home/dong/turtlebot4_ws/build/turtlebot4_cmd_py/build --no-deps install_data
[1.472s] running develop
[1.472s] /home/dong/.local/lib/python3.10/site-packages/setuptools/command/develop.py:39: EasyInstallDeprecationWarning: easy_install command is deprecated.
[1.473s] !!
[1.473s] 
[1.473s]         ********************************************************************************
[1.473s]         Please avoid running ``setup.py`` and ``easy_install``.
[1.474s]         Instead, use pypa/build, pypa/installer or other
[1.474s]         standards-based tools.
[1.474s] 
[1.474s]         See https://github.com/pypa/setuptools/issues/917 for details.
[1.474s]         ********************************************************************************
[1.475s] 
[1.475s] !!
[1.475s]   easy_install.initialize_options(self)
[1.501s] /home/dong/.local/lib/python3.10/site-packages/setuptools/_distutils/cmd.py:66: SetuptoolsDeprecationWarning: setup.py install is deprecated.
[1.501s] !!
[1.501s] 
[1.501s]         ********************************************************************************
[1.501s]         Please avoid running ``setup.py`` directly.
[1.501s]         Instead, use pypa/build, pypa/installer or other
[1.501s]         standards-based tools.
[1.501s] 
[1.501s]         See https://blog.ganssle.io/articles/2021/10/setup-py-deprecated.html for details.
[1.501s]         ********************************************************************************
[1.501s] 
[1.501s] !!
[1.502s]   self.initialize_options()
[1.678s] running egg_info
[1.692s] writing turtlebot4_cmd_py.egg-info/PKG-INFO
[1.693s] writing dependency_links to turtlebot4_cmd_py.egg-info/dependency_links.txt
[1.693s] writing entry points to turtlebot4_cmd_py.egg-info/entry_points.txt
[1.693s] writing requirements to turtlebot4_cmd_py.egg-info/requires.txt
[1.693s] writing top-level names to turtlebot4_cmd_py.egg-info/top_level.txt
[1.720s] reading manifest file 'turtlebot4_cmd_py.egg-info/SOURCES.txt'
[1.720s] writing manifest file 'turtlebot4_cmd_py.egg-info/SOURCES.txt'
[1.735s] running build_ext
[1.735s] Creating /home/dong/turtlebot4_ws/install/turtlebot4_cmd_py/lib/python3.10/site-packages/turtlebot4_cmd_py.egg-link (link to .)
[1.736s] Installing Turtlebot4Ctl script to /home/dong/turtlebot4_ws/install/turtlebot4_cmd_py/lib/turtlebot4_cmd_py
[1.736s] 
[1.736s] Installed /home/dong/turtlebot4_ws/build/turtlebot4_cmd_py
[1.736s] running install_data
[1.736s] copying resource/turtlebot4_cmd_py -> /home/dong/turtlebot4_ws/install/turtlebot4_cmd_py/share/ament_index/resource_index/packages
[1.736s] copying package.xml -> /home/dong/turtlebot4_ws/install/turtlebot4_cmd_py/share/turtlebot4_cmd_py
[1.767s] Invoked command in '/home/dong/turtlebot4_ws/build/turtlebot4_cmd_py' returned '0': PYTHONPATH=/home/dong/turtlebot4_ws/build/turtlebot4_cmd_py/prefix_override:/home/dong/turtlebot4_ws/install/turtlebot4_cmd_py/lib/python3.10/site-packages:${PYTHONPATH} /usr/bin/python3 setup.py develop --editable --build-directory /home/dong/turtlebot4_ws/build/turtlebot4_cmd_py/build --no-deps install_data
