[0.635s] Invoking command in '/home/dong/turtlebot4_ws/build/turtlebot4_cmd_py': PYTHONPATH=/home/dong/turtlebot4_ws/build/turtlebot4_cmd_py/prefix_override:/home/dong/turtlebot4_ws/install/turtlebot4_cmd_py/lib/python3.10/site-packages:${PYTHONPATH} /usr/bin/python3 setup.py develop --uninstall --editable --build-directory /home/dong/turtlebot4_ws/build/turtlebot4_cmd_py/build
[0.846s] running develop
[0.846s] /home/dong/.local/lib/python3.10/site-packages/setuptools/command/develop.py:39: EasyInstallDeprecationWarning: easy_install command is deprecated.
[0.846s] !!
[0.846s] 
[0.846s]         ********************************************************************************
[0.846s]         Please avoid running ``setup.py`` and ``easy_install``.
[0.846s]         Instead, use pypa/build, pypa/installer or other
[0.846s]         standards-based tools.
[0.846s] 
[0.846s]         See https://github.com/pypa/setuptools/issues/917 for details.
[0.846s]         ********************************************************************************
[0.846s] 
[0.846s] !!
[0.846s]   easy_install.initialize_options(self)
[0.869s] /home/dong/.local/lib/python3.10/site-packages/setuptools/_distutils/cmd.py:66: SetuptoolsDeprecationWarning: setup.py install is deprecated.
[0.869s] !!
[0.869s] 
[0.869s]         ********************************************************************************
[0.869s]         Please avoid running ``setup.py`` directly.
[0.869s]         Instead, use pypa/build, pypa/installer or other
[0.869s]         standards-based tools.
[0.869s] 
[0.869s]         See https://blog.ganssle.io/articles/2021/10/setup-py-deprecated.html for details.
[0.869s]         ********************************************************************************
[0.870s] 
[0.870s] !!
[0.870s]   self.initialize_options()
[1.003s] Removing /home/dong/turtlebot4_ws/install/turtlebot4_cmd_py/lib/python3.10/site-packages/turtlebot4_cmd_py.egg-link (link to .)
[1.027s] Invoked command in '/home/dong/turtlebot4_ws/build/turtlebot4_cmd_py' returned '0': PYTHONPATH=/home/dong/turtlebot4_ws/build/turtlebot4_cmd_py/prefix_override:/home/dong/turtlebot4_ws/install/turtlebot4_cmd_py/lib/python3.10/site-packages:${PYTHONPATH} /usr/bin/python3 setup.py develop --uninstall --editable --build-directory /home/dong/turtlebot4_ws/build/turtlebot4_cmd_py/build
[1.029s] Invoking command in '/home/dong/turtlebot4_ws/src/turtlebot4_cmd_py': PYTHONPATH=/home/dong/turtlebot4_ws/build/turtlebot4_cmd_py/prefix_override:/home/dong/turtlebot4_ws/install/turtlebot4_cmd_py/lib/python3.10/site-packages:${PYTHONPATH} /usr/bin/python3 setup.py egg_info --egg-base ../../build/turtlebot4_cmd_py build --build-base /home/dong/turtlebot4_ws/build/turtlebot4_cmd_py/build install --record /home/dong/turtlebot4_ws/build/turtlebot4_cmd_py/install.log --single-version-externally-managed
[1.179s] running egg_info
[1.190s] writing ../../build/turtlebot4_cmd_py/turtlebot4_cmd_py.egg-info/PKG-INFO
[1.190s] writing dependency_links to ../../build/turtlebot4_cmd_py/turtlebot4_cmd_py.egg-info/dependency_links.txt
[1.190s] writing entry points to ../../build/turtlebot4_cmd_py/turtlebot4_cmd_py.egg-info/entry_points.txt
[1.191s] writing requirements to ../../build/turtlebot4_cmd_py/turtlebot4_cmd_py.egg-info/requires.txt
[1.191s] writing top-level names to ../../build/turtlebot4_cmd_py/turtlebot4_cmd_py.egg-info/top_level.txt
[1.214s] reading manifest file '../../build/turtlebot4_cmd_py/turtlebot4_cmd_py.egg-info/SOURCES.txt'
[1.214s] writing manifest file '../../build/turtlebot4_cmd_py/turtlebot4_cmd_py.egg-info/SOURCES.txt'
[1.214s] running build
[1.214s] running build_py
[1.214s] copying turtlebot4_cmd_py/__init__.py -> /home/dong/turtlebot4_ws/build/turtlebot4_cmd_py/build/lib/turtlebot4_cmd_py
[1.214s] copying turtlebot4_cmd_py/pross2.py -> /home/dong/turtlebot4_ws/build/turtlebot4_cmd_py/build/lib/turtlebot4_cmd_py
[1.214s] copying turtlebot4_cmd_py/pross1.py -> /home/dong/turtlebot4_ws/build/turtlebot4_cmd_py/build/lib/turtlebot4_cmd_py
[1.215s] copying turtlebot4_cmd_py/pross.py -> /home/dong/turtlebot4_ws/build/turtlebot4_cmd_py/build/lib/turtlebot4_cmd_py
[1.215s] copying turtlebot4_cmd_py/turtlebot4_ctl.py -> /home/dong/turtlebot4_ws/build/turtlebot4_cmd_py/build/lib/turtlebot4_cmd_py
[1.215s] running install
[1.215s] /home/dong/.local/lib/python3.10/site-packages/setuptools/_distutils/cmd.py:66: SetuptoolsDeprecationWarning: setup.py install is deprecated.
[1.215s] !!
[1.215s] 
[1.215s]         ********************************************************************************
[1.215s]         Please avoid running ``setup.py`` directly.
[1.215s]         Instead, use pypa/build, pypa/installer or other
[1.215s]         standards-based tools.
[1.215s] 
[1.215s]         See https://blog.ganssle.io/articles/2021/10/setup-py-deprecated.html for details.
[1.215s]         ********************************************************************************
[1.215s] 
[1.215s] !!
[1.215s]   self.initialize_options()
[1.219s] running install_lib
[1.231s] creating /home/dong/turtlebot4_ws/install/turtlebot4_cmd_py/lib/python3.10/site-packages/turtlebot4_cmd_py
[1.231s] copying /home/dong/turtlebot4_ws/build/turtlebot4_cmd_py/build/lib/turtlebot4_cmd_py/__init__.py -> /home/dong/turtlebot4_ws/install/turtlebot4_cmd_py/lib/python3.10/site-packages/turtlebot4_cmd_py
[1.231s] copying /home/dong/turtlebot4_ws/build/turtlebot4_cmd_py/build/lib/turtlebot4_cmd_py/pross2.py -> /home/dong/turtlebot4_ws/install/turtlebot4_cmd_py/lib/python3.10/site-packages/turtlebot4_cmd_py
[1.231s] copying /home/dong/turtlebot4_ws/build/turtlebot4_cmd_py/build/lib/turtlebot4_cmd_py/pross1.py -> /home/dong/turtlebot4_ws/install/turtlebot4_cmd_py/lib/python3.10/site-packages/turtlebot4_cmd_py
[1.231s] copying /home/dong/turtlebot4_ws/build/turtlebot4_cmd_py/build/lib/turtlebot4_cmd_py/pross.py -> /home/dong/turtlebot4_ws/install/turtlebot4_cmd_py/lib/python3.10/site-packages/turtlebot4_cmd_py
[1.231s] copying /home/dong/turtlebot4_ws/build/turtlebot4_cmd_py/build/lib/turtlebot4_cmd_py/turtlebot4_ctl.py -> /home/dong/turtlebot4_ws/install/turtlebot4_cmd_py/lib/python3.10/site-packages/turtlebot4_cmd_py
[1.231s] byte-compiling /home/dong/turtlebot4_ws/install/turtlebot4_cmd_py/lib/python3.10/site-packages/turtlebot4_cmd_py/__init__.py to __init__.cpython-310.pyc
[1.232s] byte-compiling /home/dong/turtlebot4_ws/install/turtlebot4_cmd_py/lib/python3.10/site-packages/turtlebot4_cmd_py/pross2.py to pross2.cpython-310.pyc
[1.232s] byte-compiling /home/dong/turtlebot4_ws/install/turtlebot4_cmd_py/lib/python3.10/site-packages/turtlebot4_cmd_py/pross1.py to pross1.cpython-310.pyc
[1.232s] byte-compiling /home/dong/turtlebot4_ws/install/turtlebot4_cmd_py/lib/python3.10/site-packages/turtlebot4_cmd_py/pross.py to pross.cpython-310.pyc
[1.232s] byte-compiling /home/dong/turtlebot4_ws/install/turtlebot4_cmd_py/lib/python3.10/site-packages/turtlebot4_cmd_py/turtlebot4_ctl.py to turtlebot4_ctl.cpython-310.pyc
[1.233s] running install_data
[1.245s] copying resource/turtlebot4_cmd_py -> /home/dong/turtlebot4_ws/install/turtlebot4_cmd_py/share/ament_index/resource_index/packages
[1.245s] copying package.xml -> /home/dong/turtlebot4_ws/install/turtlebot4_cmd_py/share/turtlebot4_cmd_py
[1.245s] copying launch/turtlebot4_launch.launch.py -> /home/dong/turtlebot4_ws/install/turtlebot4_cmd_py/share/turtlebot4_cmd_py
[1.245s] running install_egg_info
[1.258s] Copying ../../build/turtlebot4_cmd_py/turtlebot4_cmd_py.egg-info to /home/dong/turtlebot4_ws/install/turtlebot4_cmd_py/lib/python3.10/site-packages/turtlebot4_cmd_py-0.0.0-py3.10.egg-info
[1.259s] running install_scripts
[1.363s] Installing Turtlebot4Ctl script to /home/dong/turtlebot4_ws/install/turtlebot4_cmd_py/lib/turtlebot4_cmd_py
[1.363s] Installing test script to /home/dong/turtlebot4_ws/install/turtlebot4_cmd_py/lib/turtlebot4_cmd_py
[1.363s] Installing test1 script to /home/dong/turtlebot4_ws/install/turtlebot4_cmd_py/lib/turtlebot4_cmd_py
[1.363s] Installing test2 script to /home/dong/turtlebot4_ws/install/turtlebot4_cmd_py/lib/turtlebot4_cmd_py
[1.364s] writing list of installed files to '/home/dong/turtlebot4_ws/build/turtlebot4_cmd_py/install.log'
[1.383s] Invoked command in '/home/dong/turtlebot4_ws/src/turtlebot4_cmd_py' returned '0': PYTHONPATH=/home/dong/turtlebot4_ws/build/turtlebot4_cmd_py/prefix_override:/home/dong/turtlebot4_ws/install/turtlebot4_cmd_py/lib/python3.10/site-packages:${PYTHONPATH} /usr/bin/python3 setup.py egg_info --egg-base ../../build/turtlebot4_cmd_py build --build-base /home/dong/turtlebot4_ws/build/turtlebot4_cmd_py/build install --record /home/dong/turtlebot4_ws/build/turtlebot4_cmd_py/install.log --single-version-externally-managed
