[0.707s] DEBUG:colcon:Command line arguments: ['/usr/bin/colcon', 'build']
[0.707s] DEBUG:colcon:Parsed command line arguments: Namespace(log_base=None, log_level=None, verb_name='build', build_base='build', install_base='install', merge_install=False, symlink_install=False, test_result_base=None, continue_on_error=False, executor='parallel', parallel_workers=8, event_handlers=None, ignore_user_meta=False, metas=['./colcon.meta'], base_paths=['.'], packages_ignore=None, packages_ignore_regex=None, paths=None, packages_up_to=None, packages_up_to_regex=None, packages_above=None, packages_above_and_dependencies=None, packages_above_depth=None, packages_select_by_dep=None, packages_skip_by_dep=None, packages_skip_up_to=None, packages_select_build_failed=False, packages_skip_build_finished=False, packages_select_test_failures=False, packages_skip_test_passed=False, packages_select=None, packages_skip=None, packages_select_regex=None, packages_skip_regex=None, packages_start=None, packages_end=None, allow_overriding=[], cmake_args=None, cmake_target=None, cmake_target_skip_unavailable=False, cmake_clean_cache=False, cmake_clean_first=False, cmake_force_configure=False, ament_cmake_args=None, catkin_cmake_args=None, catkin_skip_building_tests=False, verb_parser=<colcon_defaults.argument_parser.defaults.DefaultArgumentsDecorator object at 0x7fb15dc55f90>, verb_extension=<colcon_core.verb.build.BuildVerb object at 0x7fb15e0cff70>, main=<bound method BuildVerb.main of <colcon_core.verb.build.BuildVerb object at 0x7fb15e0cff70>>)
[0.746s] Level 1:colcon.colcon_core.package_discovery:discover_packages(colcon_meta) check parameters
[0.746s] Level 1:colcon.colcon_core.package_discovery:discover_packages(recursive) check parameters
[0.746s] Level 1:colcon.colcon_core.package_discovery:discover_packages(ignore) check parameters
[0.746s] Level 1:colcon.colcon_core.package_discovery:discover_packages(path) check parameters
[0.746s] Level 1:colcon.colcon_core.package_discovery:discover_packages(colcon_meta) discover
[0.747s] Level 1:colcon.colcon_core.package_discovery:discover_packages(recursive) discover
[0.747s] INFO:colcon.colcon_core.package_discovery:Crawling recursively for packages in '/home/dong/turtlebot4_ws'
[0.747s] Level 1:colcon.colcon_core.package_identification:_identify(.) by extensions ['ignore', 'ignore_ament_install']
[0.747s] Level 1:colcon.colcon_core.package_identification:_identify(.) by extension 'ignore'
[0.747s] Level 1:colcon.colcon_core.package_identification:_identify(.) by extension 'ignore_ament_install'
[0.747s] Level 1:colcon.colcon_core.package_identification:_identify(.) by extensions ['colcon_pkg']
[0.747s] Level 1:colcon.colcon_core.package_identification:_identify(.) by extension 'colcon_pkg'
[0.747s] Level 1:colcon.colcon_core.package_identification:_identify(.) by extensions ['colcon_meta']
[0.747s] Level 1:colcon.colcon_core.package_identification:_identify(.) by extension 'colcon_meta'
[0.747s] Level 1:colcon.colcon_core.package_identification:_identify(.) by extensions ['ros']
[0.747s] Level 1:colcon.colcon_core.package_identification:_identify(.) by extension 'ros'
[0.763s] Level 1:colcon.colcon_core.package_identification:_identify(.) by extensions ['cmake', 'python']
[0.763s] Level 1:colcon.colcon_core.package_identification:_identify(.) by extension 'cmake'
[0.763s] Level 1:colcon.colcon_core.package_identification:_identify(.) by extension 'python'
[0.763s] Level 1:colcon.colcon_core.package_identification:_identify(.) by extensions ['python_setup_py']
[0.763s] Level 1:colcon.colcon_core.package_identification:_identify(.) by extension 'python_setup_py'
[0.763s] Level 1:colcon.colcon_core.package_identification:_identify(build) by extensions ['ignore', 'ignore_ament_install']
[0.763s] Level 1:colcon.colcon_core.package_identification:_identify(build) by extension 'ignore'
[0.763s] Level 1:colcon.colcon_core.package_identification:_identify(build) ignored
[0.763s] Level 1:colcon.colcon_core.package_identification:_identify(install) by extensions ['ignore', 'ignore_ament_install']
[0.763s] Level 1:colcon.colcon_core.package_identification:_identify(install) by extension 'ignore'
[0.763s] Level 1:colcon.colcon_core.package_identification:_identify(install) ignored
[0.763s] Level 1:colcon.colcon_core.package_identification:_identify(log) by extensions ['ignore', 'ignore_ament_install']
[0.763s] Level 1:colcon.colcon_core.package_identification:_identify(log) by extension 'ignore'
[0.763s] Level 1:colcon.colcon_core.package_identification:_identify(log) ignored
[0.763s] Level 1:colcon.colcon_core.package_identification:_identify(src) by extensions ['ignore', 'ignore_ament_install']
[0.763s] Level 1:colcon.colcon_core.package_identification:_identify(src) by extension 'ignore'
[0.764s] Level 1:colcon.colcon_core.package_identification:_identify(src) by extension 'ignore_ament_install'
[0.764s] Level 1:colcon.colcon_core.package_identification:_identify(src) by extensions ['colcon_pkg']
[0.764s] Level 1:colcon.colcon_core.package_identification:_identify(src) by extension 'colcon_pkg'
[0.764s] Level 1:colcon.colcon_core.package_identification:_identify(src) by extensions ['colcon_meta']
[0.764s] Level 1:colcon.colcon_core.package_identification:_identify(src) by extension 'colcon_meta'
[0.764s] Level 1:colcon.colcon_core.package_identification:_identify(src) by extensions ['ros']
[0.764s] Level 1:colcon.colcon_core.package_identification:_identify(src) by extension 'ros'
[0.764s] Level 1:colcon.colcon_core.package_identification:_identify(src) by extensions ['cmake', 'python']
[0.764s] Level 1:colcon.colcon_core.package_identification:_identify(src) by extension 'cmake'
[0.764s] Level 1:colcon.colcon_core.package_identification:_identify(src) by extension 'python'
[0.764s] Level 1:colcon.colcon_core.package_identification:_identify(src) by extensions ['python_setup_py']
[0.764s] Level 1:colcon.colcon_core.package_identification:_identify(src) by extension 'python_setup_py'
[0.764s] Level 1:colcon.colcon_core.package_identification:_identify(src/turtlebot4_cmd_py) by extensions ['ignore', 'ignore_ament_install']
[0.764s] Level 1:colcon.colcon_core.package_identification:_identify(src/turtlebot4_cmd_py) by extension 'ignore'
[0.764s] Level 1:colcon.colcon_core.package_identification:_identify(src/turtlebot4_cmd_py) by extension 'ignore_ament_install'
[0.764s] Level 1:colcon.colcon_core.package_identification:_identify(src/turtlebot4_cmd_py) by extensions ['colcon_pkg']
[0.764s] Level 1:colcon.colcon_core.package_identification:_identify(src/turtlebot4_cmd_py) by extension 'colcon_pkg'
[0.764s] Level 1:colcon.colcon_core.package_identification:_identify(src/turtlebot4_cmd_py) by extensions ['colcon_meta']
[0.764s] Level 1:colcon.colcon_core.package_identification:_identify(src/turtlebot4_cmd_py) by extension 'colcon_meta'
[0.764s] Level 1:colcon.colcon_core.package_identification:_identify(src/turtlebot4_cmd_py) by extensions ['ros']
[0.764s] Level 1:colcon.colcon_core.package_identification:_identify(src/turtlebot4_cmd_py) by extension 'ros'
[0.766s] DEBUG:colcon.colcon_core.package_identification:Package 'src/turtlebot4_cmd_py' with type 'ros.ament_python' and name 'turtlebot4_cmd_py'
[0.766s] Level 1:colcon.colcon_core.package_identification:_identify(src/turtlebot4_setup) by extensions ['ignore', 'ignore_ament_install']
[0.766s] Level 1:colcon.colcon_core.package_identification:_identify(src/turtlebot4_setup) by extension 'ignore'
[0.766s] Level 1:colcon.colcon_core.package_identification:_identify(src/turtlebot4_setup) by extension 'ignore_ament_install'
[0.766s] Level 1:colcon.colcon_core.package_identification:_identify(src/turtlebot4_setup) by extensions ['colcon_pkg']
[0.766s] Level 1:colcon.colcon_core.package_identification:_identify(src/turtlebot4_setup) by extension 'colcon_pkg'
[0.766s] Level 1:colcon.colcon_core.package_identification:_identify(src/turtlebot4_setup) by extensions ['colcon_meta']
[0.766s] Level 1:colcon.colcon_core.package_identification:_identify(src/turtlebot4_setup) by extension 'colcon_meta'
[0.766s] Level 1:colcon.colcon_core.package_identification:_identify(src/turtlebot4_setup) by extensions ['ros']
[0.766s] Level 1:colcon.colcon_core.package_identification:_identify(src/turtlebot4_setup) by extension 'ros'
[0.766s] DEBUG:colcon.colcon_core.package_identification:Package 'src/turtlebot4_setup' with type 'ros.ament_cmake' and name 'turtlebot4_setup'
[0.766s] Level 1:colcon.colcon_core.package_discovery:discover_packages(recursive) using defaults
[0.766s] Level 1:colcon.colcon_core.package_discovery:discover_packages(ignore) discover
[0.766s] Level 1:colcon.colcon_core.package_discovery:discover_packages(ignore) using defaults
[0.766s] Level 1:colcon.colcon_core.package_discovery:discover_packages(path) discover
[0.766s] Level 1:colcon.colcon_core.package_discovery:discover_packages(path) using defaults
[0.834s] Level 1:colcon.colcon_core.package_discovery:discover_packages(prefix_path) check parameters
[0.834s] Level 1:colcon.colcon_core.package_discovery:discover_packages(prefix_path) discover
[0.857s] DEBUG:colcon.colcon_installed_package_information.package_discovery:Found 2 installed packages in /home/dong/turtlebot4_ws/install
[0.870s] DEBUG:colcon.colcon_installed_package_information.package_discovery:Found 505 installed packages in /opt/ros/humble
[0.871s] Level 1:colcon.colcon_core.package_discovery:discover_packages(prefix_path) using defaults
[0.949s] Level 5:colcon.colcon_core.verb:set package 'turtlebot4_cmd_py' build argument 'cmake_args' from command line to 'None'
[0.949s] Level 5:colcon.colcon_core.verb:set package 'turtlebot4_cmd_py' build argument 'cmake_target' from command line to 'None'
[0.949s] Level 5:colcon.colcon_core.verb:set package 'turtlebot4_cmd_py' build argument 'cmake_target_skip_unavailable' from command line to 'False'
[0.949s] Level 5:colcon.colcon_core.verb:set package 'turtlebot4_cmd_py' build argument 'cmake_clean_cache' from command line to 'False'
[0.949s] Level 5:colcon.colcon_core.verb:set package 'turtlebot4_cmd_py' build argument 'cmake_clean_first' from command line to 'False'
[0.949s] Level 5:colcon.colcon_core.verb:set package 'turtlebot4_cmd_py' build argument 'cmake_force_configure' from command line to 'False'
[0.949s] Level 5:colcon.colcon_core.verb:set package 'turtlebot4_cmd_py' build argument 'ament_cmake_args' from command line to 'None'
[0.949s] Level 5:colcon.colcon_core.verb:set package 'turtlebot4_cmd_py' build argument 'catkin_cmake_args' from command line to 'None'
[0.949s] Level 5:colcon.colcon_core.verb:set package 'turtlebot4_cmd_py' build argument 'catkin_skip_building_tests' from command line to 'False'
[0.949s] DEBUG:colcon.colcon_core.verb:Building package 'turtlebot4_cmd_py' with the following arguments: {'ament_cmake_args': None, 'build_base': '/home/dong/turtlebot4_ws/build/turtlebot4_cmd_py', 'catkin_cmake_args': None, 'catkin_skip_building_tests': False, 'cmake_args': None, 'cmake_clean_cache': False, 'cmake_clean_first': False, 'cmake_force_configure': False, 'cmake_target': None, 'cmake_target_skip_unavailable': False, 'install_base': '/home/dong/turtlebot4_ws/install/turtlebot4_cmd_py', 'merge_install': False, 'path': '/home/dong/turtlebot4_ws/src/turtlebot4_cmd_py', 'symlink_install': False, 'test_result_base': None}
[0.961s] Level 5:colcon.colcon_core.verb:set package 'turtlebot4_setup' build argument 'cmake_args' from command line to 'None'
[0.961s] Level 5:colcon.colcon_core.verb:set package 'turtlebot4_setup' build argument 'cmake_target' from command line to 'None'
[0.961s] Level 5:colcon.colcon_core.verb:set package 'turtlebot4_setup' build argument 'cmake_target_skip_unavailable' from command line to 'False'
[0.961s] Level 5:colcon.colcon_core.verb:set package 'turtlebot4_setup' build argument 'cmake_clean_cache' from command line to 'False'
[0.961s] Level 5:colcon.colcon_core.verb:set package 'turtlebot4_setup' build argument 'cmake_clean_first' from command line to 'False'
[0.961s] Level 5:colcon.colcon_core.verb:set package 'turtlebot4_setup' build argument 'cmake_force_configure' from command line to 'False'
[0.961s] Level 5:colcon.colcon_core.verb:set package 'turtlebot4_setup' build argument 'ament_cmake_args' from command line to 'None'
[0.961s] Level 5:colcon.colcon_core.verb:set package 'turtlebot4_setup' build argument 'catkin_cmake_args' from command line to 'None'
[0.961s] Level 5:colcon.colcon_core.verb:set package 'turtlebot4_setup' build argument 'catkin_skip_building_tests' from command line to 'False'
[0.961s] DEBUG:colcon.colcon_core.verb:Building package 'turtlebot4_setup' with the following arguments: {'ament_cmake_args': None, 'build_base': '/home/dong/turtlebot4_ws/build/turtlebot4_setup', 'catkin_cmake_args': None, 'catkin_skip_building_tests': False, 'cmake_args': None, 'cmake_clean_cache': False, 'cmake_clean_first': False, 'cmake_force_configure': False, 'cmake_target': None, 'cmake_target_skip_unavailable': False, 'install_base': '/home/dong/turtlebot4_ws/install/turtlebot4_setup', 'merge_install': False, 'path': '/home/dong/turtlebot4_ws/src/turtlebot4_setup', 'symlink_install': False, 'test_result_base': None}
[0.972s] INFO:colcon.colcon_core.executor:Executing jobs using 'parallel' executor
[0.984s] DEBUG:colcon.colcon_parallel_executor.executor.parallel:run_until_complete
[0.984s] INFO:colcon.colcon_ros.task.ament_python.build:Building ROS package in '/home/dong/turtlebot4_ws/src/turtlebot4_cmd_py' with build type 'ament_python'
[0.984s] Level 1:colcon.colcon_core.shell:create_environment_hook('turtlebot4_cmd_py', 'ament_prefix_path')
[0.997s] INFO:colcon.colcon_core.plugin_system:Skipping extension 'colcon_core.shell.bat': Not used on non-Windows systems
[0.997s] INFO:colcon.colcon_core.shell:Creating environment hook '/home/dong/turtlebot4_ws/install/turtlebot4_cmd_py/share/turtlebot4_cmd_py/hook/ament_prefix_path.ps1'
[0.997s] INFO:colcon.colcon_core.shell:Creating environment descriptor '/home/dong/turtlebot4_ws/install/turtlebot4_cmd_py/share/turtlebot4_cmd_py/hook/ament_prefix_path.dsv'
[0.998s] INFO:colcon.colcon_core.shell:Creating environment hook '/home/dong/turtlebot4_ws/install/turtlebot4_cmd_py/share/turtlebot4_cmd_py/hook/ament_prefix_path.sh'
[1.010s] INFO:colcon.colcon_core.shell:Skip shell extension 'powershell' for command environment: Not usable outside of PowerShell
[1.010s] DEBUG:colcon.colcon_core.shell:Skip shell extension 'dsv' for command environment
[1.046s] INFO:colcon.colcon_ros.task.ament_cmake.build:Building ROS package in '/home/dong/turtlebot4_ws/src/turtlebot4_setup' with build type 'ament_cmake'
[1.046s] INFO:colcon.colcon_cmake.task.cmake.build:Building CMake package in '/home/dong/turtlebot4_ws/src/turtlebot4_setup'
[1.058s] INFO:colcon.colcon_core.shell:Skip shell extension 'powershell' for command environment: Not usable outside of PowerShell
[1.058s] DEBUG:colcon.colcon_core.shell:Skip shell extension 'dsv' for command environment
[1.230s] INFO:colcon.colcon_core.task.python.build:Building Python package in '/home/dong/turtlebot4_ws/src/turtlebot4_cmd_py'
[1.241s] INFO:colcon.colcon_core.shell:Skip shell extension 'powershell' for command environment: Not usable outside of PowerShell
[1.241s] DEBUG:colcon.colcon_core.shell:Skip shell extension 'dsv' for command environment
[1.277s] DEBUG:colcon.colcon_core.event_handler.log_command:Invoking command in '/home/dong/turtlebot4_ws/build/turtlebot4_setup': CMAKE_PREFIX_PATH=${CMAKE_PREFIX_PATH}:/home/dong/turtlebot4_ws/install/turtlebot4_cmd_py:/opt/ros/humble /usr/bin/cmake /home/dong/turtlebot4_ws/src/turtlebot4_setup -DCMAKE_INSTALL_PREFIX=/home/dong/turtlebot4_ws/install/turtlebot4_setup
[1.546s] DEBUG:colcon.colcon_core.event_handler.log_command:Invoked command in '/home/dong/turtlebot4_ws/build/turtlebot4_setup' returned '0': CMAKE_PREFIX_PATH=${CMAKE_PREFIX_PATH}:/home/dong/turtlebot4_ws/install/turtlebot4_cmd_py:/opt/ros/humble /usr/bin/cmake /home/dong/turtlebot4_ws/src/turtlebot4_setup -DCMAKE_INSTALL_PREFIX=/home/dong/turtlebot4_ws/install/turtlebot4_setup
[1.548s] DEBUG:colcon.colcon_core.event_handler.log_command:Invoking command in '/home/dong/turtlebot4_ws/build/turtlebot4_setup': CMAKE_PREFIX_PATH=${CMAKE_PREFIX_PATH}:/home/dong/turtlebot4_ws/install/turtlebot4_cmd_py:/opt/ros/humble /usr/bin/cmake --build /home/dong/turtlebot4_ws/build/turtlebot4_setup -- -j8 -l8
[1.706s] DEBUG:colcon.colcon_core.event_handler.log_command:Invoking command in '/home/dong/turtlebot4_ws/build/turtlebot4_cmd_py': PYTHONPATH=/home/dong/turtlebot4_ws/build/turtlebot4_cmd_py/prefix_override:/home/dong/turtlebot4_ws/install/turtlebot4_cmd_py/lib/python3.10/site-packages:${PYTHONPATH} /usr/bin/python3 setup.py develop --uninstall --editable --build-directory /home/dong/turtlebot4_ws/build/turtlebot4_cmd_py/build
[1.805s] DEBUG:colcon.colcon_core.event_handler.log_command:Invoked command in '/home/dong/turtlebot4_ws/build/turtlebot4_setup' returned '0': CMAKE_PREFIX_PATH=${CMAKE_PREFIX_PATH}:/home/dong/turtlebot4_ws/install/turtlebot4_cmd_py:/opt/ros/humble /usr/bin/cmake --build /home/dong/turtlebot4_ws/build/turtlebot4_setup -- -j8 -l8
[1.826s] DEBUG:colcon.colcon_core.event_handler.log_command:Invoking command in '/home/dong/turtlebot4_ws/build/turtlebot4_setup': CMAKE_PREFIX_PATH=${CMAKE_PREFIX_PATH}:/home/dong/turtlebot4_ws/install/turtlebot4_cmd_py:/opt/ros/humble /usr/bin/cmake --install /home/dong/turtlebot4_ws/build/turtlebot4_setup
[1.866s] Level 1:colcon.colcon_core.environment:create_environment_scripts_only(turtlebot4_setup)
[1.867s] DEBUG:colcon.colcon_core.event_handler.log_command:Invoked command in '/home/dong/turtlebot4_ws/build/turtlebot4_setup' returned '0': CMAKE_PREFIX_PATH=${CMAKE_PREFIX_PATH}:/home/dong/turtlebot4_ws/install/turtlebot4_cmd_py:/opt/ros/humble /usr/bin/cmake --install /home/dong/turtlebot4_ws/build/turtlebot4_setup
[1.879s] Level 1:colcon.colcon_core.environment:checking '/home/dong/turtlebot4_ws/install/turtlebot4_setup' for CMake module files
[1.880s] Level 1:colcon.colcon_core.environment:checking '/home/dong/turtlebot4_ws/install/turtlebot4_setup' for CMake config files
[1.880s] Level 1:colcon.colcon_core.shell:create_environment_hook('turtlebot4_setup', 'cmake_prefix_path')
[1.891s] INFO:colcon.colcon_core.shell:Creating environment hook '/home/dong/turtlebot4_ws/install/turtlebot4_setup/share/turtlebot4_setup/hook/cmake_prefix_path.ps1'
[1.892s] INFO:colcon.colcon_core.shell:Creating environment descriptor '/home/dong/turtlebot4_ws/install/turtlebot4_setup/share/turtlebot4_setup/hook/cmake_prefix_path.dsv'
[1.892s] INFO:colcon.colcon_core.shell:Creating environment hook '/home/dong/turtlebot4_ws/install/turtlebot4_setup/share/turtlebot4_setup/hook/cmake_prefix_path.sh'
[1.892s] Level 1:colcon.colcon_core.environment:checking '/home/dong/turtlebot4_ws/install/turtlebot4_setup/lib'
[1.893s] Level 1:colcon.colcon_core.environment:checking '/home/dong/turtlebot4_ws/install/turtlebot4_setup/bin'
[1.893s] Level 1:colcon.colcon_core.environment:checking '/home/dong/turtlebot4_ws/install/turtlebot4_setup/lib/pkgconfig/turtlebot4_setup.pc'
[1.893s] Level 1:colcon.colcon_core.environment:checking '/home/dong/turtlebot4_ws/install/turtlebot4_setup/lib/python3.10/site-packages'
[1.893s] Level 1:colcon.colcon_core.environment:checking '/home/dong/turtlebot4_ws/install/turtlebot4_setup/bin'
[1.904s] INFO:colcon.colcon_core.shell:Creating package script '/home/dong/turtlebot4_ws/install/turtlebot4_setup/share/turtlebot4_setup/package.ps1'
[1.905s] INFO:colcon.colcon_core.shell:Creating package descriptor '/home/dong/turtlebot4_ws/install/turtlebot4_setup/share/turtlebot4_setup/package.dsv'
[1.905s] INFO:colcon.colcon_core.shell:Creating package script '/home/dong/turtlebot4_ws/install/turtlebot4_setup/share/turtlebot4_setup/package.sh'
[1.906s] INFO:colcon.colcon_core.shell:Creating package script '/home/dong/turtlebot4_ws/install/turtlebot4_setup/share/turtlebot4_setup/package.bash'
[1.906s] INFO:colcon.colcon_core.shell:Creating package script '/home/dong/turtlebot4_ws/install/turtlebot4_setup/share/turtlebot4_setup/package.zsh'
[1.907s] Level 1:colcon.colcon_core.environment:create_file_with_runtime_dependencies(/home/dong/turtlebot4_ws/install/turtlebot4_setup/share/colcon-core/packages/turtlebot4_setup)
[1.934s] Level 1:colcon.colcon_core.environment:create_environment_scripts_only(turtlebot4_setup)
[1.946s] Level 1:colcon.colcon_core.environment:checking '/home/dong/turtlebot4_ws/install/turtlebot4_setup' for CMake module files
[1.946s] Level 1:colcon.colcon_core.environment:checking '/home/dong/turtlebot4_ws/install/turtlebot4_setup' for CMake config files
[1.946s] Level 1:colcon.colcon_core.shell:create_environment_hook('turtlebot4_setup', 'cmake_prefix_path')
[1.957s] INFO:colcon.colcon_core.shell:Creating environment hook '/home/dong/turtlebot4_ws/install/turtlebot4_setup/share/turtlebot4_setup/hook/cmake_prefix_path.ps1'
[1.958s] INFO:colcon.colcon_core.shell:Creating environment descriptor '/home/dong/turtlebot4_ws/install/turtlebot4_setup/share/turtlebot4_setup/hook/cmake_prefix_path.dsv'
[1.959s] INFO:colcon.colcon_core.shell:Creating environment hook '/home/dong/turtlebot4_ws/install/turtlebot4_setup/share/turtlebot4_setup/hook/cmake_prefix_path.sh'
[1.959s] Level 1:colcon.colcon_core.environment:checking '/home/dong/turtlebot4_ws/install/turtlebot4_setup/lib'
[1.959s] Level 1:colcon.colcon_core.environment:checking '/home/dong/turtlebot4_ws/install/turtlebot4_setup/bin'
[1.959s] Level 1:colcon.colcon_core.environment:checking '/home/dong/turtlebot4_ws/install/turtlebot4_setup/lib/pkgconfig/turtlebot4_setup.pc'
[1.959s] Level 1:colcon.colcon_core.environment:checking '/home/dong/turtlebot4_ws/install/turtlebot4_setup/lib/python3.10/site-packages'
[1.959s] Level 1:colcon.colcon_core.environment:checking '/home/dong/turtlebot4_ws/install/turtlebot4_setup/bin'
[1.971s] INFO:colcon.colcon_core.shell:Creating package script '/home/dong/turtlebot4_ws/install/turtlebot4_setup/share/turtlebot4_setup/package.ps1'
[1.971s] INFO:colcon.colcon_core.shell:Creating package descriptor '/home/dong/turtlebot4_ws/install/turtlebot4_setup/share/turtlebot4_setup/package.dsv'
[1.971s] INFO:colcon.colcon_core.shell:Creating package script '/home/dong/turtlebot4_ws/install/turtlebot4_setup/share/turtlebot4_setup/package.sh'
[1.971s] INFO:colcon.colcon_core.shell:Creating package script '/home/dong/turtlebot4_ws/install/turtlebot4_setup/share/turtlebot4_setup/package.bash'
[1.972s] INFO:colcon.colcon_core.shell:Creating package script '/home/dong/turtlebot4_ws/install/turtlebot4_setup/share/turtlebot4_setup/package.zsh'
[1.972s] Level 1:colcon.colcon_core.environment:create_file_with_runtime_dependencies(/home/dong/turtlebot4_ws/install/turtlebot4_setup/share/colcon-core/packages/turtlebot4_setup)
[2.114s] DEBUG:colcon.colcon_core.event_handler.log_command:Invoked command in '/home/dong/turtlebot4_ws/build/turtlebot4_cmd_py' returned '0': PYTHONPATH=/home/dong/turtlebot4_ws/build/turtlebot4_cmd_py/prefix_override:/home/dong/turtlebot4_ws/install/turtlebot4_cmd_py/lib/python3.10/site-packages:${PYTHONPATH} /usr/bin/python3 setup.py develop --uninstall --editable --build-directory /home/dong/turtlebot4_ws/build/turtlebot4_cmd_py/build
[2.115s] DEBUG:colcon.colcon_core.event_handler.log_command:Invoking command in '/home/dong/turtlebot4_ws/src/turtlebot4_cmd_py': PYTHONPATH=/home/dong/turtlebot4_ws/build/turtlebot4_cmd_py/prefix_override:/home/dong/turtlebot4_ws/install/turtlebot4_cmd_py/lib/python3.10/site-packages:${PYTHONPATH} /usr/bin/python3 setup.py egg_info --egg-base ../../build/turtlebot4_cmd_py build --build-base /home/dong/turtlebot4_ws/build/turtlebot4_cmd_py/build install --record /home/dong/turtlebot4_ws/build/turtlebot4_cmd_py/install.log --single-version-externally-managed
[2.468s] DEBUG:colcon.colcon_core.event_handler.log_command:Invoked command in '/home/dong/turtlebot4_ws/src/turtlebot4_cmd_py' returned '0': PYTHONPATH=/home/dong/turtlebot4_ws/build/turtlebot4_cmd_py/prefix_override:/home/dong/turtlebot4_ws/install/turtlebot4_cmd_py/lib/python3.10/site-packages:${PYTHONPATH} /usr/bin/python3 setup.py egg_info --egg-base ../../build/turtlebot4_cmd_py build --build-base /home/dong/turtlebot4_ws/build/turtlebot4_cmd_py/build install --record /home/dong/turtlebot4_ws/build/turtlebot4_cmd_py/install.log --single-version-externally-managed
[2.479s] Level 1:colcon.colcon_core.environment:checking '/home/dong/turtlebot4_ws/install/turtlebot4_cmd_py' for CMake module files
[2.480s] Level 1:colcon.colcon_core.environment:checking '/home/dong/turtlebot4_ws/install/turtlebot4_cmd_py' for CMake config files
[2.480s] Level 1:colcon.colcon_core.environment:checking '/home/dong/turtlebot4_ws/install/turtlebot4_cmd_py/lib'
[2.480s] Level 1:colcon.colcon_core.environment:checking '/home/dong/turtlebot4_ws/install/turtlebot4_cmd_py/bin'
[2.480s] Level 1:colcon.colcon_core.environment:checking '/home/dong/turtlebot4_ws/install/turtlebot4_cmd_py/lib/pkgconfig/turtlebot4_cmd_py.pc'
[2.480s] Level 1:colcon.colcon_core.environment:checking '/home/dong/turtlebot4_ws/install/turtlebot4_cmd_py/lib/python3.10/site-packages'
[2.480s] Level 1:colcon.colcon_core.shell:create_environment_hook('turtlebot4_cmd_py', 'pythonpath')
[2.492s] INFO:colcon.colcon_core.shell:Creating environment hook '/home/dong/turtlebot4_ws/install/turtlebot4_cmd_py/share/turtlebot4_cmd_py/hook/pythonpath.ps1'
[2.492s] INFO:colcon.colcon_core.shell:Creating environment descriptor '/home/dong/turtlebot4_ws/install/turtlebot4_cmd_py/share/turtlebot4_cmd_py/hook/pythonpath.dsv'
[2.492s] INFO:colcon.colcon_core.shell:Creating environment hook '/home/dong/turtlebot4_ws/install/turtlebot4_cmd_py/share/turtlebot4_cmd_py/hook/pythonpath.sh'
[2.493s] Level 1:colcon.colcon_core.environment:checking '/home/dong/turtlebot4_ws/install/turtlebot4_cmd_py/bin'
[2.493s] Level 1:colcon.colcon_core.environment:create_environment_scripts_only(turtlebot4_cmd_py)
[2.504s] INFO:colcon.colcon_core.shell:Creating package script '/home/dong/turtlebot4_ws/install/turtlebot4_cmd_py/share/turtlebot4_cmd_py/package.ps1'
[2.505s] INFO:colcon.colcon_core.shell:Creating package descriptor '/home/dong/turtlebot4_ws/install/turtlebot4_cmd_py/share/turtlebot4_cmd_py/package.dsv'
[2.505s] INFO:colcon.colcon_core.shell:Creating package script '/home/dong/turtlebot4_ws/install/turtlebot4_cmd_py/share/turtlebot4_cmd_py/package.sh'
[2.505s] INFO:colcon.colcon_core.shell:Creating package script '/home/dong/turtlebot4_ws/install/turtlebot4_cmd_py/share/turtlebot4_cmd_py/package.bash'
[2.505s] INFO:colcon.colcon_core.shell:Creating package script '/home/dong/turtlebot4_ws/install/turtlebot4_cmd_py/share/turtlebot4_cmd_py/package.zsh'
[2.506s] Level 1:colcon.colcon_core.environment:create_file_with_runtime_dependencies(/home/dong/turtlebot4_ws/install/turtlebot4_cmd_py/share/colcon-core/packages/turtlebot4_cmd_py)
[2.506s] DEBUG:colcon.colcon_parallel_executor.executor.parallel:closing loop
[2.506s] DEBUG:colcon.colcon_parallel_executor.executor.parallel:loop closed
[2.506s] DEBUG:colcon.colcon_parallel_executor.executor.parallel:run_until_complete finished with '0'
[2.506s] DEBUG:colcon.colcon_core.event_reactor:joining thread
[2.522s] INFO:colcon.colcon_core.plugin_system:Skipping extension 'colcon_notification.desktop_notification.terminal_notifier': Not used on non-Darwin systems
[2.522s] INFO:colcon.colcon_core.plugin_system:Skipping extension 'colcon_notification.desktop_notification.win32': Not used on non-Windows systems
[2.522s] INFO:colcon.colcon_notification.desktop_notification:Sending desktop notification using 'notify2'
[2.530s] DEBUG:colcon.colcon_core.event_reactor:joined thread
[2.542s] INFO:colcon.colcon_core.shell:Creating prefix script '/home/dong/turtlebot4_ws/install/local_setup.ps1'
[2.543s] INFO:colcon.colcon_core.shell:Creating prefix util module '/home/dong/turtlebot4_ws/install/_local_setup_util_ps1.py'
[2.543s] INFO:colcon.colcon_core.shell:Creating prefix chain script '/home/dong/turtlebot4_ws/install/setup.ps1'
[2.555s] INFO:colcon.colcon_core.shell:Creating prefix script '/home/dong/turtlebot4_ws/install/local_setup.sh'
[2.556s] INFO:colcon.colcon_core.shell:Creating prefix util module '/home/dong/turtlebot4_ws/install/_local_setup_util_sh.py'
[2.556s] INFO:colcon.colcon_core.shell:Creating prefix chain script '/home/dong/turtlebot4_ws/install/setup.sh'
[2.569s] INFO:colcon.colcon_core.shell:Creating prefix script '/home/dong/turtlebot4_ws/install/local_setup.bash'
[2.569s] INFO:colcon.colcon_core.shell:Creating prefix chain script '/home/dong/turtlebot4_ws/install/setup.bash'
[2.581s] INFO:colcon.colcon_core.shell:Creating prefix script '/home/dong/turtlebot4_ws/install/local_setup.zsh'
[2.582s] INFO:colcon.colcon_core.shell:Creating prefix chain script '/home/dong/turtlebot4_ws/install/setup.zsh'
