[0.116s] Invoking command in '/home/dong/turtlebot4-ws/build/minibot_hardware_interface': CMAKE_PREFIX_PATH=/opt/ros/humble /usr/bin/cmake /home/dong/turtlebot4-ws/src/pinklab_minibot_robot/minibot_hardware_interface -DAMENT_CMAKE_SYMLINK_INSTALL=1 -DCMAKE_INSTALL_PREFIX=/home/dong/turtlebot4-ws/install/minibot_hardware_interface
[0.155s] -- The C compiler identification is GNU 11.4.0
[0.206s] -- The CXX compiler identification is GNU 11.4.0
[0.213s] -- Detecting C compiler ABI info
[0.264s] -- Detecting C compiler ABI info - done
[0.269s] -- Check for working C compiler: /usr/bin/cc - skipped
[0.269s] -- Detecting C compile features
[0.270s] -- Detecting C compile features - done
[0.272s] -- Detecting CXX compiler ABI info
[0.334s] -- Detecting CXX compiler ABI info - done
[0.340s] -- Check for working CXX compiler: /usr/bin/c++ - skipped
[0.340s] -- Detecting CXX compile features
[0.340s] -- Detecting CXX compile features - done
[0.342s] -- Found ament_cmake: 1.3.7 (/opt/ros/humble/share/ament_cmake/cmake)
[0.645s] -- Found Python3: /usr/bin/python3.10 (found version "3.10.12") found components: Interpreter 
[0.710s] -- Override CMake install command with custom implementation using symlinks instead of copying resources
[0.745s] [31mCMake Error at CMakeLists.txt:16 (find_package):
[0.745s]   By not providing "Findhardware_interface.cmake" in CMAKE_MODULE_PATH this
[0.745s]   project has asked CMake to find a package configuration file provided by
[0.745s]   "hardware_interface", but CMake did not find one.
[0.745s] 
[0.745s]   Could not find a package configuration file provided by
[0.745s]   "hardware_interface" with any of the following names:
[0.745s] 
[0.745s]     hardware_interfaceConfig.cmake
[0.745s]     hardware_interface-config.cmake
[0.745s] 
[0.745s]   Add the installation prefix of "hardware_interface" to CMAKE_PREFIX_PATH or
[0.745s]   set "hardware_interface_DIR" to a directory containing one of the above
[0.745s]   files.  If "hardware_interface" provides a separate development package or
[0.745s]   SDK, be sure it has been installed.
[0.745s] 
[0.745s] [0m
[0.745s] -- Configuring incomplete, errors occurred!
[0.745s] See also "/home/dong/turtlebot4-ws/build/minibot_hardware_interface/CMakeFiles/CMakeOutput.log".
[0.750s] Invoked command in '/home/dong/turtlebot4-ws/build/minibot_hardware_interface' returned '1': CMAKE_PREFIX_PATH=/opt/ros/humble /usr/bin/cmake /home/dong/turtlebot4-ws/src/pinklab_minibot_robot/minibot_hardware_interface -DAMENT_CMAKE_SYMLINK_INSTALL=1 -DCMAKE_INSTALL_PREFIX=/home/dong/turtlebot4-ws/install/minibot_hardware_interface
