[0.061s] Invoking command in '/home/dong/turtlebot4-ws/build/minibot_controllers': AMENT_PREFIX_PATH=/home/dong/turtlebot4-ws/install/minibot_interfaces:${AMENT_PREFIX_PATH} CMAKE_PREFIX_PATH=/home/dong/turtlebot4-ws/install/minibot_interfaces:/home/dong/turtlebot4-ws/install/turtlebot4_setup:/home/dong/turtlebot4-ws/install/minibot_navigation2:/home/dong/turtlebot4-ws/install/minibot_controllers:/home/dong/turtlebot4-ws/install/minibot_hardware_interface:/home/dong/turtlebot4-ws/install/minibot_bringup:/home/dong/turtlebot4-ws/install/minibot_gazebo:/home/dong/turtlebot4-ws/install/minibot_description:/home/dong/turtlebot4_ws/install/turtlebot4_setup:/home/dong/turtlebot4_ws/install/minibot_navigation2:/home/dong/turtlebot4_ws/install/minibot_controllers:/home/dong/turtlebot4_ws/install/minibot_interfaces:/home/dong/turtlebot4_ws/install/minibot_hardware_interface:/home/dong/turtlebot4_ws/install/minibot_bringup:/home/dong/turtlebot4_ws/install/minibot_gazebo:/home/dong/turtlebot4_ws/install/minibot_description:/home/dong/turtlebot4-ws/install/turtlebot4_cmd_py:/home/dong/turtlebot4-ws/install/teleop_twist_keyboard:/home/dong/turtlebot4_ws/install/turtlebot4_cmd_py:/home/dong/turtlebot4_ws/install/teleop_twist_keyboard:/opt/ros/humble LD_LIBRARY_PATH=/home/dong/turtlebot4-ws/install/minibot_interfaces/lib:/home/dong/turtlebot4-ws/install/minibot_controllers/lib:/home/dong/turtlebot4-ws/install/minibot_hardware_interface/lib:/home/dong/turtlebot4_ws/install/minibot_controllers/lib:/home/dong/turtlebot4_ws/install/minibot_interfaces/lib:/home/dong/turtlebot4_ws/install/minibot_hardware_interface/lib:/usr/lib/x86_64-linux-gnu/gazebo-11/plugins:/opt/ros/humble/opt/rviz_ogre_vendor/lib:/opt/ros/humble/lib/x86_64-linux-gnu:/opt/ros/humble/lib PYTHONPATH=/home/dong/turtlebot4-ws/install/minibot_interfaces/local/lib/python3.10/dist-packages:${PYTHONPATH} /usr/bin/cmake /home/dong/turtlebot4-ws/src/pinklab_minibot_robot/minibot_controllers -DAMENT_CMAKE_SYMLINK_INSTALL=1 -DCMAKE_INSTALL_PREFIX=/home/dong/turtlebot4-ws/install/minibot_controllers
[0.101s] -- The C compiler identification is GNU 11.4.0
[0.142s] -- The CXX compiler identification is GNU 11.4.0
[0.147s] -- Detecting C compiler ABI info
[0.199s] -- Detecting C compiler ABI info - done
[0.208s] -- Check for working C compiler: /usr/bin/cc - skipped
[0.209s] -- Detecting C compile features
[0.209s] -- Detecting C compile features - done
[0.212s] -- Detecting CXX compiler ABI info
[0.274s] -- Detecting CXX compiler ABI info - done
[0.279s] -- Check for working CXX compiler: /usr/bin/c++ - skipped
[0.279s] -- Detecting CXX compile features
[0.279s] -- Detecting CXX compile features - done
[0.282s] -- Found ament_cmake: 1.3.7 (/opt/ros/humble/share/ament_cmake/cmake)
[0.577s] -- Found Python3: /usr/bin/python3.10 (found version "3.10.12") found components: Interpreter 
[0.629s] -- Override CMake install command with custom implementation using symlinks instead of copying resources
[0.657s] -- Found minibot_interfaces: 0.0.0 (/home/dong/turtlebot4-ws/install/minibot_interfaces/share/minibot_interfaces/cmake)
[0.710s] -- Found rosidl_generator_c: 3.1.5 (/opt/ros/humble/share/rosidl_generator_c/cmake)
[0.715s] -- Found rosidl_adapter: 3.1.5 (/opt/ros/humble/share/rosidl_adapter/cmake)
[0.722s] -- Found rosidl_generator_cpp: 3.1.5 (/opt/ros/humble/share/rosidl_generator_cpp/cmake)
[0.733s] -- Using all available rosidl_typesupport_c: rosidl_typesupport_fastrtps_c;rosidl_typesupport_introspection_c
[0.749s] -- Using all available rosidl_typesupport_cpp: rosidl_typesupport_fastrtps_cpp;rosidl_typesupport_introspection_cpp
[0.834s] -- Found controller_interface: 2.37.0 (/opt/ros/humble/share/controller_interface/cmake)
[1.296s] -- Found rmw_implementation_cmake: 6.1.1 (/opt/ros/humble/share/rmw_implementation_cmake/cmake)
[1.299s] -- Found rmw_fastrtps_cpp: 6.2.6 (/opt/ros/humble/share/rmw_fastrtps_cpp/cmake)
[1.331s] -- Found TinyXML2 via Config file: TinyXML2_DIR-NOTFOUND
[1.375s] -- Found OpenSSL: /usr/lib/x86_64-linux-gnu/libcrypto.so (found version "3.0.2")  
[1.377s] -- Found TinyXML2 via Config file: TinyXML2_DIR-NOTFOUND
[1.392s] -- Found FastRTPS: /opt/ros/humble/include  
[1.398s] -- Found TinyXML2 via Config file: TinyXML2_DIR-NOTFOUND
[1.405s] -- Found TinyXML2 via Config file: TinyXML2_DIR-NOTFOUND
[1.414s] -- Using RMW implementation 'rmw_fastrtps_cpp' as default
[1.422s] -- Looking for pthread.h
[1.475s] -- Looking for pthread.h - found
[1.475s] -- Performing Test CMAKE_HAVE_LIBC_PTHREAD
[1.528s] -- Performing Test CMAKE_HAVE_LIBC_PTHREAD - Success
[1.529s] -- Found Threads: TRUE  
[1.719s] -- Found realtime_tools: 2.5.0 (/opt/ros/humble/share/realtime_tools/cmake)
[1.751s] -- Found std_srvs: 4.2.3 (/opt/ros/humble/share/std_srvs/cmake)
[1.832s] -- Found ament_lint_auto: 0.12.10 (/opt/ros/humble/share/ament_lint_auto/cmake)
[1.913s] -- Added test 'cppcheck' to perform static code analysis on C / C++ code
[1.913s] -- Configured cppcheck include dirs: /home/dong/turtlebot4-ws/src/pinklab_minibot_robot/minibot_controllers/include
[1.913s] -- Configured cppcheck exclude dirs and/or files: 
[1.913s] -- Added test 'lint_cmake' to check CMake code style
[1.914s] -- Added test 'uncrustify' to check C / C++ code style
[1.914s] -- Configured uncrustify additional arguments: 
[1.914s] -- Added test 'xmllint' to check XML markup files
[1.916s] -- Configuring done
[1.932s] -- Generating done
[1.933s] -- Build files have been written to: /home/dong/turtlebot4-ws/build/minibot_controllers
[1.943s] Invoked command in '/home/dong/turtlebot4-ws/build/minibot_controllers' returned '0': AMENT_PREFIX_PATH=/home/dong/turtlebot4-ws/install/minibot_interfaces:${AMENT_PREFIX_PATH} CMAKE_PREFIX_PATH=/home/dong/turtlebot4-ws/install/minibot_interfaces:/home/dong/turtlebot4-ws/install/turtlebot4_setup:/home/dong/turtlebot4-ws/install/minibot_navigation2:/home/dong/turtlebot4-ws/install/minibot_controllers:/home/dong/turtlebot4-ws/install/minibot_hardware_interface:/home/dong/turtlebot4-ws/install/minibot_bringup:/home/dong/turtlebot4-ws/install/minibot_gazebo:/home/dong/turtlebot4-ws/install/minibot_description:/home/dong/turtlebot4_ws/install/turtlebot4_setup:/home/dong/turtlebot4_ws/install/minibot_navigation2:/home/dong/turtlebot4_ws/install/minibot_controllers:/home/dong/turtlebot4_ws/install/minibot_interfaces:/home/dong/turtlebot4_ws/install/minibot_hardware_interface:/home/dong/turtlebot4_ws/install/minibot_bringup:/home/dong/turtlebot4_ws/install/minibot_gazebo:/home/dong/turtlebot4_ws/install/minibot_description:/home/dong/turtlebot4-ws/install/turtlebot4_cmd_py:/home/dong/turtlebot4-ws/install/teleop_twist_keyboard:/home/dong/turtlebot4_ws/install/turtlebot4_cmd_py:/home/dong/turtlebot4_ws/install/teleop_twist_keyboard:/opt/ros/humble LD_LIBRARY_PATH=/home/dong/turtlebot4-ws/install/minibot_interfaces/lib:/home/dong/turtlebot4-ws/install/minibot_controllers/lib:/home/dong/turtlebot4-ws/install/minibot_hardware_interface/lib:/home/dong/turtlebot4_ws/install/minibot_controllers/lib:/home/dong/turtlebot4_ws/install/minibot_interfaces/lib:/home/dong/turtlebot4_ws/install/minibot_hardware_interface/lib:/usr/lib/x86_64-linux-gnu/gazebo-11/plugins:/opt/ros/humble/opt/rviz_ogre_vendor/lib:/opt/ros/humble/lib/x86_64-linux-gnu:/opt/ros/humble/lib PYTHONPATH=/home/dong/turtlebot4-ws/install/minibot_interfaces/local/lib/python3.10/dist-packages:${PYTHONPATH} /usr/bin/cmake /home/dong/turtlebot4-ws/src/pinklab_minibot_robot/minibot_controllers -DAMENT_CMAKE_SYMLINK_INSTALL=1 -DCMAKE_INSTALL_PREFIX=/home/dong/turtlebot4-ws/install/minibot_controllers
[1.944s] Invoking command in '/home/dong/turtlebot4-ws/build/minibot_controllers': AMENT_PREFIX_PATH=/home/dong/turtlebot4-ws/install/minibot_interfaces:${AMENT_PREFIX_PATH} CMAKE_PREFIX_PATH=/home/dong/turtlebot4-ws/install/minibot_interfaces:/home/dong/turtlebot4-ws/install/turtlebot4_setup:/home/dong/turtlebot4-ws/install/minibot_navigation2:/home/dong/turtlebot4-ws/install/minibot_controllers:/home/dong/turtlebot4-ws/install/minibot_hardware_interface:/home/dong/turtlebot4-ws/install/minibot_bringup:/home/dong/turtlebot4-ws/install/minibot_gazebo:/home/dong/turtlebot4-ws/install/minibot_description:/home/dong/turtlebot4_ws/install/turtlebot4_setup:/home/dong/turtlebot4_ws/install/minibot_navigation2:/home/dong/turtlebot4_ws/install/minibot_controllers:/home/dong/turtlebot4_ws/install/minibot_interfaces:/home/dong/turtlebot4_ws/install/minibot_hardware_interface:/home/dong/turtlebot4_ws/install/minibot_bringup:/home/dong/turtlebot4_ws/install/minibot_gazebo:/home/dong/turtlebot4_ws/install/minibot_description:/home/dong/turtlebot4-ws/install/turtlebot4_cmd_py:/home/dong/turtlebot4-ws/install/teleop_twist_keyboard:/home/dong/turtlebot4_ws/install/turtlebot4_cmd_py:/home/dong/turtlebot4_ws/install/teleop_twist_keyboard:/opt/ros/humble LD_LIBRARY_PATH=/home/dong/turtlebot4-ws/install/minibot_interfaces/lib:/home/dong/turtlebot4-ws/install/minibot_controllers/lib:/home/dong/turtlebot4-ws/install/minibot_hardware_interface/lib:/home/dong/turtlebot4_ws/install/minibot_controllers/lib:/home/dong/turtlebot4_ws/install/minibot_interfaces/lib:/home/dong/turtlebot4_ws/install/minibot_hardware_interface/lib:/usr/lib/x86_64-linux-gnu/gazebo-11/plugins:/opt/ros/humble/opt/rviz_ogre_vendor/lib:/opt/ros/humble/lib/x86_64-linux-gnu:/opt/ros/humble/lib PYTHONPATH=/home/dong/turtlebot4-ws/install/minibot_interfaces/local/lib/python3.10/dist-packages:${PYTHONPATH} /usr/bin/cmake --build /home/dong/turtlebot4-ws/build/minibot_controllers -- -j8 -l8
[1.983s] [ 50%] [32mBuilding CXX object CMakeFiles/minibot_controllers.dir/src/gpio_controller.cpp.o[0m
[10.643s] [100%] [32m[1mLinking CXX shared library libminibot_controllers.so[0m
[11.300s] [100%] Built target minibot_controllers
[11.309s] Invoked command in '/home/dong/turtlebot4-ws/build/minibot_controllers' returned '0': AMENT_PREFIX_PATH=/home/dong/turtlebot4-ws/install/minibot_interfaces:${AMENT_PREFIX_PATH} CMAKE_PREFIX_PATH=/home/dong/turtlebot4-ws/install/minibot_interfaces:/home/dong/turtlebot4-ws/install/turtlebot4_setup:/home/dong/turtlebot4-ws/install/minibot_navigation2:/home/dong/turtlebot4-ws/install/minibot_controllers:/home/dong/turtlebot4-ws/install/minibot_hardware_interface:/home/dong/turtlebot4-ws/install/minibot_bringup:/home/dong/turtlebot4-ws/install/minibot_gazebo:/home/dong/turtlebot4-ws/install/minibot_description:/home/dong/turtlebot4_ws/install/turtlebot4_setup:/home/dong/turtlebot4_ws/install/minibot_navigation2:/home/dong/turtlebot4_ws/install/minibot_controllers:/home/dong/turtlebot4_ws/install/minibot_interfaces:/home/dong/turtlebot4_ws/install/minibot_hardware_interface:/home/dong/turtlebot4_ws/install/minibot_bringup:/home/dong/turtlebot4_ws/install/minibot_gazebo:/home/dong/turtlebot4_ws/install/minibot_description:/home/dong/turtlebot4-ws/install/turtlebot4_cmd_py:/home/dong/turtlebot4-ws/install/teleop_twist_keyboard:/home/dong/turtlebot4_ws/install/turtlebot4_cmd_py:/home/dong/turtlebot4_ws/install/teleop_twist_keyboard:/opt/ros/humble LD_LIBRARY_PATH=/home/dong/turtlebot4-ws/install/minibot_interfaces/lib:/home/dong/turtlebot4-ws/install/minibot_controllers/lib:/home/dong/turtlebot4-ws/install/minibot_hardware_interface/lib:/home/dong/turtlebot4_ws/install/minibot_controllers/lib:/home/dong/turtlebot4_ws/install/minibot_interfaces/lib:/home/dong/turtlebot4_ws/install/minibot_hardware_interface/lib:/usr/lib/x86_64-linux-gnu/gazebo-11/plugins:/opt/ros/humble/opt/rviz_ogre_vendor/lib:/opt/ros/humble/lib/x86_64-linux-gnu:/opt/ros/humble/lib PYTHONPATH=/home/dong/turtlebot4-ws/install/minibot_interfaces/local/lib/python3.10/dist-packages:${PYTHONPATH} /usr/bin/cmake --build /home/dong/turtlebot4-ws/build/minibot_controllers -- -j8 -l8
[11.330s] Invoking command in '/home/dong/turtlebot4-ws/build/minibot_controllers': AMENT_PREFIX_PATH=/home/dong/turtlebot4-ws/install/minibot_interfaces:${AMENT_PREFIX_PATH} CMAKE_PREFIX_PATH=/home/dong/turtlebot4-ws/install/minibot_interfaces:/home/dong/turtlebot4-ws/install/turtlebot4_setup:/home/dong/turtlebot4-ws/install/minibot_navigation2:/home/dong/turtlebot4-ws/install/minibot_controllers:/home/dong/turtlebot4-ws/install/minibot_hardware_interface:/home/dong/turtlebot4-ws/install/minibot_bringup:/home/dong/turtlebot4-ws/install/minibot_gazebo:/home/dong/turtlebot4-ws/install/minibot_description:/home/dong/turtlebot4_ws/install/turtlebot4_setup:/home/dong/turtlebot4_ws/install/minibot_navigation2:/home/dong/turtlebot4_ws/install/minibot_controllers:/home/dong/turtlebot4_ws/install/minibot_interfaces:/home/dong/turtlebot4_ws/install/minibot_hardware_interface:/home/dong/turtlebot4_ws/install/minibot_bringup:/home/dong/turtlebot4_ws/install/minibot_gazebo:/home/dong/turtlebot4_ws/install/minibot_description:/home/dong/turtlebot4-ws/install/turtlebot4_cmd_py:/home/dong/turtlebot4-ws/install/teleop_twist_keyboard:/home/dong/turtlebot4_ws/install/turtlebot4_cmd_py:/home/dong/turtlebot4_ws/install/teleop_twist_keyboard:/opt/ros/humble LD_LIBRARY_PATH=/home/dong/turtlebot4-ws/install/minibot_interfaces/lib:/home/dong/turtlebot4-ws/install/minibot_controllers/lib:/home/dong/turtlebot4-ws/install/minibot_hardware_interface/lib:/home/dong/turtlebot4_ws/install/minibot_controllers/lib:/home/dong/turtlebot4_ws/install/minibot_interfaces/lib:/home/dong/turtlebot4_ws/install/minibot_hardware_interface/lib:/usr/lib/x86_64-linux-gnu/gazebo-11/plugins:/opt/ros/humble/opt/rviz_ogre_vendor/lib:/opt/ros/humble/lib/x86_64-linux-gnu:/opt/ros/humble/lib PYTHONPATH=/home/dong/turtlebot4-ws/install/minibot_interfaces/local/lib/python3.10/dist-packages:${PYTHONPATH} /usr/bin/cmake --install /home/dong/turtlebot4-ws/build/minibot_controllers
[11.336s] -- Install configuration: ""
[11.336s] -- Execute custom install script
[11.336s] -- Symlinking: /home/dong/turtlebot4-ws/install/minibot_controllers/share/minibot_controllers//controller_plugins.xml
[11.343s] -- Symlinking: /home/dong/turtlebot4-ws/install/minibot_controllers/lib/libminibot_controllers.so
[11.350s] -- Symlinking: /home/dong/turtlebot4-ws/install/minibot_controllers/include/minibot_gpio_controller/gpio_controller.hpp
[11.357s] -- Up-to-date symlink: /home/dong/turtlebot4-ws/install/minibot_controllers/share/minibot_controllers/controller_plugins.xml
[11.357s] -- Symlinking: /home/dong/turtlebot4-ws/install/minibot_controllers/share/minibot_controllers/environment/library_path.sh
[11.363s] -- Symlinking: /home/dong/turtlebot4-ws/install/minibot_controllers/share/minibot_controllers/environment/library_path.dsv
[11.369s] -- Symlinking: /home/dong/turtlebot4-ws/install/minibot_controllers/share/ament_index/resource_index/package_run_dependencies/minibot_controllers
[11.377s] -- Symlinking: /home/dong/turtlebot4-ws/install/minibot_controllers/share/ament_index/resource_index/parent_prefix_path/minibot_controllers
[11.383s] -- Symlinking: /home/dong/turtlebot4-ws/install/minibot_controllers/share/minibot_controllers/environment/ament_prefix_path.sh
[11.390s] -- Symlinking: /home/dong/turtlebot4-ws/install/minibot_controllers/share/minibot_controllers/environment/ament_prefix_path.dsv
[11.397s] -- Symlinking: /home/dong/turtlebot4-ws/install/minibot_controllers/share/minibot_controllers/environment/path.sh
[11.403s] -- Symlinking: /home/dong/turtlebot4-ws/install/minibot_controllers/share/minibot_controllers/environment/path.dsv
[11.410s] -- Symlinking: /home/dong/turtlebot4-ws/install/minibot_controllers/share/minibot_controllers/local_setup.bash
[11.416s] -- Symlinking: /home/dong/turtlebot4-ws/install/minibot_controllers/share/minibot_controllers/local_setup.sh
[11.423s] -- Symlinking: /home/dong/turtlebot4-ws/install/minibot_controllers/share/minibot_controllers/local_setup.zsh
[11.429s] -- Symlinking: /home/dong/turtlebot4-ws/install/minibot_controllers/share/minibot_controllers/local_setup.dsv
[11.435s] -- Symlinking: /home/dong/turtlebot4-ws/install/minibot_controllers/share/minibot_controllers/package.dsv
[11.442s] -- Symlinking: /home/dong/turtlebot4-ws/install/minibot_controllers/share/ament_index/resource_index/packages/minibot_controllers
[11.448s] -- Symlinking: /home/dong/turtlebot4-ws/install/minibot_controllers/share/ament_index/resource_index/controller_interface__pluginlib__plugin/minibot_controllers
[11.455s] -- Symlinking: /home/dong/turtlebot4-ws/install/minibot_controllers/share/minibot_controllers/cmake/ament_cmake_export_dependencies-extras.cmake
[11.462s] -- Symlinking: /home/dong/turtlebot4-ws/install/minibot_controllers/share/minibot_controllers/cmake/ament_cmake_export_include_directories-extras.cmake
[11.468s] -- Symlinking: /home/dong/turtlebot4-ws/install/minibot_controllers/share/minibot_controllers/cmake/ament_cmake_export_libraries-extras.cmake
[11.475s] -- Symlinking: /home/dong/turtlebot4-ws/install/minibot_controllers/share/minibot_controllers/cmake/minibot_controllersConfig.cmake
[11.481s] -- Symlinking: /home/dong/turtlebot4-ws/install/minibot_controllers/share/minibot_controllers/cmake/minibot_controllersConfig-version.cmake
[11.488s] -- Symlinking: /home/dong/turtlebot4-ws/install/minibot_controllers/share/minibot_controllers/package.xml
[11.497s] Invoked command in '/home/dong/turtlebot4-ws/build/minibot_controllers' returned '0': AMENT_PREFIX_PATH=/home/dong/turtlebot4-ws/install/minibot_interfaces:${AMENT_PREFIX_PATH} CMAKE_PREFIX_PATH=/home/dong/turtlebot4-ws/install/minibot_interfaces:/home/dong/turtlebot4-ws/install/turtlebot4_setup:/home/dong/turtlebot4-ws/install/minibot_navigation2:/home/dong/turtlebot4-ws/install/minibot_controllers:/home/dong/turtlebot4-ws/install/minibot_hardware_interface:/home/dong/turtlebot4-ws/install/minibot_bringup:/home/dong/turtlebot4-ws/install/minibot_gazebo:/home/dong/turtlebot4-ws/install/minibot_description:/home/dong/turtlebot4_ws/install/turtlebot4_setup:/home/dong/turtlebot4_ws/install/minibot_navigation2:/home/dong/turtlebot4_ws/install/minibot_controllers:/home/dong/turtlebot4_ws/install/minibot_interfaces:/home/dong/turtlebot4_ws/install/minibot_hardware_interface:/home/dong/turtlebot4_ws/install/minibot_bringup:/home/dong/turtlebot4_ws/install/minibot_gazebo:/home/dong/turtlebot4_ws/install/minibot_description:/home/dong/turtlebot4-ws/install/turtlebot4_cmd_py:/home/dong/turtlebot4-ws/install/teleop_twist_keyboard:/home/dong/turtlebot4_ws/install/turtlebot4_cmd_py:/home/dong/turtlebot4_ws/install/teleop_twist_keyboard:/opt/ros/humble LD_LIBRARY_PATH=/home/dong/turtlebot4-ws/install/minibot_interfaces/lib:/home/dong/turtlebot4-ws/install/minibot_controllers/lib:/home/dong/turtlebot4-ws/install/minibot_hardware_interface/lib:/home/dong/turtlebot4_ws/install/minibot_controllers/lib:/home/dong/turtlebot4_ws/install/minibot_interfaces/lib:/home/dong/turtlebot4_ws/install/minibot_hardware_interface/lib:/usr/lib/x86_64-linux-gnu/gazebo-11/plugins:/opt/ros/humble/opt/rviz_ogre_vendor/lib:/opt/ros/humble/lib/x86_64-linux-gnu:/opt/ros/humble/lib PYTHONPATH=/home/dong/turtlebot4-ws/install/minibot_interfaces/local/lib/python3.10/dist-packages:${PYTHONPATH} /usr/bin/cmake --install /home/dong/turtlebot4-ws/build/minibot_controllers
