[1.218s] Invoking command in '/home/dong/turtlebot4_ws/build/teleop_twist_keyboard': PYTHONPATH=/home/dong/turtlebot4_ws/build/teleop_twist_keyboard/prefix_override:/home/dong/turtlebot4_ws/install/teleop_twist_keyboard/lib/python3.10/site-packages:${PYTHONPATH} /usr/bin/python3 setup.py develop --editable --build-directory /home/dong/turtlebot4_ws/build/teleop_twist_keyboard/build --no-deps
[1.495s] running develop
[1.496s] /home/dong/.local/lib/python3.10/site-packages/setuptools/command/develop.py:39: EasyInstallDeprecationWarning: easy_install command is deprecated.
[1.496s] !!
[1.496s] 
[1.497s]         ********************************************************************************
[1.497s]         Please avoid running ``setup.py`` and ``easy_install``.
[1.498s]         Instead, use pypa/build, pypa/installer or other
[1.498s]         standards-based tools.
[1.499s] 
[1.499s]         See https://github.com/pypa/setuptools/issues/917 for details.
[1.500s]         ********************************************************************************
[1.500s] 
[1.500s] !!
[1.501s]   easy_install.initialize_options(self)
[1.524s] /home/dong/.local/lib/python3.10/site-packages/setuptools/_distutils/cmd.py:66: SetuptoolsDeprecationWarning: setup.py install is deprecated.
[1.524s] !!
[1.524s] 
[1.524s]         ********************************************************************************
[1.524s]         Please avoid running ``setup.py`` directly.
[1.524s]         Instead, use pypa/build, pypa/installer or other
[1.524s]         standards-based tools.
[1.524s] 
[1.524s]         See https://blog.ganssle.io/articles/2021/10/setup-py-deprecated.html for details.
[1.524s]         ********************************************************************************
[1.524s] 
[1.525s] !!
[1.525s]   self.initialize_options()
[1.688s] running egg_info
[1.700s] writing teleop_twist_keyboard.egg-info/PKG-INFO
[1.700s] writing dependency_links to teleop_twist_keyboard.egg-info/dependency_links.txt
[1.700s] writing entry points to teleop_twist_keyboard.egg-info/entry_points.txt
[1.701s] writing requirements to teleop_twist_keyboard.egg-info/requires.txt
[1.701s] writing top-level names to teleop_twist_keyboard.egg-info/top_level.txt
[1.726s] reading manifest file 'teleop_twist_keyboard.egg-info/SOURCES.txt'
[1.727s] writing manifest file 'teleop_twist_keyboard.egg-info/SOURCES.txt'
[1.742s] running build_ext
[1.742s] Creating /home/dong/turtlebot4_ws/install/teleop_twist_keyboard/lib/python3.10/site-packages/teleop_twist_keyboard.egg-link (link to .)
[1.742s] Installing teleop_twist_keyboard script to /home/dong/turtlebot4_ws/install/teleop_twist_keyboard/bin
[1.743s] 
[1.743s] Installed /home/dong/turtlebot4_ws/build/teleop_twist_keyboard
[1.805s] Invoked command in '/home/dong/turtlebot4_ws/build/teleop_twist_keyboard' returned '0': PYTHONPATH=/home/dong/turtlebot4_ws/build/teleop_twist_keyboard/prefix_override:/home/dong/turtlebot4_ws/install/teleop_twist_keyboard/lib/python3.10/site-packages:${PYTHONPATH} /usr/bin/python3 setup.py develop --editable --build-directory /home/dong/turtlebot4_ws/build/teleop_twist_keyboard/build --no-deps
