[0.419s] Invoking command in '/home/dong/turtlebot4_ws/build/turtlebot4_setup': CMAKE_PREFIX_PATH=${CMAKE_PREFIX_PATH}:/home/dong/turtlebot4_ws/install/turtlebot4_cmd_py:/home/dong/turtlebot4_ws/install/teleop_twist_keyboard:/opt/ros/humble /usr/bin/cmake --build /home/dong/turtlebot4_ws/build/turtlebot4_setup -- -j8 -l8
[0.457s] Built target ament_cmake_python_symlink_turtlebot4_setup
[0.619s] running egg_info
[0.633s] writing turtlebot4_setup.egg-info/PKG-INFO
[0.634s] writing dependency_links to turtlebot4_setup.egg-info/dependency_links.txt
[0.634s] writing top-level names to turtlebot4_setup.egg-info/top_level.txt
[0.674s] reading manifest file 'turtlebot4_setup.egg-info/SOURCES.txt'
[0.675s] writing manifest file 'turtlebot4_setup.egg-info/SOURCES.txt'
[0.695s] Built target ament_cmake_python_build_turtlebot4_setup_egg
[0.704s] Invoked command in '/home/dong/turtlebot4_ws/build/turtlebot4_setup' returned '0': CMAKE_PREFIX_PATH=${CMAKE_PREFIX_PATH}:/home/dong/turtlebot4_ws/install/turtlebot4_cmd_py:/home/dong/turtlebot4_ws/install/teleop_twist_keyboard:/opt/ros/humble /usr/bin/cmake --build /home/dong/turtlebot4_ws/build/turtlebot4_setup -- -j8 -l8
[0.728s] Invoking command in '/home/dong/turtlebot4_ws/build/turtlebot4_setup': CMAKE_PREFIX_PATH=${CMAKE_PREFIX_PATH}:/home/dong/turtlebot4_ws/install/turtlebot4_cmd_py:/home/dong/turtlebot4_ws/install/teleop_twist_keyboard:/opt/ros/humble /usr/bin/cmake --install /home/dong/turtlebot4_ws/build/turtlebot4_setup
[0.733s] -- Install configuration: ""
[0.733s] -- Execute custom install script
[0.733s] -- Up-to-date symlink: /home/dong/turtlebot4_ws/install/turtlebot4_setup/share/turtlebot4_setup/environment/pythonpath.sh
[0.733s] -- Up-to-date symlink: /home/dong/turtlebot4_ws/install/turtlebot4_setup/share/turtlebot4_setup/environment/pythonpath.dsv
[0.734s] -- Up-to-date symlink: /home/dong/turtlebot4_ws/install/turtlebot4_setup/local/lib/python3.10/dist-packages/turtlebot4_setup-1.0.3-py3.10.egg-info/PKG-INFO
[0.734s] -- Up-to-date symlink: /home/dong/turtlebot4_ws/install/turtlebot4_setup/local/lib/python3.10/dist-packages/turtlebot4_setup-1.0.3-py3.10.egg-info/SOURCES.txt
[0.734s] -- Up-to-date symlink: /home/dong/turtlebot4_ws/install/turtlebot4_setup/local/lib/python3.10/dist-packages/turtlebot4_setup-1.0.3-py3.10.egg-info/dependency_links.txt
[0.734s] -- Up-to-date symlink: /home/dong/turtlebot4_ws/install/turtlebot4_setup/local/lib/python3.10/dist-packages/turtlebot4_setup-1.0.3-py3.10.egg-info/top_level.txt
[0.734s] -- Up-to-date symlink: /home/dong/turtlebot4_ws/install/turtlebot4_setup/local/lib/python3.10/dist-packages/turtlebot4_setup/__init__.py
[0.734s] -- Up-to-date symlink: /home/dong/turtlebot4_ws/install/turtlebot4_setup/local/lib/python3.10/dist-packages/turtlebot4_setup/conf.py
[0.734s] -- Up-to-date symlink: /home/dong/turtlebot4_ws/install/turtlebot4_setup/local/lib/python3.10/dist-packages/turtlebot4_setup/menu.py
[0.734s] -- Up-to-date symlink: /home/dong/turtlebot4_ws/install/turtlebot4_setup/local/lib/python3.10/dist-packages/turtlebot4_setup/ros_setup.py
[0.734s] -- Up-to-date symlink: /home/dong/turtlebot4_ws/install/turtlebot4_setup/local/lib/python3.10/dist-packages/turtlebot4_setup/turtlebot4_setup
[0.735s] -- Up-to-date symlink: /home/dong/turtlebot4_ws/install/turtlebot4_setup/local/lib/python3.10/dist-packages/turtlebot4_setup/wifi.py
[0.735s] -- Up-to-date symlink: /home/dong/turtlebot4_ws/install/turtlebot4_setup/lib/turtlebot4_setup/turtlebot4_setup
[0.735s] -- Up-to-date symlink: /home/dong/turtlebot4_ws/install/turtlebot4_setup/share/ament_index/resource_index/package_run_dependencies/turtlebot4_setup
[0.735s] -- Up-to-date symlink: /home/dong/turtlebot4_ws/install/turtlebot4_setup/share/ament_index/resource_index/parent_prefix_path/turtlebot4_setup
[0.735s] -- Up-to-date symlink: /home/dong/turtlebot4_ws/install/turtlebot4_setup/share/turtlebot4_setup/environment/ament_prefix_path.sh
[0.735s] -- Up-to-date symlink: /home/dong/turtlebot4_ws/install/turtlebot4_setup/share/turtlebot4_setup/environment/ament_prefix_path.dsv
[0.735s] -- Up-to-date symlink: /home/dong/turtlebot4_ws/install/turtlebot4_setup/share/turtlebot4_setup/environment/path.sh
[0.735s] -- Up-to-date symlink: /home/dong/turtlebot4_ws/install/turtlebot4_setup/share/turtlebot4_setup/environment/path.dsv
[0.735s] -- Up-to-date symlink: /home/dong/turtlebot4_ws/install/turtlebot4_setup/share/turtlebot4_setup/local_setup.bash
[0.735s] -- Up-to-date symlink: /home/dong/turtlebot4_ws/install/turtlebot4_setup/share/turtlebot4_setup/local_setup.sh
[0.736s] -- Up-to-date symlink: /home/dong/turtlebot4_ws/install/turtlebot4_setup/share/turtlebot4_setup/local_setup.zsh
[0.736s] -- Up-to-date symlink: /home/dong/turtlebot4_ws/install/turtlebot4_setup/share/turtlebot4_setup/local_setup.dsv
[0.736s] -- Symlinking: /home/dong/turtlebot4_ws/install/turtlebot4_setup/share/turtlebot4_setup/package.dsv
[0.743s] -- Up-to-date symlink: /home/dong/turtlebot4_ws/install/turtlebot4_setup/share/ament_index/resource_index/packages/turtlebot4_setup
[0.743s] -- Up-to-date symlink: /home/dong/turtlebot4_ws/install/turtlebot4_setup/share/turtlebot4_setup/cmake/turtlebot4_setupConfig.cmake
[0.743s] -- Up-to-date symlink: /home/dong/turtlebot4_ws/install/turtlebot4_setup/share/turtlebot4_setup/cmake/turtlebot4_setupConfig-version.cmake
[0.743s] -- Up-to-date symlink: /home/dong/turtlebot4_ws/install/turtlebot4_setup/share/turtlebot4_setup/package.xml
[0.769s] Listing '/home/dong/turtlebot4_ws/install/turtlebot4_setup/local/lib/python3.10/dist-packages/turtlebot4_setup'...
[0.773s] Invoked command in '/home/dong/turtlebot4_ws/build/turtlebot4_setup' returned '0': CMAKE_PREFIX_PATH=${CMAKE_PREFIX_PATH}:/home/dong/turtlebot4_ws/install/turtlebot4_cmd_py:/home/dong/turtlebot4_ws/install/teleop_twist_keyboard:/opt/ros/humble /usr/bin/cmake --install /home/dong/turtlebot4_ws/build/turtlebot4_setup
