[1.162s] Invoking command in '/home/dong/turtlebot4_ws/build/turtlebot4_cmd_py': PYTHONPATH=/home/dong/turtlebot4_ws/build/turtlebot4_cmd_py/prefix_override:/home/dong/turtlebot4_ws/install/turtlebot4_cmd_py/lib/python3.10/site-packages:${PYTHONPATH} /usr/bin/python3 setup.py develop --editable --build-directory /home/dong/turtlebot4_ws/build/turtlebot4_cmd_py/build --no-deps install_data
[1.446s] running develop
[1.447s] /home/dong/.local/lib/python3.10/site-packages/setuptools/command/develop.py:39: EasyInstallDeprecationWarning: easy_install command is deprecated.
[1.447s] !!
[1.448s] 
[1.448s]         ********************************************************************************
[1.449s]         Please avoid running ``setup.py`` and ``easy_install``.
[1.449s]         Instead, use pypa/build, pypa/installer or other
[1.449s]         standards-based tools.
[1.449s] 
[1.449s]         See https://github.com/pypa/setuptools/issues/917 for details.
[1.449s]         ********************************************************************************
[1.450s] 
[1.450s] !!
[1.451s]   easy_install.initialize_options(self)
[1.474s] /home/dong/.local/lib/python3.10/site-packages/setuptools/_distutils/cmd.py:66: SetuptoolsDeprecationWarning: setup.py install is deprecated.
[1.474s] !!
[1.475s] 
[1.475s]         ********************************************************************************
[1.475s]         Please avoid running ``setup.py`` directly.
[1.476s]         Instead, use pypa/build, pypa/installer or other
[1.476s]         standards-based tools.
[1.476s] 
[1.476s]         See https://blog.ganssle.io/articles/2021/10/setup-py-deprecated.html for details.
[1.477s]         ********************************************************************************
[1.477s] 
[1.477s] !!
[1.477s]   self.initialize_options()
[1.627s] running egg_info
[1.640s] writing turtlebot4_cmd_py.egg-info/PKG-INFO
[1.642s] writing dependency_links to turtlebot4_cmd_py.egg-info/dependency_links.txt
[1.642s] writing entry points to turtlebot4_cmd_py.egg-info/entry_points.txt
[1.642s] writing requirements to turtlebot4_cmd_py.egg-info/requires.txt
[1.642s] writing top-level names to turtlebot4_cmd_py.egg-info/top_level.txt
[1.668s] reading manifest file 'turtlebot4_cmd_py.egg-info/SOURCES.txt'
[1.668s] writing manifest file 'turtlebot4_cmd_py.egg-info/SOURCES.txt'
[1.684s] running build_ext
[1.684s] Creating /home/dong/turtlebot4_ws/install/turtlebot4_cmd_py/lib/python3.10/site-packages/turtlebot4_cmd_py.egg-link (link to .)
[1.684s] Installing Turtlebot4Ctl script to /home/dong/turtlebot4_ws/install/turtlebot4_cmd_py/lib/turtlebot4_cmd_py
[1.685s] Installing test script to /home/dong/turtlebot4_ws/install/turtlebot4_cmd_py/lib/turtlebot4_cmd_py
[1.685s] 
[1.685s] Installed /home/dong/turtlebot4_ws/build/turtlebot4_cmd_py
[1.685s] running install_data
[1.685s] copying resource/turtlebot4_cmd_py -> /home/dong/turtlebot4_ws/install/turtlebot4_cmd_py/share/ament_index/resource_index/packages
[1.685s] copying package.xml -> /home/dong/turtlebot4_ws/install/turtlebot4_cmd_py/share/turtlebot4_cmd_py
[1.685s] copying launch/turtlebot4_launch.launch.py -> /home/dong/turtlebot4_ws/install/turtlebot4_cmd_py/share/turtlebot4_cmd_py
[1.844s] Invoked command in '/home/dong/turtlebot4_ws/build/turtlebot4_cmd_py' returned '0': PYTHONPATH=/home/dong/turtlebot4_ws/build/turtlebot4_cmd_py/prefix_override:/home/dong/turtlebot4_ws/install/turtlebot4_cmd_py/lib/python3.10/site-packages:${PYTHONPATH} /usr/bin/python3 setup.py develop --editable --build-directory /home/dong/turtlebot4_ws/build/turtlebot4_cmd_py/build --no-deps install_data
