[0.066s] Invoking command in '/home/dong/turtlebot4-ws/build/minibot_bringup': CMAKE_PREFIX_PATH=/home/dong/turtlebot4-ws/install/minibot_gazebo:/home/dong/turtlebot4-ws/install/minibot_description:/home/dong/turtlebot4-ws/install/turtlebot4_setup:/home/dong/turtlebot4-ws/install/minibot_navigation2:/home/dong/turtlebot4-ws/install/minibot_controllers:/home/dong/turtlebot4-ws/install/minibot_interfaces:/home/dong/turtlebot4-ws/install/minibot_hardware_interface:/home/dong/turtlebot4-ws/install/minibot_bringup:/home/dong/turtlebot4-ws/install/turtlebot4_cmd_py:/home/dong/turtlebot4-ws/install/teleop_twist_keyboard:/opt/ros/humble /usr/bin/cmake --build /home/dong/turtlebot4-ws/build/minibot_bringup -- -j8 -l8
[0.139s] Invoked command in '/home/dong/turtlebot4-ws/build/minibot_bringup' returned '0': CMAKE_PREFIX_PATH=/home/dong/turtlebot4-ws/install/minibot_gazebo:/home/dong/turtlebot4-ws/install/minibot_description:/home/dong/turtlebot4-ws/install/turtlebot4_setup:/home/dong/turtlebot4-ws/install/minibot_navigation2:/home/dong/turtlebot4-ws/install/minibot_controllers:/home/dong/turtlebot4-ws/install/minibot_interfaces:/home/dong/turtlebot4-ws/install/minibot_hardware_interface:/home/dong/turtlebot4-ws/install/minibot_bringup:/home/dong/turtlebot4-ws/install/turtlebot4_cmd_py:/home/dong/turtlebot4-ws/install/teleop_twist_keyboard:/opt/ros/humble /usr/bin/cmake --build /home/dong/turtlebot4-ws/build/minibot_bringup -- -j8 -l8
[0.156s] Invoking command in '/home/dong/turtlebot4-ws/build/minibot_bringup': CMAKE_PREFIX_PATH=/home/dong/turtlebot4-ws/install/minibot_gazebo:/home/dong/turtlebot4-ws/install/minibot_description:/home/dong/turtlebot4-ws/install/turtlebot4_setup:/home/dong/turtlebot4-ws/install/minibot_navigation2:/home/dong/turtlebot4-ws/install/minibot_controllers:/home/dong/turtlebot4-ws/install/minibot_interfaces:/home/dong/turtlebot4-ws/install/minibot_hardware_interface:/home/dong/turtlebot4-ws/install/minibot_bringup:/home/dong/turtlebot4-ws/install/turtlebot4_cmd_py:/home/dong/turtlebot4-ws/install/teleop_twist_keyboard:/opt/ros/humble /usr/bin/cmake --install /home/dong/turtlebot4-ws/build/minibot_bringup
[0.163s] -- Install configuration: ""
[0.164s] -- Execute custom install script
[0.165s] -- Up-to-date symlink: /home/dong/turtlebot4-ws/install/minibot_bringup/share/minibot_bringup/config/minibot_controllers.yaml
[0.165s] -- Up-to-date symlink: /home/dong/turtlebot4-ws/install/minibot_bringup/share/minibot_bringup/config/minibot_controllers_gazebo.yaml
[0.165s] -- Up-to-date symlink: /home/dong/turtlebot4-ws/install/minibot_bringup/share/minibot_bringup/config/ydlidar.yaml
[0.166s] -- Up-to-date symlink: /home/dong/turtlebot4-ws/install/minibot_bringup/share/minibot_bringup/launch/bringup_robot.launch.py
[0.166s] -- Up-to-date symlink: /home/dong/turtlebot4-ws/install/minibot_bringup/share/minibot_bringup/launch/bringup_robot_gazebo.launch.py
[0.166s] -- Up-to-date symlink: /home/dong/turtlebot4-ws/install/minibot_bringup/share/minibot_bringup/rviz/.empty
[0.166s] -- Up-to-date symlink: /home/dong/turtlebot4-ws/install/minibot_bringup/share/minibot_bringup/rviz/robot.rviz
[0.167s] -- Up-to-date symlink: /home/dong/turtlebot4-ws/install/minibot_bringup/share/ament_index/resource_index/package_run_dependencies/minibot_bringup
[0.167s] -- Up-to-date symlink: /home/dong/turtlebot4-ws/install/minibot_bringup/share/ament_index/resource_index/parent_prefix_path/minibot_bringup
[0.168s] -- Up-to-date symlink: /home/dong/turtlebot4-ws/install/minibot_bringup/share/minibot_bringup/environment/ament_prefix_path.sh
[0.168s] -- Up-to-date symlink: /home/dong/turtlebot4-ws/install/minibot_bringup/share/minibot_bringup/environment/ament_prefix_path.dsv
[0.169s] -- Up-to-date symlink: /home/dong/turtlebot4-ws/install/minibot_bringup/share/minibot_bringup/environment/path.sh
[0.169s] -- Up-to-date symlink: /home/dong/turtlebot4-ws/install/minibot_bringup/share/minibot_bringup/environment/path.dsv
[0.170s] -- Up-to-date symlink: /home/dong/turtlebot4-ws/install/minibot_bringup/share/minibot_bringup/local_setup.bash
[0.170s] -- Up-to-date symlink: /home/dong/turtlebot4-ws/install/minibot_bringup/share/minibot_bringup/local_setup.sh
[0.170s] -- Up-to-date symlink: /home/dong/turtlebot4-ws/install/minibot_bringup/share/minibot_bringup/local_setup.zsh
[0.171s] -- Up-to-date symlink: /home/dong/turtlebot4-ws/install/minibot_bringup/share/minibot_bringup/local_setup.dsv
[0.171s] -- Symlinking: /home/dong/turtlebot4-ws/install/minibot_bringup/share/minibot_bringup/package.dsv
[0.172s] -- Up-to-date symlink: /home/dong/turtlebot4-ws/install/minibot_bringup/share/ament_index/resource_index/packages/minibot_bringup
[0.173s] -- Up-to-date symlink: /home/dong/turtlebot4-ws/install/minibot_bringup/share/minibot_bringup/cmake/minibot_bringupConfig.cmake
[0.173s] -- Up-to-date symlink: /home/dong/turtlebot4-ws/install/minibot_bringup/share/minibot_bringup/cmake/minibot_bringupConfig-version.cmake
[0.173s] -- Up-to-date symlink: /home/dong/turtlebot4-ws/install/minibot_bringup/share/minibot_bringup/package.xml
[0.234s] Invoked command in '/home/dong/turtlebot4-ws/build/minibot_bringup' returned '0': CMAKE_PREFIX_PATH=/home/dong/turtlebot4-ws/install/minibot_gazebo:/home/dong/turtlebot4-ws/install/minibot_description:/home/dong/turtlebot4-ws/install/turtlebot4_setup:/home/dong/turtlebot4-ws/install/minibot_navigation2:/home/dong/turtlebot4-ws/install/minibot_controllers:/home/dong/turtlebot4-ws/install/minibot_interfaces:/home/dong/turtlebot4-ws/install/minibot_hardware_interface:/home/dong/turtlebot4-ws/install/minibot_bringup:/home/dong/turtlebot4-ws/install/turtlebot4_cmd_py:/home/dong/turtlebot4-ws/install/teleop_twist_keyboard:/opt/ros/humble /usr/bin/cmake --install /home/dong/turtlebot4-ws/build/minibot_bringup
