[0.324s] Invoking command in '/home/dong/turtlebot4-ws/build/minibot_interfaces': CMAKE_PREFIX_PATH=${CMAKE_PREFIX_PATH}:/home/dong/turtlebot4-ws/install/turtlebot4_cmd_py:/home/dong/turtlebot4-ws/install/teleop_twist_keyboard:/opt/ros/humble /usr/bin/cmake --build /home/dong/turtlebot4-ws/build/minibot_interfaces -- -j8 -l8
[0.751s] [35m[1mConsolidate compiler generated dependencies of target minibot_interfaces__rosidl_generator_c[0m
[0.752s] [  2%] Built target minibot_interfaces__cpp
[0.752s] [ 12%] Built target minibot_interfaces__rosidl_generator_c
[0.752s] [ 12%] Built target ament_cmake_python_symlink_minibot_interfaces
[0.752s] [35m[1mConsolidate compiler generated dependencies of target minibot_interfaces__rosidl_typesupport_cpp[0m
[0.752s] [35m[1mConsolidate compiler generated dependencies of target minibot_interfaces__rosidl_typesupport_introspection_cpp[0m
[0.752s] [35m[1mConsolidate compiler generated dependencies of target minibot_interfaces__rosidl_typesupport_fastrtps_c[0m
[0.752s] [35m[1mConsolidate compiler generated dependencies of target minibot_interfaces__rosidl_typesupport_fastrtps_cpp[0m
[0.752s] [35m[1mConsolidate compiler generated dependencies of target minibot_interfaces__rosidl_typesupport_c[0m
[0.752s] [35m[1mConsolidate compiler generated dependencies of target minibot_interfaces__rosidl_typesupport_introspection_c[0m
[0.752s] [ 23%] Built target minibot_interfaces__rosidl_typesupport_cpp
[0.752s] [ 33%] Built target minibot_interfaces__rosidl_typesupport_introspection_cpp
[0.752s] [ 43%] Built target minibot_interfaces__rosidl_typesupport_fastrtps_c
[0.753s] [ 53%] Built target minibot_interfaces__rosidl_typesupport_c
[0.753s] [ 64%] Built target minibot_interfaces__rosidl_typesupport_introspection_c
[0.753s] [ 74%] Built target minibot_interfaces__rosidl_typesupport_fastrtps_cpp
[0.753s] [ 74%] Built target minibot_interfaces
[0.753s] [ 76%] Built target minibot_interfaces__py
[0.753s] [35m[1mConsolidate compiler generated dependencies of target minibot_interfaces__rosidl_generator_py[0m
[0.753s] [ 84%] Built target minibot_interfaces__rosidl_generator_py
[0.753s] [35m[1mConsolidate compiler generated dependencies of target minibot_interfaces__rosidl_typesupport_fastrtps_c__pyext[0m
[0.753s] [35m[1mConsolidate compiler generated dependencies of target minibot_interfaces__rosidl_typesupport_c__pyext[0m
[0.753s] [35m[1mConsolidate compiler generated dependencies of target minibot_interfaces__rosidl_typesupport_introspection_c__pyext[0m
[0.753s] [ 89%] Built target minibot_interfaces__rosidl_typesupport_fastrtps_c__pyext
[0.753s] [ 94%] Built target minibot_interfaces__rosidl_typesupport_introspection_c__pyext
[0.753s] [100%] Built target minibot_interfaces__rosidl_typesupport_c__pyext
[0.753s] running egg_info
[0.753s] writing minibot_interfaces.egg-info/PKG-INFO
[0.753s] writing dependency_links to minibot_interfaces.egg-info/dependency_links.txt
[0.753s] writing top-level names to minibot_interfaces.egg-info/top_level.txt
[0.753s] reading manifest file 'minibot_interfaces.egg-info/SOURCES.txt'
[0.753s] writing manifest file 'minibot_interfaces.egg-info/SOURCES.txt'
[0.753s] [100%] Built target ament_cmake_python_build_minibot_interfaces_egg
[0.759s] Invoked command in '/home/dong/turtlebot4-ws/build/minibot_interfaces' returned '0': CMAKE_PREFIX_PATH=${CMAKE_PREFIX_PATH}:/home/dong/turtlebot4-ws/install/turtlebot4_cmd_py:/home/dong/turtlebot4-ws/install/teleop_twist_keyboard:/opt/ros/humble /usr/bin/cmake --build /home/dong/turtlebot4-ws/build/minibot_interfaces -- -j8 -l8
[1.019s] Invoking command in '/home/dong/turtlebot4-ws/build/minibot_interfaces': CMAKE_PREFIX_PATH=${CMAKE_PREFIX_PATH}:/home/dong/turtlebot4-ws/install/turtlebot4_cmd_py:/home/dong/turtlebot4-ws/install/teleop_twist_keyboard:/opt/ros/humble /usr/bin/cmake --install /home/dong/turtlebot4-ws/build/minibot_interfaces
[1.027s] -- Install configuration: ""
[1.028s] -- Execute custom install script
[1.028s] -- Up-to-date symlink: /home/dong/turtlebot4-ws/install/minibot_interfaces/share/ament_index/resource_index/rosidl_interfaces/minibot_interfaces
[1.028s] -- Up-to-date symlink: /home/dong/turtlebot4-ws/install/minibot_interfaces/include/minibot_interfaces/minibot_interfaces/msg/detail/lamp_command__functions.h
[1.029s] -- Up-to-date symlink: /home/dong/turtlebot4-ws/install/minibot_interfaces/include/minibot_interfaces/minibot_interfaces/msg/detail/lamp_command__struct.h
[1.029s] -- Up-to-date symlink: /home/dong/turtlebot4-ws/install/minibot_interfaces/include/minibot_interfaces/minibot_interfaces/msg/detail/lamp_command__type_support.h
[1.029s] -- Up-to-date symlink: /home/dong/turtlebot4-ws/install/minibot_interfaces/include/minibot_interfaces/minibot_interfaces/msg/detail/robot_state__functions.h
[1.030s] -- Up-to-date symlink: /home/dong/turtlebot4-ws/install/minibot_interfaces/include/minibot_interfaces/minibot_interfaces/msg/detail/robot_state__struct.h
[1.030s] -- Up-to-date symlink: /home/dong/turtlebot4-ws/install/minibot_interfaces/include/minibot_interfaces/minibot_interfaces/msg/detail/robot_state__type_support.h
[1.030s] -- Up-to-date symlink: /home/dong/turtlebot4-ws/install/minibot_interfaces/include/minibot_interfaces/minibot_interfaces/msg/lamp_command.h
[1.030s] -- Up-to-date symlink: /home/dong/turtlebot4-ws/install/minibot_interfaces/include/minibot_interfaces/minibot_interfaces/msg/robot_state.h
[1.030s] -- Up-to-date symlink: /home/dong/turtlebot4-ws/install/minibot_interfaces/include/minibot_interfaces/minibot_interfaces/msg/rosidl_generator_c__visibility_control.h
[1.030s] -- Up-to-date symlink: /home/dong/turtlebot4-ws/install/minibot_interfaces/share/minibot_interfaces/environment/library_path.sh
[1.030s] -- Up-to-date symlink: /home/dong/turtlebot4-ws/install/minibot_interfaces/share/minibot_interfaces/environment/library_path.dsv
[1.030s] -- Up-to-date symlink: /home/dong/turtlebot4-ws/install/minibot_interfaces/include/minibot_interfaces/minibot_interfaces/msg/detail/lamp_command__rosidl_typesupport_fastrtps_c.h
[1.030s] -- Up-to-date symlink: /home/dong/turtlebot4-ws/install/minibot_interfaces/include/minibot_interfaces/minibot_interfaces/msg/detail/robot_state__rosidl_typesupport_fastrtps_c.h
[1.031s] -- Up-to-date symlink: /home/dong/turtlebot4-ws/install/minibot_interfaces/include/minibot_interfaces/minibot_interfaces/msg/rosidl_typesupport_fastrtps_c__visibility_control.h
[1.031s] -- Up-to-date symlink: /home/dong/turtlebot4-ws/install/minibot_interfaces/include/minibot_interfaces/minibot_interfaces/msg/detail/lamp_command__builder.hpp
[1.032s] -- Up-to-date symlink: /home/dong/turtlebot4-ws/install/minibot_interfaces/include/minibot_interfaces/minibot_interfaces/msg/detail/lamp_command__struct.hpp
[1.032s] -- Up-to-date symlink: /home/dong/turtlebot4-ws/install/minibot_interfaces/include/minibot_interfaces/minibot_interfaces/msg/detail/lamp_command__traits.hpp
[1.032s] -- Up-to-date symlink: /home/dong/turtlebot4-ws/install/minibot_interfaces/include/minibot_interfaces/minibot_interfaces/msg/detail/robot_state__builder.hpp
[1.032s] -- Up-to-date symlink: /home/dong/turtlebot4-ws/install/minibot_interfaces/include/minibot_interfaces/minibot_interfaces/msg/detail/robot_state__struct.hpp
[1.032s] -- Up-to-date symlink: /home/dong/turtlebot4-ws/install/minibot_interfaces/include/minibot_interfaces/minibot_interfaces/msg/detail/robot_state__traits.hpp
[1.032s] -- Up-to-date symlink: /home/dong/turtlebot4-ws/install/minibot_interfaces/include/minibot_interfaces/minibot_interfaces/msg/lamp_command.hpp
[1.032s] -- Up-to-date symlink: /home/dong/turtlebot4-ws/install/minibot_interfaces/include/minibot_interfaces/minibot_interfaces/msg/robot_state.hpp
[1.033s] -- Up-to-date symlink: /home/dong/turtlebot4-ws/install/minibot_interfaces/include/minibot_interfaces/minibot_interfaces/msg/detail/lamp_command__rosidl_typesupport_fastrtps_cpp.hpp
[1.033s] -- Up-to-date symlink: /home/dong/turtlebot4-ws/install/minibot_interfaces/include/minibot_interfaces/minibot_interfaces/msg/detail/robot_state__rosidl_typesupport_fastrtps_cpp.hpp
[1.033s] -- Up-to-date symlink: /home/dong/turtlebot4-ws/install/minibot_interfaces/include/minibot_interfaces/minibot_interfaces/msg/rosidl_typesupport_fastrtps_cpp__visibility_control.h
[1.033s] -- Up-to-date symlink: /home/dong/turtlebot4-ws/install/minibot_interfaces/include/minibot_interfaces/minibot_interfaces/msg/detail/lamp_command__rosidl_typesupport_introspection_c.h
[1.033s] -- Up-to-date symlink: /home/dong/turtlebot4-ws/install/minibot_interfaces/include/minibot_interfaces/minibot_interfaces/msg/detail/robot_state__rosidl_typesupport_introspection_c.h
[1.033s] -- Up-to-date symlink: /home/dong/turtlebot4-ws/install/minibot_interfaces/include/minibot_interfaces/minibot_interfaces/msg/rosidl_typesupport_introspection_c__visibility_control.h
[1.034s] -- Up-to-date symlink: /home/dong/turtlebot4-ws/install/minibot_interfaces/include/minibot_interfaces/minibot_interfaces/msg/detail/lamp_command__rosidl_typesupport_introspection_cpp.hpp
[1.034s] -- Up-to-date symlink: /home/dong/turtlebot4-ws/install/minibot_interfaces/include/minibot_interfaces/minibot_interfaces/msg/detail/robot_state__rosidl_typesupport_introspection_cpp.hpp
[1.034s] -- Up-to-date symlink: /home/dong/turtlebot4-ws/install/minibot_interfaces/share/minibot_interfaces/environment/pythonpath.sh
[1.035s] -- Up-to-date symlink: /home/dong/turtlebot4-ws/install/minibot_interfaces/share/minibot_interfaces/environment/pythonpath.dsv
[1.035s] -- Up-to-date symlink: /home/dong/turtlebot4-ws/install/minibot_interfaces/local/lib/python3.10/dist-packages/minibot_interfaces-0.0.0-py3.10.egg-info/PKG-INFO
[1.035s] -- Up-to-date symlink: /home/dong/turtlebot4-ws/install/minibot_interfaces/local/lib/python3.10/dist-packages/minibot_interfaces-0.0.0-py3.10.egg-info/SOURCES.txt
[1.035s] -- Up-to-date symlink: /home/dong/turtlebot4-ws/install/minibot_interfaces/local/lib/python3.10/dist-packages/minibot_interfaces-0.0.0-py3.10.egg-info/dependency_links.txt
[1.035s] -- Up-to-date symlink: /home/dong/turtlebot4-ws/install/minibot_interfaces/local/lib/python3.10/dist-packages/minibot_interfaces-0.0.0-py3.10.egg-info/top_level.txt
[1.036s] -- Up-to-date symlink: /home/dong/turtlebot4-ws/install/minibot_interfaces/local/lib/python3.10/dist-packages/minibot_interfaces/__init__.py
[1.036s] -- Up-to-date symlink: /home/dong/turtlebot4-ws/install/minibot_interfaces/local/lib/python3.10/dist-packages/minibot_interfaces/_minibot_interfaces_s.ep.rosidl_typesupport_c.c
[1.036s] -- Up-to-date symlink: /home/dong/turtlebot4-ws/install/minibot_interfaces/local/lib/python3.10/dist-packages/minibot_interfaces/_minibot_interfaces_s.ep.rosidl_typesupport_fastrtps_c.c
[1.036s] -- Up-to-date symlink: /home/dong/turtlebot4-ws/install/minibot_interfaces/local/lib/python3.10/dist-packages/minibot_interfaces/_minibot_interfaces_s.ep.rosidl_typesupport_introspection_c.c
[1.036s] -- Up-to-date symlink: /home/dong/turtlebot4-ws/install/minibot_interfaces/local/lib/python3.10/dist-packages/minibot_interfaces/libminibot_interfaces__rosidl_generator_py.so
[1.036s] -- Up-to-date symlink: /home/dong/turtlebot4-ws/install/minibot_interfaces/local/lib/python3.10/dist-packages/minibot_interfaces/minibot_interfaces_s__rosidl_typesupport_c.cpython-310-x86_64-linux-gnu.so
[1.037s] -- Up-to-date symlink: /home/dong/turtlebot4-ws/install/minibot_interfaces/local/lib/python3.10/dist-packages/minibot_interfaces/minibot_interfaces_s__rosidl_typesupport_fastrtps_c.cpython-310-x86_64-linux-gnu.so
[1.037s] -- Up-to-date symlink: /home/dong/turtlebot4-ws/install/minibot_interfaces/local/lib/python3.10/dist-packages/minibot_interfaces/minibot_interfaces_s__rosidl_typesupport_introspection_c.cpython-310-x86_64-linux-gnu.so
[1.037s] -- Up-to-date symlink: /home/dong/turtlebot4-ws/install/minibot_interfaces/local/lib/python3.10/dist-packages/minibot_interfaces/msg/__init__.py
[1.037s] -- Up-to-date symlink: /home/dong/turtlebot4-ws/install/minibot_interfaces/local/lib/python3.10/dist-packages/minibot_interfaces/msg/_lamp_command.py
[1.037s] -- Up-to-date symlink: /home/dong/turtlebot4-ws/install/minibot_interfaces/local/lib/python3.10/dist-packages/minibot_interfaces/msg/_lamp_command_s.c
[1.037s] -- Up-to-date symlink: /home/dong/turtlebot4-ws/install/minibot_interfaces/local/lib/python3.10/dist-packages/minibot_interfaces/msg/_robot_state.py
[1.037s] -- Up-to-date symlink: /home/dong/turtlebot4-ws/install/minibot_interfaces/local/lib/python3.10/dist-packages/minibot_interfaces/msg/_robot_state_s.c
[1.037s] -- Up-to-date symlink: /home/dong/turtlebot4-ws/install/minibot_interfaces/local/lib/python3.10/dist-packages/minibot_interfaces/minibot_interfaces_s__rosidl_typesupport_fastrtps_c.cpython-310-x86_64-linux-gnu.so
[1.038s] -- Up-to-date symlink: /home/dong/turtlebot4-ws/install/minibot_interfaces/local/lib/python3.10/dist-packages/minibot_interfaces/minibot_interfaces_s__rosidl_typesupport_introspection_c.cpython-310-x86_64-linux-gnu.so
[1.038s] -- Up-to-date symlink: /home/dong/turtlebot4-ws/install/minibot_interfaces/local/lib/python3.10/dist-packages/minibot_interfaces/minibot_interfaces_s__rosidl_typesupport_c.cpython-310-x86_64-linux-gnu.so
[1.038s] -- Up-to-date symlink: /home/dong/turtlebot4-ws/install/minibot_interfaces/share/minibot_interfaces/msg/LampCommand.idl
[1.039s] -- Up-to-date symlink: /home/dong/turtlebot4-ws/install/minibot_interfaces/share/minibot_interfaces/msg/RobotState.idl
[1.039s] -- Up-to-date symlink: /home/dong/turtlebot4-ws/install/minibot_interfaces/share/minibot_interfaces/msg/LampCommand.msg
[1.039s] -- Up-to-date symlink: /home/dong/turtlebot4-ws/install/minibot_interfaces/share/minibot_interfaces/msg/RobotState.msg
[1.039s] -- Up-to-date symlink: /home/dong/turtlebot4-ws/install/minibot_interfaces/share/ament_index/resource_index/package_run_dependencies/minibot_interfaces
[1.039s] -- Up-to-date symlink: /home/dong/turtlebot4-ws/install/minibot_interfaces/share/ament_index/resource_index/parent_prefix_path/minibot_interfaces
[1.039s] -- Up-to-date symlink: /home/dong/turtlebot4-ws/install/minibot_interfaces/share/minibot_interfaces/environment/ament_prefix_path.sh
[1.039s] -- Up-to-date symlink: /home/dong/turtlebot4-ws/install/minibot_interfaces/share/minibot_interfaces/environment/ament_prefix_path.dsv
[1.039s] -- Up-to-date symlink: /home/dong/turtlebot4-ws/install/minibot_interfaces/share/minibot_interfaces/environment/path.sh
[1.040s] -- Up-to-date symlink: /home/dong/turtlebot4-ws/install/minibot_interfaces/share/minibot_interfaces/environment/path.dsv
[1.040s] -- Up-to-date symlink: /home/dong/turtlebot4-ws/install/minibot_interfaces/share/minibot_interfaces/local_setup.bash
[1.040s] -- Up-to-date symlink: /home/dong/turtlebot4-ws/install/minibot_interfaces/share/minibot_interfaces/local_setup.sh
[1.040s] -- Up-to-date symlink: /home/dong/turtlebot4-ws/install/minibot_interfaces/share/minibot_interfaces/local_setup.zsh
[1.041s] -- Up-to-date symlink: /home/dong/turtlebot4-ws/install/minibot_interfaces/share/minibot_interfaces/local_setup.dsv
[1.041s] -- Symlinking: /home/dong/turtlebot4-ws/install/minibot_interfaces/share/minibot_interfaces/package.dsv
[1.050s] -- Up-to-date symlink: /home/dong/turtlebot4-ws/install/minibot_interfaces/share/ament_index/resource_index/packages/minibot_interfaces
[1.051s] -- Up-to-date symlink: /home/dong/turtlebot4-ws/install/minibot_interfaces/share/minibot_interfaces/cmake/rosidl_cmake-extras.cmake
[1.051s] -- Up-to-date symlink: /home/dong/turtlebot4-ws/install/minibot_interfaces/share/minibot_interfaces/cmake/ament_cmake_export_dependencies-extras.cmake
[1.051s] -- Up-to-date symlink: /home/dong/turtlebot4-ws/install/minibot_interfaces/share/minibot_interfaces/cmake/ament_cmake_export_include_directories-extras.cmake
[1.051s] -- Up-to-date symlink: /home/dong/turtlebot4-ws/install/minibot_interfaces/share/minibot_interfaces/cmake/ament_cmake_export_libraries-extras.cmake
[1.051s] -- Up-to-date symlink: /home/dong/turtlebot4-ws/install/minibot_interfaces/share/minibot_interfaces/cmake/ament_cmake_export_targets-extras.cmake
[1.051s] -- Up-to-date symlink: /home/dong/turtlebot4-ws/install/minibot_interfaces/share/minibot_interfaces/cmake/rosidl_cmake_export_typesupport_targets-extras.cmake
[1.051s] -- Up-to-date symlink: /home/dong/turtlebot4-ws/install/minibot_interfaces/share/minibot_interfaces/cmake/rosidl_cmake_export_typesupport_libraries-extras.cmake
[1.051s] -- Up-to-date symlink: /home/dong/turtlebot4-ws/install/minibot_interfaces/share/minibot_interfaces/cmake/minibot_interfacesConfig.cmake
[1.051s] -- Up-to-date symlink: /home/dong/turtlebot4-ws/install/minibot_interfaces/share/minibot_interfaces/cmake/minibot_interfacesConfig-version.cmake
[1.051s] -- Up-to-date symlink: /home/dong/turtlebot4-ws/install/minibot_interfaces/share/minibot_interfaces/package.xml
[1.051s] -- Up-to-date: /home/dong/turtlebot4-ws/install/minibot_interfaces/lib/libminibot_interfaces__rosidl_generator_c.so
[1.051s] -- Up-to-date: /home/dong/turtlebot4-ws/install/minibot_interfaces/lib/libminibot_interfaces__rosidl_typesupport_fastrtps_c.so
[1.051s] -- Up-to-date: /home/dong/turtlebot4-ws/install/minibot_interfaces/lib/libminibot_interfaces__rosidl_typesupport_fastrtps_cpp.so
[1.051s] -- Up-to-date: /home/dong/turtlebot4-ws/install/minibot_interfaces/lib/libminibot_interfaces__rosidl_typesupport_introspection_c.so
[1.052s] -- Up-to-date: /home/dong/turtlebot4-ws/install/minibot_interfaces/lib/libminibot_interfaces__rosidl_typesupport_c.so
[1.052s] -- Up-to-date: /home/dong/turtlebot4-ws/install/minibot_interfaces/lib/libminibot_interfaces__rosidl_typesupport_introspection_cpp.so
[1.052s] -- Up-to-date: /home/dong/turtlebot4-ws/install/minibot_interfaces/lib/libminibot_interfaces__rosidl_typesupport_cpp.so
[1.082s] Listing '/home/dong/turtlebot4-ws/install/minibot_interfaces/local/lib/python3.10/dist-packages/minibot_interfaces'...
[1.082s] Listing '/home/dong/turtlebot4-ws/install/minibot_interfaces/local/lib/python3.10/dist-packages/minibot_interfaces/msg'...
[1.085s] -- Up-to-date: /home/dong/turtlebot4-ws/install/minibot_interfaces/lib/libminibot_interfaces__rosidl_generator_py.so
[1.086s] -- Up-to-date: /home/dong/turtlebot4-ws/install/minibot_interfaces/share/minibot_interfaces/cmake/export_minibot_interfaces__rosidl_generator_cExport.cmake
[1.086s] -- Up-to-date: /home/dong/turtlebot4-ws/install/minibot_interfaces/share/minibot_interfaces/cmake/export_minibot_interfaces__rosidl_generator_cExport-noconfig.cmake
[1.086s] -- Up-to-date: /home/dong/turtlebot4-ws/install/minibot_interfaces/share/minibot_interfaces/cmake/export_minibot_interfaces__rosidl_typesupport_fastrtps_cExport.cmake
[1.086s] -- Up-to-date: /home/dong/turtlebot4-ws/install/minibot_interfaces/share/minibot_interfaces/cmake/export_minibot_interfaces__rosidl_typesupport_fastrtps_cExport-noconfig.cmake
[1.086s] -- Up-to-date: /home/dong/turtlebot4-ws/install/minibot_interfaces/share/minibot_interfaces/cmake/export_minibot_interfaces__rosidl_generator_cppExport.cmake
[1.086s] -- Up-to-date: /home/dong/turtlebot4-ws/install/minibot_interfaces/share/minibot_interfaces/cmake/export_minibot_interfaces__rosidl_typesupport_fastrtps_cppExport.cmake
[1.086s] -- Up-to-date: /home/dong/turtlebot4-ws/install/minibot_interfaces/share/minibot_interfaces/cmake/export_minibot_interfaces__rosidl_typesupport_fastrtps_cppExport-noconfig.cmake
[1.087s] -- Up-to-date: /home/dong/turtlebot4-ws/install/minibot_interfaces/share/minibot_interfaces/cmake/minibot_interfaces__rosidl_typesupport_introspection_cExport.cmake
[1.087s] -- Up-to-date: /home/dong/turtlebot4-ws/install/minibot_interfaces/share/minibot_interfaces/cmake/minibot_interfaces__rosidl_typesupport_introspection_cExport-noconfig.cmake
[1.087s] -- Up-to-date: /home/dong/turtlebot4-ws/install/minibot_interfaces/share/minibot_interfaces/cmake/minibot_interfaces__rosidl_typesupport_cExport.cmake
[1.087s] -- Up-to-date: /home/dong/turtlebot4-ws/install/minibot_interfaces/share/minibot_interfaces/cmake/minibot_interfaces__rosidl_typesupport_cExport-noconfig.cmake
[1.087s] -- Up-to-date: /home/dong/turtlebot4-ws/install/minibot_interfaces/share/minibot_interfaces/cmake/minibot_interfaces__rosidl_typesupport_introspection_cppExport.cmake
[1.087s] -- Up-to-date: /home/dong/turtlebot4-ws/install/minibot_interfaces/share/minibot_interfaces/cmake/minibot_interfaces__rosidl_typesupport_introspection_cppExport-noconfig.cmake
[1.087s] -- Up-to-date: /home/dong/turtlebot4-ws/install/minibot_interfaces/share/minibot_interfaces/cmake/minibot_interfaces__rosidl_typesupport_cppExport.cmake
[1.087s] -- Up-to-date: /home/dong/turtlebot4-ws/install/minibot_interfaces/share/minibot_interfaces/cmake/minibot_interfaces__rosidl_typesupport_cppExport-noconfig.cmake
[1.088s] -- Up-to-date: /home/dong/turtlebot4-ws/install/minibot_interfaces/share/minibot_interfaces/cmake/export_minibot_interfaces__rosidl_generator_pyExport.cmake
[1.088s] -- Up-to-date: /home/dong/turtlebot4-ws/install/minibot_interfaces/share/minibot_interfaces/cmake/export_minibot_interfaces__rosidl_generator_pyExport-noconfig.cmake
[1.223s] Invoked command in '/home/dong/turtlebot4-ws/build/minibot_interfaces' returned '0': CMAKE_PREFIX_PATH=${CMAKE_PREFIX_PATH}:/home/dong/turtlebot4-ws/install/turtlebot4_cmd_py:/home/dong/turtlebot4-ws/install/teleop_twist_keyboard:/opt/ros/humble /usr/bin/cmake --install /home/dong/turtlebot4-ws/build/minibot_interfaces
