[0.749s] Invoking command in '/home/dong/turtlebot4_ws/build/turtlebot4_cmd_py': PYTHONPATH=/home/dong/turtlebot4_ws/build/turtlebot4_cmd_py/prefix_override:/home/dong/turtlebot4_ws/install/turtlebot4_cmd_py/lib/python3.10/site-packages:${PYTHONPATH} /usr/bin/python3 setup.py develop --editable --build-directory /home/dong/turtlebot4_ws/build/turtlebot4_cmd_py/build --no-deps install_data
[0.988s] running develop
[0.988s] /home/dong/.local/lib/python3.10/site-packages/setuptools/command/develop.py:39: EasyInstallDeprecationWarning: easy_install command is deprecated.
[0.988s] !!
[0.988s] 
[0.988s]         ********************************************************************************
[0.989s]         Please avoid running ``setup.py`` and ``easy_install``.
[0.989s]         Instead, use pypa/build, pypa/installer or other
[0.989s]         standards-based tools.
[0.989s] 
[0.989s]         See https://github.com/pypa/setuptools/issues/917 for details.
[0.989s]         ********************************************************************************
[0.989s] 
[0.989s] !!
[0.989s]   easy_install.initialize_options(self)
[1.014s] /home/dong/.local/lib/python3.10/site-packages/setuptools/_distutils/cmd.py:66: SetuptoolsDeprecationWarning: setup.py install is deprecated.
[1.014s] !!
[1.014s] 
[1.014s]         ********************************************************************************
[1.014s]         Please avoid running ``setup.py`` directly.
[1.014s]         Instead, use pypa/build, pypa/installer or other
[1.014s]         standards-based tools.
[1.014s] 
[1.014s]         See https://blog.ganssle.io/articles/2021/10/setup-py-deprecated.html for details.
[1.014s]         ********************************************************************************
[1.014s] 
[1.014s] !!
[1.014s]   self.initialize_options()
[1.165s] running egg_info
[1.166s] creating turtlebot4_cmd_py.egg-info
[1.178s] writing turtlebot4_cmd_py.egg-info/PKG-INFO
[1.178s] writing dependency_links to turtlebot4_cmd_py.egg-info/dependency_links.txt
[1.178s] writing entry points to turtlebot4_cmd_py.egg-info/entry_points.txt
[1.178s] writing requirements to turtlebot4_cmd_py.egg-info/requires.txt
[1.178s] writing top-level names to turtlebot4_cmd_py.egg-info/top_level.txt
[1.178s] writing manifest file 'turtlebot4_cmd_py.egg-info/SOURCES.txt'
[1.204s] reading manifest file 'turtlebot4_cmd_py.egg-info/SOURCES.txt'
[1.205s] writing manifest file 'turtlebot4_cmd_py.egg-info/SOURCES.txt'
[1.219s] running build_ext
[1.219s] Creating /home/dong/turtlebot4_ws/install/turtlebot4_cmd_py/lib/python3.10/site-packages/turtlebot4_cmd_py.egg-link (link to .)
[1.219s] Installing Turtlebot4Ctl script to /home/dong/turtlebot4_ws/install/turtlebot4_cmd_py/lib/turtlebot4_cmd_py
[1.219s] 
[1.220s] Installed /home/dong/turtlebot4_ws/build/turtlebot4_cmd_py
[1.220s] running install_data
[1.220s] creating /home/dong/turtlebot4_ws/install/turtlebot4_cmd_py/share/ament_index
[1.220s] creating /home/dong/turtlebot4_ws/install/turtlebot4_cmd_py/share/ament_index/resource_index
[1.220s] creating /home/dong/turtlebot4_ws/install/turtlebot4_cmd_py/share/ament_index/resource_index/packages
[1.220s] copying resource/turtlebot4_cmd_py -> /home/dong/turtlebot4_ws/install/turtlebot4_cmd_py/share/ament_index/resource_index/packages
[1.220s] copying package.xml -> /home/dong/turtlebot4_ws/install/turtlebot4_cmd_py/share/turtlebot4_cmd_py
[1.248s] Invoked command in '/home/dong/turtlebot4_ws/build/turtlebot4_cmd_py' returned '0': PYTHONPATH=/home/dong/turtlebot4_ws/build/turtlebot4_cmd_py/prefix_override:/home/dong/turtlebot4_ws/install/turtlebot4_cmd_py/lib/python3.10/site-packages:${PYTHONPATH} /usr/bin/python3 setup.py develop --editable --build-directory /home/dong/turtlebot4_ws/build/turtlebot4_cmd_py/build --no-deps install_data
