[0.179s] Invoking command in '/home/dong/turtlebot4-ws/build/minibot_hardware_interface': CMAKE_PREFIX_PATH=/opt/ros/humble /usr/bin/cmake /home/dong/turtlebot4-ws/src/pinklab_minibot_robot/minibot_hardware_interface -DAMENT_CMAKE_SYMLINK_INSTALL=1 -DCMAKE_INSTALL_PREFIX=/home/dong/turtlebot4-ws/install/minibot_hardware_interface
[0.601s] -- The C compiler identification is GNU 11.4.0
[0.602s] -- The CXX compiler identification is GNU 11.4.0
[0.602s] -- Detecting C compiler ABI info
[0.602s] -- Detecting C compiler ABI info - done
[0.602s] -- Check for working C compiler: /usr/bin/cc - skipped
[0.603s] -- Detecting C compile features
[0.603s] -- Detecting C compile features - done
[0.603s] -- Detecting CXX compiler ABI info
[0.603s] -- Detecting CXX compiler ABI info - done
[0.603s] -- Check for working CXX compiler: /usr/bin/c++ - skipped
[0.603s] -- Detecting CXX compile features
[0.603s] -- Detecting CXX compile features - done
[0.603s] -- Found ament_cmake: 1.3.7 (/opt/ros/humble/share/ament_cmake/cmake)
[0.974s] -- Found Python3: /usr/bin/python3.10 (found version "3.10.12") found components: Interpreter 
[1.050s] -- Override CMake install command with custom implementation using symlinks instead of copying resources
[1.082s] [31mCMake Error at CMakeLists.txt:16 (find_package):
[1.082s]   By not providing "Findhardware_interface.cmake" in CMAKE_MODULE_PATH this
[1.082s]   project has asked CMake to find a package configuration file provided by
[1.082s]   "hardware_interface", but CMake did not find one.
[1.082s] 
[1.082s]   Could not find a package configuration file provided by
[1.082s]   "hardware_interface" with any of the following names:
[1.082s] 
[1.083s]     hardware_interfaceConfig.cmake
[1.083s]     hardware_interface-config.cmake
[1.083s] 
[1.083s]   Add the installation prefix of "hardware_interface" to CMAKE_PREFIX_PATH or
[1.083s]   set "hardware_interface_DIR" to a directory containing one of the above
[1.083s]   files.  If "hardware_interface" provides a separate development package or
[1.083s]   SDK, be sure it has been installed.
[1.083s] 
[1.083s] [0m
[1.083s] -- Configuring incomplete, errors occurred!
[1.083s] See also "/home/dong/turtlebot4-ws/build/minibot_hardware_interface/CMakeFiles/CMakeOutput.log".
