[0.095s] Invoking command in '/home/dong/turtlebot4_ws/build/minibot_gazebo': AMENT_PREFIX_PATH=/home/dong/turtlebot4_ws/install/minibot_description:${AMENT_PREFIX_PATH} CMAKE_PREFIX_PATH=/home/dong/turtlebot4_ws/install/minibot_description:/home/dong/turtlebot4_ws/install/turtlebot4_setup:/home/dong/turtlebot4_ws/install/turtlebot4_cmd_py:/home/dong/turtlebot4_ws/install/teleop_twist_keyboard:/opt/ros/humble /usr/bin/cmake /home/dong/turtlebot4_ws/src/pinklab_minibot_robot/minibot_gazebo -DAMENT_CMAKE_SYMLINK_INSTALL=1 -DCMAKE_INSTALL_PREFIX=/home/dong/turtlebot4_ws/install/minibot_gazebo
[0.153s] -- The C compiler identification is GNU 11.4.0
[0.217s] -- The CXX compiler identification is GNU 11.4.0
[0.224s] -- Detecting C compiler ABI info
[0.282s] -- Detecting C compiler ABI info - done
[0.289s] -- Check for working C compiler: /usr/bin/cc - skipped
[0.289s] -- Detecting C compile features
[0.290s] -- Detecting C compile features - done
[0.293s] -- Detecting CXX compiler ABI info
[0.371s] -- Detecting CXX compiler ABI info - done
[0.379s] -- Check for working CXX compiler: /usr/bin/c++ - skipped
[0.379s] -- Detecting CXX compile features
[0.379s] -- Detecting CXX compile features - done
[0.382s] -- Found ament_cmake: 1.3.7 (/opt/ros/humble/share/ament_cmake/cmake)
[0.815s] -- Found Python3: /usr/bin/python3.10 (found version "3.10.12") found components: Interpreter 
[0.903s] -- Override CMake install command with custom implementation using symlinks instead of copying resources
[0.941s] -- Found minibot_description: 0.0.0 (/home/dong/turtlebot4_ws/install/minibot_description/share/minibot_description/cmake)
[0.944s] -- Found ament_lint_auto: 0.12.10 (/opt/ros/humble/share/ament_lint_auto/cmake)
[1.090s] -- Added test 'copyright' to check source files copyright and LICENSE
[1.094s] -- Added test 'flake8' to check Python code syntax and style conventions
[1.095s] -- Added test 'lint_cmake' to check CMake code style
[1.096s] -- Added test 'pep257' to check Python code against some of the docstring style conventions in PEP 257
[1.098s] -- Added test 'xmllint' to check XML markup files
[1.100s] -- Configuring done
[1.104s] -- Generating done
[1.106s] -- Build files have been written to: /home/dong/turtlebot4_ws/build/minibot_gazebo
[1.112s] Invoked command in '/home/dong/turtlebot4_ws/build/minibot_gazebo' returned '0': AMENT_PREFIX_PATH=/home/dong/turtlebot4_ws/install/minibot_description:${AMENT_PREFIX_PATH} CMAKE_PREFIX_PATH=/home/dong/turtlebot4_ws/install/minibot_description:/home/dong/turtlebot4_ws/install/turtlebot4_setup:/home/dong/turtlebot4_ws/install/turtlebot4_cmd_py:/home/dong/turtlebot4_ws/install/teleop_twist_keyboard:/opt/ros/humble /usr/bin/cmake /home/dong/turtlebot4_ws/src/pinklab_minibot_robot/minibot_gazebo -DAMENT_CMAKE_SYMLINK_INSTALL=1 -DCMAKE_INSTALL_PREFIX=/home/dong/turtlebot4_ws/install/minibot_gazebo
[1.113s] Invoking command in '/home/dong/turtlebot4_ws/build/minibot_gazebo': AMENT_PREFIX_PATH=/home/dong/turtlebot4_ws/install/minibot_description:${AMENT_PREFIX_PATH} CMAKE_PREFIX_PATH=/home/dong/turtlebot4_ws/install/minibot_description:/home/dong/turtlebot4_ws/install/turtlebot4_setup:/home/dong/turtlebot4_ws/install/turtlebot4_cmd_py:/home/dong/turtlebot4_ws/install/teleop_twist_keyboard:/opt/ros/humble /usr/bin/cmake --build /home/dong/turtlebot4_ws/build/minibot_gazebo -- -j8 -l8
[1.161s] Invoked command in '/home/dong/turtlebot4_ws/build/minibot_gazebo' returned '0': AMENT_PREFIX_PATH=/home/dong/turtlebot4_ws/install/minibot_description:${AMENT_PREFIX_PATH} CMAKE_PREFIX_PATH=/home/dong/turtlebot4_ws/install/minibot_description:/home/dong/turtlebot4_ws/install/turtlebot4_setup:/home/dong/turtlebot4_ws/install/turtlebot4_cmd_py:/home/dong/turtlebot4_ws/install/teleop_twist_keyboard:/opt/ros/humble /usr/bin/cmake --build /home/dong/turtlebot4_ws/build/minibot_gazebo -- -j8 -l8
[1.184s] Invoking command in '/home/dong/turtlebot4_ws/build/minibot_gazebo': AMENT_PREFIX_PATH=/home/dong/turtlebot4_ws/install/minibot_description:${AMENT_PREFIX_PATH} CMAKE_PREFIX_PATH=/home/dong/turtlebot4_ws/install/minibot_description:/home/dong/turtlebot4_ws/install/turtlebot4_setup:/home/dong/turtlebot4_ws/install/turtlebot4_cmd_py:/home/dong/turtlebot4_ws/install/teleop_twist_keyboard:/opt/ros/humble /usr/bin/cmake --install /home/dong/turtlebot4_ws/build/minibot_gazebo
[1.192s] -- Install configuration: ""
[1.193s] -- Execute custom install script
[1.193s] -- Symlinking: /home/dong/turtlebot4_ws/install/minibot_gazebo/share/minibot_gazebo/launch/bringup_gazebo.launch.py
[1.205s] -- Symlinking: /home/dong/turtlebot4_ws/install/minibot_gazebo/share/minibot_gazebo/worlds/empty.world
[1.215s] -- Symlinking: /home/dong/turtlebot4_ws/install/minibot_gazebo/share/minibot_gazebo/worlds/simple_building.world
[1.225s] -- Symlinking: /home/dong/turtlebot4_ws/install/minibot_gazebo/share/minibot_gazebo/worlds/turtlebot3_world.world
[1.238s] -- Symlinking: /home/dong/turtlebot4_ws/install/minibot_gazebo/share/minibot_gazebo/models/.empty
[1.258s] -- Symlinking: /home/dong/turtlebot4_ws/install/minibot_gazebo/share/minibot_gazebo/models/simple_building/model.config
[1.268s] -- Symlinking: /home/dong/turtlebot4_ws/install/minibot_gazebo/share/minibot_gazebo/models/simple_building/model.sdf
[1.280s] -- Symlinking: /home/dong/turtlebot4_ws/install/minibot_gazebo/share/minibot_gazebo/models/turtlebot3_world/meshes/hexagon.dae
[1.289s] -- Symlinking: /home/dong/turtlebot4_ws/install/minibot_gazebo/share/minibot_gazebo/models/turtlebot3_world/meshes/wall.dae
[1.299s] -- Symlinking: /home/dong/turtlebot4_ws/install/minibot_gazebo/share/minibot_gazebo/models/turtlebot3_world/model-1_4.sdf
[1.309s] -- Symlinking: /home/dong/turtlebot4_ws/install/minibot_gazebo/share/minibot_gazebo/models/turtlebot3_world/model.config
[1.320s] -- Symlinking: /home/dong/turtlebot4_ws/install/minibot_gazebo/share/minibot_gazebo/models/turtlebot3_world/model.sdf
[1.342s] -- Symlinking: /home/dong/turtlebot4_ws/install/minibot_gazebo/share/ament_index/resource_index/package_run_dependencies/minibot_gazebo
[1.353s] -- Symlinking: /home/dong/turtlebot4_ws/install/minibot_gazebo/share/ament_index/resource_index/parent_prefix_path/minibot_gazebo
[1.364s] -- Symlinking: /home/dong/turtlebot4_ws/install/minibot_gazebo/share/minibot_gazebo/environment/ament_prefix_path.sh
[1.374s] -- Symlinking: /home/dong/turtlebot4_ws/install/minibot_gazebo/share/minibot_gazebo/environment/ament_prefix_path.dsv
[1.385s] -- Symlinking: /home/dong/turtlebot4_ws/install/minibot_gazebo/share/minibot_gazebo/environment/path.sh
[1.396s] -- Symlinking: /home/dong/turtlebot4_ws/install/minibot_gazebo/share/minibot_gazebo/environment/path.dsv
[1.406s] -- Symlinking: /home/dong/turtlebot4_ws/install/minibot_gazebo/share/minibot_gazebo/local_setup.bash
[1.417s] -- Symlinking: /home/dong/turtlebot4_ws/install/minibot_gazebo/share/minibot_gazebo/local_setup.sh
[1.427s] -- Symlinking: /home/dong/turtlebot4_ws/install/minibot_gazebo/share/minibot_gazebo/local_setup.zsh
[1.439s] -- Symlinking: /home/dong/turtlebot4_ws/install/minibot_gazebo/share/minibot_gazebo/local_setup.dsv
[1.449s] -- Symlinking: /home/dong/turtlebot4_ws/install/minibot_gazebo/share/minibot_gazebo/package.dsv
[1.460s] -- Symlinking: /home/dong/turtlebot4_ws/install/minibot_gazebo/share/ament_index/resource_index/packages/minibot_gazebo
[1.471s] -- Symlinking: /home/dong/turtlebot4_ws/install/minibot_gazebo/share/minibot_gazebo/cmake/minibot_gazeboConfig.cmake
[1.481s] -- Symlinking: /home/dong/turtlebot4_ws/install/minibot_gazebo/share/minibot_gazebo/cmake/minibot_gazeboConfig-version.cmake
[1.493s] -- Symlinking: /home/dong/turtlebot4_ws/install/minibot_gazebo/share/minibot_gazebo/package.xml
[1.515s] Invoked command in '/home/dong/turtlebot4_ws/build/minibot_gazebo' returned '0': AMENT_PREFIX_PATH=/home/dong/turtlebot4_ws/install/minibot_description:${AMENT_PREFIX_PATH} CMAKE_PREFIX_PATH=/home/dong/turtlebot4_ws/install/minibot_description:/home/dong/turtlebot4_ws/install/turtlebot4_setup:/home/dong/turtlebot4_ws/install/turtlebot4_cmd_py:/home/dong/turtlebot4_ws/install/teleop_twist_keyboard:/opt/ros/humble /usr/bin/cmake --install /home/dong/turtlebot4_ws/build/minibot_gazebo
