[1.267s] Invoking command in '/home/dong/turtlebot4_ws/build/teleop_twist_keyboard': PYTHONPATH=/home/dong/turtlebot4_ws/build/teleop_twist_keyboard/prefix_override:/home/dong/turtlebot4_ws/install/teleop_twist_keyboard/lib/python3.10/site-packages:${PYTHONPATH} /usr/bin/python3 setup.py develop --editable --build-directory /home/dong/turtlebot4_ws/build/teleop_twist_keyboard/build --no-deps
[1.530s] running develop
[1.530s] /home/dong/.local/lib/python3.10/site-packages/setuptools/command/develop.py:39: EasyInstallDeprecationWarning: easy_install command is deprecated.
[1.530s] !!
[1.530s] 
[1.530s]         ********************************************************************************
[1.531s]         Please avoid running ``setup.py`` and ``easy_install``.
[1.531s]         Instead, use pypa/build, pypa/installer or other
[1.531s]         standards-based tools.
[1.531s] 
[1.531s]         See https://github.com/pypa/setuptools/issues/917 for details.
[1.531s]         ********************************************************************************
[1.531s] 
[1.531s] !!
[1.531s]   easy_install.initialize_options(self)
[1.559s] /home/dong/.local/lib/python3.10/site-packages/setuptools/_distutils/cmd.py:66: SetuptoolsDeprecationWarning: setup.py install is deprecated.
[1.559s] !!
[1.559s] 
[1.559s]         ********************************************************************************
[1.559s]         Please avoid running ``setup.py`` directly.
[1.559s]         Instead, use pypa/build, pypa/installer or other
[1.559s]         standards-based tools.
[1.559s] 
[1.559s]         See https://blog.ganssle.io/articles/2021/10/setup-py-deprecated.html for details.
[1.559s]         ********************************************************************************
[1.559s] 
[1.559s] !!
[1.559s]   self.initialize_options()
[1.719s] running egg_info
[1.734s] writing teleop_twist_keyboard.egg-info/PKG-INFO
[1.734s] writing dependency_links to teleop_twist_keyboard.egg-info/dependency_links.txt
[1.734s] writing entry points to teleop_twist_keyboard.egg-info/entry_points.txt
[1.735s] writing requirements to teleop_twist_keyboard.egg-info/requires.txt
[1.735s] writing top-level names to teleop_twist_keyboard.egg-info/top_level.txt
[1.776s] reading manifest file 'teleop_twist_keyboard.egg-info/SOURCES.txt'
[1.776s] writing manifest file 'teleop_twist_keyboard.egg-info/SOURCES.txt'
[1.791s] running build_ext
[1.791s] Creating /home/dong/turtlebot4_ws/install/teleop_twist_keyboard/lib/python3.10/site-packages/teleop_twist_keyboard.egg-link (link to .)
[1.792s] Installing teleop_twist_keyboard script to /home/dong/turtlebot4_ws/install/teleop_twist_keyboard/bin
[1.792s] 
[1.792s] Installed /home/dong/turtlebot4_ws/build/teleop_twist_keyboard
[1.823s] Invoked command in '/home/dong/turtlebot4_ws/build/teleop_twist_keyboard' returned '0': PYTHONPATH=/home/dong/turtlebot4_ws/build/teleop_twist_keyboard/prefix_override:/home/dong/turtlebot4_ws/install/teleop_twist_keyboard/lib/python3.10/site-packages:${PYTHONPATH} /usr/bin/python3 setup.py develop --editable --build-directory /home/dong/turtlebot4_ws/build/teleop_twist_keyboard/build --no-deps
