[1.475s] Invoking command in '/home/dong/turtlebot4-ws/build/turtlebot4_cmd_py': PYTHONPATH=/home/dong/turtlebot4-ws/build/turtlebot4_cmd_py/prefix_override:/home/dong/turtlebot4-ws/install/turtlebot4_cmd_py/lib/python3.10/site-packages:${PYTHONPATH} /usr/bin/python3 setup.py develop --editable --build-directory /home/dong/turtlebot4-ws/build/turtlebot4_cmd_py/build --no-deps install_data
[1.905s] running develop
[1.906s] /home/dong/.local/lib/python3.10/site-packages/setuptools/command/develop.py:39: EasyInstallDeprecationWarning: easy_install command is deprecated.
[1.906s] !!
[1.906s] 
[1.906s]         ********************************************************************************
[1.906s]         Please avoid running ``setup.py`` and ``easy_install``.
[1.906s]         Instead, use pypa/build, pypa/installer or other
[1.906s]         standards-based tools.
[1.906s] 
[1.906s]         See https://github.com/pypa/setuptools/issues/917 for details.
[1.906s]         ********************************************************************************
[1.907s] 
[1.907s] !!
[1.907s]   easy_install.initialize_options(self)
[1.951s] /home/dong/.local/lib/python3.10/site-packages/setuptools/_distutils/cmd.py:66: SetuptoolsDeprecationWarning: setup.py install is deprecated.
[1.951s] !!
[1.951s] 
[1.951s]         ********************************************************************************
[1.952s]         Please avoid running ``setup.py`` directly.
[1.952s]         Instead, use pypa/build, pypa/installer or other
[1.952s]         standards-based tools.
[1.952s] 
[1.952s]         See https://blog.ganssle.io/articles/2021/10/setup-py-deprecated.html for details.
[1.952s]         ********************************************************************************
[1.952s] 
[1.952s] !!
[1.952s]   self.initialize_options()
[2.187s] running egg_info
[2.187s] creating turtlebot4_cmd_py.egg-info
[2.211s] writing turtlebot4_cmd_py.egg-info/PKG-INFO
[2.212s] writing dependency_links to turtlebot4_cmd_py.egg-info/dependency_links.txt
[2.212s] writing entry points to turtlebot4_cmd_py.egg-info/entry_points.txt
[2.213s] writing requirements to turtlebot4_cmd_py.egg-info/requires.txt
[2.213s] writing top-level names to turtlebot4_cmd_py.egg-info/top_level.txt
[2.213s] writing manifest file 'turtlebot4_cmd_py.egg-info/SOURCES.txt'
[2.256s] reading manifest file 'turtlebot4_cmd_py.egg-info/SOURCES.txt'
[2.257s] writing manifest file 'turtlebot4_cmd_py.egg-info/SOURCES.txt'
[2.279s] running build_ext
[2.279s] Creating /home/dong/turtlebot4-ws/install/turtlebot4_cmd_py/lib/python3.10/site-packages/turtlebot4_cmd_py.egg-link (link to .)
[2.280s] Installing Turtlebot4Ctl script to /home/dong/turtlebot4-ws/install/turtlebot4_cmd_py/lib/turtlebot4_cmd_py
[2.280s] Installing test script to /home/dong/turtlebot4-ws/install/turtlebot4_cmd_py/lib/turtlebot4_cmd_py
[2.280s] Installing test1 script to /home/dong/turtlebot4-ws/install/turtlebot4_cmd_py/lib/turtlebot4_cmd_py
[2.280s] Installing test2 script to /home/dong/turtlebot4-ws/install/turtlebot4_cmd_py/lib/turtlebot4_cmd_py
[2.281s] 
[2.281s] Installed /home/dong/turtlebot4-ws/build/turtlebot4_cmd_py
[2.281s] running install_data
[2.281s] creating /home/dong/turtlebot4-ws/install/turtlebot4_cmd_py/share/ament_index
[2.281s] creating /home/dong/turtlebot4-ws/install/turtlebot4_cmd_py/share/ament_index/resource_index
[2.281s] creating /home/dong/turtlebot4-ws/install/turtlebot4_cmd_py/share/ament_index/resource_index/packages
[2.281s] copying resource/turtlebot4_cmd_py -> /home/dong/turtlebot4-ws/install/turtlebot4_cmd_py/share/ament_index/resource_index/packages
[2.281s] copying package.xml -> /home/dong/turtlebot4-ws/install/turtlebot4_cmd_py/share/turtlebot4_cmd_py
[2.282s] copying launch/turtlebot4_launch.launch.py -> /home/dong/turtlebot4-ws/install/turtlebot4_cmd_py/share/turtlebot4_cmd_py
[2.346s] Invoked command in '/home/dong/turtlebot4-ws/build/turtlebot4_cmd_py' returned '0': PYTHONPATH=/home/dong/turtlebot4-ws/build/turtlebot4_cmd_py/prefix_override:/home/dong/turtlebot4-ws/install/turtlebot4_cmd_py/lib/python3.10/site-packages:${PYTHONPATH} /usr/bin/python3 setup.py develop --editable --build-directory /home/dong/turtlebot4-ws/build/turtlebot4_cmd_py/build --no-deps install_data
