[0.485s] Invoking command in '/home/dong/turtlebot4_ws/build/turtlebot4_setup': CMAKE_PREFIX_PATH=${CMAKE_PREFIX_PATH}:/home/dong/turtlebot4_ws/install/turtlebot4_cmd_py:/home/dong/turtlebot4_ws/install/teleop_twist_keyboard:/opt/ros/humble /usr/bin/cmake --build /home/dong/turtlebot4_ws/build/turtlebot4_setup -- -j8 -l8
[0.533s] Built target ament_cmake_python_symlink_turtlebot4_setup
[0.702s] running egg_info
[0.716s] writing turtlebot4_setup.egg-info/PKG-INFO
[0.716s] writing dependency_links to turtlebot4_setup.egg-info/dependency_links.txt
[0.717s] writing top-level names to turtlebot4_setup.egg-info/top_level.txt
[0.756s] reading manifest file 'turtlebot4_setup.egg-info/SOURCES.txt'
[0.757s] writing manifest file 'turtlebot4_setup.egg-info/SOURCES.txt'
[0.778s] Built target ament_cmake_python_build_turtlebot4_setup_egg
[1.057s] Invoked command in '/home/dong/turtlebot4_ws/build/turtlebot4_setup' returned '0': CMAKE_PREFIX_PATH=${CMAKE_PREFIX_PATH}:/home/dong/turtlebot4_ws/install/turtlebot4_cmd_py:/home/dong/turtlebot4_ws/install/teleop_twist_keyboard:/opt/ros/humble /usr/bin/cmake --build /home/dong/turtlebot4_ws/build/turtlebot4_setup -- -j8 -l8
[1.209s] Invoking command in '/home/dong/turtlebot4_ws/build/turtlebot4_setup': CMAKE_PREFIX_PATH=${CMAKE_PREFIX_PATH}:/home/dong/turtlebot4_ws/install/turtlebot4_cmd_py:/home/dong/turtlebot4_ws/install/teleop_twist_keyboard:/opt/ros/humble /usr/bin/cmake --install /home/dong/turtlebot4_ws/build/turtlebot4_setup
[1.216s] -- Install configuration: ""
[1.216s] -- Execute custom install script
[1.217s] -- Up-to-date symlink: /home/dong/turtlebot4_ws/install/turtlebot4_setup/share/turtlebot4_setup/environment/pythonpath.sh
[1.217s] -- Up-to-date symlink: /home/dong/turtlebot4_ws/install/turtlebot4_setup/share/turtlebot4_setup/environment/pythonpath.dsv
[1.217s] -- Up-to-date symlink: /home/dong/turtlebot4_ws/install/turtlebot4_setup/local/lib/python3.10/dist-packages/turtlebot4_setup-1.0.3-py3.10.egg-info/PKG-INFO
[1.217s] -- Up-to-date symlink: /home/dong/turtlebot4_ws/install/turtlebot4_setup/local/lib/python3.10/dist-packages/turtlebot4_setup-1.0.3-py3.10.egg-info/SOURCES.txt
[1.217s] -- Up-to-date symlink: /home/dong/turtlebot4_ws/install/turtlebot4_setup/local/lib/python3.10/dist-packages/turtlebot4_setup-1.0.3-py3.10.egg-info/dependency_links.txt
[1.217s] -- Up-to-date symlink: /home/dong/turtlebot4_ws/install/turtlebot4_setup/local/lib/python3.10/dist-packages/turtlebot4_setup-1.0.3-py3.10.egg-info/top_level.txt
[1.217s] -- Up-to-date symlink: /home/dong/turtlebot4_ws/install/turtlebot4_setup/local/lib/python3.10/dist-packages/turtlebot4_setup/__init__.py
[1.217s] -- Up-to-date symlink: /home/dong/turtlebot4_ws/install/turtlebot4_setup/local/lib/python3.10/dist-packages/turtlebot4_setup/conf.py
[1.217s] -- Up-to-date symlink: /home/dong/turtlebot4_ws/install/turtlebot4_setup/local/lib/python3.10/dist-packages/turtlebot4_setup/menu.py
[1.218s] -- Up-to-date symlink: /home/dong/turtlebot4_ws/install/turtlebot4_setup/local/lib/python3.10/dist-packages/turtlebot4_setup/ros_setup.py
[1.218s] -- Up-to-date symlink: /home/dong/turtlebot4_ws/install/turtlebot4_setup/local/lib/python3.10/dist-packages/turtlebot4_setup/turtlebot4_setup
[1.218s] -- Up-to-date symlink: /home/dong/turtlebot4_ws/install/turtlebot4_setup/local/lib/python3.10/dist-packages/turtlebot4_setup/wifi.py
[1.218s] -- Up-to-date symlink: /home/dong/turtlebot4_ws/install/turtlebot4_setup/lib/turtlebot4_setup/turtlebot4_setup
[1.218s] -- Up-to-date symlink: /home/dong/turtlebot4_ws/install/turtlebot4_setup/share/ament_index/resource_index/package_run_dependencies/turtlebot4_setup
[1.218s] -- Up-to-date symlink: /home/dong/turtlebot4_ws/install/turtlebot4_setup/share/ament_index/resource_index/parent_prefix_path/turtlebot4_setup
[1.218s] -- Up-to-date symlink: /home/dong/turtlebot4_ws/install/turtlebot4_setup/share/turtlebot4_setup/environment/ament_prefix_path.sh
[1.219s] -- Up-to-date symlink: /home/dong/turtlebot4_ws/install/turtlebot4_setup/share/turtlebot4_setup/environment/ament_prefix_path.dsv
[1.219s] -- Up-to-date symlink: /home/dong/turtlebot4_ws/install/turtlebot4_setup/share/turtlebot4_setup/environment/path.sh
[1.219s] -- Up-to-date symlink: /home/dong/turtlebot4_ws/install/turtlebot4_setup/share/turtlebot4_setup/environment/path.dsv
[1.219s] -- Up-to-date symlink: /home/dong/turtlebot4_ws/install/turtlebot4_setup/share/turtlebot4_setup/local_setup.bash
[1.219s] -- Up-to-date symlink: /home/dong/turtlebot4_ws/install/turtlebot4_setup/share/turtlebot4_setup/local_setup.sh
[1.219s] -- Up-to-date symlink: /home/dong/turtlebot4_ws/install/turtlebot4_setup/share/turtlebot4_setup/local_setup.zsh
[1.220s] -- Up-to-date symlink: /home/dong/turtlebot4_ws/install/turtlebot4_setup/share/turtlebot4_setup/local_setup.dsv
[1.220s] -- Symlinking: /home/dong/turtlebot4_ws/install/turtlebot4_setup/share/turtlebot4_setup/package.dsv
[1.231s] -- Up-to-date symlink: /home/dong/turtlebot4_ws/install/turtlebot4_setup/share/ament_index/resource_index/packages/turtlebot4_setup
[1.231s] -- Up-to-date symlink: /home/dong/turtlebot4_ws/install/turtlebot4_setup/share/turtlebot4_setup/cmake/turtlebot4_setupConfig.cmake
[1.231s] -- Up-to-date symlink: /home/dong/turtlebot4_ws/install/turtlebot4_setup/share/turtlebot4_setup/cmake/turtlebot4_setupConfig-version.cmake
[1.231s] -- Up-to-date symlink: /home/dong/turtlebot4_ws/install/turtlebot4_setup/share/turtlebot4_setup/package.xml
[1.270s] Listing '/home/dong/turtlebot4_ws/install/turtlebot4_setup/local/lib/python3.10/dist-packages/turtlebot4_setup'...
[1.294s] Invoked command in '/home/dong/turtlebot4_ws/build/turtlebot4_setup' returned '0': CMAKE_PREFIX_PATH=${CMAKE_PREFIX_PATH}:/home/dong/turtlebot4_ws/install/turtlebot4_cmd_py:/home/dong/turtlebot4_ws/install/teleop_twist_keyboard:/opt/ros/humble /usr/bin/cmake --install /home/dong/turtlebot4_ws/build/turtlebot4_setup
