[0.809s] Invoking command in '/home/dong/turtlebot4_ws/build/turtlebot4_cmd_py': PYTHONPATH=/home/dong/turtlebot4_ws/build/turtlebot4_cmd_py/prefix_override:/home/dong/turtlebot4_ws/install/turtlebot4_cmd_py/lib/python3.10/site-packages:${PYTHONPATH} /usr/bin/python3 setup.py develop --editable --build-directory /home/dong/turtlebot4_ws/build/turtlebot4_cmd_py/build --no-deps install_data
[1.043s] running develop
[1.044s] /home/dong/.local/lib/python3.10/site-packages/setuptools/command/develop.py:39: EasyInstallDeprecationWarning: easy_install command is deprecated.
[1.044s] !!
[1.044s] 
[1.044s]         ********************************************************************************
[1.044s]         Please avoid running ``setup.py`` and ``easy_install``.
[1.044s]         Instead, use pypa/build, pypa/installer or other
[1.044s]         standards-based tools.
[1.044s] 
[1.044s]         See https://github.com/pypa/setuptools/issues/917 for details.
[1.044s]         ********************************************************************************
[1.044s] 
[1.044s] !!
[1.044s]   easy_install.initialize_options(self)
[1.068s] /home/dong/.local/lib/python3.10/site-packages/setuptools/_distutils/cmd.py:66: SetuptoolsDeprecationWarning: setup.py install is deprecated.
[1.069s] !!
[1.069s] 
[1.069s]         ********************************************************************************
[1.069s]         Please avoid running ``setup.py`` directly.
[1.069s]         Instead, use pypa/build, pypa/installer or other
[1.069s]         standards-based tools.
[1.069s] 
[1.069s]         See https://blog.ganssle.io/articles/2021/10/setup-py-deprecated.html for details.
[1.069s]         ********************************************************************************
[1.069s] 
[1.069s] !!
[1.069s]   self.initialize_options()
[1.213s] running egg_info
[1.225s] writing turtlebot4_cmd_py.egg-info/PKG-INFO
[1.225s] writing dependency_links to turtlebot4_cmd_py.egg-info/dependency_links.txt
[1.225s] writing entry points to turtlebot4_cmd_py.egg-info/entry_points.txt
[1.225s] writing requirements to turtlebot4_cmd_py.egg-info/requires.txt
[1.225s] writing top-level names to turtlebot4_cmd_py.egg-info/top_level.txt
[1.250s] reading manifest file 'turtlebot4_cmd_py.egg-info/SOURCES.txt'
[1.251s] writing manifest file 'turtlebot4_cmd_py.egg-info/SOURCES.txt'
[1.264s] running build_ext
[1.265s] Creating /home/dong/turtlebot4_ws/install/turtlebot4_cmd_py/lib/python3.10/site-packages/turtlebot4_cmd_py.egg-link (link to .)
[1.265s] Installing Turtlebot4Ctl script to /home/dong/turtlebot4_ws/install/turtlebot4_cmd_py/lib/turtlebot4_cmd_py
[1.266s] 
[1.266s] Installed /home/dong/turtlebot4_ws/build/turtlebot4_cmd_py
[1.266s] running install_data
[1.266s] copying resource/turtlebot4_cmd_py -> /home/dong/turtlebot4_ws/install/turtlebot4_cmd_py/share/ament_index/resource_index/packages
[1.266s] copying package.xml -> /home/dong/turtlebot4_ws/install/turtlebot4_cmd_py/share/turtlebot4_cmd_py
[1.288s] Invoked command in '/home/dong/turtlebot4_ws/build/turtlebot4_cmd_py' returned '0': PYTHONPATH=/home/dong/turtlebot4_ws/build/turtlebot4_cmd_py/prefix_override:/home/dong/turtlebot4_ws/install/turtlebot4_cmd_py/lib/python3.10/site-packages:${PYTHONPATH} /usr/bin/python3 setup.py develop --editable --build-directory /home/dong/turtlebot4_ws/build/turtlebot4_cmd_py/build --no-deps install_data
