[0.096s] Invoking command in '/home/dong/turtlebot4-ws/build/minibot_gazebo': AMENT_PREFIX_PATH=/home/dong/turtlebot4-ws/install/minibot_description:${AMENT_PREFIX_PATH} CMAKE_PREFIX_PATH=/home/dong/turtlebot4-ws/install/minibot_description:/home/dong/turtlebot4-ws/install/turtlebot4_setup:/home/dong/turtlebot4-ws/install/minibot_navigation2:/home/dong/turtlebot4-ws/install/minibot_controllers:/home/dong/turtlebot4-ws/install/minibot_interfaces:/home/dong/turtlebot4-ws/install/minibot_hardware_interface:/home/dong/turtlebot4-ws/install/minibot_bringup:/home/dong/turtlebot4-ws/install/minibot_gazebo:/home/dong/turtlebot4_ws/install/turtlebot4_setup:/home/dong/turtlebot4_ws/install/minibot_navigation2:/home/dong/turtlebot4_ws/install/minibot_controllers:/home/dong/turtlebot4_ws/install/minibot_interfaces:/home/dong/turtlebot4_ws/install/minibot_hardware_interface:/home/dong/turtlebot4_ws/install/minibot_bringup:/home/dong/turtlebot4_ws/install/minibot_gazebo:/home/dong/turtlebot4_ws/install/minibot_description:/home/dong/turtlebot4-ws/install/turtlebot4_cmd_py:/home/dong/turtlebot4-ws/install/teleop_twist_keyboard:/home/dong/turtlebot4_ws/install/turtlebot4_cmd_py:/home/dong/turtlebot4_ws/install/teleop_twist_keyboard:/opt/ros/humble /usr/bin/cmake /home/dong/turtlebot4-ws/src/pinklab_minibot_robot/minibot_gazebo -DAMENT_CMAKE_SYMLINK_INSTALL=1 -DCMAKE_INSTALL_PREFIX=/home/dong/turtlebot4-ws/install/minibot_gazebo
[0.264s] -- The C compiler identification is GNU 11.4.0
[0.265s] -- The CXX compiler identification is GNU 11.4.0
[0.265s] -- Detecting C compiler ABI info
[0.320s] -- Detecting C compiler ABI info - done
[0.328s] -- Check for working C compiler: /usr/bin/cc - skipped
[0.328s] -- Detecting C compile features
[0.329s] -- Detecting C compile features - done
[0.332s] -- Detecting CXX compiler ABI info
[0.411s] -- Detecting CXX compiler ABI info - done
[0.419s] -- Check for working CXX compiler: /usr/bin/c++ - skipped
[0.419s] -- Detecting CXX compile features
[0.419s] -- Detecting CXX compile features - done
[0.424s] -- Found ament_cmake: 1.3.7 (/opt/ros/humble/share/ament_cmake/cmake)
[0.841s] -- Found Python3: /usr/bin/python3.10 (found version "3.10.12") found components: Interpreter 
[0.924s] -- Override CMake install command with custom implementation using symlinks instead of copying resources
[0.972s] -- Found minibot_description: 0.0.0 (/home/dong/turtlebot4-ws/install/minibot_description/share/minibot_description/cmake)
[0.975s] -- Found ament_lint_auto: 0.12.10 (/opt/ros/humble/share/ament_lint_auto/cmake)
[1.125s] -- Added test 'copyright' to check source files copyright and LICENSE
[1.129s] -- Added test 'flake8' to check Python code syntax and style conventions
[1.130s] -- Added test 'lint_cmake' to check CMake code style
[1.131s] -- Added test 'pep257' to check Python code against some of the docstring style conventions in PEP 257
[1.133s] -- Added test 'xmllint' to check XML markup files
[1.135s] -- Configuring done
[1.138s] -- Generating done
[1.139s] -- Build files have been written to: /home/dong/turtlebot4-ws/build/minibot_gazebo
[1.215s] Invoked command in '/home/dong/turtlebot4-ws/build/minibot_gazebo' returned '0': AMENT_PREFIX_PATH=/home/dong/turtlebot4-ws/install/minibot_description:${AMENT_PREFIX_PATH} CMAKE_PREFIX_PATH=/home/dong/turtlebot4-ws/install/minibot_description:/home/dong/turtlebot4-ws/install/turtlebot4_setup:/home/dong/turtlebot4-ws/install/minibot_navigation2:/home/dong/turtlebot4-ws/install/minibot_controllers:/home/dong/turtlebot4-ws/install/minibot_interfaces:/home/dong/turtlebot4-ws/install/minibot_hardware_interface:/home/dong/turtlebot4-ws/install/minibot_bringup:/home/dong/turtlebot4-ws/install/minibot_gazebo:/home/dong/turtlebot4_ws/install/turtlebot4_setup:/home/dong/turtlebot4_ws/install/minibot_navigation2:/home/dong/turtlebot4_ws/install/minibot_controllers:/home/dong/turtlebot4_ws/install/minibot_interfaces:/home/dong/turtlebot4_ws/install/minibot_hardware_interface:/home/dong/turtlebot4_ws/install/minibot_bringup:/home/dong/turtlebot4_ws/install/minibot_gazebo:/home/dong/turtlebot4_ws/install/minibot_description:/home/dong/turtlebot4-ws/install/turtlebot4_cmd_py:/home/dong/turtlebot4-ws/install/teleop_twist_keyboard:/home/dong/turtlebot4_ws/install/turtlebot4_cmd_py:/home/dong/turtlebot4_ws/install/teleop_twist_keyboard:/opt/ros/humble /usr/bin/cmake /home/dong/turtlebot4-ws/src/pinklab_minibot_robot/minibot_gazebo -DAMENT_CMAKE_SYMLINK_INSTALL=1 -DCMAKE_INSTALL_PREFIX=/home/dong/turtlebot4-ws/install/minibot_gazebo
[1.216s] Invoking command in '/home/dong/turtlebot4-ws/build/minibot_gazebo': AMENT_PREFIX_PATH=/home/dong/turtlebot4-ws/install/minibot_description:${AMENT_PREFIX_PATH} CMAKE_PREFIX_PATH=/home/dong/turtlebot4-ws/install/minibot_description:/home/dong/turtlebot4-ws/install/turtlebot4_setup:/home/dong/turtlebot4-ws/install/minibot_navigation2:/home/dong/turtlebot4-ws/install/minibot_controllers:/home/dong/turtlebot4-ws/install/minibot_interfaces:/home/dong/turtlebot4-ws/install/minibot_hardware_interface:/home/dong/turtlebot4-ws/install/minibot_bringup:/home/dong/turtlebot4-ws/install/minibot_gazebo:/home/dong/turtlebot4_ws/install/turtlebot4_setup:/home/dong/turtlebot4_ws/install/minibot_navigation2:/home/dong/turtlebot4_ws/install/minibot_controllers:/home/dong/turtlebot4_ws/install/minibot_interfaces:/home/dong/turtlebot4_ws/install/minibot_hardware_interface:/home/dong/turtlebot4_ws/install/minibot_bringup:/home/dong/turtlebot4_ws/install/minibot_gazebo:/home/dong/turtlebot4_ws/install/minibot_description:/home/dong/turtlebot4-ws/install/turtlebot4_cmd_py:/home/dong/turtlebot4-ws/install/teleop_twist_keyboard:/home/dong/turtlebot4_ws/install/turtlebot4_cmd_py:/home/dong/turtlebot4_ws/install/teleop_twist_keyboard:/opt/ros/humble /usr/bin/cmake --build /home/dong/turtlebot4-ws/build/minibot_gazebo -- -j8 -l8
[1.263s] Invoked command in '/home/dong/turtlebot4-ws/build/minibot_gazebo' returned '0': AMENT_PREFIX_PATH=/home/dong/turtlebot4-ws/install/minibot_description:${AMENT_PREFIX_PATH} CMAKE_PREFIX_PATH=/home/dong/turtlebot4-ws/install/minibot_description:/home/dong/turtlebot4-ws/install/turtlebot4_setup:/home/dong/turtlebot4-ws/install/minibot_navigation2:/home/dong/turtlebot4-ws/install/minibot_controllers:/home/dong/turtlebot4-ws/install/minibot_interfaces:/home/dong/turtlebot4-ws/install/minibot_hardware_interface:/home/dong/turtlebot4-ws/install/minibot_bringup:/home/dong/turtlebot4-ws/install/minibot_gazebo:/home/dong/turtlebot4_ws/install/turtlebot4_setup:/home/dong/turtlebot4_ws/install/minibot_navigation2:/home/dong/turtlebot4_ws/install/minibot_controllers:/home/dong/turtlebot4_ws/install/minibot_interfaces:/home/dong/turtlebot4_ws/install/minibot_hardware_interface:/home/dong/turtlebot4_ws/install/minibot_bringup:/home/dong/turtlebot4_ws/install/minibot_gazebo:/home/dong/turtlebot4_ws/install/minibot_description:/home/dong/turtlebot4-ws/install/turtlebot4_cmd_py:/home/dong/turtlebot4-ws/install/teleop_twist_keyboard:/home/dong/turtlebot4_ws/install/turtlebot4_cmd_py:/home/dong/turtlebot4_ws/install/teleop_twist_keyboard:/opt/ros/humble /usr/bin/cmake --build /home/dong/turtlebot4-ws/build/minibot_gazebo -- -j8 -l8
[1.302s] Invoking command in '/home/dong/turtlebot4-ws/build/minibot_gazebo': AMENT_PREFIX_PATH=/home/dong/turtlebot4-ws/install/minibot_description:${AMENT_PREFIX_PATH} CMAKE_PREFIX_PATH=/home/dong/turtlebot4-ws/install/minibot_description:/home/dong/turtlebot4-ws/install/turtlebot4_setup:/home/dong/turtlebot4-ws/install/minibot_navigation2:/home/dong/turtlebot4-ws/install/minibot_controllers:/home/dong/turtlebot4-ws/install/minibot_interfaces:/home/dong/turtlebot4-ws/install/minibot_hardware_interface:/home/dong/turtlebot4-ws/install/minibot_bringup:/home/dong/turtlebot4-ws/install/minibot_gazebo:/home/dong/turtlebot4_ws/install/turtlebot4_setup:/home/dong/turtlebot4_ws/install/minibot_navigation2:/home/dong/turtlebot4_ws/install/minibot_controllers:/home/dong/turtlebot4_ws/install/minibot_interfaces:/home/dong/turtlebot4_ws/install/minibot_hardware_interface:/home/dong/turtlebot4_ws/install/minibot_bringup:/home/dong/turtlebot4_ws/install/minibot_gazebo:/home/dong/turtlebot4_ws/install/minibot_description:/home/dong/turtlebot4-ws/install/turtlebot4_cmd_py:/home/dong/turtlebot4-ws/install/teleop_twist_keyboard:/home/dong/turtlebot4_ws/install/turtlebot4_cmd_py:/home/dong/turtlebot4_ws/install/teleop_twist_keyboard:/opt/ros/humble /usr/bin/cmake --install /home/dong/turtlebot4-ws/build/minibot_gazebo
[1.315s] -- Install configuration: ""
[1.315s] -- Execute custom install script
[1.316s] -- Symlinking: /home/dong/turtlebot4-ws/install/minibot_gazebo/share/minibot_gazebo/launch/bringup_gazebo.launch.py
[1.325s] -- Symlinking: /home/dong/turtlebot4-ws/install/minibot_gazebo/share/minibot_gazebo/worlds/empty.world
[1.336s] -- Symlinking: /home/dong/turtlebot4-ws/install/minibot_gazebo/share/minibot_gazebo/worlds/simple_building.world
[1.348s] -- Symlinking: /home/dong/turtlebot4-ws/install/minibot_gazebo/share/minibot_gazebo/worlds/turtlebot3_world.world
[1.362s] -- Symlinking: /home/dong/turtlebot4-ws/install/minibot_gazebo/share/minibot_gazebo/models/.empty
[1.375s] -- Symlinking: /home/dong/turtlebot4-ws/install/minibot_gazebo/share/minibot_gazebo/models/simple_building/model.config
[1.386s] -- Symlinking: /home/dong/turtlebot4-ws/install/minibot_gazebo/share/minibot_gazebo/models/simple_building/model.sdf
[1.399s] -- Symlinking: /home/dong/turtlebot4-ws/install/minibot_gazebo/share/minibot_gazebo/models/turtlebot3_world/meshes/hexagon.dae
[1.412s] -- Symlinking: /home/dong/turtlebot4-ws/install/minibot_gazebo/share/minibot_gazebo/models/turtlebot3_world/meshes/wall.dae
[1.423s] -- Symlinking: /home/dong/turtlebot4-ws/install/minibot_gazebo/share/minibot_gazebo/models/turtlebot3_world/model-1_4.sdf
[1.435s] -- Symlinking: /home/dong/turtlebot4-ws/install/minibot_gazebo/share/minibot_gazebo/models/turtlebot3_world/model.config
[1.448s] -- Symlinking: /home/dong/turtlebot4-ws/install/minibot_gazebo/share/minibot_gazebo/models/turtlebot3_world/model.sdf
[1.462s] -- Symlinking: /home/dong/turtlebot4-ws/install/minibot_gazebo/share/ament_index/resource_index/package_run_dependencies/minibot_gazebo
[1.477s] -- Symlinking: /home/dong/turtlebot4-ws/install/minibot_gazebo/share/ament_index/resource_index/parent_prefix_path/minibot_gazebo
[1.489s] -- Symlinking: /home/dong/turtlebot4-ws/install/minibot_gazebo/share/minibot_gazebo/environment/ament_prefix_path.sh
[1.517s] -- Symlinking: /home/dong/turtlebot4-ws/install/minibot_gazebo/share/minibot_gazebo/environment/ament_prefix_path.dsv
[1.538s] -- Symlinking: /home/dong/turtlebot4-ws/install/minibot_gazebo/share/minibot_gazebo/environment/path.sh
[1.550s] -- Symlinking: /home/dong/turtlebot4-ws/install/minibot_gazebo/share/minibot_gazebo/environment/path.dsv
[1.563s] -- Symlinking: /home/dong/turtlebot4-ws/install/minibot_gazebo/share/minibot_gazebo/local_setup.bash
[1.595s] -- Symlinking: /home/dong/turtlebot4-ws/install/minibot_gazebo/share/minibot_gazebo/local_setup.sh
[1.625s] -- Symlinking: /home/dong/turtlebot4-ws/install/minibot_gazebo/share/minibot_gazebo/local_setup.zsh
[1.643s] -- Symlinking: /home/dong/turtlebot4-ws/install/minibot_gazebo/share/minibot_gazebo/local_setup.dsv
[1.669s] -- Symlinking: /home/dong/turtlebot4-ws/install/minibot_gazebo/share/minibot_gazebo/package.dsv
[1.682s] -- Symlinking: /home/dong/turtlebot4-ws/install/minibot_gazebo/share/ament_index/resource_index/packages/minibot_gazebo
[1.694s] -- Symlinking: /home/dong/turtlebot4-ws/install/minibot_gazebo/share/minibot_gazebo/cmake/minibot_gazeboConfig.cmake
[1.704s] -- Symlinking: /home/dong/turtlebot4-ws/install/minibot_gazebo/share/minibot_gazebo/cmake/minibot_gazeboConfig-version.cmake
[1.715s] -- Symlinking: /home/dong/turtlebot4-ws/install/minibot_gazebo/share/minibot_gazebo/package.xml
[1.731s] Invoked command in '/home/dong/turtlebot4-ws/build/minibot_gazebo' returned '0': AMENT_PREFIX_PATH=/home/dong/turtlebot4-ws/install/minibot_description:${AMENT_PREFIX_PATH} CMAKE_PREFIX_PATH=/home/dong/turtlebot4-ws/install/minibot_description:/home/dong/turtlebot4-ws/install/turtlebot4_setup:/home/dong/turtlebot4-ws/install/minibot_navigation2:/home/dong/turtlebot4-ws/install/minibot_controllers:/home/dong/turtlebot4-ws/install/minibot_interfaces:/home/dong/turtlebot4-ws/install/minibot_hardware_interface:/home/dong/turtlebot4-ws/install/minibot_bringup:/home/dong/turtlebot4-ws/install/minibot_gazebo:/home/dong/turtlebot4_ws/install/turtlebot4_setup:/home/dong/turtlebot4_ws/install/minibot_navigation2:/home/dong/turtlebot4_ws/install/minibot_controllers:/home/dong/turtlebot4_ws/install/minibot_interfaces:/home/dong/turtlebot4_ws/install/minibot_hardware_interface:/home/dong/turtlebot4_ws/install/minibot_bringup:/home/dong/turtlebot4_ws/install/minibot_gazebo:/home/dong/turtlebot4_ws/install/minibot_description:/home/dong/turtlebot4-ws/install/turtlebot4_cmd_py:/home/dong/turtlebot4-ws/install/teleop_twist_keyboard:/home/dong/turtlebot4_ws/install/turtlebot4_cmd_py:/home/dong/turtlebot4_ws/install/teleop_twist_keyboard:/opt/ros/humble /usr/bin/cmake --install /home/dong/turtlebot4-ws/build/minibot_gazebo
