[0.466s] Invoking command in '/home/dong/turtlebot4-ws/build/turtlebot4_setup': CMAKE_PREFIX_PATH=/opt/ros/humble /usr/bin/cmake /home/dong/turtlebot4-ws/src/turtlebot4_setup -DAMENT_CMAKE_SYMLINK_INSTALL=1 -DCMAKE_INSTALL_PREFIX=/home/dong/turtlebot4-ws/install/turtlebot4_setup
[0.520s] -- The C compiler identification is GNU 11.4.0
[0.587s] -- The CXX compiler identification is GNU 11.4.0
[0.595s] -- Detecting C compiler ABI info
[0.674s] -- Detecting C compiler ABI info - done
[0.684s] -- Check for working C compiler: /usr/bin/cc - skipped
[0.685s] -- Detecting C compile features
[0.685s] -- Detecting C compile features - done
[0.689s] -- Detecting CXX compiler ABI info
[0.781s] -- Detecting CXX compiler ABI info - done
[0.791s] -- Check for working CXX compiler: /usr/bin/c++ - skipped
[0.791s] -- Detecting CXX compile features
[0.792s] -- Detecting CXX compile features - done
[0.794s] -- Found ament_cmake: 1.3.7 (/opt/ros/humble/share/ament_cmake/cmake)
[1.152s] -- Found Python3: /usr/bin/python3.10 (found version "3.10.12") found components: Interpreter 
[1.195s] -- Override CMake install command with custom implementation using symlinks instead of copying resources
[1.279s] -- Found ament_lint_auto: 0.12.10 (/opt/ros/humble/share/ament_lint_auto/cmake)
[1.344s] -- Added test 'copyright' to check source files copyright and LICENSE
[1.354s] -- Added test 'flake8' to check Python code syntax and style conventions
[1.355s] -- Added test 'lint_cmake' to check CMake code style
[1.355s] -- Added test 'pep257' to check Python code against some of the docstring style conventions in PEP 257
[1.358s] -- Added test 'xmllint' to check XML markup files
[1.358s] -- Configuring done
[1.361s] -- Generating done
[1.361s] -- Build files have been written to: /home/dong/turtlebot4-ws/build/turtlebot4_setup
