[0.738s] Invoking command in '/home/dong/turtlebot4_project/build/turtlebot4_cmd_py': PYTHONPATH=/home/dong/turtlebot4_project/build/turtlebot4_cmd_py/prefix_override:/home/dong/turtlebot4_project/install/turtlebot4_cmd_py/lib/python3.10/site-packages:${PYTHONPATH} /usr/bin/python3 setup.py develop --editable --build-directory /home/dong/turtlebot4_project/build/turtlebot4_cmd_py/build --no-deps install_data
[0.958s] running develop
[0.958s] /home/dong/.local/lib/python3.10/site-packages/setuptools/command/develop.py:39: EasyInstallDeprecationWarning: easy_install command is deprecated.
[0.958s] !!
[0.958s] 
[0.958s]         ********************************************************************************
[0.958s]         Please avoid running ``setup.py`` and ``easy_install``.
[0.958s]         Instead, use pypa/build, pypa/installer or other
[0.958s]         standards-based tools.
[0.958s] 
[0.958s]         See https://github.com/pypa/setuptools/issues/917 for details.
[0.958s]         ********************************************************************************
[0.958s] 
[0.958s] !!
[0.958s]   easy_install.initialize_options(self)
[0.979s] /home/dong/.local/lib/python3.10/site-packages/setuptools/_distutils/cmd.py:66: SetuptoolsDeprecationWarning: setup.py install is deprecated.
[0.980s] !!
[0.980s] 
[0.980s]         ********************************************************************************
[0.980s]         Please avoid running ``setup.py`` directly.
[0.980s]         Instead, use pypa/build, pypa/installer or other
[0.980s]         standards-based tools.
[0.980s] 
[0.980s]         See https://blog.ganssle.io/articles/2021/10/setup-py-deprecated.html for details.
[0.980s]         ********************************************************************************
[0.980s] 
[0.980s] !!
[0.980s]   self.initialize_options()
[1.101s] running egg_info
[1.101s] creating turtlebot4_cmd_py.egg-info
[1.111s] writing turtlebot4_cmd_py.egg-info/PKG-INFO
[1.111s] writing dependency_links to turtlebot4_cmd_py.egg-info/dependency_links.txt
[1.111s] writing entry points to turtlebot4_cmd_py.egg-info/entry_points.txt
[1.111s] writing requirements to turtlebot4_cmd_py.egg-info/requires.txt
[1.111s] writing top-level names to turtlebot4_cmd_py.egg-info/top_level.txt
[1.112s] writing manifest file 'turtlebot4_cmd_py.egg-info/SOURCES.txt'
[1.134s] reading manifest file 'turtlebot4_cmd_py.egg-info/SOURCES.txt'
[1.135s] writing manifest file 'turtlebot4_cmd_py.egg-info/SOURCES.txt'
[1.148s] running build_ext
[1.148s] Creating /home/dong/turtlebot4_project/install/turtlebot4_cmd_py/lib/python3.10/site-packages/turtlebot4_cmd_py.egg-link (link to .)
[1.149s] Installing Turtlebot4Ctl script to /home/dong/turtlebot4_project/install/turtlebot4_cmd_py/lib/turtlebot4_cmd_py
[1.149s] Installing pub script to /home/dong/turtlebot4_project/install/turtlebot4_cmd_py/lib/turtlebot4_cmd_py
[1.149s] Installing sub script to /home/dong/turtlebot4_project/install/turtlebot4_cmd_py/lib/turtlebot4_cmd_py
[1.149s] Installing test script to /home/dong/turtlebot4_project/install/turtlebot4_cmd_py/lib/turtlebot4_cmd_py
[1.149s] Installing test1 script to /home/dong/turtlebot4_project/install/turtlebot4_cmd_py/lib/turtlebot4_cmd_py
[1.149s] Installing test2 script to /home/dong/turtlebot4_project/install/turtlebot4_cmd_py/lib/turtlebot4_cmd_py
[1.149s] 
[1.149s] Installed /home/dong/turtlebot4_project/build/turtlebot4_cmd_py
[1.149s] running install_data
[1.150s] creating /home/dong/turtlebot4_project/install/turtlebot4_cmd_py/share/ament_index
[1.150s] creating /home/dong/turtlebot4_project/install/turtlebot4_cmd_py/share/ament_index/resource_index
[1.150s] creating /home/dong/turtlebot4_project/install/turtlebot4_cmd_py/share/ament_index/resource_index/packages
[1.150s] copying resource/turtlebot4_cmd_py -> /home/dong/turtlebot4_project/install/turtlebot4_cmd_py/share/ament_index/resource_index/packages
[1.150s] copying package.xml -> /home/dong/turtlebot4_project/install/turtlebot4_cmd_py/share/turtlebot4_cmd_py
[1.150s] copying launch/turtlebot4_launch.launch.py -> /home/dong/turtlebot4_project/install/turtlebot4_cmd_py/share/turtlebot4_cmd_py
[1.189s] Invoked command in '/home/dong/turtlebot4_project/build/turtlebot4_cmd_py' returned '0': PYTHONPATH=/home/dong/turtlebot4_project/build/turtlebot4_cmd_py/prefix_override:/home/dong/turtlebot4_project/install/turtlebot4_cmd_py/lib/python3.10/site-packages:${PYTHONPATH} /usr/bin/python3 setup.py develop --editable --build-directory /home/dong/turtlebot4_project/build/turtlebot4_cmd_py/build --no-deps install_data
