[0.599s] DEBUG:colcon:Command line arguments: ['/usr/bin/colcon', 'build', '--symlink-install']
[0.600s] DEBUG:colcon:Parsed command line arguments: Namespace(log_base=None, log_level=None, verb_name='build', build_base='build', install_base='install', merge_install=False, symlink_install=True, test_result_base=None, continue_on_error=False, executor='parallel', parallel_workers=8, event_handlers=None, ignore_user_meta=False, metas=['./colcon.meta'], base_paths=['.'], packages_ignore=None, packages_ignore_regex=None, paths=None, packages_up_to=None, packages_up_to_regex=None, packages_above=None, packages_above_and_dependencies=None, packages_above_depth=None, packages_select_by_dep=None, packages_skip_by_dep=None, packages_skip_up_to=None, packages_select_build_failed=False, packages_skip_build_finished=False, packages_select_test_failures=False, packages_skip_test_passed=False, packages_select=None, packages_skip=None, packages_select_regex=None, packages_skip_regex=None, packages_start=None, packages_end=None, allow_overriding=[], cmake_args=None, cmake_target=None, cmake_target_skip_unavailable=False, cmake_clean_cache=False, cmake_clean_first=False, cmake_force_configure=False, ament_cmake_args=None, catkin_cmake_args=None, catkin_skip_building_tests=False, verb_parser=<colcon_defaults.argument_parser.defaults.DefaultArgumentsDecorator object at 0x7f93c211fa60>, verb_extension=<colcon_core.verb.build.BuildVerb object at 0x7f93c24f7010>, main=<bound method BuildVerb.main of <colcon_core.verb.build.BuildVerb object at 0x7f93c24f7010>>)
[0.635s] Level 1:colcon.colcon_core.package_discovery:discover_packages(colcon_meta) check parameters
[0.635s] Level 1:colcon.colcon_core.package_discovery:discover_packages(recursive) check parameters
[0.635s] Level 1:colcon.colcon_core.package_discovery:discover_packages(ignore) check parameters
[0.635s] Level 1:colcon.colcon_core.package_discovery:discover_packages(path) check parameters
[0.635s] Level 1:colcon.colcon_core.package_discovery:discover_packages(colcon_meta) discover
[0.635s] Level 1:colcon.colcon_core.package_discovery:discover_packages(recursive) discover
[0.635s] INFO:colcon.colcon_core.package_discovery:Crawling recursively for packages in '/home/dong/turtlebot4_project'
[0.635s] Level 1:colcon.colcon_core.package_identification:_identify(.) by extensions ['ignore', 'ignore_ament_install']
[0.635s] Level 1:colcon.colcon_core.package_identification:_identify(.) by extension 'ignore'
[0.635s] Level 1:colcon.colcon_core.package_identification:_identify(.) by extension 'ignore_ament_install'
[0.636s] Level 1:colcon.colcon_core.package_identification:_identify(.) by extensions ['colcon_pkg']
[0.636s] Level 1:colcon.colcon_core.package_identification:_identify(.) by extension 'colcon_pkg'
[0.636s] Level 1:colcon.colcon_core.package_identification:_identify(.) by extensions ['colcon_meta']
[0.636s] Level 1:colcon.colcon_core.package_identification:_identify(.) by extension 'colcon_meta'
[0.636s] Level 1:colcon.colcon_core.package_identification:_identify(.) by extensions ['ros']
[0.636s] Level 1:colcon.colcon_core.package_identification:_identify(.) by extension 'ros'
[0.651s] Level 1:colcon.colcon_core.package_identification:_identify(.) by extensions ['cmake', 'python']
[0.651s] Level 1:colcon.colcon_core.package_identification:_identify(.) by extension 'cmake'
[0.651s] Level 1:colcon.colcon_core.package_identification:_identify(.) by extension 'python'
[0.652s] Level 1:colcon.colcon_core.package_identification:_identify(.) by extensions ['python_setup_py']
[0.652s] Level 1:colcon.colcon_core.package_identification:_identify(.) by extension 'python_setup_py'
[0.652s] Level 1:colcon.colcon_core.package_identification:_identify(build) by extensions ['ignore', 'ignore_ament_install']
[0.652s] Level 1:colcon.colcon_core.package_identification:_identify(build) by extension 'ignore'
[0.652s] Level 1:colcon.colcon_core.package_identification:_identify(build) ignored
[0.652s] Level 1:colcon.colcon_core.package_identification:_identify(install) by extensions ['ignore', 'ignore_ament_install']
[0.652s] Level 1:colcon.colcon_core.package_identification:_identify(install) by extension 'ignore'
[0.652s] Level 1:colcon.colcon_core.package_identification:_identify(install) ignored
[0.652s] Level 1:colcon.colcon_core.package_identification:_identify(log) by extensions ['ignore', 'ignore_ament_install']
[0.652s] Level 1:colcon.colcon_core.package_identification:_identify(log) by extension 'ignore'
[0.652s] Level 1:colcon.colcon_core.package_identification:_identify(log) ignored
[0.652s] Level 1:colcon.colcon_core.package_identification:_identify(turtlebot4-ws) by extensions ['ignore', 'ignore_ament_install']
[0.652s] Level 1:colcon.colcon_core.package_identification:_identify(turtlebot4-ws) by extension 'ignore'
[0.652s] Level 1:colcon.colcon_core.package_identification:_identify(turtlebot4-ws) by extension 'ignore_ament_install'
[0.652s] Level 1:colcon.colcon_core.package_identification:_identify(turtlebot4-ws) by extensions ['colcon_pkg']
[0.652s] Level 1:colcon.colcon_core.package_identification:_identify(turtlebot4-ws) by extension 'colcon_pkg'
[0.652s] Level 1:colcon.colcon_core.package_identification:_identify(turtlebot4-ws) by extensions ['colcon_meta']
[0.652s] Level 1:colcon.colcon_core.package_identification:_identify(turtlebot4-ws) by extension 'colcon_meta'
[0.652s] Level 1:colcon.colcon_core.package_identification:_identify(turtlebot4-ws) by extensions ['ros']
[0.652s] Level 1:colcon.colcon_core.package_identification:_identify(turtlebot4-ws) by extension 'ros'
[0.652s] Level 1:colcon.colcon_core.package_identification:_identify(turtlebot4-ws) by extensions ['cmake', 'python']
[0.652s] Level 1:colcon.colcon_core.package_identification:_identify(turtlebot4-ws) by extension 'cmake'
[0.652s] Level 1:colcon.colcon_core.package_identification:_identify(turtlebot4-ws) by extension 'python'
[0.652s] Level 1:colcon.colcon_core.package_identification:_identify(turtlebot4-ws) by extensions ['python_setup_py']
[0.652s] Level 1:colcon.colcon_core.package_identification:_identify(turtlebot4-ws) by extension 'python_setup_py'
[0.653s] Level 1:colcon.colcon_core.package_identification:_identify(turtlebot4-ws/build) by extensions ['ignore', 'ignore_ament_install']
[0.653s] Level 1:colcon.colcon_core.package_identification:_identify(turtlebot4-ws/build) by extension 'ignore'
[0.653s] Level 1:colcon.colcon_core.package_identification:_identify(turtlebot4-ws/build) ignored
[0.653s] Level 1:colcon.colcon_core.package_identification:_identify(turtlebot4-ws/install) by extensions ['ignore', 'ignore_ament_install']
[0.653s] Level 1:colcon.colcon_core.package_identification:_identify(turtlebot4-ws/install) by extension 'ignore'
[0.653s] Level 1:colcon.colcon_core.package_identification:_identify(turtlebot4-ws/install) ignored
[0.653s] Level 1:colcon.colcon_core.package_identification:_identify(turtlebot4-ws/log) by extensions ['ignore', 'ignore_ament_install']
[0.653s] Level 1:colcon.colcon_core.package_identification:_identify(turtlebot4-ws/log) by extension 'ignore'
[0.653s] Level 1:colcon.colcon_core.package_identification:_identify(turtlebot4-ws/log) ignored
[0.653s] Level 1:colcon.colcon_core.package_identification:_identify(turtlebot4-ws/src) by extensions ['ignore', 'ignore_ament_install']
[0.653s] Level 1:colcon.colcon_core.package_identification:_identify(turtlebot4-ws/src) by extension 'ignore'
[0.653s] Level 1:colcon.colcon_core.package_identification:_identify(turtlebot4-ws/src) by extension 'ignore_ament_install'
[0.653s] Level 1:colcon.colcon_core.package_identification:_identify(turtlebot4-ws/src) by extensions ['colcon_pkg']
[0.653s] Level 1:colcon.colcon_core.package_identification:_identify(turtlebot4-ws/src) by extension 'colcon_pkg'
[0.653s] Level 1:colcon.colcon_core.package_identification:_identify(turtlebot4-ws/src) by extensions ['colcon_meta']
[0.653s] Level 1:colcon.colcon_core.package_identification:_identify(turtlebot4-ws/src) by extension 'colcon_meta'
[0.653s] Level 1:colcon.colcon_core.package_identification:_identify(turtlebot4-ws/src) by extensions ['ros']
[0.653s] Level 1:colcon.colcon_core.package_identification:_identify(turtlebot4-ws/src) by extension 'ros'
[0.653s] Level 1:colcon.colcon_core.package_identification:_identify(turtlebot4-ws/src) by extensions ['cmake', 'python']
[0.653s] Level 1:colcon.colcon_core.package_identification:_identify(turtlebot4-ws/src) by extension 'cmake'
[0.653s] Level 1:colcon.colcon_core.package_identification:_identify(turtlebot4-ws/src) by extension 'python'
[0.653s] Level 1:colcon.colcon_core.package_identification:_identify(turtlebot4-ws/src) by extensions ['python_setup_py']
[0.653s] Level 1:colcon.colcon_core.package_identification:_identify(turtlebot4-ws/src) by extension 'python_setup_py'
[0.653s] Level 1:colcon.colcon_core.package_identification:_identify(turtlebot4-ws/src/turtlebot4_cmd_py) by extensions ['ignore', 'ignore_ament_install']
[0.653s] Level 1:colcon.colcon_core.package_identification:_identify(turtlebot4-ws/src/turtlebot4_cmd_py) by extension 'ignore'
[0.653s] Level 1:colcon.colcon_core.package_identification:_identify(turtlebot4-ws/src/turtlebot4_cmd_py) by extension 'ignore_ament_install'
[0.653s] Level 1:colcon.colcon_core.package_identification:_identify(turtlebot4-ws/src/turtlebot4_cmd_py) by extensions ['colcon_pkg']
[0.653s] Level 1:colcon.colcon_core.package_identification:_identify(turtlebot4-ws/src/turtlebot4_cmd_py) by extension 'colcon_pkg'
[0.654s] Level 1:colcon.colcon_core.package_identification:_identify(turtlebot4-ws/src/turtlebot4_cmd_py) by extensions ['colcon_meta']
[0.654s] Level 1:colcon.colcon_core.package_identification:_identify(turtlebot4-ws/src/turtlebot4_cmd_py) by extension 'colcon_meta'
[0.654s] Level 1:colcon.colcon_core.package_identification:_identify(turtlebot4-ws/src/turtlebot4_cmd_py) by extensions ['ros']
[0.654s] Level 1:colcon.colcon_core.package_identification:_identify(turtlebot4-ws/src/turtlebot4_cmd_py) by extension 'ros'
[0.655s] DEBUG:colcon.colcon_core.package_identification:Package 'turtlebot4-ws/src/turtlebot4_cmd_py' with type 'ros.ament_python' and name 'turtlebot4_cmd_py'
[0.655s] Level 1:colcon.colcon_core.package_identification:_identify(turtlebot4-ws/src/turtlebot4_path_planning) by extensions ['ignore', 'ignore_ament_install']
[0.655s] Level 1:colcon.colcon_core.package_identification:_identify(turtlebot4-ws/src/turtlebot4_path_planning) by extension 'ignore'
[0.655s] Level 1:colcon.colcon_core.package_identification:_identify(turtlebot4-ws/src/turtlebot4_path_planning) by extension 'ignore_ament_install'
[0.655s] Level 1:colcon.colcon_core.package_identification:_identify(turtlebot4-ws/src/turtlebot4_path_planning) by extensions ['colcon_pkg']
[0.655s] Level 1:colcon.colcon_core.package_identification:_identify(turtlebot4-ws/src/turtlebot4_path_planning) by extension 'colcon_pkg'
[0.655s] Level 1:colcon.colcon_core.package_identification:_identify(turtlebot4-ws/src/turtlebot4_path_planning) by extensions ['colcon_meta']
[0.655s] Level 1:colcon.colcon_core.package_identification:_identify(turtlebot4-ws/src/turtlebot4_path_planning) by extension 'colcon_meta'
[0.655s] Level 1:colcon.colcon_core.package_identification:_identify(turtlebot4-ws/src/turtlebot4_path_planning) by extensions ['ros']
[0.655s] Level 1:colcon.colcon_core.package_identification:_identify(turtlebot4-ws/src/turtlebot4_path_planning) by extension 'ros'
[0.656s] DEBUG:colcon.colcon_core.package_identification:Package 'turtlebot4-ws/src/turtlebot4_path_planning' with type 'ros.ament_python' and name 'turtlebot4_path_planning'
[0.656s] Level 1:colcon.colcon_core.package_discovery:discover_packages(recursive) using defaults
[0.656s] Level 1:colcon.colcon_core.package_discovery:discover_packages(ignore) discover
[0.656s] Level 1:colcon.colcon_core.package_discovery:discover_packages(ignore) using defaults
[0.656s] Level 1:colcon.colcon_core.package_discovery:discover_packages(path) discover
[0.656s] Level 1:colcon.colcon_core.package_discovery:discover_packages(path) using defaults
[0.713s] Level 1:colcon.colcon_core.package_discovery:discover_packages(prefix_path) check parameters
[0.713s] Level 1:colcon.colcon_core.package_discovery:discover_packages(prefix_path) discover
[0.731s] DEBUG:colcon.colcon_installed_package_information.package_discovery:Found 270 installed packages in /opt/ros/humble
[0.732s] Level 1:colcon.colcon_core.package_discovery:discover_packages(prefix_path) using defaults
[0.777s] Level 5:colcon.colcon_core.verb:set package 'turtlebot4_cmd_py' build argument 'cmake_args' from command line to 'None'
[0.777s] Level 5:colcon.colcon_core.verb:set package 'turtlebot4_cmd_py' build argument 'cmake_target' from command line to 'None'
[0.777s] Level 5:colcon.colcon_core.verb:set package 'turtlebot4_cmd_py' build argument 'cmake_target_skip_unavailable' from command line to 'False'
[0.777s] Level 5:colcon.colcon_core.verb:set package 'turtlebot4_cmd_py' build argument 'cmake_clean_cache' from command line to 'False'
[0.777s] Level 5:colcon.colcon_core.verb:set package 'turtlebot4_cmd_py' build argument 'cmake_clean_first' from command line to 'False'
[0.777s] Level 5:colcon.colcon_core.verb:set package 'turtlebot4_cmd_py' build argument 'cmake_force_configure' from command line to 'False'
[0.777s] Level 5:colcon.colcon_core.verb:set package 'turtlebot4_cmd_py' build argument 'ament_cmake_args' from command line to 'None'
[0.777s] Level 5:colcon.colcon_core.verb:set package 'turtlebot4_cmd_py' build argument 'catkin_cmake_args' from command line to 'None'
[0.777s] Level 5:colcon.colcon_core.verb:set package 'turtlebot4_cmd_py' build argument 'catkin_skip_building_tests' from command line to 'False'
[0.777s] DEBUG:colcon.colcon_core.verb:Building package 'turtlebot4_cmd_py' with the following arguments: {'ament_cmake_args': None, 'build_base': '/home/dong/turtlebot4_project/build/turtlebot4_cmd_py', 'catkin_cmake_args': None, 'catkin_skip_building_tests': False, 'cmake_args': None, 'cmake_clean_cache': False, 'cmake_clean_first': False, 'cmake_force_configure': False, 'cmake_target': None, 'cmake_target_skip_unavailable': False, 'install_base': '/home/dong/turtlebot4_project/install/turtlebot4_cmd_py', 'merge_install': False, 'path': '/home/dong/turtlebot4_project/turtlebot4-ws/src/turtlebot4_cmd_py', 'symlink_install': True, 'test_result_base': None}
[0.795s] Level 5:colcon.colcon_core.verb:set package 'turtlebot4_path_planning' build argument 'cmake_args' from command line to 'None'
[0.795s] Level 5:colcon.colcon_core.verb:set package 'turtlebot4_path_planning' build argument 'cmake_target' from command line to 'None'
[0.795s] Level 5:colcon.colcon_core.verb:set package 'turtlebot4_path_planning' build argument 'cmake_target_skip_unavailable' from command line to 'False'
[0.795s] Level 5:colcon.colcon_core.verb:set package 'turtlebot4_path_planning' build argument 'cmake_clean_cache' from command line to 'False'
[0.795s] Level 5:colcon.colcon_core.verb:set package 'turtlebot4_path_planning' build argument 'cmake_clean_first' from command line to 'False'
[0.795s] Level 5:colcon.colcon_core.verb:set package 'turtlebot4_path_planning' build argument 'cmake_force_configure' from command line to 'False'
[0.795s] Level 5:colcon.colcon_core.verb:set package 'turtlebot4_path_planning' build argument 'ament_cmake_args' from command line to 'None'
[0.795s] Level 5:colcon.colcon_core.verb:set package 'turtlebot4_path_planning' build argument 'catkin_cmake_args' from command line to 'None'
[0.795s] Level 5:colcon.colcon_core.verb:set package 'turtlebot4_path_planning' build argument 'catkin_skip_building_tests' from command line to 'False'
[0.795s] DEBUG:colcon.colcon_core.verb:Building package 'turtlebot4_path_planning' with the following arguments: {'ament_cmake_args': None, 'build_base': '/home/dong/turtlebot4_project/build/turtlebot4_path_planning', 'catkin_cmake_args': None, 'catkin_skip_building_tests': False, 'cmake_args': None, 'cmake_clean_cache': False, 'cmake_clean_first': False, 'cmake_force_configure': False, 'cmake_target': None, 'cmake_target_skip_unavailable': False, 'install_base': '/home/dong/turtlebot4_project/install/turtlebot4_path_planning', 'merge_install': False, 'path': '/home/dong/turtlebot4_project/turtlebot4-ws/src/turtlebot4_path_planning', 'symlink_install': True, 'test_result_base': None}
[0.804s] INFO:colcon.colcon_core.executor:Executing jobs using 'parallel' executor
[0.814s] DEBUG:colcon.colcon_parallel_executor.executor.parallel:run_until_complete
[0.814s] INFO:colcon.colcon_ros.task.ament_python.build:Building ROS package in '/home/dong/turtlebot4_project/turtlebot4-ws/src/turtlebot4_cmd_py' with build type 'ament_python'
[0.814s] Level 1:colcon.colcon_core.shell:create_environment_hook('turtlebot4_cmd_py', 'ament_prefix_path')
[0.824s] INFO:colcon.colcon_core.plugin_system:Skipping extension 'colcon_core.shell.bat': Not used on non-Windows systems
[0.824s] INFO:colcon.colcon_core.shell:Creating environment hook '/home/dong/turtlebot4_project/install/turtlebot4_cmd_py/share/turtlebot4_cmd_py/hook/ament_prefix_path.ps1'
[0.824s] INFO:colcon.colcon_core.shell:Creating environment descriptor '/home/dong/turtlebot4_project/install/turtlebot4_cmd_py/share/turtlebot4_cmd_py/hook/ament_prefix_path.dsv'
[0.825s] INFO:colcon.colcon_core.shell:Creating environment hook '/home/dong/turtlebot4_project/install/turtlebot4_cmd_py/share/turtlebot4_cmd_py/hook/ament_prefix_path.sh'
[0.834s] INFO:colcon.colcon_core.shell:Skip shell extension 'powershell' for command environment: Not usable outside of PowerShell
[0.834s] DEBUG:colcon.colcon_core.shell:Skip shell extension 'dsv' for command environment
[0.855s] INFO:colcon.colcon_ros.task.ament_python.build:Building ROS package in '/home/dong/turtlebot4_project/turtlebot4-ws/src/turtlebot4_path_planning' with build type 'ament_python'
[0.855s] Level 1:colcon.colcon_core.shell:create_environment_hook('turtlebot4_path_planning', 'ament_prefix_path')
[0.865s] INFO:colcon.colcon_core.shell:Creating environment hook '/home/dong/turtlebot4_project/install/turtlebot4_path_planning/share/turtlebot4_path_planning/hook/ament_prefix_path.ps1'
[0.865s] INFO:colcon.colcon_core.shell:Creating environment descriptor '/home/dong/turtlebot4_project/install/turtlebot4_path_planning/share/turtlebot4_path_planning/hook/ament_prefix_path.dsv'
[0.865s] INFO:colcon.colcon_core.shell:Creating environment hook '/home/dong/turtlebot4_project/install/turtlebot4_path_planning/share/turtlebot4_path_planning/hook/ament_prefix_path.sh'
[0.876s] INFO:colcon.colcon_core.shell:Skip shell extension 'powershell' for command environment: Not usable outside of PowerShell
[0.876s] DEBUG:colcon.colcon_core.shell:Skip shell extension 'dsv' for command environment
[1.020s] INFO:colcon.colcon_core.task.python.build:Building Python package in '/home/dong/turtlebot4_project/turtlebot4-ws/src/turtlebot4_cmd_py'
[1.029s] INFO:colcon.colcon_core.shell:Skip shell extension 'powershell' for command environment: Not usable outside of PowerShell
[1.029s] DEBUG:colcon.colcon_core.shell:Skip shell extension 'dsv' for command environment
[1.170s] INFO:colcon.colcon_core.task.python.build:Building Python package in '/home/dong/turtlebot4_project/turtlebot4-ws/src/turtlebot4_path_planning'
[1.179s] INFO:colcon.colcon_core.shell:Skip shell extension 'powershell' for command environment: Not usable outside of PowerShell
[1.179s] DEBUG:colcon.colcon_core.shell:Skip shell extension 'dsv' for command environment
[1.552s] DEBUG:colcon.colcon_core.event_handler.log_command:Invoking command in '/home/dong/turtlebot4_project/build/turtlebot4_cmd_py': PYTHONPATH=/home/dong/turtlebot4_project/build/turtlebot4_cmd_py/prefix_override:/home/dong/turtlebot4_project/install/turtlebot4_cmd_py/lib/python3.10/site-packages:${PYTHONPATH} /usr/bin/python3 setup.py develop --editable --build-directory /home/dong/turtlebot4_project/build/turtlebot4_cmd_py/build --no-deps install_data
[1.554s] DEBUG:colcon.colcon_core.event_handler.log_command:Invoking command in '/home/dong/turtlebot4_project/build/turtlebot4_path_planning': PYTHONPATH=/home/dong/turtlebot4_project/build/turtlebot4_path_planning/prefix_override:/home/dong/turtlebot4_project/install/turtlebot4_path_planning/lib/python3.10/site-packages:${PYTHONPATH} /usr/bin/python3 setup.py develop --editable --build-directory /home/dong/turtlebot4_project/build/turtlebot4_path_planning/build --no-deps install_data
[2.003s] Level 1:colcon.colcon_core.shell:create_environment_hook('turtlebot4_cmd_py', 'pythonpath_develop')
[2.003s] DEBUG:colcon.colcon_core.event_handler.log_command:Invoked command in '/home/dong/turtlebot4_project/build/turtlebot4_cmd_py' returned '0': PYTHONPATH=/home/dong/turtlebot4_project/build/turtlebot4_cmd_py/prefix_override:/home/dong/turtlebot4_project/install/turtlebot4_cmd_py/lib/python3.10/site-packages:${PYTHONPATH} /usr/bin/python3 setup.py develop --editable --build-directory /home/dong/turtlebot4_project/build/turtlebot4_cmd_py/build --no-deps install_data
[2.014s] INFO:colcon.colcon_core.shell:Creating environment hook '/home/dong/turtlebot4_project/build/turtlebot4_cmd_py/share/turtlebot4_cmd_py/hook/pythonpath_develop.ps1'
[2.014s] INFO:colcon.colcon_core.shell:Creating environment descriptor '/home/dong/turtlebot4_project/build/turtlebot4_cmd_py/share/turtlebot4_cmd_py/hook/pythonpath_develop.dsv'
[2.014s] INFO:colcon.colcon_core.shell:Creating environment hook '/home/dong/turtlebot4_project/build/turtlebot4_cmd_py/share/turtlebot4_cmd_py/hook/pythonpath_develop.sh'
[2.025s] Level 1:colcon.colcon_core.environment:checking '/home/dong/turtlebot4_project/install/turtlebot4_cmd_py' for CMake module files
[2.025s] Level 1:colcon.colcon_core.environment:checking '/home/dong/turtlebot4_project/install/turtlebot4_cmd_py' for CMake config files
[2.025s] Level 1:colcon.colcon_core.environment:checking '/home/dong/turtlebot4_project/install/turtlebot4_cmd_py/lib'
[2.025s] Level 1:colcon.colcon_core.environment:checking '/home/dong/turtlebot4_project/install/turtlebot4_cmd_py/bin'
[2.025s] Level 1:colcon.colcon_core.environment:checking '/home/dong/turtlebot4_project/install/turtlebot4_cmd_py/lib/pkgconfig/turtlebot4_cmd_py.pc'
[2.026s] Level 1:colcon.colcon_core.environment:checking '/home/dong/turtlebot4_project/install/turtlebot4_cmd_py/lib/python3.10/site-packages'
[2.026s] Level 1:colcon.colcon_core.shell:create_environment_hook('turtlebot4_cmd_py', 'pythonpath')
[2.038s] INFO:colcon.colcon_core.shell:Creating environment hook '/home/dong/turtlebot4_project/install/turtlebot4_cmd_py/share/turtlebot4_cmd_py/hook/pythonpath.ps1'
[2.038s] INFO:colcon.colcon_core.shell:Creating environment descriptor '/home/dong/turtlebot4_project/install/turtlebot4_cmd_py/share/turtlebot4_cmd_py/hook/pythonpath.dsv'
[2.039s] INFO:colcon.colcon_core.shell:Creating environment hook '/home/dong/turtlebot4_project/install/turtlebot4_cmd_py/share/turtlebot4_cmd_py/hook/pythonpath.sh'
[2.039s] Level 1:colcon.colcon_core.environment:checking '/home/dong/turtlebot4_project/install/turtlebot4_cmd_py/bin'
[2.039s] Level 1:colcon.colcon_core.environment:create_environment_scripts_only(turtlebot4_cmd_py)
[2.049s] INFO:colcon.colcon_core.shell:Creating package script '/home/dong/turtlebot4_project/install/turtlebot4_cmd_py/share/turtlebot4_cmd_py/package.ps1'
[2.050s] INFO:colcon.colcon_core.shell:Creating package descriptor '/home/dong/turtlebot4_project/install/turtlebot4_cmd_py/share/turtlebot4_cmd_py/package.dsv'
[2.051s] INFO:colcon.colcon_core.shell:Creating package script '/home/dong/turtlebot4_project/install/turtlebot4_cmd_py/share/turtlebot4_cmd_py/package.sh'
[2.051s] INFO:colcon.colcon_core.shell:Creating package script '/home/dong/turtlebot4_project/install/turtlebot4_cmd_py/share/turtlebot4_cmd_py/package.bash'
[2.052s] INFO:colcon.colcon_core.shell:Creating package script '/home/dong/turtlebot4_project/install/turtlebot4_cmd_py/share/turtlebot4_cmd_py/package.zsh'
[2.052s] Level 1:colcon.colcon_core.environment:create_file_with_runtime_dependencies(/home/dong/turtlebot4_project/install/turtlebot4_cmd_py/share/colcon-core/packages/turtlebot4_cmd_py)
[2.052s] Level 1:colcon.colcon_core.shell:create_environment_hook('turtlebot4_path_planning', 'pythonpath_develop')
[2.053s] DEBUG:colcon.colcon_core.event_handler.log_command:Invoked command in '/home/dong/turtlebot4_project/build/turtlebot4_path_planning' returned '0': PYTHONPATH=/home/dong/turtlebot4_project/build/turtlebot4_path_planning/prefix_override:/home/dong/turtlebot4_project/install/turtlebot4_path_planning/lib/python3.10/site-packages:${PYTHONPATH} /usr/bin/python3 setup.py develop --editable --build-directory /home/dong/turtlebot4_project/build/turtlebot4_path_planning/build --no-deps install_data
[2.064s] INFO:colcon.colcon_core.shell:Creating environment hook '/home/dong/turtlebot4_project/build/turtlebot4_path_planning/share/turtlebot4_path_planning/hook/pythonpath_develop.ps1'
[2.064s] INFO:colcon.colcon_core.shell:Creating environment descriptor '/home/dong/turtlebot4_project/build/turtlebot4_path_planning/share/turtlebot4_path_planning/hook/pythonpath_develop.dsv'
[2.064s] INFO:colcon.colcon_core.shell:Creating environment hook '/home/dong/turtlebot4_project/build/turtlebot4_path_planning/share/turtlebot4_path_planning/hook/pythonpath_develop.sh'
[2.074s] Level 1:colcon.colcon_core.environment:checking '/home/dong/turtlebot4_project/install/turtlebot4_path_planning' for CMake module files
[2.074s] Level 1:colcon.colcon_core.environment:checking '/home/dong/turtlebot4_project/install/turtlebot4_path_planning' for CMake config files
[2.075s] Level 1:colcon.colcon_core.environment:checking '/home/dong/turtlebot4_project/install/turtlebot4_path_planning/lib'
[2.075s] Level 1:colcon.colcon_core.environment:checking '/home/dong/turtlebot4_project/install/turtlebot4_path_planning/bin'
[2.075s] Level 1:colcon.colcon_core.environment:checking '/home/dong/turtlebot4_project/install/turtlebot4_path_planning/lib/pkgconfig/turtlebot4_path_planning.pc'
[2.075s] Level 1:colcon.colcon_core.environment:checking '/home/dong/turtlebot4_project/install/turtlebot4_path_planning/lib/python3.10/site-packages'
[2.075s] Level 1:colcon.colcon_core.shell:create_environment_hook('turtlebot4_path_planning', 'pythonpath')
[2.084s] INFO:colcon.colcon_core.shell:Creating environment hook '/home/dong/turtlebot4_project/install/turtlebot4_path_planning/share/turtlebot4_path_planning/hook/pythonpath.ps1'
[2.085s] INFO:colcon.colcon_core.shell:Creating environment descriptor '/home/dong/turtlebot4_project/install/turtlebot4_path_planning/share/turtlebot4_path_planning/hook/pythonpath.dsv'
[2.085s] INFO:colcon.colcon_core.shell:Creating environment hook '/home/dong/turtlebot4_project/install/turtlebot4_path_planning/share/turtlebot4_path_planning/hook/pythonpath.sh'
[2.085s] Level 1:colcon.colcon_core.environment:checking '/home/dong/turtlebot4_project/install/turtlebot4_path_planning/bin'
[2.085s] Level 1:colcon.colcon_core.environment:create_environment_scripts_only(turtlebot4_path_planning)
[2.095s] INFO:colcon.colcon_core.shell:Creating package script '/home/dong/turtlebot4_project/install/turtlebot4_path_planning/share/turtlebot4_path_planning/package.ps1'
[2.095s] INFO:colcon.colcon_core.shell:Creating package descriptor '/home/dong/turtlebot4_project/install/turtlebot4_path_planning/share/turtlebot4_path_planning/package.dsv'
[2.095s] INFO:colcon.colcon_core.shell:Creating package script '/home/dong/turtlebot4_project/install/turtlebot4_path_planning/share/turtlebot4_path_planning/package.sh'
[2.096s] INFO:colcon.colcon_core.shell:Creating package script '/home/dong/turtlebot4_project/install/turtlebot4_path_planning/share/turtlebot4_path_planning/package.bash'
[2.096s] INFO:colcon.colcon_core.shell:Creating package script '/home/dong/turtlebot4_project/install/turtlebot4_path_planning/share/turtlebot4_path_planning/package.zsh'
[2.096s] Level 1:colcon.colcon_core.environment:create_file_with_runtime_dependencies(/home/dong/turtlebot4_project/install/turtlebot4_path_planning/share/colcon-core/packages/turtlebot4_path_planning)
[2.096s] DEBUG:colcon.colcon_parallel_executor.executor.parallel:closing loop
[2.096s] DEBUG:colcon.colcon_parallel_executor.executor.parallel:loop closed
[2.096s] DEBUG:colcon.colcon_parallel_executor.executor.parallel:run_until_complete finished with '0'
[2.096s] DEBUG:colcon.colcon_core.event_reactor:joining thread
[2.108s] INFO:colcon.colcon_core.plugin_system:Skipping extension 'colcon_notification.desktop_notification.terminal_notifier': Not used on non-Darwin systems
[2.108s] INFO:colcon.colcon_core.plugin_system:Skipping extension 'colcon_notification.desktop_notification.win32': Not used on non-Windows systems
[2.108s] INFO:colcon.colcon_notification.desktop_notification:Sending desktop notification using 'notify2'
[2.119s] DEBUG:colcon.colcon_core.event_reactor:joined thread
[2.129s] INFO:colcon.colcon_core.shell:Creating prefix script '/home/dong/turtlebot4_project/install/local_setup.ps1'
[2.130s] INFO:colcon.colcon_core.shell:Creating prefix util module '/home/dong/turtlebot4_project/install/_local_setup_util_ps1.py'
[2.130s] INFO:colcon.colcon_core.shell:Creating prefix chain script '/home/dong/turtlebot4_project/install/setup.ps1'
[2.140s] INFO:colcon.colcon_core.shell:Creating prefix script '/home/dong/turtlebot4_project/install/local_setup.sh'
[2.140s] INFO:colcon.colcon_core.shell:Creating prefix util module '/home/dong/turtlebot4_project/install/_local_setup_util_sh.py'
[2.141s] INFO:colcon.colcon_core.shell:Creating prefix chain script '/home/dong/turtlebot4_project/install/setup.sh'
[2.150s] INFO:colcon.colcon_core.shell:Creating prefix script '/home/dong/turtlebot4_project/install/local_setup.bash'
[2.151s] INFO:colcon.colcon_core.shell:Creating prefix chain script '/home/dong/turtlebot4_project/install/setup.bash'
[2.160s] INFO:colcon.colcon_core.shell:Creating prefix script '/home/dong/turtlebot4_project/install/local_setup.zsh'
[2.161s] INFO:colcon.colcon_core.shell:Creating prefix chain script '/home/dong/turtlebot4_project/install/setup.zsh'
