[0.733s] DEBUG:colcon:Command line arguments: ['/usr/bin/colcon', 'build', '--symlink-install']
[0.733s] DEBUG:colcon:Parsed command line arguments: Namespace(log_base=None, log_level=None, verb_name='build', build_base='build', install_base='install', merge_install=False, symlink_install=True, test_result_base=None, continue_on_error=False, executor='parallel', parallel_workers=8, event_handlers=None, ignore_user_meta=False, metas=['./colcon.meta'], base_paths=['.'], packages_ignore=None, packages_ignore_regex=None, paths=None, packages_up_to=None, packages_up_to_regex=None, packages_above=None, packages_above_and_dependencies=None, packages_above_depth=None, packages_select_by_dep=None, packages_skip_by_dep=None, packages_skip_up_to=None, packages_select_build_failed=False, packages_skip_build_finished=False, packages_select_test_failures=False, packages_skip_test_passed=False, packages_select=None, packages_skip=None, packages_select_regex=None, packages_skip_regex=None, packages_start=None, packages_end=None, allow_overriding=[], cmake_args=None, cmake_target=None, cmake_target_skip_unavailable=False, cmake_clean_cache=False, cmake_clean_first=False, cmake_force_configure=False, ament_cmake_args=None, catkin_cmake_args=None, catkin_skip_building_tests=False, verb_parser=<colcon_defaults.argument_parser.defaults.DefaultArgumentsDecorator object at 0x7f35407f5a50>, verb_extension=<colcon_core.verb.build.BuildVerb object at 0x7f3540cd3f40>, main=<bound method BuildVerb.main of <colcon_core.verb.build.BuildVerb object at 0x7f3540cd3f40>>)
[0.773s] Level 1:colcon.colcon_core.package_discovery:discover_packages(colcon_meta) check parameters
[0.774s] Level 1:colcon.colcon_core.package_discovery:discover_packages(recursive) check parameters
[0.774s] Level 1:colcon.colcon_core.package_discovery:discover_packages(ignore) check parameters
[0.774s] Level 1:colcon.colcon_core.package_discovery:discover_packages(path) check parameters
[0.774s] Level 1:colcon.colcon_core.package_discovery:discover_packages(colcon_meta) discover
[0.774s] Level 1:colcon.colcon_core.package_discovery:discover_packages(recursive) discover
[0.774s] INFO:colcon.colcon_core.package_discovery:Crawling recursively for packages in '/home/dong/turtlebot4_ws'
[0.774s] Level 1:colcon.colcon_core.package_identification:_identify(.) by extensions ['ignore', 'ignore_ament_install']
[0.774s] Level 1:colcon.colcon_core.package_identification:_identify(.) by extension 'ignore'
[0.774s] Level 1:colcon.colcon_core.package_identification:_identify(.) by extension 'ignore_ament_install'
[0.774s] Level 1:colcon.colcon_core.package_identification:_identify(.) by extensions ['colcon_pkg']
[0.774s] Level 1:colcon.colcon_core.package_identification:_identify(.) by extension 'colcon_pkg'
[0.774s] Level 1:colcon.colcon_core.package_identification:_identify(.) by extensions ['colcon_meta']
[0.774s] Level 1:colcon.colcon_core.package_identification:_identify(.) by extension 'colcon_meta'
[0.774s] Level 1:colcon.colcon_core.package_identification:_identify(.) by extensions ['ros']
[0.774s] Level 1:colcon.colcon_core.package_identification:_identify(.) by extension 'ros'
[0.790s] Level 1:colcon.colcon_core.package_identification:_identify(.) by extensions ['cmake', 'python']
[0.790s] Level 1:colcon.colcon_core.package_identification:_identify(.) by extension 'cmake'
[0.790s] Level 1:colcon.colcon_core.package_identification:_identify(.) by extension 'python'
[0.791s] Level 1:colcon.colcon_core.package_identification:_identify(.) by extensions ['python_setup_py']
[0.791s] Level 1:colcon.colcon_core.package_identification:_identify(.) by extension 'python_setup_py'
[0.791s] Level 1:colcon.colcon_core.package_identification:_identify(build) by extensions ['ignore', 'ignore_ament_install']
[0.791s] Level 1:colcon.colcon_core.package_identification:_identify(build) by extension 'ignore'
[0.791s] Level 1:colcon.colcon_core.package_identification:_identify(build) ignored
[0.791s] Level 1:colcon.colcon_core.package_identification:_identify(install) by extensions ['ignore', 'ignore_ament_install']
[0.791s] Level 1:colcon.colcon_core.package_identification:_identify(install) by extension 'ignore'
[0.791s] Level 1:colcon.colcon_core.package_identification:_identify(install) ignored
[0.791s] Level 1:colcon.colcon_core.package_identification:_identify(log) by extensions ['ignore', 'ignore_ament_install']
[0.791s] Level 1:colcon.colcon_core.package_identification:_identify(log) by extension 'ignore'
[0.791s] Level 1:colcon.colcon_core.package_identification:_identify(log) ignored
[0.791s] Level 1:colcon.colcon_core.package_identification:_identify(src) by extensions ['ignore', 'ignore_ament_install']
[0.791s] Level 1:colcon.colcon_core.package_identification:_identify(src) by extension 'ignore'
[0.791s] Level 1:colcon.colcon_core.package_identification:_identify(src) by extension 'ignore_ament_install'
[0.791s] Level 1:colcon.colcon_core.package_identification:_identify(src) by extensions ['colcon_pkg']
[0.791s] Level 1:colcon.colcon_core.package_identification:_identify(src) by extension 'colcon_pkg'
[0.791s] Level 1:colcon.colcon_core.package_identification:_identify(src) by extensions ['colcon_meta']
[0.791s] Level 1:colcon.colcon_core.package_identification:_identify(src) by extension 'colcon_meta'
[0.791s] Level 1:colcon.colcon_core.package_identification:_identify(src) by extensions ['ros']
[0.791s] Level 1:colcon.colcon_core.package_identification:_identify(src) by extension 'ros'
[0.791s] Level 1:colcon.colcon_core.package_identification:_identify(src) by extensions ['cmake', 'python']
[0.791s] Level 1:colcon.colcon_core.package_identification:_identify(src) by extension 'cmake'
[0.791s] Level 1:colcon.colcon_core.package_identification:_identify(src) by extension 'python'
[0.791s] Level 1:colcon.colcon_core.package_identification:_identify(src) by extensions ['python_setup_py']
[0.791s] Level 1:colcon.colcon_core.package_identification:_identify(src) by extension 'python_setup_py'
[0.791s] Level 1:colcon.colcon_core.package_identification:_identify(src/turtlebot4_cmd_py) by extensions ['ignore', 'ignore_ament_install']
[0.792s] Level 1:colcon.colcon_core.package_identification:_identify(src/turtlebot4_cmd_py) by extension 'ignore'
[0.792s] Level 1:colcon.colcon_core.package_identification:_identify(src/turtlebot4_cmd_py) by extension 'ignore_ament_install'
[0.792s] Level 1:colcon.colcon_core.package_identification:_identify(src/turtlebot4_cmd_py) by extensions ['colcon_pkg']
[0.792s] Level 1:colcon.colcon_core.package_identification:_identify(src/turtlebot4_cmd_py) by extension 'colcon_pkg'
[0.792s] Level 1:colcon.colcon_core.package_identification:_identify(src/turtlebot4_cmd_py) by extensions ['colcon_meta']
[0.792s] Level 1:colcon.colcon_core.package_identification:_identify(src/turtlebot4_cmd_py) by extension 'colcon_meta'
[0.792s] Level 1:colcon.colcon_core.package_identification:_identify(src/turtlebot4_cmd_py) by extensions ['ros']
[0.792s] Level 1:colcon.colcon_core.package_identification:_identify(src/turtlebot4_cmd_py) by extension 'ros'
[0.793s] DEBUG:colcon.colcon_core.package_identification:Package 'src/turtlebot4_cmd_py' with type 'ros.ament_python' and name 'turtlebot4_cmd_py'
[0.793s] Level 1:colcon.colcon_core.package_identification:_identify(src/turtlebot4_setup) by extensions ['ignore', 'ignore_ament_install']
[0.794s] Level 1:colcon.colcon_core.package_identification:_identify(src/turtlebot4_setup) by extension 'ignore'
[0.794s] Level 1:colcon.colcon_core.package_identification:_identify(src/turtlebot4_setup) by extension 'ignore_ament_install'
[0.794s] Level 1:colcon.colcon_core.package_identification:_identify(src/turtlebot4_setup) by extensions ['colcon_pkg']
[0.794s] Level 1:colcon.colcon_core.package_identification:_identify(src/turtlebot4_setup) by extension 'colcon_pkg'
[0.794s] Level 1:colcon.colcon_core.package_identification:_identify(src/turtlebot4_setup) by extensions ['colcon_meta']
[0.794s] Level 1:colcon.colcon_core.package_identification:_identify(src/turtlebot4_setup) by extension 'colcon_meta'
[0.794s] Level 1:colcon.colcon_core.package_identification:_identify(src/turtlebot4_setup) by extensions ['ros']
[0.794s] Level 1:colcon.colcon_core.package_identification:_identify(src/turtlebot4_setup) by extension 'ros'
[0.794s] DEBUG:colcon.colcon_core.package_identification:Package 'src/turtlebot4_setup' with type 'ros.ament_cmake' and name 'turtlebot4_setup'
[0.794s] Level 1:colcon.colcon_core.package_discovery:discover_packages(recursive) using defaults
[0.794s] Level 1:colcon.colcon_core.package_discovery:discover_packages(ignore) discover
[0.794s] Level 1:colcon.colcon_core.package_discovery:discover_packages(ignore) using defaults
[0.794s] Level 1:colcon.colcon_core.package_discovery:discover_packages(path) discover
[0.794s] Level 1:colcon.colcon_core.package_discovery:discover_packages(path) using defaults
[0.863s] Level 1:colcon.colcon_core.package_discovery:discover_packages(prefix_path) check parameters
[0.863s] Level 1:colcon.colcon_core.package_discovery:discover_packages(prefix_path) discover
[0.886s] DEBUG:colcon.colcon_installed_package_information.package_discovery:Found 0 installed packages in /home/dong/turtlebot4_ws/install
[0.898s] DEBUG:colcon.colcon_installed_package_information.package_discovery:Found 505 installed packages in /opt/ros/humble
[0.899s] Level 1:colcon.colcon_core.package_discovery:discover_packages(prefix_path) using defaults
[0.977s] Level 5:colcon.colcon_core.verb:set package 'turtlebot4_cmd_py' build argument 'cmake_args' from command line to 'None'
[0.977s] Level 5:colcon.colcon_core.verb:set package 'turtlebot4_cmd_py' build argument 'cmake_target' from command line to 'None'
[0.977s] Level 5:colcon.colcon_core.verb:set package 'turtlebot4_cmd_py' build argument 'cmake_target_skip_unavailable' from command line to 'False'
[0.977s] Level 5:colcon.colcon_core.verb:set package 'turtlebot4_cmd_py' build argument 'cmake_clean_cache' from command line to 'False'
[0.977s] Level 5:colcon.colcon_core.verb:set package 'turtlebot4_cmd_py' build argument 'cmake_clean_first' from command line to 'False'
[0.977s] Level 5:colcon.colcon_core.verb:set package 'turtlebot4_cmd_py' build argument 'cmake_force_configure' from command line to 'False'
[0.977s] Level 5:colcon.colcon_core.verb:set package 'turtlebot4_cmd_py' build argument 'ament_cmake_args' from command line to 'None'
[0.977s] Level 5:colcon.colcon_core.verb:set package 'turtlebot4_cmd_py' build argument 'catkin_cmake_args' from command line to 'None'
[0.977s] Level 5:colcon.colcon_core.verb:set package 'turtlebot4_cmd_py' build argument 'catkin_skip_building_tests' from command line to 'False'
[0.977s] DEBUG:colcon.colcon_core.verb:Building package 'turtlebot4_cmd_py' with the following arguments: {'ament_cmake_args': None, 'build_base': '/home/dong/turtlebot4_ws/build/turtlebot4_cmd_py', 'catkin_cmake_args': None, 'catkin_skip_building_tests': False, 'cmake_args': None, 'cmake_clean_cache': False, 'cmake_clean_first': False, 'cmake_force_configure': False, 'cmake_target': None, 'cmake_target_skip_unavailable': False, 'install_base': '/home/dong/turtlebot4_ws/install/turtlebot4_cmd_py', 'merge_install': False, 'path': '/home/dong/turtlebot4_ws/src/turtlebot4_cmd_py', 'symlink_install': True, 'test_result_base': None}
[0.988s] Level 5:colcon.colcon_core.verb:set package 'turtlebot4_setup' build argument 'cmake_args' from command line to 'None'
[0.988s] Level 5:colcon.colcon_core.verb:set package 'turtlebot4_setup' build argument 'cmake_target' from command line to 'None'
[0.988s] Level 5:colcon.colcon_core.verb:set package 'turtlebot4_setup' build argument 'cmake_target_skip_unavailable' from command line to 'False'
[0.988s] Level 5:colcon.colcon_core.verb:set package 'turtlebot4_setup' build argument 'cmake_clean_cache' from command line to 'False'
[0.988s] Level 5:colcon.colcon_core.verb:set package 'turtlebot4_setup' build argument 'cmake_clean_first' from command line to 'False'
[0.988s] Level 5:colcon.colcon_core.verb:set package 'turtlebot4_setup' build argument 'cmake_force_configure' from command line to 'False'
[0.988s] Level 5:colcon.colcon_core.verb:set package 'turtlebot4_setup' build argument 'ament_cmake_args' from command line to 'None'
[0.988s] Level 5:colcon.colcon_core.verb:set package 'turtlebot4_setup' build argument 'catkin_cmake_args' from command line to 'None'
[0.988s] Level 5:colcon.colcon_core.verb:set package 'turtlebot4_setup' build argument 'catkin_skip_building_tests' from command line to 'False'
[0.988s] DEBUG:colcon.colcon_core.verb:Building package 'turtlebot4_setup' with the following arguments: {'ament_cmake_args': None, 'build_base': '/home/dong/turtlebot4_ws/build/turtlebot4_setup', 'catkin_cmake_args': None, 'catkin_skip_building_tests': False, 'cmake_args': None, 'cmake_clean_cache': False, 'cmake_clean_first': False, 'cmake_force_configure': False, 'cmake_target': None, 'cmake_target_skip_unavailable': False, 'install_base': '/home/dong/turtlebot4_ws/install/turtlebot4_setup', 'merge_install': False, 'path': '/home/dong/turtlebot4_ws/src/turtlebot4_setup', 'symlink_install': True, 'test_result_base': None}
[0.999s] INFO:colcon.colcon_core.executor:Executing jobs using 'parallel' executor
[1.011s] DEBUG:colcon.colcon_parallel_executor.executor.parallel:run_until_complete
[1.011s] INFO:colcon.colcon_ros.task.ament_python.build:Building ROS package in '/home/dong/turtlebot4_ws/src/turtlebot4_cmd_py' with build type 'ament_python'
[1.011s] Level 1:colcon.colcon_core.shell:create_environment_hook('turtlebot4_cmd_py', 'ament_prefix_path')
[1.024s] INFO:colcon.colcon_core.plugin_system:Skipping extension 'colcon_core.shell.bat': Not used on non-Windows systems
[1.024s] INFO:colcon.colcon_core.shell:Creating environment hook '/home/dong/turtlebot4_ws/install/turtlebot4_cmd_py/share/turtlebot4_cmd_py/hook/ament_prefix_path.ps1'
[1.024s] INFO:colcon.colcon_core.shell:Creating environment descriptor '/home/dong/turtlebot4_ws/install/turtlebot4_cmd_py/share/turtlebot4_cmd_py/hook/ament_prefix_path.dsv'
[1.025s] INFO:colcon.colcon_core.shell:Creating environment hook '/home/dong/turtlebot4_ws/install/turtlebot4_cmd_py/share/turtlebot4_cmd_py/hook/ament_prefix_path.sh'
[1.036s] INFO:colcon.colcon_core.shell:Skip shell extension 'powershell' for command environment: Not usable outside of PowerShell
[1.036s] DEBUG:colcon.colcon_core.shell:Skip shell extension 'dsv' for command environment
[1.073s] INFO:colcon.colcon_ros.task.ament_cmake.build:Building ROS package in '/home/dong/turtlebot4_ws/src/turtlebot4_setup' with build type 'ament_cmake'
[1.073s] INFO:colcon.colcon_cmake.task.cmake.build:Building CMake package in '/home/dong/turtlebot4_ws/src/turtlebot4_setup'
[1.086s] INFO:colcon.colcon_core.shell:Skip shell extension 'powershell' for command environment: Not usable outside of PowerShell
[1.086s] DEBUG:colcon.colcon_core.shell:Skip shell extension 'dsv' for command environment
[1.262s] INFO:colcon.colcon_core.task.python.build:Building Python package in '/home/dong/turtlebot4_ws/src/turtlebot4_cmd_py'
[1.273s] INFO:colcon.colcon_core.shell:Skip shell extension 'powershell' for command environment: Not usable outside of PowerShell
[1.273s] DEBUG:colcon.colcon_core.shell:Skip shell extension 'dsv' for command environment
[1.310s] DEBUG:colcon.colcon_core.event_handler.log_command:Invoking command in '/home/dong/turtlebot4_ws/build/turtlebot4_setup': CMAKE_PREFIX_PATH=/opt/ros/humble /usr/bin/cmake /home/dong/turtlebot4_ws/src/turtlebot4_setup -DAMENT_CMAKE_SYMLINK_INSTALL=1 -DCMAKE_INSTALL_PREFIX=/home/dong/turtlebot4_ws/install/turtlebot4_setup
[1.760s] DEBUG:colcon.colcon_core.event_handler.log_command:Invoking command in '/home/dong/turtlebot4_ws/build/turtlebot4_cmd_py': PYTHONPATH=/home/dong/turtlebot4_ws/build/turtlebot4_cmd_py/prefix_override:/home/dong/turtlebot4_ws/install/turtlebot4_cmd_py/lib/python3.10/site-packages:${PYTHONPATH} /usr/bin/python3 setup.py develop --editable --build-directory /home/dong/turtlebot4_ws/build/turtlebot4_cmd_py/build --no-deps install_data
[1.980s] DEBUG:colcon.colcon_core.event_handler.log_command:Invoked command in '/home/dong/turtlebot4_ws/build/turtlebot4_setup' returned '0': CMAKE_PREFIX_PATH=/opt/ros/humble /usr/bin/cmake /home/dong/turtlebot4_ws/src/turtlebot4_setup -DAMENT_CMAKE_SYMLINK_INSTALL=1 -DCMAKE_INSTALL_PREFIX=/home/dong/turtlebot4_ws/install/turtlebot4_setup
[1.981s] DEBUG:colcon.colcon_core.event_handler.log_command:Invoking command in '/home/dong/turtlebot4_ws/build/turtlebot4_setup': CMAKE_PREFIX_PATH=/opt/ros/humble /usr/bin/cmake --build /home/dong/turtlebot4_ws/build/turtlebot4_setup -- -j8 -l8
[2.250s] DEBUG:colcon.colcon_core.event_handler.log_command:Invoked command in '/home/dong/turtlebot4_ws/build/turtlebot4_setup' returned '0': CMAKE_PREFIX_PATH=/opt/ros/humble /usr/bin/cmake --build /home/dong/turtlebot4_ws/build/turtlebot4_setup -- -j8 -l8
[2.259s] Level 1:colcon.colcon_core.shell:create_environment_hook('turtlebot4_cmd_py', 'pythonpath_develop')
[2.259s] DEBUG:colcon.colcon_core.event_handler.log_command:Invoked command in '/home/dong/turtlebot4_ws/build/turtlebot4_cmd_py' returned '0': PYTHONPATH=/home/dong/turtlebot4_ws/build/turtlebot4_cmd_py/prefix_override:/home/dong/turtlebot4_ws/install/turtlebot4_cmd_py/lib/python3.10/site-packages:${PYTHONPATH} /usr/bin/python3 setup.py develop --editable --build-directory /home/dong/turtlebot4_ws/build/turtlebot4_cmd_py/build --no-deps install_data
[2.271s] INFO:colcon.colcon_core.shell:Creating environment hook '/home/dong/turtlebot4_ws/build/turtlebot4_cmd_py/share/turtlebot4_cmd_py/hook/pythonpath_develop.ps1'
[2.272s] INFO:colcon.colcon_core.shell:Creating environment descriptor '/home/dong/turtlebot4_ws/build/turtlebot4_cmd_py/share/turtlebot4_cmd_py/hook/pythonpath_develop.dsv'
[2.272s] INFO:colcon.colcon_core.shell:Creating environment hook '/home/dong/turtlebot4_ws/build/turtlebot4_cmd_py/share/turtlebot4_cmd_py/hook/pythonpath_develop.sh'
[2.284s] Level 1:colcon.colcon_core.environment:checking '/home/dong/turtlebot4_ws/install/turtlebot4_cmd_py' for CMake module files
[2.285s] Level 1:colcon.colcon_core.environment:checking '/home/dong/turtlebot4_ws/install/turtlebot4_cmd_py' for CMake config files
[2.285s] Level 1:colcon.colcon_core.environment:checking '/home/dong/turtlebot4_ws/install/turtlebot4_cmd_py/lib'
[2.285s] Level 1:colcon.colcon_core.environment:checking '/home/dong/turtlebot4_ws/install/turtlebot4_cmd_py/bin'
[2.285s] Level 1:colcon.colcon_core.environment:checking '/home/dong/turtlebot4_ws/install/turtlebot4_cmd_py/lib/pkgconfig/turtlebot4_cmd_py.pc'
[2.285s] Level 1:colcon.colcon_core.environment:checking '/home/dong/turtlebot4_ws/install/turtlebot4_cmd_py/lib/python3.10/site-packages'
[2.285s] Level 1:colcon.colcon_core.shell:create_environment_hook('turtlebot4_cmd_py', 'pythonpath')
[2.296s] INFO:colcon.colcon_core.shell:Creating environment hook '/home/dong/turtlebot4_ws/install/turtlebot4_cmd_py/share/turtlebot4_cmd_py/hook/pythonpath.ps1'
[2.296s] INFO:colcon.colcon_core.shell:Creating environment descriptor '/home/dong/turtlebot4_ws/install/turtlebot4_cmd_py/share/turtlebot4_cmd_py/hook/pythonpath.dsv'
[2.296s] INFO:colcon.colcon_core.shell:Creating environment hook '/home/dong/turtlebot4_ws/install/turtlebot4_cmd_py/share/turtlebot4_cmd_py/hook/pythonpath.sh'
[2.297s] Level 1:colcon.colcon_core.environment:checking '/home/dong/turtlebot4_ws/install/turtlebot4_cmd_py/bin'
[2.297s] Level 1:colcon.colcon_core.environment:create_environment_scripts_only(turtlebot4_cmd_py)
[2.307s] INFO:colcon.colcon_core.shell:Creating package script '/home/dong/turtlebot4_ws/install/turtlebot4_cmd_py/share/turtlebot4_cmd_py/package.ps1'
[2.308s] INFO:colcon.colcon_core.shell:Creating package descriptor '/home/dong/turtlebot4_ws/install/turtlebot4_cmd_py/share/turtlebot4_cmd_py/package.dsv'
[2.308s] INFO:colcon.colcon_core.shell:Creating package script '/home/dong/turtlebot4_ws/install/turtlebot4_cmd_py/share/turtlebot4_cmd_py/package.sh'
[2.309s] INFO:colcon.colcon_core.shell:Creating package script '/home/dong/turtlebot4_ws/install/turtlebot4_cmd_py/share/turtlebot4_cmd_py/package.bash'
[2.309s] INFO:colcon.colcon_core.shell:Creating package script '/home/dong/turtlebot4_ws/install/turtlebot4_cmd_py/share/turtlebot4_cmd_py/package.zsh'
[2.309s] Level 1:colcon.colcon_core.environment:create_file_with_runtime_dependencies(/home/dong/turtlebot4_ws/install/turtlebot4_cmd_py/share/colcon-core/packages/turtlebot4_cmd_py)
[2.317s] DEBUG:colcon.colcon_core.event_handler.log_command:Invoking command in '/home/dong/turtlebot4_ws/build/turtlebot4_setup': CMAKE_PREFIX_PATH=/opt/ros/humble /usr/bin/cmake --install /home/dong/turtlebot4_ws/build/turtlebot4_setup
[2.506s] Level 1:colcon.colcon_core.environment:create_environment_scripts_only(turtlebot4_setup)
[2.507s] DEBUG:colcon.colcon_core.event_handler.log_command:Invoked command in '/home/dong/turtlebot4_ws/build/turtlebot4_setup' returned '0': CMAKE_PREFIX_PATH=/opt/ros/humble /usr/bin/cmake --install /home/dong/turtlebot4_ws/build/turtlebot4_setup
[2.518s] Level 1:colcon.colcon_core.environment:checking '/home/dong/turtlebot4_ws/install/turtlebot4_setup' for CMake module files
[2.518s] Level 1:colcon.colcon_core.environment:checking '/home/dong/turtlebot4_ws/install/turtlebot4_setup' for CMake config files
[2.519s] Level 1:colcon.colcon_core.shell:create_environment_hook('turtlebot4_setup', 'cmake_prefix_path')
[2.530s] INFO:colcon.colcon_core.shell:Creating environment hook '/home/dong/turtlebot4_ws/install/turtlebot4_setup/share/turtlebot4_setup/hook/cmake_prefix_path.ps1'
[2.530s] INFO:colcon.colcon_core.shell:Creating environment descriptor '/home/dong/turtlebot4_ws/install/turtlebot4_setup/share/turtlebot4_setup/hook/cmake_prefix_path.dsv'
[2.530s] INFO:colcon.colcon_core.shell:Creating environment hook '/home/dong/turtlebot4_ws/install/turtlebot4_setup/share/turtlebot4_setup/hook/cmake_prefix_path.sh'
[2.530s] Level 1:colcon.colcon_core.environment:checking '/home/dong/turtlebot4_ws/install/turtlebot4_setup/lib'
[2.530s] Level 1:colcon.colcon_core.environment:checking '/home/dong/turtlebot4_ws/install/turtlebot4_setup/bin'
[2.530s] Level 1:colcon.colcon_core.environment:checking '/home/dong/turtlebot4_ws/install/turtlebot4_setup/lib/pkgconfig/turtlebot4_setup.pc'
[2.530s] Level 1:colcon.colcon_core.environment:checking '/home/dong/turtlebot4_ws/install/turtlebot4_setup/lib/python3.10/site-packages'
[2.531s] Level 1:colcon.colcon_core.environment:checking '/home/dong/turtlebot4_ws/install/turtlebot4_setup/bin'
[2.542s] INFO:colcon.colcon_core.shell:Creating package script '/home/dong/turtlebot4_ws/install/turtlebot4_setup/share/turtlebot4_setup/package.ps1'
[2.542s] INFO:colcon.colcon_core.shell:Creating package descriptor '/home/dong/turtlebot4_ws/install/turtlebot4_setup/share/turtlebot4_setup/package.dsv'
[2.542s] INFO:colcon.colcon_core.shell:Creating package script '/home/dong/turtlebot4_ws/install/turtlebot4_setup/share/turtlebot4_setup/package.sh'
[2.543s] INFO:colcon.colcon_core.shell:Creating package script '/home/dong/turtlebot4_ws/install/turtlebot4_setup/share/turtlebot4_setup/package.bash'
[2.543s] INFO:colcon.colcon_core.shell:Creating package script '/home/dong/turtlebot4_ws/install/turtlebot4_setup/share/turtlebot4_setup/package.zsh'
[2.543s] Level 1:colcon.colcon_core.environment:create_file_with_runtime_dependencies(/home/dong/turtlebot4_ws/install/turtlebot4_setup/share/colcon-core/packages/turtlebot4_setup)
[2.570s] Level 1:colcon.colcon_core.environment:create_environment_scripts_only(turtlebot4_setup)
[2.580s] Level 1:colcon.colcon_core.environment:checking '/home/dong/turtlebot4_ws/install/turtlebot4_setup' for CMake module files
[2.581s] Level 1:colcon.colcon_core.environment:checking '/home/dong/turtlebot4_ws/install/turtlebot4_setup' for CMake config files
[2.581s] Level 1:colcon.colcon_core.shell:create_environment_hook('turtlebot4_setup', 'cmake_prefix_path')
[2.592s] INFO:colcon.colcon_core.shell:Creating environment hook '/home/dong/turtlebot4_ws/install/turtlebot4_setup/share/turtlebot4_setup/hook/cmake_prefix_path.ps1'
[2.592s] INFO:colcon.colcon_core.shell:Creating environment descriptor '/home/dong/turtlebot4_ws/install/turtlebot4_setup/share/turtlebot4_setup/hook/cmake_prefix_path.dsv'
[2.592s] INFO:colcon.colcon_core.shell:Creating environment hook '/home/dong/turtlebot4_ws/install/turtlebot4_setup/share/turtlebot4_setup/hook/cmake_prefix_path.sh'
[2.592s] Level 1:colcon.colcon_core.environment:checking '/home/dong/turtlebot4_ws/install/turtlebot4_setup/lib'
[2.592s] Level 1:colcon.colcon_core.environment:checking '/home/dong/turtlebot4_ws/install/turtlebot4_setup/bin'
[2.592s] Level 1:colcon.colcon_core.environment:checking '/home/dong/turtlebot4_ws/install/turtlebot4_setup/lib/pkgconfig/turtlebot4_setup.pc'
[2.593s] Level 1:colcon.colcon_core.environment:checking '/home/dong/turtlebot4_ws/install/turtlebot4_setup/lib/python3.10/site-packages'
[2.593s] Level 1:colcon.colcon_core.environment:checking '/home/dong/turtlebot4_ws/install/turtlebot4_setup/bin'
[2.604s] INFO:colcon.colcon_core.shell:Creating package script '/home/dong/turtlebot4_ws/install/turtlebot4_setup/share/turtlebot4_setup/package.ps1'
[2.604s] INFO:colcon.colcon_core.shell:Creating package descriptor '/home/dong/turtlebot4_ws/install/turtlebot4_setup/share/turtlebot4_setup/package.dsv'
[2.604s] INFO:colcon.colcon_core.shell:Creating package script '/home/dong/turtlebot4_ws/install/turtlebot4_setup/share/turtlebot4_setup/package.sh'
[2.605s] INFO:colcon.colcon_core.shell:Creating package script '/home/dong/turtlebot4_ws/install/turtlebot4_setup/share/turtlebot4_setup/package.bash'
[2.605s] INFO:colcon.colcon_core.shell:Creating package script '/home/dong/turtlebot4_ws/install/turtlebot4_setup/share/turtlebot4_setup/package.zsh'
[2.605s] Level 1:colcon.colcon_core.environment:create_file_with_runtime_dependencies(/home/dong/turtlebot4_ws/install/turtlebot4_setup/share/colcon-core/packages/turtlebot4_setup)
[2.605s] DEBUG:colcon.colcon_parallel_executor.executor.parallel:closing loop
[2.605s] DEBUG:colcon.colcon_parallel_executor.executor.parallel:loop closed
[2.606s] DEBUG:colcon.colcon_parallel_executor.executor.parallel:run_until_complete finished with '0'
[2.606s] DEBUG:colcon.colcon_core.event_reactor:joining thread
[2.621s] INFO:colcon.colcon_core.plugin_system:Skipping extension 'colcon_notification.desktop_notification.terminal_notifier': Not used on non-Darwin systems
[2.621s] INFO:colcon.colcon_core.plugin_system:Skipping extension 'colcon_notification.desktop_notification.win32': Not used on non-Windows systems
[2.621s] INFO:colcon.colcon_notification.desktop_notification:Sending desktop notification using 'notify2'
[2.629s] DEBUG:colcon.colcon_core.event_reactor:joined thread
[2.641s] INFO:colcon.colcon_core.shell:Creating prefix script '/home/dong/turtlebot4_ws/install/local_setup.ps1'
[2.641s] INFO:colcon.colcon_core.shell:Creating prefix util module '/home/dong/turtlebot4_ws/install/_local_setup_util_ps1.py'
[2.642s] INFO:colcon.colcon_core.shell:Creating prefix chain script '/home/dong/turtlebot4_ws/install/setup.ps1'
[2.654s] INFO:colcon.colcon_core.shell:Creating prefix script '/home/dong/turtlebot4_ws/install/local_setup.sh'
[2.654s] INFO:colcon.colcon_core.shell:Creating prefix util module '/home/dong/turtlebot4_ws/install/_local_setup_util_sh.py'
[2.654s] INFO:colcon.colcon_core.shell:Creating prefix chain script '/home/dong/turtlebot4_ws/install/setup.sh'
[2.666s] INFO:colcon.colcon_core.shell:Creating prefix script '/home/dong/turtlebot4_ws/install/local_setup.bash'
[2.666s] INFO:colcon.colcon_core.shell:Creating prefix chain script '/home/dong/turtlebot4_ws/install/setup.bash'
[2.678s] INFO:colcon.colcon_core.shell:Creating prefix script '/home/dong/turtlebot4_ws/install/local_setup.zsh'
[2.678s] INFO:colcon.colcon_core.shell:Creating prefix chain script '/home/dong/turtlebot4_ws/install/setup.zsh'
