[1.208s] Invoking command in '/home/dong/turtlebot4-ws/build/teleop_twist_keyboard': PYTHONPATH=/home/dong/turtlebot4-ws/build/teleop_twist_keyboard/prefix_override:/home/dong/turtlebot4-ws/install/teleop_twist_keyboard/lib/python3.10/site-packages:${PYTHONPATH} /usr/bin/python3 setup.py develop --editable --build-directory /home/dong/turtlebot4-ws/build/teleop_twist_keyboard/build --no-deps
[1.501s] running develop
[1.501s] /home/dong/.local/lib/python3.10/site-packages/setuptools/command/develop.py:39: EasyInstallDeprecationWarning: easy_install command is deprecated.
[1.501s] !!
[1.501s] 
[1.502s]         ********************************************************************************
[1.502s]         Please avoid running ``setup.py`` and ``easy_install``.
[1.502s]         Instead, use pypa/build, pypa/installer or other
[1.502s]         standards-based tools.
[1.502s] 
[1.502s]         See https://github.com/pypa/setuptools/issues/917 for details.
[1.502s]         ********************************************************************************
[1.503s] 
[1.503s] !!
[1.503s]   easy_install.initialize_options(self)
[1.528s] /home/dong/.local/lib/python3.10/site-packages/setuptools/_distutils/cmd.py:66: SetuptoolsDeprecationWarning: setup.py install is deprecated.
[1.528s] !!
[1.528s] 
[1.528s]         ********************************************************************************
[1.528s]         Please avoid running ``setup.py`` directly.
[1.528s]         Instead, use pypa/build, pypa/installer or other
[1.528s]         standards-based tools.
[1.528s] 
[1.528s]         See https://blog.ganssle.io/articles/2021/10/setup-py-deprecated.html for details.
[1.528s]         ********************************************************************************
[1.529s] 
[1.529s] !!
[1.529s]   self.initialize_options()
[1.683s] running egg_info
[1.696s] writing teleop_twist_keyboard.egg-info/PKG-INFO
[1.696s] writing dependency_links to teleop_twist_keyboard.egg-info/dependency_links.txt
[1.696s] writing entry points to teleop_twist_keyboard.egg-info/entry_points.txt
[1.697s] writing requirements to teleop_twist_keyboard.egg-info/requires.txt
[1.697s] writing top-level names to teleop_twist_keyboard.egg-info/top_level.txt
[1.727s] reading manifest file 'teleop_twist_keyboard.egg-info/SOURCES.txt'
[1.727s] writing manifest file 'teleop_twist_keyboard.egg-info/SOURCES.txt'
[1.743s] running build_ext
[1.743s] Creating /home/dong/turtlebot4-ws/install/teleop_twist_keyboard/lib/python3.10/site-packages/teleop_twist_keyboard.egg-link (link to .)
[1.744s] Installing teleop_twist_keyboard script to /home/dong/turtlebot4-ws/install/teleop_twist_keyboard/bin
[1.744s] 
[1.744s] Installed /home/dong/turtlebot4-ws/build/teleop_twist_keyboard
[1.790s] Invoked command in '/home/dong/turtlebot4-ws/build/teleop_twist_keyboard' returned '0': PYTHONPATH=/home/dong/turtlebot4-ws/build/teleop_twist_keyboard/prefix_override:/home/dong/turtlebot4-ws/install/teleop_twist_keyboard/lib/python3.10/site-packages:${PYTHONPATH} /usr/bin/python3 setup.py develop --editable --build-directory /home/dong/turtlebot4-ws/build/teleop_twist_keyboard/build --no-deps
