[0.281s] Invoking command in '/home/dong/turtlebot4_ws/build/minibot_hardware_interface': CMAKE_PREFIX_PATH=${CMAKE_PREFIX_PATH}:/home/dong/turtlebot4_ws/install/turtlebot4_cmd_py:/home/dong/turtlebot4_ws/install/teleop_twist_keyboard:/opt/ros/humble /usr/bin/cmake --build /home/dong/turtlebot4_ws/build/minibot_hardware_interface -- -j8 -l8
[0.716s] [100%] Built target minibot_hardware_interface
[0.721s] Invoked command in '/home/dong/turtlebot4_ws/build/minibot_hardware_interface' returned '0': CMAKE_PREFIX_PATH=${CMAKE_PREFIX_PATH}:/home/dong/turtlebot4_ws/install/turtlebot4_cmd_py:/home/dong/turtlebot4_ws/install/teleop_twist_keyboard:/opt/ros/humble /usr/bin/cmake --build /home/dong/turtlebot4_ws/build/minibot_hardware_interface -- -j8 -l8
[0.754s] Invoking command in '/home/dong/turtlebot4_ws/build/minibot_hardware_interface': CMAKE_PREFIX_PATH=${CMAKE_PREFIX_PATH}:/home/dong/turtlebot4_ws/install/turtlebot4_cmd_py:/home/dong/turtlebot4_ws/install/teleop_twist_keyboard:/opt/ros/humble /usr/bin/cmake --install /home/dong/turtlebot4_ws/build/minibot_hardware_interface
[0.761s] -- Install configuration: ""
[0.761s] -- Execute custom install script
[0.762s] -- Up-to-date symlink: /home/dong/turtlebot4_ws/install/minibot_hardware_interface/share/minibot_hardware_interface//minibot_hardware.xml
[0.762s] -- Up-to-date symlink: /home/dong/turtlebot4_ws/install/minibot_hardware_interface/lib/libminibot_hardware_interface.so
[0.763s] -- Up-to-date symlink: /home/dong/turtlebot4_ws/install/minibot_hardware_interface/include/minibot_hardware_interface/minibot_system.hpp
[0.763s] -- Up-to-date symlink: /home/dong/turtlebot4_ws/install/minibot_hardware_interface/share/minibot_hardware_interface/environment/library_path.sh
[0.763s] -- Up-to-date symlink: /home/dong/turtlebot4_ws/install/minibot_hardware_interface/share/minibot_hardware_interface/environment/library_path.dsv
[0.763s] -- Up-to-date symlink: /home/dong/turtlebot4_ws/install/minibot_hardware_interface/share/ament_index/resource_index/package_run_dependencies/minibot_hardware_interface
[0.764s] -- Up-to-date symlink: /home/dong/turtlebot4_ws/install/minibot_hardware_interface/share/ament_index/resource_index/parent_prefix_path/minibot_hardware_interface
[0.764s] -- Up-to-date symlink: /home/dong/turtlebot4_ws/install/minibot_hardware_interface/share/minibot_hardware_interface/environment/ament_prefix_path.sh
[0.764s] -- Up-to-date symlink: /home/dong/turtlebot4_ws/install/minibot_hardware_interface/share/minibot_hardware_interface/environment/ament_prefix_path.dsv
[0.764s] -- Up-to-date symlink: /home/dong/turtlebot4_ws/install/minibot_hardware_interface/share/minibot_hardware_interface/environment/path.sh
[0.765s] -- Up-to-date symlink: /home/dong/turtlebot4_ws/install/minibot_hardware_interface/share/minibot_hardware_interface/environment/path.dsv
[0.765s] -- Up-to-date symlink: /home/dong/turtlebot4_ws/install/minibot_hardware_interface/share/minibot_hardware_interface/local_setup.bash
[0.765s] -- Up-to-date symlink: /home/dong/turtlebot4_ws/install/minibot_hardware_interface/share/minibot_hardware_interface/local_setup.sh
[0.765s] -- Up-to-date symlink: /home/dong/turtlebot4_ws/install/minibot_hardware_interface/share/minibot_hardware_interface/local_setup.zsh
[0.765s] -- Up-to-date symlink: /home/dong/turtlebot4_ws/install/minibot_hardware_interface/share/minibot_hardware_interface/local_setup.dsv
[0.765s] -- Symlinking: /home/dong/turtlebot4_ws/install/minibot_hardware_interface/share/minibot_hardware_interface/package.dsv
[0.773s] -- Up-to-date symlink: /home/dong/turtlebot4_ws/install/minibot_hardware_interface/share/ament_index/resource_index/packages/minibot_hardware_interface
[0.773s] -- Up-to-date symlink: /home/dong/turtlebot4_ws/install/minibot_hardware_interface/share/ament_index/resource_index/hardware_interface__pluginlib__plugin/minibot_hardware_interface
[0.773s] -- Up-to-date symlink: /home/dong/turtlebot4_ws/install/minibot_hardware_interface/share/minibot_hardware_interface/cmake/ament_cmake_export_include_directories-extras.cmake
[0.774s] -- Up-to-date symlink: /home/dong/turtlebot4_ws/install/minibot_hardware_interface/share/minibot_hardware_interface/cmake/ament_cmake_export_libraries-extras.cmake
[0.774s] -- Up-to-date symlink: /home/dong/turtlebot4_ws/install/minibot_hardware_interface/share/minibot_hardware_interface/cmake/ament_cmake_export_dependencies-extras.cmake
[0.774s] -- Up-to-date symlink: /home/dong/turtlebot4_ws/install/minibot_hardware_interface/share/minibot_hardware_interface/cmake/minibot_hardware_interfaceConfig.cmake
[0.774s] -- Up-to-date symlink: /home/dong/turtlebot4_ws/install/minibot_hardware_interface/share/minibot_hardware_interface/cmake/minibot_hardware_interfaceConfig-version.cmake
[0.774s] -- Up-to-date symlink: /home/dong/turtlebot4_ws/install/minibot_hardware_interface/share/minibot_hardware_interface/package.xml
[0.857s] Invoked command in '/home/dong/turtlebot4_ws/build/minibot_hardware_interface' returned '0': CMAKE_PREFIX_PATH=${CMAKE_PREFIX_PATH}:/home/dong/turtlebot4_ws/install/turtlebot4_cmd_py:/home/dong/turtlebot4_ws/install/teleop_twist_keyboard:/opt/ros/humble /usr/bin/cmake --install /home/dong/turtlebot4_ws/build/minibot_hardware_interface
