[0.371s] Invoking command in '/home/dong/turtlebot4_ws/build/minibot_description': CMAKE_PREFIX_PATH=${CMAKE_PREFIX_PATH}:/home/dong/turtlebot4_ws/install/turtlebot4_cmd_py:/home/dong/turtlebot4_ws/install/teleop_twist_keyboard:/opt/ros/humble /usr/bin/cmake /home/dong/turtlebot4_ws/src/pinklab_minibot_robot/minibot_description -DAMENT_CMAKE_SYMLINK_INSTALL=1 -DCMAKE_INSTALL_PREFIX=/home/dong/turtlebot4_ws/install/minibot_description
[0.869s] -- The C compiler identification is GNU 11.4.0
[0.870s] -- The CXX compiler identification is GNU 11.4.0
[0.870s] -- Detecting C compiler ABI info
[0.870s] -- Detecting C compiler ABI info - done
[0.870s] -- Check for working C compiler: /usr/bin/cc - skipped
[0.870s] -- Detecting C compile features
[0.871s] -- Detecting C compile features - done
[0.871s] -- Detecting CXX compiler ABI info
[0.871s] -- Detecting CXX compiler ABI info - done
[0.871s] -- Check for working CXX compiler: /usr/bin/c++ - skipped
[0.871s] -- Detecting CXX compile features
[0.871s] -- Detecting CXX compile features - done
[0.871s] -- Found ament_cmake: 1.3.7 (/opt/ros/humble/share/ament_cmake/cmake)
[1.194s] -- Found Python3: /usr/bin/python3.10 (found version "3.10.12") found components: Interpreter 
[1.264s] -- Override CMake install command with custom implementation using symlinks instead of copying resources
[1.306s] -- Found xacro: 2.0.8 (/opt/ros/humble/share/xacro/cmake)
[1.309s] -- Found ament_lint_auto: 0.12.10 (/opt/ros/humble/share/ament_lint_auto/cmake)
[1.439s] -- Added test 'copyright' to check source files copyright and LICENSE
[1.443s] -- Added test 'flake8' to check Python code syntax and style conventions
[1.443s] -- Added test 'lint_cmake' to check CMake code style
[1.444s] -- Added test 'pep257' to check Python code against some of the docstring style conventions in PEP 257
[1.446s] -- Added test 'xmllint' to check XML markup files
[1.448s] -- Configuring done
[1.451s] -- Generating done
[1.452s] -- Build files have been written to: /home/dong/turtlebot4_ws/build/minibot_description
[1.469s] Invoked command in '/home/dong/turtlebot4_ws/build/minibot_description' returned '0': CMAKE_PREFIX_PATH=${CMAKE_PREFIX_PATH}:/home/dong/turtlebot4_ws/install/turtlebot4_cmd_py:/home/dong/turtlebot4_ws/install/teleop_twist_keyboard:/opt/ros/humble /usr/bin/cmake /home/dong/turtlebot4_ws/src/pinklab_minibot_robot/minibot_description -DAMENT_CMAKE_SYMLINK_INSTALL=1 -DCMAKE_INSTALL_PREFIX=/home/dong/turtlebot4_ws/install/minibot_description
[1.470s] Invoking command in '/home/dong/turtlebot4_ws/build/minibot_description': CMAKE_PREFIX_PATH=${CMAKE_PREFIX_PATH}:/home/dong/turtlebot4_ws/install/turtlebot4_cmd_py:/home/dong/turtlebot4_ws/install/teleop_twist_keyboard:/opt/ros/humble /usr/bin/cmake --build /home/dong/turtlebot4_ws/build/minibot_description -- -j8 -l8
[1.587s] Invoked command in '/home/dong/turtlebot4_ws/build/minibot_description' returned '0': CMAKE_PREFIX_PATH=${CMAKE_PREFIX_PATH}:/home/dong/turtlebot4_ws/install/turtlebot4_cmd_py:/home/dong/turtlebot4_ws/install/teleop_twist_keyboard:/opt/ros/humble /usr/bin/cmake --build /home/dong/turtlebot4_ws/build/minibot_description -- -j8 -l8
[1.612s] Invoking command in '/home/dong/turtlebot4_ws/build/minibot_description': CMAKE_PREFIX_PATH=${CMAKE_PREFIX_PATH}:/home/dong/turtlebot4_ws/install/turtlebot4_cmd_py:/home/dong/turtlebot4_ws/install/teleop_twist_keyboard:/opt/ros/humble /usr/bin/cmake --install /home/dong/turtlebot4_ws/build/minibot_description
[1.620s] -- Install configuration: ""
[1.620s] -- Execute custom install script
[1.621s] -- Symlinking: /home/dong/turtlebot4_ws/install/minibot_description/share/minibot_description/launch/upload_robot.launch.py
[1.630s] -- Symlinking: /home/dong/turtlebot4_ws/install/minibot_description/share/minibot_description/launch/view_robot.launch.py
[1.638s] -- Symlinking: /home/dong/turtlebot4_ws/install/minibot_description/share/minibot_description/meshes/collision/base_link.stl
[1.644s] -- Symlinking: /home/dong/turtlebot4_ws/install/minibot_description/share/minibot_description/meshes/collision/front_camera.stl
[1.651s] -- Symlinking: /home/dong/turtlebot4_ws/install/minibot_description/share/minibot_description/meshes/collision/ul_sensor.stl
[1.658s] -- Symlinking: /home/dong/turtlebot4_ws/install/minibot_description/share/minibot_description/meshes/collision/wheel.stl
[1.664s] -- Symlinking: /home/dong/turtlebot4_ws/install/minibot_description/share/minibot_description/meshes/collision/ydlidar_x2_assy.stl
[1.672s] -- Symlinking: /home/dong/turtlebot4_ws/install/minibot_description/share/minibot_description/meshes/visual/base_link.dae
[1.679s] -- Symlinking: /home/dong/turtlebot4_ws/install/minibot_description/share/minibot_description/meshes/visual/front_camera.dae
[1.686s] -- Symlinking: /home/dong/turtlebot4_ws/install/minibot_description/share/minibot_description/meshes/visual/front_camera.png
[1.693s] -- Symlinking: /home/dong/turtlebot4_ws/install/minibot_description/share/minibot_description/meshes/visual/ul_sensor.dae
[1.700s] -- Symlinking: /home/dong/turtlebot4_ws/install/minibot_description/share/minibot_description/meshes/visual/wheel.dae
[1.708s] -- Symlinking: /home/dong/turtlebot4_ws/install/minibot_description/share/minibot_description/meshes/visual/wheel.png
[1.715s] -- Symlinking: /home/dong/turtlebot4_ws/install/minibot_description/share/minibot_description/meshes/visual/ydlidar_x2.png
[1.722s] -- Symlinking: /home/dong/turtlebot4_ws/install/minibot_description/share/minibot_description/meshes/visual/ydlidar_x2_assy.dae
[1.729s] -- Symlinking: /home/dong/turtlebot4_ws/install/minibot_description/share/minibot_description/rviz/view_robot.rviz
[1.740s] -- Symlinking: /home/dong/turtlebot4_ws/install/minibot_description/share/minibot_description/urdf/common/inertia_macro.urdf.xacro
[1.747s] -- Symlinking: /home/dong/turtlebot4_ws/install/minibot_description/share/minibot_description/urdf/minibot.urdf.xacro
[1.754s] -- Symlinking: /home/dong/turtlebot4_ws/install/minibot_description/share/minibot_description/urdf/minibot_gazebo.urdf.xacro
[1.761s] -- Symlinking: /home/dong/turtlebot4_ws/install/minibot_description/share/minibot_description/urdf/minibot_ros2_control.urdf.xacro
[1.768s] -- Symlinking: /home/dong/turtlebot4_ws/install/minibot_description/share/minibot_description/urdf/robot.urdf.xacro
[1.778s] -- Symlinking: /home/dong/turtlebot4_ws/install/minibot_description/share/ament_index/resource_index/package_run_dependencies/minibot_description
[1.784s] -- Symlinking: /home/dong/turtlebot4_ws/install/minibot_description/share/ament_index/resource_index/parent_prefix_path/minibot_description
[1.793s] -- Symlinking: /home/dong/turtlebot4_ws/install/minibot_description/share/minibot_description/environment/ament_prefix_path.sh
[1.801s] -- Symlinking: /home/dong/turtlebot4_ws/install/minibot_description/share/minibot_description/environment/ament_prefix_path.dsv
[1.809s] -- Symlinking: /home/dong/turtlebot4_ws/install/minibot_description/share/minibot_description/environment/path.sh
[1.819s] -- Symlinking: /home/dong/turtlebot4_ws/install/minibot_description/share/minibot_description/environment/path.dsv
[1.829s] -- Symlinking: /home/dong/turtlebot4_ws/install/minibot_description/share/minibot_description/local_setup.bash
[1.841s] -- Symlinking: /home/dong/turtlebot4_ws/install/minibot_description/share/minibot_description/local_setup.sh
[1.851s] -- Symlinking: /home/dong/turtlebot4_ws/install/minibot_description/share/minibot_description/local_setup.zsh
[1.861s] -- Symlinking: /home/dong/turtlebot4_ws/install/minibot_description/share/minibot_description/local_setup.dsv
[1.871s] -- Symlinking: /home/dong/turtlebot4_ws/install/minibot_description/share/minibot_description/package.dsv
[1.881s] -- Symlinking: /home/dong/turtlebot4_ws/install/minibot_description/share/ament_index/resource_index/packages/minibot_description
[1.892s] -- Symlinking: /home/dong/turtlebot4_ws/install/minibot_description/share/minibot_description/cmake/minibot_descriptionConfig.cmake
[1.902s] -- Symlinking: /home/dong/turtlebot4_ws/install/minibot_description/share/minibot_description/cmake/minibot_descriptionConfig-version.cmake
[1.912s] -- Symlinking: /home/dong/turtlebot4_ws/install/minibot_description/share/minibot_description/package.xml
[1.927s] Invoked command in '/home/dong/turtlebot4_ws/build/minibot_description' returned '0': CMAKE_PREFIX_PATH=${CMAKE_PREFIX_PATH}:/home/dong/turtlebot4_ws/install/turtlebot4_cmd_py:/home/dong/turtlebot4_ws/install/teleop_twist_keyboard:/opt/ros/humble /usr/bin/cmake --install /home/dong/turtlebot4_ws/build/minibot_description
