[1.524s] Invoking command in '/home/dong/turtlebot4-ws/build/teleop_twist_keyboard': PYTHONPATH=/home/dong/turtlebot4-ws/build/teleop_twist_keyboard/prefix_override:/home/dong/turtlebot4-ws/install/teleop_twist_keyboard/lib/python3.10/site-packages:${PYTHONPATH} /usr/bin/python3 setup.py develop --editable --build-directory /home/dong/turtlebot4-ws/build/teleop_twist_keyboard/build --no-deps
[1.950s] running develop
[1.950s] /home/dong/.local/lib/python3.10/site-packages/setuptools/command/develop.py:39: EasyInstallDeprecationWarning: easy_install command is deprecated.
[1.950s] !!
[1.950s] 
[1.950s]         ********************************************************************************
[1.950s]         Please avoid running ``setup.py`` and ``easy_install``.
[1.950s]         Instead, use pypa/build, pypa/installer or other
[1.950s]         standards-based tools.
[1.950s] 
[1.950s]         See https://github.com/pypa/setuptools/issues/917 for details.
[1.951s]         ********************************************************************************
[1.951s] 
[1.951s] !!
[1.951s]   easy_install.initialize_options(self)
[1.983s] /home/dong/.local/lib/python3.10/site-packages/setuptools/_distutils/cmd.py:66: SetuptoolsDeprecationWarning: setup.py install is deprecated.
[1.983s] !!
[1.983s] 
[1.983s]         ********************************************************************************
[1.983s]         Please avoid running ``setup.py`` directly.
[1.983s]         Instead, use pypa/build, pypa/installer or other
[1.983s]         standards-based tools.
[1.983s] 
[1.983s]         See https://blog.ganssle.io/articles/2021/10/setup-py-deprecated.html for details.
[1.983s]         ********************************************************************************
[1.984s] 
[1.984s] !!
[1.984s]   self.initialize_options()
[2.237s] running egg_info
[2.238s] creating teleop_twist_keyboard.egg-info
[2.260s] writing teleop_twist_keyboard.egg-info/PKG-INFO
[2.260s] writing dependency_links to teleop_twist_keyboard.egg-info/dependency_links.txt
[2.261s] writing entry points to teleop_twist_keyboard.egg-info/entry_points.txt
[2.261s] writing requirements to teleop_twist_keyboard.egg-info/requires.txt
[2.261s] writing top-level names to teleop_twist_keyboard.egg-info/top_level.txt
[2.261s] writing manifest file 'teleop_twist_keyboard.egg-info/SOURCES.txt'
[2.307s] reading manifest file 'teleop_twist_keyboard.egg-info/SOURCES.txt'
[2.308s] writing manifest file 'teleop_twist_keyboard.egg-info/SOURCES.txt'
[2.332s] running build_ext
[2.333s] Creating /home/dong/turtlebot4-ws/install/teleop_twist_keyboard/lib/python3.10/site-packages/teleop_twist_keyboard.egg-link (link to .)
[2.334s] Installing teleop_twist_keyboard script to /home/dong/turtlebot4-ws/install/teleop_twist_keyboard/bin
[2.335s] 
[2.335s] Installed /home/dong/turtlebot4-ws/build/teleop_twist_keyboard
[2.524s] Invoked command in '/home/dong/turtlebot4-ws/build/teleop_twist_keyboard' returned '0': PYTHONPATH=/home/dong/turtlebot4-ws/build/teleop_twist_keyboard/prefix_override:/home/dong/turtlebot4-ws/install/teleop_twist_keyboard/lib/python3.10/site-packages:${PYTHONPATH} /usr/bin/python3 setup.py develop --editable --build-directory /home/dong/turtlebot4-ws/build/teleop_twist_keyboard/build --no-deps
