[1.010s] Invoking command in '/home/dong/turtlebot4-ws/build/turtlebot4_cmd_py': PYTHONPATH=/home/dong/turtlebot4-ws/build/turtlebot4_cmd_py/prefix_override:/home/dong/turtlebot4-ws/install/turtlebot4_cmd_py/lib/python3.10/site-packages:${PYTHONPATH} /usr/bin/python3 setup.py develop --editable --build-directory /home/dong/turtlebot4-ws/build/turtlebot4_cmd_py/build --no-deps install_data
[1.305s] running develop
[1.306s] /home/dong/.local/lib/python3.10/site-packages/setuptools/command/develop.py:39: EasyInstallDeprecationWarning: easy_install command is deprecated.
[1.306s] !!
[1.306s] 
[1.306s]         ********************************************************************************
[1.306s]         Please avoid running ``setup.py`` and ``easy_install``.
[1.307s]         Instead, use pypa/build, pypa/installer or other
[1.307s]         standards-based tools.
[1.307s] 
[1.307s]         See https://github.com/pypa/setuptools/issues/917 for details.
[1.307s]         ********************************************************************************
[1.307s] 
[1.307s] !!
[1.307s]   easy_install.initialize_options(self)
[1.333s] /home/dong/.local/lib/python3.10/site-packages/setuptools/_distutils/cmd.py:66: SetuptoolsDeprecationWarning: setup.py install is deprecated.
[1.333s] !!
[1.333s] 
[1.333s]         ********************************************************************************
[1.333s]         Please avoid running ``setup.py`` directly.
[1.333s]         Instead, use pypa/build, pypa/installer or other
[1.334s]         standards-based tools.
[1.334s] 
[1.334s]         See https://blog.ganssle.io/articles/2021/10/setup-py-deprecated.html for details.
[1.334s]         ********************************************************************************
[1.334s] 
[1.334s] !!
[1.334s]   self.initialize_options()
[1.488s] running egg_info
[1.501s] writing turtlebot4_cmd_py.egg-info/PKG-INFO
[1.501s] writing dependency_links to turtlebot4_cmd_py.egg-info/dependency_links.txt
[1.501s] writing entry points to turtlebot4_cmd_py.egg-info/entry_points.txt
[1.501s] writing requirements to turtlebot4_cmd_py.egg-info/requires.txt
[1.501s] writing top-level names to turtlebot4_cmd_py.egg-info/top_level.txt
[1.529s] reading manifest file 'turtlebot4_cmd_py.egg-info/SOURCES.txt'
[1.530s] writing manifest file 'turtlebot4_cmd_py.egg-info/SOURCES.txt'
[1.547s] running build_ext
[1.548s] Creating /home/dong/turtlebot4-ws/install/turtlebot4_cmd_py/lib/python3.10/site-packages/turtlebot4_cmd_py.egg-link (link to .)
[1.549s] Installing Turtlebot4Ctl script to /home/dong/turtlebot4-ws/install/turtlebot4_cmd_py/lib/turtlebot4_cmd_py
[1.549s] Installing pub script to /home/dong/turtlebot4-ws/install/turtlebot4_cmd_py/lib/turtlebot4_cmd_py
[1.549s] Installing sub script to /home/dong/turtlebot4-ws/install/turtlebot4_cmd_py/lib/turtlebot4_cmd_py
[1.549s] Installing test script to /home/dong/turtlebot4-ws/install/turtlebot4_cmd_py/lib/turtlebot4_cmd_py
[1.549s] Installing test1 script to /home/dong/turtlebot4-ws/install/turtlebot4_cmd_py/lib/turtlebot4_cmd_py
[1.549s] Installing test2 script to /home/dong/turtlebot4-ws/install/turtlebot4_cmd_py/lib/turtlebot4_cmd_py
[1.549s] 
[1.550s] Installed /home/dong/turtlebot4-ws/build/turtlebot4_cmd_py
[1.550s] running install_data
[1.550s] copying resource/turtlebot4_cmd_py -> /home/dong/turtlebot4-ws/install/turtlebot4_cmd_py/share/ament_index/resource_index/packages
[1.550s] copying package.xml -> /home/dong/turtlebot4-ws/install/turtlebot4_cmd_py/share/turtlebot4_cmd_py
[1.550s] copying launch/turtlebot4_launch.launch.py -> /home/dong/turtlebot4-ws/install/turtlebot4_cmd_py/share/turtlebot4_cmd_py
[1.581s] Invoked command in '/home/dong/turtlebot4-ws/build/turtlebot4_cmd_py' returned '0': PYTHONPATH=/home/dong/turtlebot4-ws/build/turtlebot4_cmd_py/prefix_override:/home/dong/turtlebot4-ws/install/turtlebot4_cmd_py/lib/python3.10/site-packages:${PYTHONPATH} /usr/bin/python3 setup.py develop --editable --build-directory /home/dong/turtlebot4-ws/build/turtlebot4_cmd_py/build --no-deps install_data
