[2.047s] Invoking command in '/home/dong/turtlebot4_ws/build/teleop_twist_keyboard': PYTHONPATH=/home/dong/turtlebot4_ws/build/teleop_twist_keyboard/prefix_override:/home/dong/turtlebot4_ws/install/teleop_twist_keyboard/lib/python3.10/site-packages:${PYTHONPATH} /usr/bin/python3 setup.py develop --editable --build-directory /home/dong/turtlebot4_ws/build/teleop_twist_keyboard/build --no-deps
[2.458s] running develop
[2.459s] /home/dong/.local/lib/python3.10/site-packages/setuptools/command/develop.py:39: EasyInstallDeprecationWarning: easy_install command is deprecated.
[2.459s] !!
[2.459s] 
[2.459s]         ********************************************************************************
[2.460s]         Please avoid running ``setup.py`` and ``easy_install``.
[2.460s]         Instead, use pypa/build, pypa/installer or other
[2.460s]         standards-based tools.
[2.461s] 
[2.461s]         See https://github.com/pypa/setuptools/issues/917 for details.
[2.461s]         ********************************************************************************
[2.461s] 
[2.462s] !!
[2.462s]   easy_install.initialize_options(self)
[2.502s] /home/dong/.local/lib/python3.10/site-packages/setuptools/_distutils/cmd.py:66: SetuptoolsDeprecationWarning: setup.py install is deprecated.
[2.502s] !!
[2.503s] 
[2.503s]         ********************************************************************************
[2.503s]         Please avoid running ``setup.py`` directly.
[2.503s]         Instead, use pypa/build, pypa/installer or other
[2.503s]         standards-based tools.
[2.503s] 
[2.503s]         See https://blog.ganssle.io/articles/2021/10/setup-py-deprecated.html for details.
[2.504s]         ********************************************************************************
[2.504s] 
[2.504s] !!
[2.504s]   self.initialize_options()
[2.761s] running egg_info
[2.784s] writing teleop_twist_keyboard.egg-info/PKG-INFO
[2.784s] writing dependency_links to teleop_twist_keyboard.egg-info/dependency_links.txt
[2.785s] writing entry points to teleop_twist_keyboard.egg-info/entry_points.txt
[2.785s] writing requirements to teleop_twist_keyboard.egg-info/requires.txt
[2.785s] writing top-level names to teleop_twist_keyboard.egg-info/top_level.txt
[2.829s] reading manifest file 'teleop_twist_keyboard.egg-info/SOURCES.txt'
[2.830s] writing manifest file 'teleop_twist_keyboard.egg-info/SOURCES.txt'
[2.855s] running build_ext
[2.855s] Creating /home/dong/turtlebot4_ws/install/teleop_twist_keyboard/lib/python3.10/site-packages/teleop_twist_keyboard.egg-link (link to .)
[2.855s] Installing teleop_twist_keyboard script to /home/dong/turtlebot4_ws/install/teleop_twist_keyboard/bin
[2.856s] 
[2.856s] Installed /home/dong/turtlebot4_ws/build/teleop_twist_keyboard
[2.983s] Invoked command in '/home/dong/turtlebot4_ws/build/teleop_twist_keyboard' returned '0': PYTHONPATH=/home/dong/turtlebot4_ws/build/teleop_twist_keyboard/prefix_override:/home/dong/turtlebot4_ws/install/teleop_twist_keyboard/lib/python3.10/site-packages:${PYTHONPATH} /usr/bin/python3 setup.py develop --editable --build-directory /home/dong/turtlebot4_ws/build/teleop_twist_keyboard/build --no-deps
