[1.024s] Invoking command in '/home/dong/turtlebot4_ws/build/teleop_twist_keyboard': PYTHONPATH=/home/dong/turtlebot4_ws/build/teleop_twist_keyboard/prefix_override:/home/dong/turtlebot4_ws/install/teleop_twist_keyboard/lib/python3.10/site-packages:${PYTHONPATH} /usr/bin/python3 setup.py develop --uninstall --editable --build-directory /home/dong/turtlebot4_ws/build/teleop_twist_keyboard/build
[1.259s] running develop
[1.259s] /home/dong/.local/lib/python3.10/site-packages/setuptools/command/develop.py:39: EasyInstallDeprecationWarning: easy_install command is deprecated.
[1.259s] !!
[1.259s] 
[1.259s]         ********************************************************************************
[1.260s]         Please avoid running ``setup.py`` and ``easy_install``.
[1.260s]         Instead, use pypa/build, pypa/installer or other
[1.260s]         standards-based tools.
[1.260s] 
[1.260s]         See https://github.com/pypa/setuptools/issues/917 for details.
[1.260s]         ********************************************************************************
[1.260s] 
[1.260s] !!
[1.260s]   easy_install.initialize_options(self)
[1.285s] /home/dong/.local/lib/python3.10/site-packages/setuptools/_distutils/cmd.py:66: SetuptoolsDeprecationWarning: setup.py install is deprecated.
[1.285s] !!
[1.285s] 
[1.285s]         ********************************************************************************
[1.285s]         Please avoid running ``setup.py`` directly.
[1.285s]         Instead, use pypa/build, pypa/installer or other
[1.285s]         standards-based tools.
[1.285s] 
[1.285s]         See https://blog.ganssle.io/articles/2021/10/setup-py-deprecated.html for details.
[1.285s]         ********************************************************************************
[1.285s] 
[1.286s] !!
[1.286s]   self.initialize_options()
[1.433s] Removing /home/dong/turtlebot4_ws/install/teleop_twist_keyboard/lib/python3.10/site-packages/teleop_twist_keyboard.egg-link (link to .)
[1.459s] Invoked command in '/home/dong/turtlebot4_ws/build/teleop_twist_keyboard' returned '0': PYTHONPATH=/home/dong/turtlebot4_ws/build/teleop_twist_keyboard/prefix_override:/home/dong/turtlebot4_ws/install/teleop_twist_keyboard/lib/python3.10/site-packages:${PYTHONPATH} /usr/bin/python3 setup.py develop --uninstall --editable --build-directory /home/dong/turtlebot4_ws/build/teleop_twist_keyboard/build
[1.459s] Invoking command in '/home/dong/turtlebot4_ws/src/ros2_teleop_keyboard': PYTHONPATH=/home/dong/turtlebot4_ws/build/teleop_twist_keyboard/prefix_override:/home/dong/turtlebot4_ws/install/teleop_twist_keyboard/lib/python3.10/site-packages:${PYTHONPATH} /usr/bin/python3 setup.py egg_info --egg-base ../../build/teleop_twist_keyboard build --build-base /home/dong/turtlebot4_ws/build/teleop_twist_keyboard/build install --record /home/dong/turtlebot4_ws/build/teleop_twist_keyboard/install.log --single-version-externally-managed
[1.621s] running egg_info
[1.633s] writing ../../build/teleop_twist_keyboard/teleop_twist_keyboard.egg-info/PKG-INFO
[1.633s] writing dependency_links to ../../build/teleop_twist_keyboard/teleop_twist_keyboard.egg-info/dependency_links.txt
[1.633s] writing entry points to ../../build/teleop_twist_keyboard/teleop_twist_keyboard.egg-info/entry_points.txt
[1.633s] writing requirements to ../../build/teleop_twist_keyboard/teleop_twist_keyboard.egg-info/requires.txt
[1.633s] writing top-level names to ../../build/teleop_twist_keyboard/teleop_twist_keyboard.egg-info/top_level.txt
[1.657s] reading manifest file '../../build/teleop_twist_keyboard/teleop_twist_keyboard.egg-info/SOURCES.txt'
[1.658s] writing manifest file '../../build/teleop_twist_keyboard/teleop_twist_keyboard.egg-info/SOURCES.txt'
[1.658s] running build
[1.658s] running build_py
[1.658s] creating /home/dong/turtlebot4_ws/build/teleop_twist_keyboard/build
[1.658s] creating /home/dong/turtlebot4_ws/build/teleop_twist_keyboard/build/lib
[1.658s] copying teleop_twist_keyboard.py -> /home/dong/turtlebot4_ws/build/teleop_twist_keyboard/build/lib
[1.658s] running install
[1.658s] /home/dong/.local/lib/python3.10/site-packages/setuptools/_distutils/cmd.py:66: SetuptoolsDeprecationWarning: setup.py install is deprecated.
[1.658s] !!
[1.658s] 
[1.659s]         ********************************************************************************
[1.659s]         Please avoid running ``setup.py`` directly.
[1.659s]         Instead, use pypa/build, pypa/installer or other
[1.659s]         standards-based tools.
[1.659s] 
[1.659s]         See https://blog.ganssle.io/articles/2021/10/setup-py-deprecated.html for details.
[1.659s]         ********************************************************************************
[1.659s] 
[1.659s] !!
[1.659s]   self.initialize_options()
[1.662s] running install_lib
[1.675s] copying /home/dong/turtlebot4_ws/build/teleop_twist_keyboard/build/lib/teleop_twist_keyboard.py -> /home/dong/turtlebot4_ws/install/teleop_twist_keyboard/lib/python3.10/site-packages
[1.675s] byte-compiling /home/dong/turtlebot4_ws/install/teleop_twist_keyboard/lib/python3.10/site-packages/teleop_twist_keyboard.py to teleop_twist_keyboard.cpython-310.pyc
[1.676s] running install_egg_info
[1.689s] Copying ../../build/teleop_twist_keyboard/teleop_twist_keyboard.egg-info to /home/dong/turtlebot4_ws/install/teleop_twist_keyboard/lib/python3.10/site-packages/teleop_twist_keyboard-0.0.0-py3.10.egg-info
[1.689s] running install_scripts
[1.801s] Installing teleop_twist_keyboard script to /home/dong/turtlebot4_ws/install/teleop_twist_keyboard/bin
[1.801s] writing list of installed files to '/home/dong/turtlebot4_ws/build/teleop_twist_keyboard/install.log'
[1.822s] Invoked command in '/home/dong/turtlebot4_ws/src/ros2_teleop_keyboard' returned '0': PYTHONPATH=/home/dong/turtlebot4_ws/build/teleop_twist_keyboard/prefix_override:/home/dong/turtlebot4_ws/install/teleop_twist_keyboard/lib/python3.10/site-packages:${PYTHONPATH} /usr/bin/python3 setup.py egg_info --egg-base ../../build/teleop_twist_keyboard build --build-base /home/dong/turtlebot4_ws/build/teleop_twist_keyboard/build install --record /home/dong/turtlebot4_ws/build/teleop_twist_keyboard/install.log --single-version-externally-managed
