[0.277s] Invoking command in '/home/dong/turtlebot4-ws/build/minibot_hardware_interface': CMAKE_PREFIX_PATH=${CMAKE_PREFIX_PATH}:/home/dong/turtlebot4-ws/install/turtlebot4_cmd_py:/home/dong/turtlebot4-ws/install/teleop_twist_keyboard:/opt/ros/humble /usr/bin/cmake --build /home/dong/turtlebot4-ws/build/minibot_hardware_interface -- -j8 -l8
[0.705s] [35m[1mConsolidate compiler generated dependencies of target minibot_hardware_interface[0m
[0.705s] [100%] Built target minibot_hardware_interface
[0.711s] Invoked command in '/home/dong/turtlebot4-ws/build/minibot_hardware_interface' returned '0': CMAKE_PREFIX_PATH=${CMAKE_PREFIX_PATH}:/home/dong/turtlebot4-ws/install/turtlebot4_cmd_py:/home/dong/turtlebot4-ws/install/teleop_twist_keyboard:/opt/ros/humble /usr/bin/cmake --build /home/dong/turtlebot4-ws/build/minibot_hardware_interface -- -j8 -l8
[0.739s] Invoking command in '/home/dong/turtlebot4-ws/build/minibot_hardware_interface': CMAKE_PREFIX_PATH=${CMAKE_PREFIX_PATH}:/home/dong/turtlebot4-ws/install/turtlebot4_cmd_py:/home/dong/turtlebot4-ws/install/teleop_twist_keyboard:/opt/ros/humble /usr/bin/cmake --install /home/dong/turtlebot4-ws/build/minibot_hardware_interface
[0.748s] -- Install configuration: ""
[0.750s] -- Execute custom install script
[0.750s] -- Up-to-date symlink: /home/dong/turtlebot4-ws/install/minibot_hardware_interface/share/minibot_hardware_interface//minibot_hardware.xml
[0.750s] -- Up-to-date symlink: /home/dong/turtlebot4-ws/install/minibot_hardware_interface/lib/libminibot_hardware_interface.so
[0.750s] -- Up-to-date symlink: /home/dong/turtlebot4-ws/install/minibot_hardware_interface/include/minibot_hardware_interface/minibot_system.hpp
[0.751s] -- Up-to-date symlink: /home/dong/turtlebot4-ws/install/minibot_hardware_interface/share/minibot_hardware_interface/environment/library_path.sh
[0.751s] -- Up-to-date symlink: /home/dong/turtlebot4-ws/install/minibot_hardware_interface/share/minibot_hardware_interface/environment/library_path.dsv
[0.751s] -- Up-to-date symlink: /home/dong/turtlebot4-ws/install/minibot_hardware_interface/share/ament_index/resource_index/package_run_dependencies/minibot_hardware_interface
[0.751s] -- Up-to-date symlink: /home/dong/turtlebot4-ws/install/minibot_hardware_interface/share/ament_index/resource_index/parent_prefix_path/minibot_hardware_interface
[0.751s] -- Up-to-date symlink: /home/dong/turtlebot4-ws/install/minibot_hardware_interface/share/minibot_hardware_interface/environment/ament_prefix_path.sh
[0.752s] -- Up-to-date symlink: /home/dong/turtlebot4-ws/install/minibot_hardware_interface/share/minibot_hardware_interface/environment/ament_prefix_path.dsv
[0.752s] -- Up-to-date symlink: /home/dong/turtlebot4-ws/install/minibot_hardware_interface/share/minibot_hardware_interface/environment/path.sh
[0.752s] -- Up-to-date symlink: /home/dong/turtlebot4-ws/install/minibot_hardware_interface/share/minibot_hardware_interface/environment/path.dsv
[0.752s] -- Up-to-date symlink: /home/dong/turtlebot4-ws/install/minibot_hardware_interface/share/minibot_hardware_interface/local_setup.bash
[0.752s] -- Up-to-date symlink: /home/dong/turtlebot4-ws/install/minibot_hardware_interface/share/minibot_hardware_interface/local_setup.sh
[0.752s] -- Up-to-date symlink: /home/dong/turtlebot4-ws/install/minibot_hardware_interface/share/minibot_hardware_interface/local_setup.zsh
[0.752s] -- Up-to-date symlink: /home/dong/turtlebot4-ws/install/minibot_hardware_interface/share/minibot_hardware_interface/local_setup.dsv
[0.752s] -- Symlinking: /home/dong/turtlebot4-ws/install/minibot_hardware_interface/share/minibot_hardware_interface/package.dsv
[0.758s] -- Up-to-date symlink: /home/dong/turtlebot4-ws/install/minibot_hardware_interface/share/ament_index/resource_index/packages/minibot_hardware_interface
[0.759s] -- Up-to-date symlink: /home/dong/turtlebot4-ws/install/minibot_hardware_interface/share/ament_index/resource_index/hardware_interface__pluginlib__plugin/minibot_hardware_interface
[0.759s] -- Up-to-date symlink: /home/dong/turtlebot4-ws/install/minibot_hardware_interface/share/minibot_hardware_interface/cmake/ament_cmake_export_include_directories-extras.cmake
[0.759s] -- Up-to-date symlink: /home/dong/turtlebot4-ws/install/minibot_hardware_interface/share/minibot_hardware_interface/cmake/ament_cmake_export_libraries-extras.cmake
[0.759s] -- Up-to-date symlink: /home/dong/turtlebot4-ws/install/minibot_hardware_interface/share/minibot_hardware_interface/cmake/ament_cmake_export_dependencies-extras.cmake
[0.759s] -- Up-to-date symlink: /home/dong/turtlebot4-ws/install/minibot_hardware_interface/share/minibot_hardware_interface/cmake/minibot_hardware_interfaceConfig.cmake
[0.759s] -- Up-to-date symlink: /home/dong/turtlebot4-ws/install/minibot_hardware_interface/share/minibot_hardware_interface/cmake/minibot_hardware_interfaceConfig-version.cmake
[0.760s] -- Up-to-date symlink: /home/dong/turtlebot4-ws/install/minibot_hardware_interface/share/minibot_hardware_interface/package.xml
[0.905s] Invoked command in '/home/dong/turtlebot4-ws/build/minibot_hardware_interface' returned '0': CMAKE_PREFIX_PATH=${CMAKE_PREFIX_PATH}:/home/dong/turtlebot4-ws/install/turtlebot4_cmd_py:/home/dong/turtlebot4-ws/install/teleop_twist_keyboard:/opt/ros/humble /usr/bin/cmake --install /home/dong/turtlebot4-ws/build/minibot_hardware_interface
