[1.597s] Invoking command in '/home/dong/turtlebot4_ws/build/teleop_twist_keyboard': PYTHONPATH=/home/dong/turtlebot4_ws/build/teleop_twist_keyboard/prefix_override:/home/dong/turtlebot4_ws/install/teleop_twist_keyboard/lib/python3.10/site-packages:${PYTHONPATH} /usr/bin/python3 setup.py develop --editable --build-directory /home/dong/turtlebot4_ws/build/teleop_twist_keyboard/build --no-deps
[2.005s] running develop
[2.005s] /home/dong/.local/lib/python3.10/site-packages/setuptools/command/develop.py:39: EasyInstallDeprecationWarning: easy_install command is deprecated.
[2.005s] !!
[2.005s] 
[2.005s]         ********************************************************************************
[2.006s]         Please avoid running ``setup.py`` and ``easy_install``.
[2.006s]         Instead, use pypa/build, pypa/installer or other
[2.006s]         standards-based tools.
[2.006s] 
[2.006s]         See https://github.com/pypa/setuptools/issues/917 for details.
[2.006s]         ********************************************************************************
[2.006s] 
[2.006s] !!
[2.006s]   easy_install.initialize_options(self)
[2.045s] /home/dong/.local/lib/python3.10/site-packages/setuptools/_distutils/cmd.py:66: SetuptoolsDeprecationWarning: setup.py install is deprecated.
[2.045s] !!
[2.045s] 
[2.045s]         ********************************************************************************
[2.045s]         Please avoid running ``setup.py`` directly.
[2.045s]         Instead, use pypa/build, pypa/installer or other
[2.045s]         standards-based tools.
[2.045s] 
[2.045s]         See https://blog.ganssle.io/articles/2021/10/setup-py-deprecated.html for details.
[2.045s]         ********************************************************************************
[2.045s] 
[2.045s] !!
[2.046s]   self.initialize_options()
[2.240s] running egg_info
[2.255s] writing teleop_twist_keyboard.egg-info/PKG-INFO
[2.255s] writing dependency_links to teleop_twist_keyboard.egg-info/dependency_links.txt
[2.255s] writing entry points to teleop_twist_keyboard.egg-info/entry_points.txt
[2.256s] writing requirements to teleop_twist_keyboard.egg-info/requires.txt
[2.256s] writing top-level names to teleop_twist_keyboard.egg-info/top_level.txt
[2.287s] reading manifest file 'teleop_twist_keyboard.egg-info/SOURCES.txt'
[2.288s] writing manifest file 'teleop_twist_keyboard.egg-info/SOURCES.txt'
[2.310s] running build_ext
[2.310s] Creating /home/dong/turtlebot4_ws/install/teleop_twist_keyboard/lib/python3.10/site-packages/teleop_twist_keyboard.egg-link (link to .)
[2.311s] Installing teleop_twist_keyboard script to /home/dong/turtlebot4_ws/install/teleop_twist_keyboard/bin
[2.312s] 
[2.312s] Installed /home/dong/turtlebot4_ws/build/teleop_twist_keyboard
[2.408s] Invoked command in '/home/dong/turtlebot4_ws/build/teleop_twist_keyboard' returned '0': PYTHONPATH=/home/dong/turtlebot4_ws/build/teleop_twist_keyboard/prefix_override:/home/dong/turtlebot4_ws/install/teleop_twist_keyboard/lib/python3.10/site-packages:${PYTHONPATH} /usr/bin/python3 setup.py develop --editable --build-directory /home/dong/turtlebot4_ws/build/teleop_twist_keyboard/build --no-deps
