[1.035s] Invoking command in '/home/dong/turtlebot4_ws/src/ros2_teleop_keyboard': PYTHONPATH=/home/dong/turtlebot4_ws/build/teleop_twist_keyboard/prefix_override:/home/dong/turtlebot4_ws/install/teleop_twist_keyboard/lib/python3.10/site-packages:${PYTHONPATH} /usr/bin/python3 setup.py egg_info --egg-base ../../build/teleop_twist_keyboard build --build-base /home/dong/turtlebot4_ws/build/teleop_twist_keyboard/build install --record /home/dong/turtlebot4_ws/build/teleop_twist_keyboard/install.log --single-version-externally-managed
[1.205s] running egg_info
[1.217s] writing ../../build/teleop_twist_keyboard/teleop_twist_keyboard.egg-info/PKG-INFO
[1.217s] writing dependency_links to ../../build/teleop_twist_keyboard/teleop_twist_keyboard.egg-info/dependency_links.txt
[1.217s] writing entry points to ../../build/teleop_twist_keyboard/teleop_twist_keyboard.egg-info/entry_points.txt
[1.217s] writing requirements to ../../build/teleop_twist_keyboard/teleop_twist_keyboard.egg-info/requires.txt
[1.217s] writing top-level names to ../../build/teleop_twist_keyboard/teleop_twist_keyboard.egg-info/top_level.txt
[1.243s] reading manifest file '../../build/teleop_twist_keyboard/teleop_twist_keyboard.egg-info/SOURCES.txt'
[1.243s] writing manifest file '../../build/teleop_twist_keyboard/teleop_twist_keyboard.egg-info/SOURCES.txt'
[1.243s] running build
[1.244s] running build_py
[1.244s] copying teleop_twist_keyboard.py -> /home/dong/turtlebot4_ws/build/teleop_twist_keyboard/build/lib
[1.244s] running install
[1.244s] /home/dong/.local/lib/python3.10/site-packages/setuptools/_distutils/cmd.py:66: SetuptoolsDeprecationWarning: setup.py install is deprecated.
[1.244s] !!
[1.244s] 
[1.244s]         ********************************************************************************
[1.244s]         Please avoid running ``setup.py`` directly.
[1.244s]         Instead, use pypa/build, pypa/installer or other
[1.244s]         standards-based tools.
[1.244s] 
[1.244s]         See https://blog.ganssle.io/articles/2021/10/setup-py-deprecated.html for details.
[1.244s]         ********************************************************************************
[1.244s] 
[1.244s] !!
[1.244s]   self.initialize_options()
[1.248s] running install_lib
[1.261s] running install_egg_info
[1.275s] removing '/home/dong/turtlebot4_ws/install/teleop_twist_keyboard/lib/python3.10/site-packages/teleop_twist_keyboard-0.0.0-py3.10.egg-info' (and everything under it)
[1.275s] Copying ../../build/teleop_twist_keyboard/teleop_twist_keyboard.egg-info to /home/dong/turtlebot4_ws/install/teleop_twist_keyboard/lib/python3.10/site-packages/teleop_twist_keyboard-0.0.0-py3.10.egg-info
[1.275s] running install_scripts
[1.389s] Installing teleop_twist_keyboard script to /home/dong/turtlebot4_ws/install/teleop_twist_keyboard/bin
[1.389s] writing list of installed files to '/home/dong/turtlebot4_ws/build/teleop_twist_keyboard/install.log'
[1.409s] Invoked command in '/home/dong/turtlebot4_ws/src/ros2_teleop_keyboard' returned '0': PYTHONPATH=/home/dong/turtlebot4_ws/build/teleop_twist_keyboard/prefix_override:/home/dong/turtlebot4_ws/install/teleop_twist_keyboard/lib/python3.10/site-packages:${PYTHONPATH} /usr/bin/python3 setup.py egg_info --egg-base ../../build/teleop_twist_keyboard build --build-base /home/dong/turtlebot4_ws/build/teleop_twist_keyboard/build install --record /home/dong/turtlebot4_ws/build/teleop_twist_keyboard/install.log --single-version-externally-managed
