[0.060s] Invoking command in '/home/dong/turtlebot4_ws/build/minibot_controllers': AMENT_PREFIX_PATH=/home/dong/turtlebot4_ws/install/minibot_interfaces:${AMENT_PREFIX_PATH} CMAKE_PREFIX_PATH=/home/dong/turtlebot4_ws/install/minibot_interfaces:/home/dong/turtlebot4_ws/install/turtlebot4_setup:/home/dong/turtlebot4_ws/install/turtlebot4_cmd_py:/home/dong/turtlebot4_ws/install/teleop_twist_keyboard:/opt/ros/humble LD_LIBRARY_PATH=/home/dong/turtlebot4_ws/install/minibot_interfaces/lib:${LD_LIBRARY_PATH} PYTHONPATH=/home/dong/turtlebot4_ws/install/minibot_interfaces/local/lib/python3.10/dist-packages:${PYTHONPATH} /usr/bin/cmake /home/dong/turtlebot4_ws/src/pinklab_minibot_robot/minibot_controllers -DAMENT_CMAKE_SYMLINK_INSTALL=1 -DCMAKE_INSTALL_PREFIX=/home/dong/turtlebot4_ws/install/minibot_controllers
[0.097s] -- The C compiler identification is GNU 11.4.0
[0.134s] -- The CXX compiler identification is GNU 11.4.0
[0.139s] -- Detecting C compiler ABI info
[0.186s] -- Detecting C compiler ABI info - done
[0.191s] -- Check for working C compiler: /usr/bin/cc - skipped
[0.191s] -- Detecting C compile features
[0.192s] -- Detecting C compile features - done
[0.194s] -- Detecting CXX compiler ABI info
[0.247s] -- Detecting CXX compiler ABI info - done
[0.253s] -- Check for working CXX compiler: /usr/bin/c++ - skipped
[0.253s] -- Detecting CXX compile features
[0.253s] -- Detecting CXX compile features - done
[0.255s] -- Found ament_cmake: 1.3.7 (/opt/ros/humble/share/ament_cmake/cmake)
[0.520s] -- Found Python3: /usr/bin/python3.10 (found version "3.10.12") found components: Interpreter 
[0.565s] -- Override CMake install command with custom implementation using symlinks instead of copying resources
[0.587s] -- Found minibot_interfaces: 0.0.0 (/home/dong/turtlebot4_ws/install/minibot_interfaces/share/minibot_interfaces/cmake)
[0.621s] -- Found rosidl_generator_c: 3.1.5 (/opt/ros/humble/share/rosidl_generator_c/cmake)
[0.625s] -- Found rosidl_adapter: 3.1.5 (/opt/ros/humble/share/rosidl_adapter/cmake)
[0.632s] -- Found rosidl_generator_cpp: 3.1.5 (/opt/ros/humble/share/rosidl_generator_cpp/cmake)
[0.643s] -- Using all available rosidl_typesupport_c: rosidl_typesupport_fastrtps_c;rosidl_typesupport_introspection_c
[0.658s] -- Using all available rosidl_typesupport_cpp: rosidl_typesupport_fastrtps_cpp;rosidl_typesupport_introspection_cpp
[0.742s] -- Found controller_interface: 2.37.0 (/opt/ros/humble/share/controller_interface/cmake)
[1.209s] -- Found rmw_implementation_cmake: 6.1.1 (/opt/ros/humble/share/rmw_implementation_cmake/cmake)
[1.211s] -- Found rmw_fastrtps_cpp: 6.2.6 (/opt/ros/humble/share/rmw_fastrtps_cpp/cmake)
[1.258s] -- Found TinyXML2 via Config file: TinyXML2_DIR-NOTFOUND
[1.296s] -- Found OpenSSL: /usr/lib/x86_64-linux-gnu/libcrypto.so (found version "3.0.2")  
[1.297s] -- Found TinyXML2 via Config file: TinyXML2_DIR-NOTFOUND
[1.309s] -- Found FastRTPS: /opt/ros/humble/include  
[1.316s] -- Found TinyXML2 via Config file: TinyXML2_DIR-NOTFOUND
[1.322s] -- Found TinyXML2 via Config file: TinyXML2_DIR-NOTFOUND
[1.329s] -- Using RMW implementation 'rmw_fastrtps_cpp' as default
[1.337s] -- Looking for pthread.h
[1.385s] -- Looking for pthread.h - found
[1.385s] -- Performing Test CMAKE_HAVE_LIBC_PTHREAD
[1.431s] -- Performing Test CMAKE_HAVE_LIBC_PTHREAD - Success
[1.432s] -- Found Threads: TRUE  
[1.615s] -- Found realtime_tools: 2.5.0 (/opt/ros/humble/share/realtime_tools/cmake)
[1.644s] -- Found std_srvs: 4.2.3 (/opt/ros/humble/share/std_srvs/cmake)
[1.720s] -- Found ament_lint_auto: 0.12.10 (/opt/ros/humble/share/ament_lint_auto/cmake)
[1.789s] -- Added test 'cppcheck' to perform static code analysis on C / C++ code
[1.789s] -- Configured cppcheck include dirs: /home/dong/turtlebot4_ws/src/pinklab_minibot_robot/minibot_controllers/include
[1.790s] -- Configured cppcheck exclude dirs and/or files: 
[1.790s] -- Added test 'lint_cmake' to check CMake code style
[1.790s] -- Added test 'uncrustify' to check C / C++ code style
[1.791s] -- Configured uncrustify additional arguments: 
[1.791s] -- Added test 'xmllint' to check XML markup files
[1.792s] -- Configuring done
[1.808s] -- Generating done
[1.810s] -- Build files have been written to: /home/dong/turtlebot4_ws/build/minibot_controllers
[1.817s] Invoked command in '/home/dong/turtlebot4_ws/build/minibot_controllers' returned '0': AMENT_PREFIX_PATH=/home/dong/turtlebot4_ws/install/minibot_interfaces:${AMENT_PREFIX_PATH} CMAKE_PREFIX_PATH=/home/dong/turtlebot4_ws/install/minibot_interfaces:/home/dong/turtlebot4_ws/install/turtlebot4_setup:/home/dong/turtlebot4_ws/install/turtlebot4_cmd_py:/home/dong/turtlebot4_ws/install/teleop_twist_keyboard:/opt/ros/humble LD_LIBRARY_PATH=/home/dong/turtlebot4_ws/install/minibot_interfaces/lib:${LD_LIBRARY_PATH} PYTHONPATH=/home/dong/turtlebot4_ws/install/minibot_interfaces/local/lib/python3.10/dist-packages:${PYTHONPATH} /usr/bin/cmake /home/dong/turtlebot4_ws/src/pinklab_minibot_robot/minibot_controllers -DAMENT_CMAKE_SYMLINK_INSTALL=1 -DCMAKE_INSTALL_PREFIX=/home/dong/turtlebot4_ws/install/minibot_controllers
[1.818s] Invoking command in '/home/dong/turtlebot4_ws/build/minibot_controllers': AMENT_PREFIX_PATH=/home/dong/turtlebot4_ws/install/minibot_interfaces:${AMENT_PREFIX_PATH} CMAKE_PREFIX_PATH=/home/dong/turtlebot4_ws/install/minibot_interfaces:/home/dong/turtlebot4_ws/install/turtlebot4_setup:/home/dong/turtlebot4_ws/install/turtlebot4_cmd_py:/home/dong/turtlebot4_ws/install/teleop_twist_keyboard:/opt/ros/humble LD_LIBRARY_PATH=/home/dong/turtlebot4_ws/install/minibot_interfaces/lib:${LD_LIBRARY_PATH} PYTHONPATH=/home/dong/turtlebot4_ws/install/minibot_interfaces/local/lib/python3.10/dist-packages:${PYTHONPATH} /usr/bin/cmake --build /home/dong/turtlebot4_ws/build/minibot_controllers -- -j8 -l8
[1.851s] [ 50%] [32mBuilding CXX object CMakeFiles/minibot_controllers.dir/src/gpio_controller.cpp.o[0m
[9.778s] [100%] [32m[1mLinking CXX shared library libminibot_controllers.so[0m
[10.345s] [100%] Built target minibot_controllers
[10.353s] Invoked command in '/home/dong/turtlebot4_ws/build/minibot_controllers' returned '0': AMENT_PREFIX_PATH=/home/dong/turtlebot4_ws/install/minibot_interfaces:${AMENT_PREFIX_PATH} CMAKE_PREFIX_PATH=/home/dong/turtlebot4_ws/install/minibot_interfaces:/home/dong/turtlebot4_ws/install/turtlebot4_setup:/home/dong/turtlebot4_ws/install/turtlebot4_cmd_py:/home/dong/turtlebot4_ws/install/teleop_twist_keyboard:/opt/ros/humble LD_LIBRARY_PATH=/home/dong/turtlebot4_ws/install/minibot_interfaces/lib:${LD_LIBRARY_PATH} PYTHONPATH=/home/dong/turtlebot4_ws/install/minibot_interfaces/local/lib/python3.10/dist-packages:${PYTHONPATH} /usr/bin/cmake --build /home/dong/turtlebot4_ws/build/minibot_controllers -- -j8 -l8
[10.370s] Invoking command in '/home/dong/turtlebot4_ws/build/minibot_controllers': AMENT_PREFIX_PATH=/home/dong/turtlebot4_ws/install/minibot_interfaces:${AMENT_PREFIX_PATH} CMAKE_PREFIX_PATH=/home/dong/turtlebot4_ws/install/minibot_interfaces:/home/dong/turtlebot4_ws/install/turtlebot4_setup:/home/dong/turtlebot4_ws/install/turtlebot4_cmd_py:/home/dong/turtlebot4_ws/install/teleop_twist_keyboard:/opt/ros/humble LD_LIBRARY_PATH=/home/dong/turtlebot4_ws/install/minibot_interfaces/lib:${LD_LIBRARY_PATH} PYTHONPATH=/home/dong/turtlebot4_ws/install/minibot_interfaces/local/lib/python3.10/dist-packages:${PYTHONPATH} /usr/bin/cmake --install /home/dong/turtlebot4_ws/build/minibot_controllers
[10.375s] -- Install configuration: ""
[10.376s] -- Execute custom install script
[10.376s] -- Symlinking: /home/dong/turtlebot4_ws/install/minibot_controllers/share/minibot_controllers//controller_plugins.xml
[10.383s] -- Symlinking: /home/dong/turtlebot4_ws/install/minibot_controllers/lib/libminibot_controllers.so
[10.390s] -- Symlinking: /home/dong/turtlebot4_ws/install/minibot_controllers/include/minibot_gpio_controller/gpio_controller.hpp
[10.396s] -- Up-to-date symlink: /home/dong/turtlebot4_ws/install/minibot_controllers/share/minibot_controllers/controller_plugins.xml
[10.396s] -- Symlinking: /home/dong/turtlebot4_ws/install/minibot_controllers/share/minibot_controllers/environment/library_path.sh
[10.402s] -- Symlinking: /home/dong/turtlebot4_ws/install/minibot_controllers/share/minibot_controllers/environment/library_path.dsv
[10.408s] -- Symlinking: /home/dong/turtlebot4_ws/install/minibot_controllers/share/ament_index/resource_index/package_run_dependencies/minibot_controllers
[10.414s] -- Symlinking: /home/dong/turtlebot4_ws/install/minibot_controllers/share/ament_index/resource_index/parent_prefix_path/minibot_controllers
[10.421s] -- Symlinking: /home/dong/turtlebot4_ws/install/minibot_controllers/share/minibot_controllers/environment/ament_prefix_path.sh
[10.426s] -- Symlinking: /home/dong/turtlebot4_ws/install/minibot_controllers/share/minibot_controllers/environment/ament_prefix_path.dsv
[10.432s] -- Symlinking: /home/dong/turtlebot4_ws/install/minibot_controllers/share/minibot_controllers/environment/path.sh
[10.438s] -- Symlinking: /home/dong/turtlebot4_ws/install/minibot_controllers/share/minibot_controllers/environment/path.dsv
[10.443s] -- Symlinking: /home/dong/turtlebot4_ws/install/minibot_controllers/share/minibot_controllers/local_setup.bash
[10.449s] -- Symlinking: /home/dong/turtlebot4_ws/install/minibot_controllers/share/minibot_controllers/local_setup.sh
[10.455s] -- Symlinking: /home/dong/turtlebot4_ws/install/minibot_controllers/share/minibot_controllers/local_setup.zsh
[10.461s] -- Symlinking: /home/dong/turtlebot4_ws/install/minibot_controllers/share/minibot_controllers/local_setup.dsv
[10.466s] -- Symlinking: /home/dong/turtlebot4_ws/install/minibot_controllers/share/minibot_controllers/package.dsv
[10.472s] -- Symlinking: /home/dong/turtlebot4_ws/install/minibot_controllers/share/ament_index/resource_index/packages/minibot_controllers
[10.477s] -- Symlinking: /home/dong/turtlebot4_ws/install/minibot_controllers/share/ament_index/resource_index/controller_interface__pluginlib__plugin/minibot_controllers
[10.483s] -- Symlinking: /home/dong/turtlebot4_ws/install/minibot_controllers/share/minibot_controllers/cmake/ament_cmake_export_dependencies-extras.cmake
[10.489s] -- Symlinking: /home/dong/turtlebot4_ws/install/minibot_controllers/share/minibot_controllers/cmake/ament_cmake_export_include_directories-extras.cmake
[10.494s] -- Symlinking: /home/dong/turtlebot4_ws/install/minibot_controllers/share/minibot_controllers/cmake/ament_cmake_export_libraries-extras.cmake
[10.501s] -- Symlinking: /home/dong/turtlebot4_ws/install/minibot_controllers/share/minibot_controllers/cmake/minibot_controllersConfig.cmake
[10.506s] -- Symlinking: /home/dong/turtlebot4_ws/install/minibot_controllers/share/minibot_controllers/cmake/minibot_controllersConfig-version.cmake
[10.512s] -- Symlinking: /home/dong/turtlebot4_ws/install/minibot_controllers/share/minibot_controllers/package.xml
[10.519s] Invoked command in '/home/dong/turtlebot4_ws/build/minibot_controllers' returned '0': AMENT_PREFIX_PATH=/home/dong/turtlebot4_ws/install/minibot_interfaces:${AMENT_PREFIX_PATH} CMAKE_PREFIX_PATH=/home/dong/turtlebot4_ws/install/minibot_interfaces:/home/dong/turtlebot4_ws/install/turtlebot4_setup:/home/dong/turtlebot4_ws/install/turtlebot4_cmd_py:/home/dong/turtlebot4_ws/install/teleop_twist_keyboard:/opt/ros/humble LD_LIBRARY_PATH=/home/dong/turtlebot4_ws/install/minibot_interfaces/lib:${LD_LIBRARY_PATH} PYTHONPATH=/home/dong/turtlebot4_ws/install/minibot_interfaces/local/lib/python3.10/dist-packages:${PYTHONPATH} /usr/bin/cmake --install /home/dong/turtlebot4_ws/build/minibot_controllers
