[0.228s] Invoking command in '/home/dong/turtlebot4_ws/build/minibot_navigation2': CMAKE_PREFIX_PATH=${CMAKE_PREFIX_PATH}:/home/dong/turtlebot4_ws/install/turtlebot4_cmd_py:/home/dong/turtlebot4_ws/install/teleop_twist_keyboard:/opt/ros/humble /usr/bin/cmake /home/dong/turtlebot4_ws/src/pinklab_minibot_robot/minibot_navigation2 -DAMENT_CMAKE_SYMLINK_INSTALL=1 -DCMAKE_INSTALL_PREFIX=/home/dong/turtlebot4_ws/install/minibot_navigation2
[0.729s] -- The C compiler identification is GNU 11.4.0
[0.730s] -- The CXX compiler identification is GNU 11.4.0
[0.730s] -- Detecting C compiler ABI info
[0.730s] -- Detecting C compiler ABI info - done
[0.730s] -- Check for working C compiler: /usr/bin/cc - skipped
[0.730s] -- Detecting C compile features
[0.730s] -- Detecting C compile features - done
[0.730s] -- Detecting CXX compiler ABI info
[0.730s] -- Detecting CXX compiler ABI info - done
[0.730s] -- Check for working CXX compiler: /usr/bin/c++ - skipped
[0.730s] -- Detecting CXX compile features
[0.730s] -- Detecting CXX compile features - done
[0.730s] -- Found ament_cmake: 1.3.7 (/opt/ros/humble/share/ament_cmake/cmake)
[1.094s] -- Found Python3: /usr/bin/python3.10 (found version "3.10.12") found components: Interpreter 
[1.162s] -- Override CMake install command with custom implementation using symlinks instead of copying resources
[1.194s] -- Found slam_toolbox: 2.6.8 (/opt/ros/humble/share/slam_toolbox/cmake)
[1.231s] -- Found rosidl_generator_c: 3.1.5 (/opt/ros/humble/share/rosidl_generator_c/cmake)
[1.236s] -- Found rosidl_adapter: 3.1.5 (/opt/ros/humble/share/rosidl_adapter/cmake)
[1.248s] -- Found rosidl_generator_cpp: 3.1.5 (/opt/ros/humble/share/rosidl_generator_cpp/cmake)
[1.266s] -- Using all available rosidl_typesupport_c: rosidl_typesupport_fastrtps_c;rosidl_typesupport_introspection_c
[1.292s] -- Using all available rosidl_typesupport_cpp: rosidl_typesupport_fastrtps_cpp;rosidl_typesupport_introspection_cpp
[2.108s] -- Found rmw_implementation_cmake: 6.1.1 (/opt/ros/humble/share/rmw_implementation_cmake/cmake)
[2.111s] -- Found rmw_fastrtps_cpp: 6.2.6 (/opt/ros/humble/share/rmw_fastrtps_cpp/cmake)
[2.224s] -- Found OpenSSL: /usr/lib/x86_64-linux-gnu/libcrypto.so (found version "3.0.2")  
[2.265s] -- Found FastRTPS: /opt/ros/humble/include  
[2.333s] -- Using RMW implementation 'rmw_fastrtps_cpp' as default
[2.350s] -- Looking for pthread.h
[2.428s] -- Looking for pthread.h - found
[2.428s] -- Performing Test CMAKE_HAVE_LIBC_PTHREAD
[2.487s] -- Performing Test CMAKE_HAVE_LIBC_PTHREAD - Success
[2.488s] -- Found Threads: TRUE  
[3.301s] -- Found eigen3_cmake_module: 0.1.1 (/opt/ros/humble/share/eigen3_cmake_module/cmake)
[3.306s] -- Found Eigen3: TRUE (found version "3.4.0") 
[3.306s] -- Ensuring Eigen3 include directory is part of orocos-kdl CMake target
[3.657s] -- Setting OGRE_DIR to: '/opt/ros/humble/share/rviz_ogre_vendor/cmake/../../../opt/rviz_ogre_vendor/lib/OGRE/cmake'
[3.660s] -- Found OGRE
[3.661s] --   static     : OFF
[3.661s] --   components : HLMS;MeshLodGenerator;Overlay;Paging;Property;RTShaderSystem;Terrain;Volume
[3.661s] --   plugins    : Plugin_BSPSceneManager;Plugin_OctreeSceneManager;Plugin_PCZSceneManager;Plugin_ParticleFX;RenderSystem_GL;RenderSystem_GL3Plus;Codec_STBI
[3.661s] --   media      : /opt/ros/humble/opt/rviz_ogre_vendor/share/OGRE/Media
[3.661s] -- OGRE_LIBRARIES: OgreHLMS;OgreMeshLodGenerator;OgreOverlay;OgrePaging;OgreProperty;OgreRTShaderSystem;OgreTerrain;OgreVolume;OgreMain
[3.661s] -- OGRE_LIBRARY_DIRS: /opt/ros/humble/opt/rviz_ogre_vendor/lib
[3.661s] -- OGRE_PLUGINS: Plugin_BSPSceneManager;Plugin_OctreeSceneManager;Plugin_PCZSceneManager;Plugin_ParticleFX;RenderSystem_GL;RenderSystem_GL3Plus;Codec_STBI
[3.662s] -- OGRE_PLUGIN_DIR: /opt/ros/humble/opt/rviz_ogre_vendor/lib/OGRE
[3.662s] -- rviz_ogre_vendor::OgreOverlay for IMPORTED_LOCATION_RELEASE: /opt/ros/humble/opt/rviz_ogre_vendor/lib/libOgreOverlay.so
[3.662s] -- rviz_ogre_vendor::OgreOverlay for IMPORTED_LOCATION_DEBUG: /opt/ros/humble/opt/rviz_ogre_vendor/lib/libOgreOverlay.so
[3.663s] -- rviz_ogre_vendor::OgreMain for IMPORTED_LOCATION_RELEASE: /opt/ros/humble/opt/rviz_ogre_vendor/lib/libOgreMain.so
[3.663s] -- rviz_ogre_vendor::OgreMain for IMPORTED_LOCATION_DEBUG: /opt/ros/humble/opt/rviz_ogre_vendor/lib/libOgreMain.so
[3.703s] -- Found ZLIB: /usr/lib/x86_64-linux-gnu/libz.so (found version "1.2.11") 
[3.729s] -- Found OpenGL: /usr/lib/x86_64-linux-gnu/libOpenGL.so   
[3.910s] -- Found X11: /usr/include   
[3.911s] -- Looking for XOpenDisplay in /usr/lib/x86_64-linux-gnu/libX11.so;/usr/lib/x86_64-linux-gnu/libXext.so
[3.982s] -- Looking for XOpenDisplay in /usr/lib/x86_64-linux-gnu/libX11.so;/usr/lib/x86_64-linux-gnu/libXext.so - found
[3.983s] -- Looking for gethostbyname
[4.034s] -- Looking for gethostbyname - found
[4.034s] -- Looking for connect
[4.095s] -- Looking for connect - found
[4.095s] -- Looking for remove
[4.153s] -- Looking for remove - found
[4.154s] -- Looking for shmat
[4.216s] -- Looking for shmat - found
[4.216s] -- Looking for IceConnectionNumber in ICE
[4.271s] -- Looking for IceConnectionNumber in ICE - found
[4.273s] -- rviz_ogre_vendor::RenderSystem_GL for IMPORTED_LOCATION_RELEASE: _render_system_gl_static_library_abs-NOTFOUND
[4.273s] -- rviz_ogre_vendor::RenderSystem_GL for IMPORTED_LOCATION_DEBUG: _render_system_gl_static_library_abs-NOTFOUND
[4.358s] -- library: /usr/lib/x86_64-linux-gnu/libcurl.so
[4.972s] -- Found ament_lint_auto: 0.12.10 (/opt/ros/humble/share/ament_lint_auto/cmake)
[5.063s] -- Added test 'flake8' to check Python code syntax and style conventions
[5.064s] -- Added test 'lint_cmake' to check CMake code style
[5.065s] -- Added test 'pep257' to check Python code against some of the docstring style conventions in PEP 257
[5.066s] -- Added test 'xmllint' to check XML markup files
[5.068s] -- Configuring done
[5.074s] -- Generating done
[5.077s] -- Build files have been written to: /home/dong/turtlebot4_ws/build/minibot_navigation2
[5.093s] Invoked command in '/home/dong/turtlebot4_ws/build/minibot_navigation2' returned '0': CMAKE_PREFIX_PATH=${CMAKE_PREFIX_PATH}:/home/dong/turtlebot4_ws/install/turtlebot4_cmd_py:/home/dong/turtlebot4_ws/install/teleop_twist_keyboard:/opt/ros/humble /usr/bin/cmake /home/dong/turtlebot4_ws/src/pinklab_minibot_robot/minibot_navigation2 -DAMENT_CMAKE_SYMLINK_INSTALL=1 -DCMAKE_INSTALL_PREFIX=/home/dong/turtlebot4_ws/install/minibot_navigation2
[5.094s] Invoking command in '/home/dong/turtlebot4_ws/build/minibot_navigation2': CMAKE_PREFIX_PATH=${CMAKE_PREFIX_PATH}:/home/dong/turtlebot4_ws/install/turtlebot4_cmd_py:/home/dong/turtlebot4_ws/install/teleop_twist_keyboard:/opt/ros/humble /usr/bin/cmake --build /home/dong/turtlebot4_ws/build/minibot_navigation2 -- -j8 -l8
[5.123s] Invoked command in '/home/dong/turtlebot4_ws/build/minibot_navigation2' returned '0': CMAKE_PREFIX_PATH=${CMAKE_PREFIX_PATH}:/home/dong/turtlebot4_ws/install/turtlebot4_cmd_py:/home/dong/turtlebot4_ws/install/teleop_twist_keyboard:/opt/ros/humble /usr/bin/cmake --build /home/dong/turtlebot4_ws/build/minibot_navigation2 -- -j8 -l8
[5.139s] Invoking command in '/home/dong/turtlebot4_ws/build/minibot_navigation2': CMAKE_PREFIX_PATH=${CMAKE_PREFIX_PATH}:/home/dong/turtlebot4_ws/install/turtlebot4_cmd_py:/home/dong/turtlebot4_ws/install/teleop_twist_keyboard:/opt/ros/humble /usr/bin/cmake --install /home/dong/turtlebot4_ws/build/minibot_navigation2
[5.144s] -- Install configuration: ""
[5.144s] -- Execute custom install script
[5.145s] -- Symlinking: /home/dong/turtlebot4_ws/install/minibot_navigation2/share/minibot_navigation2/config/mapper_params.yaml
[5.151s] -- Symlinking: /home/dong/turtlebot4_ws/install/minibot_navigation2/share/minibot_navigation2/launch/bringup_launch.py
[5.158s] -- Symlinking: /home/dong/turtlebot4_ws/install/minibot_navigation2/share/minibot_navigation2/launch/localization_launch.py
[5.164s] -- Symlinking: /home/dong/turtlebot4_ws/install/minibot_navigation2/share/minibot_navigation2/launch/map_building.launch.py
[5.170s] -- Symlinking: /home/dong/turtlebot4_ws/install/minibot_navigation2/share/minibot_navigation2/launch/navigation_launch.py
[5.177s] -- Symlinking: /home/dong/turtlebot4_ws/install/minibot_navigation2/share/minibot_navigation2/launch/rviz_launch.py
[5.184s] -- Symlinking: /home/dong/turtlebot4_ws/install/minibot_navigation2/share/minibot_navigation2/maps/.empty
[5.190s] -- Symlinking: /home/dong/turtlebot4_ws/install/minibot_navigation2/share/minibot_navigation2/maps/simple_building.pgm
[5.196s] -- Symlinking: /home/dong/turtlebot4_ws/install/minibot_navigation2/share/minibot_navigation2/maps/simple_building.yaml
[5.203s] -- Symlinking: /home/dong/turtlebot4_ws/install/minibot_navigation2/share/minibot_navigation2/maps/turtle_world.pgm
[5.209s] -- Symlinking: /home/dong/turtlebot4_ws/install/minibot_navigation2/share/minibot_navigation2/maps/turtle_world.yaml
[5.216s] -- Symlinking: /home/dong/turtlebot4_ws/install/minibot_navigation2/share/minibot_navigation2/params/nav2_params.yaml
[5.222s] -- Symlinking: /home/dong/turtlebot4_ws/install/minibot_navigation2/share/minibot_navigation2/rviz/map_building.rviz
[5.229s] -- Symlinking: /home/dong/turtlebot4_ws/install/minibot_navigation2/share/minibot_navigation2/rviz/nav2_view.rviz
[5.235s] -- Symlinking: /home/dong/turtlebot4_ws/install/minibot_navigation2/share/ament_index/resource_index/package_run_dependencies/minibot_navigation2
[5.241s] -- Symlinking: /home/dong/turtlebot4_ws/install/minibot_navigation2/share/ament_index/resource_index/parent_prefix_path/minibot_navigation2
[5.247s] -- Symlinking: /home/dong/turtlebot4_ws/install/minibot_navigation2/share/minibot_navigation2/environment/ament_prefix_path.sh
[5.254s] -- Symlinking: /home/dong/turtlebot4_ws/install/minibot_navigation2/share/minibot_navigation2/environment/ament_prefix_path.dsv
[5.260s] -- Symlinking: /home/dong/turtlebot4_ws/install/minibot_navigation2/share/minibot_navigation2/environment/path.sh
[5.266s] -- Symlinking: /home/dong/turtlebot4_ws/install/minibot_navigation2/share/minibot_navigation2/environment/path.dsv
[5.272s] -- Symlinking: /home/dong/turtlebot4_ws/install/minibot_navigation2/share/minibot_navigation2/local_setup.bash
[5.279s] -- Symlinking: /home/dong/turtlebot4_ws/install/minibot_navigation2/share/minibot_navigation2/local_setup.sh
[5.286s] -- Symlinking: /home/dong/turtlebot4_ws/install/minibot_navigation2/share/minibot_navigation2/local_setup.zsh
[5.292s] -- Symlinking: /home/dong/turtlebot4_ws/install/minibot_navigation2/share/minibot_navigation2/local_setup.dsv
[5.298s] -- Symlinking: /home/dong/turtlebot4_ws/install/minibot_navigation2/share/minibot_navigation2/package.dsv
[5.305s] -- Symlinking: /home/dong/turtlebot4_ws/install/minibot_navigation2/share/ament_index/resource_index/packages/minibot_navigation2
[5.311s] -- Symlinking: /home/dong/turtlebot4_ws/install/minibot_navigation2/share/minibot_navigation2/cmake/minibot_navigation2Config.cmake
[5.317s] -- Symlinking: /home/dong/turtlebot4_ws/install/minibot_navigation2/share/minibot_navigation2/cmake/minibot_navigation2Config-version.cmake
[5.324s] -- Symlinking: /home/dong/turtlebot4_ws/install/minibot_navigation2/share/minibot_navigation2/package.xml
[5.332s] Invoked command in '/home/dong/turtlebot4_ws/build/minibot_navigation2' returned '0': CMAKE_PREFIX_PATH=${CMAKE_PREFIX_PATH}:/home/dong/turtlebot4_ws/install/turtlebot4_cmd_py:/home/dong/turtlebot4_ws/install/teleop_twist_keyboard:/opt/ros/humble /usr/bin/cmake --install /home/dong/turtlebot4_ws/build/minibot_navigation2
