[0.576s] Invoking command in '/home/dong/turtlebot4-ws/build/turtlebot4_setup': CMAKE_PREFIX_PATH=${CMAKE_PREFIX_PATH}:/home/dong/turtlebot4-ws/install/turtlebot4_cmd_py:/home/dong/turtlebot4-ws/install/teleop_twist_keyboard:/home/dong/turtlebot4_ws/install/turtlebot4_cmd_py:/home/dong/turtlebot4_ws/install/teleop_twist_keyboard:/opt/ros/humble /usr/bin/cmake /home/dong/turtlebot4-ws/src/turtlebot4_setup -DAMENT_CMAKE_SYMLINK_INSTALL=1 -DCMAKE_INSTALL_PREFIX=/home/dong/turtlebot4-ws/install/turtlebot4_setup
[0.637s] -- The C compiler identification is GNU 11.4.0
[0.711s] -- The CXX compiler identification is GNU 11.4.0
[0.725s] -- Detecting C compiler ABI info
[0.812s] -- Detecting C compiler ABI info - done
[0.826s] -- Check for working C compiler: /usr/bin/cc - skipped
[0.826s] -- Detecting C compile features
[0.827s] -- Detecting C compile features - done
[0.831s] -- Detecting CXX compiler ABI info
[0.939s] -- Detecting CXX compiler ABI info - done
[0.950s] -- Check for working CXX compiler: /usr/bin/c++ - skipped
[0.950s] -- Detecting CXX compile features
[0.953s] -- Detecting CXX compile features - done
[0.955s] -- Found ament_cmake: 1.3.7 (/opt/ros/humble/share/ament_cmake/cmake)
[1.461s] -- Found Python3: /usr/bin/python3.10 (found version "3.10.12") found components: Interpreter 
[1.528s] -- Override CMake install command with custom implementation using symlinks instead of copying resources
[1.737s] -- Found ament_lint_auto: 0.12.10 (/opt/ros/humble/share/ament_lint_auto/cmake)
[1.897s] -- Added test 'copyright' to check source files copyright and LICENSE
[1.917s] -- Added test 'flake8' to check Python code syntax and style conventions
[1.940s] -- Added test 'lint_cmake' to check CMake code style
[1.940s] -- Added test 'pep257' to check Python code against some of the docstring style conventions in PEP 257
[1.940s] -- Added test 'xmllint' to check XML markup files
[1.940s] -- Configuring done
[1.940s] -- Generating done
[1.940s] -- Build files have been written to: /home/dong/turtlebot4-ws/build/turtlebot4_setup
[2.106s] Invoked command in '/home/dong/turtlebot4-ws/build/turtlebot4_setup' returned '0': CMAKE_PREFIX_PATH=${CMAKE_PREFIX_PATH}:/home/dong/turtlebot4-ws/install/turtlebot4_cmd_py:/home/dong/turtlebot4-ws/install/teleop_twist_keyboard:/home/dong/turtlebot4_ws/install/turtlebot4_cmd_py:/home/dong/turtlebot4_ws/install/teleop_twist_keyboard:/opt/ros/humble /usr/bin/cmake /home/dong/turtlebot4-ws/src/turtlebot4_setup -DAMENT_CMAKE_SYMLINK_INSTALL=1 -DCMAKE_INSTALL_PREFIX=/home/dong/turtlebot4-ws/install/turtlebot4_setup
[2.108s] Invoking command in '/home/dong/turtlebot4-ws/build/turtlebot4_setup': CMAKE_PREFIX_PATH=${CMAKE_PREFIX_PATH}:/home/dong/turtlebot4-ws/install/turtlebot4_cmd_py:/home/dong/turtlebot4-ws/install/teleop_twist_keyboard:/home/dong/turtlebot4_ws/install/turtlebot4_cmd_py:/home/dong/turtlebot4_ws/install/teleop_twist_keyboard:/opt/ros/humble /usr/bin/cmake --build /home/dong/turtlebot4-ws/build/turtlebot4_setup -- -j8 -l8
[2.171s] Built target ament_cmake_python_symlink_turtlebot4_setup
[2.457s] running egg_info
[2.458s] creating turtlebot4_setup.egg-info
[2.476s] writing turtlebot4_setup.egg-info/PKG-INFO
[2.477s] writing dependency_links to turtlebot4_setup.egg-info/dependency_links.txt
[2.477s] writing top-level names to turtlebot4_setup.egg-info/top_level.txt
[2.477s] writing manifest file 'turtlebot4_setup.egg-info/SOURCES.txt'
[2.551s] reading manifest file 'turtlebot4_setup.egg-info/SOURCES.txt'
[2.552s] writing manifest file 'turtlebot4_setup.egg-info/SOURCES.txt'
[2.586s] Built target ament_cmake_python_build_turtlebot4_setup_egg
[2.599s] Invoked command in '/home/dong/turtlebot4-ws/build/turtlebot4_setup' returned '0': CMAKE_PREFIX_PATH=${CMAKE_PREFIX_PATH}:/home/dong/turtlebot4-ws/install/turtlebot4_cmd_py:/home/dong/turtlebot4-ws/install/teleop_twist_keyboard:/home/dong/turtlebot4_ws/install/turtlebot4_cmd_py:/home/dong/turtlebot4_ws/install/teleop_twist_keyboard:/opt/ros/humble /usr/bin/cmake --build /home/dong/turtlebot4-ws/build/turtlebot4_setup -- -j8 -l8
[2.621s] Invoking command in '/home/dong/turtlebot4-ws/build/turtlebot4_setup': CMAKE_PREFIX_PATH=${CMAKE_PREFIX_PATH}:/home/dong/turtlebot4-ws/install/turtlebot4_cmd_py:/home/dong/turtlebot4-ws/install/teleop_twist_keyboard:/home/dong/turtlebot4_ws/install/turtlebot4_cmd_py:/home/dong/turtlebot4_ws/install/teleop_twist_keyboard:/opt/ros/humble /usr/bin/cmake --install /home/dong/turtlebot4-ws/build/turtlebot4_setup
[2.627s] -- Install configuration: ""
[2.628s] -- Execute custom install script
[2.628s] -- Symlinking: /home/dong/turtlebot4-ws/install/turtlebot4_setup/share/turtlebot4_setup/environment/pythonpath.sh
[2.635s] -- Symlinking: /home/dong/turtlebot4-ws/install/turtlebot4_setup/share/turtlebot4_setup/environment/pythonpath.dsv
[2.643s] -- Symlinking: /home/dong/turtlebot4-ws/install/turtlebot4_setup/local/lib/python3.10/dist-packages/turtlebot4_setup-1.0.3-py3.10.egg-info/PKG-INFO
[2.650s] -- Symlinking: /home/dong/turtlebot4-ws/install/turtlebot4_setup/local/lib/python3.10/dist-packages/turtlebot4_setup-1.0.3-py3.10.egg-info/SOURCES.txt
[2.658s] -- Symlinking: /home/dong/turtlebot4-ws/install/turtlebot4_setup/local/lib/python3.10/dist-packages/turtlebot4_setup-1.0.3-py3.10.egg-info/dependency_links.txt
[2.665s] -- Symlinking: /home/dong/turtlebot4-ws/install/turtlebot4_setup/local/lib/python3.10/dist-packages/turtlebot4_setup-1.0.3-py3.10.egg-info/top_level.txt
[2.673s] -- Symlinking: /home/dong/turtlebot4-ws/install/turtlebot4_setup/local/lib/python3.10/dist-packages/turtlebot4_setup/__init__.py
[2.681s] -- Symlinking: /home/dong/turtlebot4-ws/install/turtlebot4_setup/local/lib/python3.10/dist-packages/turtlebot4_setup/conf.py
[2.688s] -- Symlinking: /home/dong/turtlebot4-ws/install/turtlebot4_setup/local/lib/python3.10/dist-packages/turtlebot4_setup/menu.py
[2.699s] -- Symlinking: /home/dong/turtlebot4-ws/install/turtlebot4_setup/local/lib/python3.10/dist-packages/turtlebot4_setup/ros_setup.py
[2.708s] -- Symlinking: /home/dong/turtlebot4-ws/install/turtlebot4_setup/local/lib/python3.10/dist-packages/turtlebot4_setup/turtlebot4_setup
[2.716s] -- Symlinking: /home/dong/turtlebot4-ws/install/turtlebot4_setup/local/lib/python3.10/dist-packages/turtlebot4_setup/wifi.py
[2.727s] -- Symlinking: /home/dong/turtlebot4-ws/install/turtlebot4_setup/lib/turtlebot4_setup/turtlebot4_setup
[2.737s] -- Symlinking: /home/dong/turtlebot4-ws/install/turtlebot4_setup/share/ament_index/resource_index/package_run_dependencies/turtlebot4_setup
[2.746s] -- Symlinking: /home/dong/turtlebot4-ws/install/turtlebot4_setup/share/ament_index/resource_index/parent_prefix_path/turtlebot4_setup
[2.756s] -- Symlinking: /home/dong/turtlebot4-ws/install/turtlebot4_setup/share/turtlebot4_setup/environment/ament_prefix_path.sh
[2.766s] -- Symlinking: /home/dong/turtlebot4-ws/install/turtlebot4_setup/share/turtlebot4_setup/environment/ament_prefix_path.dsv
[2.777s] -- Symlinking: /home/dong/turtlebot4-ws/install/turtlebot4_setup/share/turtlebot4_setup/environment/path.sh
[2.788s] -- Symlinking: /home/dong/turtlebot4-ws/install/turtlebot4_setup/share/turtlebot4_setup/environment/path.dsv
[2.800s] -- Symlinking: /home/dong/turtlebot4-ws/install/turtlebot4_setup/share/turtlebot4_setup/local_setup.bash
[2.813s] -- Symlinking: /home/dong/turtlebot4-ws/install/turtlebot4_setup/share/turtlebot4_setup/local_setup.sh
[2.828s] -- Symlinking: /home/dong/turtlebot4-ws/install/turtlebot4_setup/share/turtlebot4_setup/local_setup.zsh
[2.838s] -- Symlinking: /home/dong/turtlebot4-ws/install/turtlebot4_setup/share/turtlebot4_setup/local_setup.dsv
[2.847s] -- Symlinking: /home/dong/turtlebot4-ws/install/turtlebot4_setup/share/turtlebot4_setup/package.dsv
[2.861s] -- Symlinking: /home/dong/turtlebot4-ws/install/turtlebot4_setup/share/ament_index/resource_index/packages/turtlebot4_setup
[2.873s] -- Symlinking: /home/dong/turtlebot4-ws/install/turtlebot4_setup/share/turtlebot4_setup/cmake/turtlebot4_setupConfig.cmake
[2.884s] -- Symlinking: /home/dong/turtlebot4-ws/install/turtlebot4_setup/share/turtlebot4_setup/cmake/turtlebot4_setupConfig-version.cmake
[2.897s] -- Symlinking: /home/dong/turtlebot4-ws/install/turtlebot4_setup/share/turtlebot4_setup/package.xml
[2.971s] Listing '/home/dong/turtlebot4-ws/install/turtlebot4_setup/local/lib/python3.10/dist-packages/turtlebot4_setup'...
[2.971s] Compiling '/home/dong/turtlebot4-ws/install/turtlebot4_setup/local/lib/python3.10/dist-packages/turtlebot4_setup/__init__.py'...
[2.971s] Compiling '/home/dong/turtlebot4-ws/install/turtlebot4_setup/local/lib/python3.10/dist-packages/turtlebot4_setup/conf.py'...
[2.971s] Compiling '/home/dong/turtlebot4-ws/install/turtlebot4_setup/local/lib/python3.10/dist-packages/turtlebot4_setup/menu.py'...
[2.971s] Compiling '/home/dong/turtlebot4-ws/install/turtlebot4_setup/local/lib/python3.10/dist-packages/turtlebot4_setup/ros_setup.py'...
[2.971s] Compiling '/home/dong/turtlebot4-ws/install/turtlebot4_setup/local/lib/python3.10/dist-packages/turtlebot4_setup/wifi.py'...
[2.980s] Invoked command in '/home/dong/turtlebot4-ws/build/turtlebot4_setup' returned '0': CMAKE_PREFIX_PATH=${CMAKE_PREFIX_PATH}:/home/dong/turtlebot4-ws/install/turtlebot4_cmd_py:/home/dong/turtlebot4-ws/install/teleop_twist_keyboard:/home/dong/turtlebot4_ws/install/turtlebot4_cmd_py:/home/dong/turtlebot4_ws/install/teleop_twist_keyboard:/opt/ros/humble /usr/bin/cmake --install /home/dong/turtlebot4-ws/build/turtlebot4_setup
