[0.699s] Invoking command in '/home/dong/turtlebot4_project/build/turtlebot4_path_planning': PYTHONPATH=/home/dong/turtlebot4_project/build/turtlebot4_path_planning/prefix_override:/home/dong/turtlebot4_project/install/turtlebot4_path_planning/lib/python3.10/site-packages:${PYTHONPATH} /usr/bin/python3 setup.py develop --editable --build-directory /home/dong/turtlebot4_project/build/turtlebot4_path_planning/build --no-deps install_data
[0.916s] running develop
[0.917s] /home/dong/.local/lib/python3.10/site-packages/setuptools/command/develop.py:39: EasyInstallDeprecationWarning: easy_install command is deprecated.
[0.917s] !!
[0.917s] 
[0.917s]         ********************************************************************************
[0.917s]         Please avoid running ``setup.py`` and ``easy_install``.
[0.917s]         Instead, use pypa/build, pypa/installer or other
[0.917s]         standards-based tools.
[0.917s] 
[0.917s]         See https://github.com/pypa/setuptools/issues/917 for details.
[0.917s]         ********************************************************************************
[0.917s] 
[0.917s] !!
[0.917s]   easy_install.initialize_options(self)
[0.939s] /home/dong/.local/lib/python3.10/site-packages/setuptools/_distutils/cmd.py:66: SetuptoolsDeprecationWarning: setup.py install is deprecated.
[0.939s] !!
[0.939s] 
[0.939s]         ********************************************************************************
[0.939s]         Please avoid running ``setup.py`` directly.
[0.939s]         Instead, use pypa/build, pypa/installer or other
[0.939s]         standards-based tools.
[0.939s] 
[0.939s]         See https://blog.ganssle.io/articles/2021/10/setup-py-deprecated.html for details.
[0.939s]         ********************************************************************************
[0.939s] 
[0.939s] !!
[0.939s]   self.initialize_options()
[1.059s] running egg_info
[1.059s] creating turtlebot4_path_planning.egg-info
[1.070s] writing turtlebot4_path_planning.egg-info/PKG-INFO
[1.070s] writing dependency_links to turtlebot4_path_planning.egg-info/dependency_links.txt
[1.070s] writing entry points to turtlebot4_path_planning.egg-info/entry_points.txt
[1.070s] writing requirements to turtlebot4_path_planning.egg-info/requires.txt
[1.070s] writing top-level names to turtlebot4_path_planning.egg-info/top_level.txt
[1.071s] writing manifest file 'turtlebot4_path_planning.egg-info/SOURCES.txt'
[1.094s] reading manifest file 'turtlebot4_path_planning.egg-info/SOURCES.txt'
[1.094s] writing manifest file 'turtlebot4_path_planning.egg-info/SOURCES.txt'
[1.110s] running build_ext
[1.110s] Creating /home/dong/turtlebot4_project/install/turtlebot4_path_planning/lib/python3.10/site-packages/turtlebot4_path_planning.egg-link (link to .)
[1.111s] Installing turtlebot4_global_path script to /home/dong/turtlebot4_project/install/turtlebot4_path_planning/lib/turtlebot4_path_planning
[1.111s] Installing turtlebot4_pub_path script to /home/dong/turtlebot4_project/install/turtlebot4_path_planning/lib/turtlebot4_path_planning
[1.111s] 
[1.111s] Installed /home/dong/turtlebot4_project/build/turtlebot4_path_planning
[1.111s] running install_data
[1.111s] creating /home/dong/turtlebot4_project/install/turtlebot4_path_planning/share/ament_index
[1.111s] creating /home/dong/turtlebot4_project/install/turtlebot4_path_planning/share/ament_index/resource_index
[1.111s] creating /home/dong/turtlebot4_project/install/turtlebot4_path_planning/share/ament_index/resource_index/packages
[1.111s] copying resource/turtlebot4_path_planning -> /home/dong/turtlebot4_project/install/turtlebot4_path_planning/share/ament_index/resource_index/packages
[1.111s] copying package.xml -> /home/dong/turtlebot4_project/install/turtlebot4_path_planning/share/turtlebot4_path_planning
[1.198s] Invoked command in '/home/dong/turtlebot4_project/build/turtlebot4_path_planning' returned '0': PYTHONPATH=/home/dong/turtlebot4_project/build/turtlebot4_path_planning/prefix_override:/home/dong/turtlebot4_project/install/turtlebot4_path_planning/lib/python3.10/site-packages:${PYTHONPATH} /usr/bin/python3 setup.py develop --editable --build-directory /home/dong/turtlebot4_project/build/turtlebot4_path_planning/build --no-deps install_data
