[1.460s] Invoking command in '/home/dong/turtlebot4_ws/build/turtlebot4_cmd_py': PYTHONPATH=/home/dong/turtlebot4_ws/build/turtlebot4_cmd_py/prefix_override:/home/dong/turtlebot4_ws/install/turtlebot4_cmd_py/lib/python3.10/site-packages:${PYTHONPATH} /usr/bin/python3 setup.py develop --editable --build-directory /home/dong/turtlebot4_ws/build/turtlebot4_cmd_py/build --no-deps install_data
[1.884s] running develop
[1.885s] /home/dong/.local/lib/python3.10/site-packages/setuptools/command/develop.py:39: EasyInstallDeprecationWarning: easy_install command is deprecated.
[1.885s] !!
[1.886s] 
[1.886s]         ********************************************************************************
[1.886s]         Please avoid running ``setup.py`` and ``easy_install``.
[1.887s]         Instead, use pypa/build, pypa/installer or other
[1.887s]         standards-based tools.
[1.887s] 
[1.887s]         See https://github.com/pypa/setuptools/issues/917 for details.
[1.887s]         ********************************************************************************
[1.888s] 
[1.888s] !!
[1.888s]   easy_install.initialize_options(self)
[1.927s] /home/dong/.local/lib/python3.10/site-packages/setuptools/_distutils/cmd.py:66: SetuptoolsDeprecationWarning: setup.py install is deprecated.
[1.927s] !!
[1.927s] 
[1.927s]         ********************************************************************************
[1.927s]         Please avoid running ``setup.py`` directly.
[1.927s]         Instead, use pypa/build, pypa/installer or other
[1.928s]         standards-based tools.
[1.928s] 
[1.928s]         See https://blog.ganssle.io/articles/2021/10/setup-py-deprecated.html for details.
[1.928s]         ********************************************************************************
[1.928s] 
[1.928s] !!
[1.928s]   self.initialize_options()
[2.126s] running egg_info
[2.146s] writing turtlebot4_cmd_py.egg-info/PKG-INFO
[2.147s] writing dependency_links to turtlebot4_cmd_py.egg-info/dependency_links.txt
[2.147s] writing entry points to turtlebot4_cmd_py.egg-info/entry_points.txt
[2.147s] writing requirements to turtlebot4_cmd_py.egg-info/requires.txt
[2.147s] writing top-level names to turtlebot4_cmd_py.egg-info/top_level.txt
[2.192s] reading manifest file 'turtlebot4_cmd_py.egg-info/SOURCES.txt'
[2.194s] writing manifest file 'turtlebot4_cmd_py.egg-info/SOURCES.txt'
[2.216s] running build_ext
[2.216s] Creating /home/dong/turtlebot4_ws/install/turtlebot4_cmd_py/lib/python3.10/site-packages/turtlebot4_cmd_py.egg-link (link to .)
[2.217s] Installing Turtlebot4Ctl script to /home/dong/turtlebot4_ws/install/turtlebot4_cmd_py/lib/turtlebot4_cmd_py
[2.217s] 
[2.217s] Installed /home/dong/turtlebot4_ws/build/turtlebot4_cmd_py
[2.217s] running install_data
[2.217s] copying resource/turtlebot4_cmd_py -> /home/dong/turtlebot4_ws/install/turtlebot4_cmd_py/share/ament_index/resource_index/packages
[2.218s] copying package.xml -> /home/dong/turtlebot4_ws/install/turtlebot4_cmd_py/share/turtlebot4_cmd_py
[2.257s] Invoked command in '/home/dong/turtlebot4_ws/build/turtlebot4_cmd_py' returned '0': PYTHONPATH=/home/dong/turtlebot4_ws/build/turtlebot4_cmd_py/prefix_override:/home/dong/turtlebot4_ws/install/turtlebot4_cmd_py/lib/python3.10/site-packages:${PYTHONPATH} /usr/bin/python3 setup.py develop --editable --build-directory /home/dong/turtlebot4_ws/build/turtlebot4_cmd_py/build --no-deps install_data
