[1.018s] Invoking command in '/home/dong/turtlebot4_ws/build/teleop_twist_keyboard': PYTHONPATH=/home/dong/turtlebot4_ws/build/teleop_twist_keyboard/prefix_override:/home/dong/turtlebot4_ws/install/teleop_twist_keyboard/lib/python3.10/site-packages:${PYTHONPATH} /usr/bin/python3 setup.py develop --editable --build-directory /home/dong/turtlebot4_ws/build/teleop_twist_keyboard/build --no-deps
[1.265s] running develop
[1.266s] /home/dong/.local/lib/python3.10/site-packages/setuptools/command/develop.py:39: EasyInstallDeprecationWarning: easy_install command is deprecated.
[1.266s] !!
[1.266s] 
[1.266s]         ********************************************************************************
[1.266s]         Please avoid running ``setup.py`` and ``easy_install``.
[1.266s]         Instead, use pypa/build, pypa/installer or other
[1.266s]         standards-based tools.
[1.266s] 
[1.266s]         See https://github.com/pypa/setuptools/issues/917 for details.
[1.266s]         ********************************************************************************
[1.267s] 
[1.267s] !!
[1.267s]   easy_install.initialize_options(self)
[1.293s] /home/dong/.local/lib/python3.10/site-packages/setuptools/_distutils/cmd.py:66: SetuptoolsDeprecationWarning: setup.py install is deprecated.
[1.293s] !!
[1.293s] 
[1.293s]         ********************************************************************************
[1.293s]         Please avoid running ``setup.py`` directly.
[1.293s]         Instead, use pypa/build, pypa/installer or other
[1.293s]         standards-based tools.
[1.293s] 
[1.294s]         See https://blog.ganssle.io/articles/2021/10/setup-py-deprecated.html for details.
[1.294s]         ********************************************************************************
[1.294s] 
[1.294s] !!
[1.294s]   self.initialize_options()
[1.451s] running egg_info
[1.451s] creating teleop_twist_keyboard.egg-info
[1.463s] writing teleop_twist_keyboard.egg-info/PKG-INFO
[1.464s] writing dependency_links to teleop_twist_keyboard.egg-info/dependency_links.txt
[1.464s] writing entry points to teleop_twist_keyboard.egg-info/entry_points.txt
[1.464s] writing requirements to teleop_twist_keyboard.egg-info/requires.txt
[1.464s] writing top-level names to teleop_twist_keyboard.egg-info/top_level.txt
[1.464s] writing manifest file 'teleop_twist_keyboard.egg-info/SOURCES.txt'
[1.490s] reading manifest file 'teleop_twist_keyboard.egg-info/SOURCES.txt'
[1.491s] writing manifest file 'teleop_twist_keyboard.egg-info/SOURCES.txt'
[1.505s] running build_ext
[1.505s] Creating /home/dong/turtlebot4_ws/install/teleop_twist_keyboard/lib/python3.10/site-packages/teleop_twist_keyboard.egg-link (link to .)
[1.506s] Installing teleop_twist_keyboard script to /home/dong/turtlebot4_ws/install/teleop_twist_keyboard/bin
[1.506s] 
[1.506s] Installed /home/dong/turtlebot4_ws/build/teleop_twist_keyboard
[1.531s] Invoked command in '/home/dong/turtlebot4_ws/build/teleop_twist_keyboard' returned '0': PYTHONPATH=/home/dong/turtlebot4_ws/build/teleop_twist_keyboard/prefix_override:/home/dong/turtlebot4_ws/install/teleop_twist_keyboard/lib/python3.10/site-packages:${PYTHONPATH} /usr/bin/python3 setup.py develop --editable --build-directory /home/dong/turtlebot4_ws/build/teleop_twist_keyboard/build --no-deps
