[0.876s] DEBUG:colcon:Command line arguments: ['/usr/bin/colcon', 'build', '--symlink-install']
[0.876s] DEBUG:colcon:Parsed command line arguments: Namespace(log_base=None, log_level=None, verb_name='build', build_base='build', install_base='install', merge_install=False, symlink_install=True, test_result_base=None, continue_on_error=False, executor='parallel', parallel_workers=8, event_handlers=None, ignore_user_meta=False, metas=['./colcon.meta'], base_paths=['.'], packages_ignore=None, packages_ignore_regex=None, paths=None, packages_up_to=None, packages_up_to_regex=None, packages_above=None, packages_above_and_dependencies=None, packages_above_depth=None, packages_select_by_dep=None, packages_skip_by_dep=None, packages_skip_up_to=None, packages_select_build_failed=False, packages_skip_build_finished=False, packages_select_test_failures=False, packages_skip_test_passed=False, packages_select=None, packages_skip=None, packages_select_regex=None, packages_skip_regex=None, packages_start=None, packages_end=None, allow_overriding=[], cmake_args=None, cmake_target=None, cmake_target_skip_unavailable=False, cmake_clean_cache=False, cmake_clean_first=False, cmake_force_configure=False, ament_cmake_args=None, catkin_cmake_args=None, catkin_skip_building_tests=False, verb_parser=<colcon_defaults.argument_parser.defaults.DefaultArgumentsDecorator object at 0x7f0790c43760>, verb_extension=<colcon_core.verb.build.BuildVerb object at 0x7f07910c8970>, main=<bound method BuildVerb.main of <colcon_core.verb.build.BuildVerb object at 0x7f07910c8970>>)
[0.935s] Level 1:colcon.colcon_core.package_discovery:discover_packages(colcon_meta) check parameters
[0.935s] Level 1:colcon.colcon_core.package_discovery:discover_packages(recursive) check parameters
[0.935s] Level 1:colcon.colcon_core.package_discovery:discover_packages(ignore) check parameters
[0.935s] Level 1:colcon.colcon_core.package_discovery:discover_packages(path) check parameters
[0.935s] Level 1:colcon.colcon_core.package_discovery:discover_packages(colcon_meta) discover
[0.935s] Level 1:colcon.colcon_core.package_discovery:discover_packages(recursive) discover
[0.935s] INFO:colcon.colcon_core.package_discovery:Crawling recursively for packages in '/home/dong/turtlebot4-ws'
[0.935s] Level 1:colcon.colcon_core.package_identification:_identify(.) by extensions ['ignore', 'ignore_ament_install']
[0.935s] Level 1:colcon.colcon_core.package_identification:_identify(.) by extension 'ignore'
[0.935s] Level 1:colcon.colcon_core.package_identification:_identify(.) by extension 'ignore_ament_install'
[0.935s] Level 1:colcon.colcon_core.package_identification:_identify(.) by extensions ['colcon_pkg']
[0.935s] Level 1:colcon.colcon_core.package_identification:_identify(.) by extension 'colcon_pkg'
[0.935s] Level 1:colcon.colcon_core.package_identification:_identify(.) by extensions ['colcon_meta']
[0.935s] Level 1:colcon.colcon_core.package_identification:_identify(.) by extension 'colcon_meta'
[0.935s] Level 1:colcon.colcon_core.package_identification:_identify(.) by extensions ['ros']
[0.935s] Level 1:colcon.colcon_core.package_identification:_identify(.) by extension 'ros'
[0.957s] Level 1:colcon.colcon_core.package_identification:_identify(.) by extensions ['cmake', 'python']
[0.957s] Level 1:colcon.colcon_core.package_identification:_identify(.) by extension 'cmake'
[0.957s] Level 1:colcon.colcon_core.package_identification:_identify(.) by extension 'python'
[0.958s] Level 1:colcon.colcon_core.package_identification:_identify(.) by extensions ['python_setup_py']
[0.958s] Level 1:colcon.colcon_core.package_identification:_identify(.) by extension 'python_setup_py'
[0.958s] Level 1:colcon.colcon_core.package_identification:_identify(build) by extensions ['ignore', 'ignore_ament_install']
[0.958s] Level 1:colcon.colcon_core.package_identification:_identify(build) by extension 'ignore'
[0.958s] Level 1:colcon.colcon_core.package_identification:_identify(build) ignored
[0.958s] Level 1:colcon.colcon_core.package_identification:_identify(install) by extensions ['ignore', 'ignore_ament_install']
[0.958s] Level 1:colcon.colcon_core.package_identification:_identify(install) by extension 'ignore'
[0.958s] Level 1:colcon.colcon_core.package_identification:_identify(install) ignored
[0.958s] Level 1:colcon.colcon_core.package_identification:_identify(log) by extensions ['ignore', 'ignore_ament_install']
[0.958s] Level 1:colcon.colcon_core.package_identification:_identify(log) by extension 'ignore'
[0.958s] Level 1:colcon.colcon_core.package_identification:_identify(log) ignored
[0.958s] Level 1:colcon.colcon_core.package_identification:_identify(src) by extensions ['ignore', 'ignore_ament_install']
[0.958s] Level 1:colcon.colcon_core.package_identification:_identify(src) by extension 'ignore'
[0.958s] Level 1:colcon.colcon_core.package_identification:_identify(src) by extension 'ignore_ament_install'
[0.958s] Level 1:colcon.colcon_core.package_identification:_identify(src) by extensions ['colcon_pkg']
[0.958s] Level 1:colcon.colcon_core.package_identification:_identify(src) by extension 'colcon_pkg'
[0.958s] Level 1:colcon.colcon_core.package_identification:_identify(src) by extensions ['colcon_meta']
[0.958s] Level 1:colcon.colcon_core.package_identification:_identify(src) by extension 'colcon_meta'
[0.958s] Level 1:colcon.colcon_core.package_identification:_identify(src) by extensions ['ros']
[0.958s] Level 1:colcon.colcon_core.package_identification:_identify(src) by extension 'ros'
[0.958s] Level 1:colcon.colcon_core.package_identification:_identify(src) by extensions ['cmake', 'python']
[0.958s] Level 1:colcon.colcon_core.package_identification:_identify(src) by extension 'cmake'
[0.958s] Level 1:colcon.colcon_core.package_identification:_identify(src) by extension 'python'
[0.958s] Level 1:colcon.colcon_core.package_identification:_identify(src) by extensions ['python_setup_py']
[0.958s] Level 1:colcon.colcon_core.package_identification:_identify(src) by extension 'python_setup_py'
[0.959s] Level 1:colcon.colcon_core.package_identification:_identify(src/pinklab_minibot_robot) by extensions ['ignore', 'ignore_ament_install']
[0.959s] Level 1:colcon.colcon_core.package_identification:_identify(src/pinklab_minibot_robot) by extension 'ignore'
[0.959s] Level 1:colcon.colcon_core.package_identification:_identify(src/pinklab_minibot_robot) by extension 'ignore_ament_install'
[0.959s] Level 1:colcon.colcon_core.package_identification:_identify(src/pinklab_minibot_robot) by extensions ['colcon_pkg']
[0.959s] Level 1:colcon.colcon_core.package_identification:_identify(src/pinklab_minibot_robot) by extension 'colcon_pkg'
[0.959s] Level 1:colcon.colcon_core.package_identification:_identify(src/pinklab_minibot_robot) by extensions ['colcon_meta']
[0.959s] Level 1:colcon.colcon_core.package_identification:_identify(src/pinklab_minibot_robot) by extension 'colcon_meta'
[0.959s] Level 1:colcon.colcon_core.package_identification:_identify(src/pinklab_minibot_robot) by extensions ['ros']
[0.959s] Level 1:colcon.colcon_core.package_identification:_identify(src/pinklab_minibot_robot) by extension 'ros'
[0.959s] Level 1:colcon.colcon_core.package_identification:_identify(src/pinklab_minibot_robot) by extensions ['cmake', 'python']
[0.959s] Level 1:colcon.colcon_core.package_identification:_identify(src/pinklab_minibot_robot) by extension 'cmake'
[0.959s] Level 1:colcon.colcon_core.package_identification:_identify(src/pinklab_minibot_robot) by extension 'python'
[0.959s] Level 1:colcon.colcon_core.package_identification:_identify(src/pinklab_minibot_robot) by extensions ['python_setup_py']
[0.959s] Level 1:colcon.colcon_core.package_identification:_identify(src/pinklab_minibot_robot) by extension 'python_setup_py'
[0.959s] Level 1:colcon.colcon_core.package_identification:_identify(src/pinklab_minibot_robot/docs) by extensions ['ignore', 'ignore_ament_install']
[0.959s] Level 1:colcon.colcon_core.package_identification:_identify(src/pinklab_minibot_robot/docs) by extension 'ignore'
[0.959s] Level 1:colcon.colcon_core.package_identification:_identify(src/pinklab_minibot_robot/docs) by extension 'ignore_ament_install'
[0.959s] Level 1:colcon.colcon_core.package_identification:_identify(src/pinklab_minibot_robot/docs) by extensions ['colcon_pkg']
[0.959s] Level 1:colcon.colcon_core.package_identification:_identify(src/pinklab_minibot_robot/docs) by extension 'colcon_pkg'
[0.959s] Level 1:colcon.colcon_core.package_identification:_identify(src/pinklab_minibot_robot/docs) by extensions ['colcon_meta']
[0.959s] Level 1:colcon.colcon_core.package_identification:_identify(src/pinklab_minibot_robot/docs) by extension 'colcon_meta'
[0.959s] Level 1:colcon.colcon_core.package_identification:_identify(src/pinklab_minibot_robot/docs) by extensions ['ros']
[0.959s] Level 1:colcon.colcon_core.package_identification:_identify(src/pinklab_minibot_robot/docs) by extension 'ros'
[0.959s] Level 1:colcon.colcon_core.package_identification:_identify(src/pinklab_minibot_robot/docs) by extensions ['cmake', 'python']
[0.959s] Level 1:colcon.colcon_core.package_identification:_identify(src/pinklab_minibot_robot/docs) by extension 'cmake'
[0.959s] Level 1:colcon.colcon_core.package_identification:_identify(src/pinklab_minibot_robot/docs) by extension 'python'
[0.959s] Level 1:colcon.colcon_core.package_identification:_identify(src/pinklab_minibot_robot/docs) by extensions ['python_setup_py']
[0.959s] Level 1:colcon.colcon_core.package_identification:_identify(src/pinklab_minibot_robot/docs) by extension 'python_setup_py'
[0.960s] Level 1:colcon.colcon_core.package_identification:_identify(src/pinklab_minibot_robot/docs/blender) by extensions ['ignore', 'ignore_ament_install']
[0.960s] Level 1:colcon.colcon_core.package_identification:_identify(src/pinklab_minibot_robot/docs/blender) by extension 'ignore'
[0.960s] Level 1:colcon.colcon_core.package_identification:_identify(src/pinklab_minibot_robot/docs/blender) by extension 'ignore_ament_install'
[0.960s] Level 1:colcon.colcon_core.package_identification:_identify(src/pinklab_minibot_robot/docs/blender) by extensions ['colcon_pkg']
[0.960s] Level 1:colcon.colcon_core.package_identification:_identify(src/pinklab_minibot_robot/docs/blender) by extension 'colcon_pkg'
[0.960s] Level 1:colcon.colcon_core.package_identification:_identify(src/pinklab_minibot_robot/docs/blender) by extensions ['colcon_meta']
[0.960s] Level 1:colcon.colcon_core.package_identification:_identify(src/pinklab_minibot_robot/docs/blender) by extension 'colcon_meta'
[0.960s] Level 1:colcon.colcon_core.package_identification:_identify(src/pinklab_minibot_robot/docs/blender) by extensions ['ros']
[0.960s] Level 1:colcon.colcon_core.package_identification:_identify(src/pinklab_minibot_robot/docs/blender) by extension 'ros'
[0.960s] Level 1:colcon.colcon_core.package_identification:_identify(src/pinklab_minibot_robot/docs/blender) by extensions ['cmake', 'python']
[0.960s] Level 1:colcon.colcon_core.package_identification:_identify(src/pinklab_minibot_robot/docs/blender) by extension 'cmake'
[0.960s] Level 1:colcon.colcon_core.package_identification:_identify(src/pinklab_minibot_robot/docs/blender) by extension 'python'
[0.960s] Level 1:colcon.colcon_core.package_identification:_identify(src/pinklab_minibot_robot/docs/blender) by extensions ['python_setup_py']
[0.960s] Level 1:colcon.colcon_core.package_identification:_identify(src/pinklab_minibot_robot/docs/blender) by extension 'python_setup_py'
[0.960s] Level 1:colcon.colcon_core.package_identification:_identify(src/pinklab_minibot_robot/minibot_bringup) by extensions ['ignore', 'ignore_ament_install']
[0.960s] Level 1:colcon.colcon_core.package_identification:_identify(src/pinklab_minibot_robot/minibot_bringup) by extension 'ignore'
[0.960s] Level 1:colcon.colcon_core.package_identification:_identify(src/pinklab_minibot_robot/minibot_bringup) by extension 'ignore_ament_install'
[0.960s] Level 1:colcon.colcon_core.package_identification:_identify(src/pinklab_minibot_robot/minibot_bringup) by extensions ['colcon_pkg']
[0.960s] Level 1:colcon.colcon_core.package_identification:_identify(src/pinklab_minibot_robot/minibot_bringup) by extension 'colcon_pkg'
[0.960s] Level 1:colcon.colcon_core.package_identification:_identify(src/pinklab_minibot_robot/minibot_bringup) by extensions ['colcon_meta']
[0.960s] Level 1:colcon.colcon_core.package_identification:_identify(src/pinklab_minibot_robot/minibot_bringup) by extension 'colcon_meta'
[0.960s] Level 1:colcon.colcon_core.package_identification:_identify(src/pinklab_minibot_robot/minibot_bringup) by extensions ['ros']
[0.960s] Level 1:colcon.colcon_core.package_identification:_identify(src/pinklab_minibot_robot/minibot_bringup) by extension 'ros'
[0.963s] DEBUG:colcon.colcon_core.package_identification:Package 'src/pinklab_minibot_robot/minibot_bringup' with type 'ros.ament_cmake' and name 'minibot_bringup'
[0.963s] Level 1:colcon.colcon_core.package_identification:_identify(src/pinklab_minibot_robot/minibot_controllers) by extensions ['ignore', 'ignore_ament_install']
[0.963s] Level 1:colcon.colcon_core.package_identification:_identify(src/pinklab_minibot_robot/minibot_controllers) by extension 'ignore'
[0.963s] Level 1:colcon.colcon_core.package_identification:_identify(src/pinklab_minibot_robot/minibot_controllers) by extension 'ignore_ament_install'
[0.963s] Level 1:colcon.colcon_core.package_identification:_identify(src/pinklab_minibot_robot/minibot_controllers) by extensions ['colcon_pkg']
[0.963s] Level 1:colcon.colcon_core.package_identification:_identify(src/pinklab_minibot_robot/minibot_controllers) by extension 'colcon_pkg'
[0.963s] Level 1:colcon.colcon_core.package_identification:_identify(src/pinklab_minibot_robot/minibot_controllers) by extensions ['colcon_meta']
[0.963s] Level 1:colcon.colcon_core.package_identification:_identify(src/pinklab_minibot_robot/minibot_controllers) by extension 'colcon_meta'
[0.963s] Level 1:colcon.colcon_core.package_identification:_identify(src/pinklab_minibot_robot/minibot_controllers) by extensions ['ros']
[0.963s] Level 1:colcon.colcon_core.package_identification:_identify(src/pinklab_minibot_robot/minibot_controllers) by extension 'ros'
[0.964s] DEBUG:colcon.colcon_core.package_identification:Package 'src/pinklab_minibot_robot/minibot_controllers' with type 'ros.ament_cmake' and name 'minibot_controllers'
[0.964s] Level 1:colcon.colcon_core.package_identification:_identify(src/pinklab_minibot_robot/minibot_description) by extensions ['ignore', 'ignore_ament_install']
[0.964s] Level 1:colcon.colcon_core.package_identification:_identify(src/pinklab_minibot_robot/minibot_description) by extension 'ignore'
[0.964s] Level 1:colcon.colcon_core.package_identification:_identify(src/pinklab_minibot_robot/minibot_description) by extension 'ignore_ament_install'
[0.964s] Level 1:colcon.colcon_core.package_identification:_identify(src/pinklab_minibot_robot/minibot_description) by extensions ['colcon_pkg']
[0.964s] Level 1:colcon.colcon_core.package_identification:_identify(src/pinklab_minibot_robot/minibot_description) by extension 'colcon_pkg'
[0.964s] Level 1:colcon.colcon_core.package_identification:_identify(src/pinklab_minibot_robot/minibot_description) by extensions ['colcon_meta']
[0.964s] Level 1:colcon.colcon_core.package_identification:_identify(src/pinklab_minibot_robot/minibot_description) by extension 'colcon_meta'
[0.964s] Level 1:colcon.colcon_core.package_identification:_identify(src/pinklab_minibot_robot/minibot_description) by extensions ['ros']
[0.964s] Level 1:colcon.colcon_core.package_identification:_identify(src/pinklab_minibot_robot/minibot_description) by extension 'ros'
[0.965s] DEBUG:colcon.colcon_core.package_identification:Package 'src/pinklab_minibot_robot/minibot_description' with type 'ros.ament_cmake' and name 'minibot_description'
[0.965s] Level 1:colcon.colcon_core.package_identification:_identify(src/pinklab_minibot_robot/minibot_gazebo) by extensions ['ignore', 'ignore_ament_install']
[0.965s] Level 1:colcon.colcon_core.package_identification:_identify(src/pinklab_minibot_robot/minibot_gazebo) by extension 'ignore'
[0.965s] Level 1:colcon.colcon_core.package_identification:_identify(src/pinklab_minibot_robot/minibot_gazebo) by extension 'ignore_ament_install'
[0.965s] Level 1:colcon.colcon_core.package_identification:_identify(src/pinklab_minibot_robot/minibot_gazebo) by extensions ['colcon_pkg']
[0.965s] Level 1:colcon.colcon_core.package_identification:_identify(src/pinklab_minibot_robot/minibot_gazebo) by extension 'colcon_pkg'
[0.965s] Level 1:colcon.colcon_core.package_identification:_identify(src/pinklab_minibot_robot/minibot_gazebo) by extensions ['colcon_meta']
[0.965s] Level 1:colcon.colcon_core.package_identification:_identify(src/pinklab_minibot_robot/minibot_gazebo) by extension 'colcon_meta'
[0.965s] Level 1:colcon.colcon_core.package_identification:_identify(src/pinklab_minibot_robot/minibot_gazebo) by extensions ['ros']
[0.965s] Level 1:colcon.colcon_core.package_identification:_identify(src/pinklab_minibot_robot/minibot_gazebo) by extension 'ros'
[0.966s] DEBUG:colcon.colcon_core.package_identification:Package 'src/pinklab_minibot_robot/minibot_gazebo' with type 'ros.ament_cmake' and name 'minibot_gazebo'
[0.966s] Level 1:colcon.colcon_core.package_identification:_identify(src/pinklab_minibot_robot/minibot_hardware_interface) by extensions ['ignore', 'ignore_ament_install']
[0.966s] Level 1:colcon.colcon_core.package_identification:_identify(src/pinklab_minibot_robot/minibot_hardware_interface) by extension 'ignore'
[0.966s] Level 1:colcon.colcon_core.package_identification:_identify(src/pinklab_minibot_robot/minibot_hardware_interface) by extension 'ignore_ament_install'
[0.966s] Level 1:colcon.colcon_core.package_identification:_identify(src/pinklab_minibot_robot/minibot_hardware_interface) by extensions ['colcon_pkg']
[0.966s] Level 1:colcon.colcon_core.package_identification:_identify(src/pinklab_minibot_robot/minibot_hardware_interface) by extension 'colcon_pkg'
[0.966s] Level 1:colcon.colcon_core.package_identification:_identify(src/pinklab_minibot_robot/minibot_hardware_interface) by extensions ['colcon_meta']
[0.966s] Level 1:colcon.colcon_core.package_identification:_identify(src/pinklab_minibot_robot/minibot_hardware_interface) by extension 'colcon_meta'
[0.966s] Level 1:colcon.colcon_core.package_identification:_identify(src/pinklab_minibot_robot/minibot_hardware_interface) by extensions ['ros']
[0.966s] Level 1:colcon.colcon_core.package_identification:_identify(src/pinklab_minibot_robot/minibot_hardware_interface) by extension 'ros'
[0.967s] DEBUG:colcon.colcon_core.package_identification:Package 'src/pinklab_minibot_robot/minibot_hardware_interface' with type 'ros.ament_cmake' and name 'minibot_hardware_interface'
[0.967s] Level 1:colcon.colcon_core.package_identification:_identify(src/pinklab_minibot_robot/minibot_interfaces) by extensions ['ignore', 'ignore_ament_install']
[0.967s] Level 1:colcon.colcon_core.package_identification:_identify(src/pinklab_minibot_robot/minibot_interfaces) by extension 'ignore'
[0.967s] Level 1:colcon.colcon_core.package_identification:_identify(src/pinklab_minibot_robot/minibot_interfaces) by extension 'ignore_ament_install'
[0.967s] Level 1:colcon.colcon_core.package_identification:_identify(src/pinklab_minibot_robot/minibot_interfaces) by extensions ['colcon_pkg']
[0.967s] Level 1:colcon.colcon_core.package_identification:_identify(src/pinklab_minibot_robot/minibot_interfaces) by extension 'colcon_pkg'
[0.967s] Level 1:colcon.colcon_core.package_identification:_identify(src/pinklab_minibot_robot/minibot_interfaces) by extensions ['colcon_meta']
[0.967s] Level 1:colcon.colcon_core.package_identification:_identify(src/pinklab_minibot_robot/minibot_interfaces) by extension 'colcon_meta'
[0.967s] Level 1:colcon.colcon_core.package_identification:_identify(src/pinklab_minibot_robot/minibot_interfaces) by extensions ['ros']
[0.967s] Level 1:colcon.colcon_core.package_identification:_identify(src/pinklab_minibot_robot/minibot_interfaces) by extension 'ros'
[0.967s] DEBUG:colcon.colcon_core.package_identification:Package 'src/pinklab_minibot_robot/minibot_interfaces' with type 'ros.ament_cmake' and name 'minibot_interfaces'
[0.968s] Level 1:colcon.colcon_core.package_identification:_identify(src/pinklab_minibot_robot/minibot_navigation2) by extensions ['ignore', 'ignore_ament_install']
[0.968s] Level 1:colcon.colcon_core.package_identification:_identify(src/pinklab_minibot_robot/minibot_navigation2) by extension 'ignore'
[0.968s] Level 1:colcon.colcon_core.package_identification:_identify(src/pinklab_minibot_robot/minibot_navigation2) by extension 'ignore_ament_install'
[0.968s] Level 1:colcon.colcon_core.package_identification:_identify(src/pinklab_minibot_robot/minibot_navigation2) by extensions ['colcon_pkg']
[0.968s] Level 1:colcon.colcon_core.package_identification:_identify(src/pinklab_minibot_robot/minibot_navigation2) by extension 'colcon_pkg'
[0.968s] Level 1:colcon.colcon_core.package_identification:_identify(src/pinklab_minibot_robot/minibot_navigation2) by extensions ['colcon_meta']
[0.968s] Level 1:colcon.colcon_core.package_identification:_identify(src/pinklab_minibot_robot/minibot_navigation2) by extension 'colcon_meta'
[0.968s] Level 1:colcon.colcon_core.package_identification:_identify(src/pinklab_minibot_robot/minibot_navigation2) by extensions ['ros']
[0.968s] Level 1:colcon.colcon_core.package_identification:_identify(src/pinklab_minibot_robot/minibot_navigation2) by extension 'ros'
[0.968s] DEBUG:colcon.colcon_core.package_identification:Package 'src/pinklab_minibot_robot/minibot_navigation2' with type 'ros.ament_cmake' and name 'minibot_navigation2'
[0.968s] Level 1:colcon.colcon_core.package_identification:_identify(src/ros2_teleop_keyboard) by extensions ['ignore', 'ignore_ament_install']
[0.968s] Level 1:colcon.colcon_core.package_identification:_identify(src/ros2_teleop_keyboard) by extension 'ignore'
[0.968s] Level 1:colcon.colcon_core.package_identification:_identify(src/ros2_teleop_keyboard) by extension 'ignore_ament_install'
[0.968s] Level 1:colcon.colcon_core.package_identification:_identify(src/ros2_teleop_keyboard) by extensions ['colcon_pkg']
[0.968s] Level 1:colcon.colcon_core.package_identification:_identify(src/ros2_teleop_keyboard) by extension 'colcon_pkg'
[0.969s] Level 1:colcon.colcon_core.package_identification:_identify(src/ros2_teleop_keyboard) by extensions ['colcon_meta']
[0.969s] Level 1:colcon.colcon_core.package_identification:_identify(src/ros2_teleop_keyboard) by extension 'colcon_meta'
[0.969s] Level 1:colcon.colcon_core.package_identification:_identify(src/ros2_teleop_keyboard) by extensions ['ros']
[0.969s] Level 1:colcon.colcon_core.package_identification:_identify(src/ros2_teleop_keyboard) by extension 'ros'
[0.969s] DEBUG:colcon.colcon_core.package_identification:Package 'src/ros2_teleop_keyboard' with type 'ros.ament_python' and name 'teleop_twist_keyboard'
[0.969s] Level 1:colcon.colcon_core.package_identification:_identify(src/turtlebot4_cmd_py) by extensions ['ignore', 'ignore_ament_install']
[0.969s] Level 1:colcon.colcon_core.package_identification:_identify(src/turtlebot4_cmd_py) by extension 'ignore'
[0.969s] Level 1:colcon.colcon_core.package_identification:_identify(src/turtlebot4_cmd_py) by extension 'ignore_ament_install'
[0.969s] Level 1:colcon.colcon_core.package_identification:_identify(src/turtlebot4_cmd_py) by extensions ['colcon_pkg']
[0.969s] Level 1:colcon.colcon_core.package_identification:_identify(src/turtlebot4_cmd_py) by extension 'colcon_pkg'
[0.969s] Level 1:colcon.colcon_core.package_identification:_identify(src/turtlebot4_cmd_py) by extensions ['colcon_meta']
[0.969s] Level 1:colcon.colcon_core.package_identification:_identify(src/turtlebot4_cmd_py) by extension 'colcon_meta'
[0.969s] Level 1:colcon.colcon_core.package_identification:_identify(src/turtlebot4_cmd_py) by extensions ['ros']
[0.969s] Level 1:colcon.colcon_core.package_identification:_identify(src/turtlebot4_cmd_py) by extension 'ros'
[0.970s] DEBUG:colcon.colcon_core.package_identification:Package 'src/turtlebot4_cmd_py' with type 'ros.ament_python' and name 'turtlebot4_cmd_py'
[0.970s] Level 1:colcon.colcon_core.package_identification:_identify(src/turtlebot4_setup) by extensions ['ignore', 'ignore_ament_install']
[0.970s] Level 1:colcon.colcon_core.package_identification:_identify(src/turtlebot4_setup) by extension 'ignore'
[0.970s] Level 1:colcon.colcon_core.package_identification:_identify(src/turtlebot4_setup) by extension 'ignore_ament_install'
[0.970s] Level 1:colcon.colcon_core.package_identification:_identify(src/turtlebot4_setup) by extensions ['colcon_pkg']
[0.970s] Level 1:colcon.colcon_core.package_identification:_identify(src/turtlebot4_setup) by extension 'colcon_pkg'
[0.970s] Level 1:colcon.colcon_core.package_identification:_identify(src/turtlebot4_setup) by extensions ['colcon_meta']
[0.970s] Level 1:colcon.colcon_core.package_identification:_identify(src/turtlebot4_setup) by extension 'colcon_meta'
[0.970s] Level 1:colcon.colcon_core.package_identification:_identify(src/turtlebot4_setup) by extensions ['ros']
[0.970s] Level 1:colcon.colcon_core.package_identification:_identify(src/turtlebot4_setup) by extension 'ros'
[0.971s] DEBUG:colcon.colcon_core.package_identification:Package 'src/turtlebot4_setup' with type 'ros.ament_cmake' and name 'turtlebot4_setup'
[0.971s] Level 1:colcon.colcon_core.package_discovery:discover_packages(recursive) using defaults
[0.971s] Level 1:colcon.colcon_core.package_discovery:discover_packages(ignore) discover
[0.971s] Level 1:colcon.colcon_core.package_discovery:discover_packages(ignore) using defaults
[0.971s] Level 1:colcon.colcon_core.package_discovery:discover_packages(path) discover
[0.971s] Level 1:colcon.colcon_core.package_discovery:discover_packages(path) using defaults
[1.050s] Level 1:colcon.colcon_core.package_discovery:discover_packages(prefix_path) check parameters
[1.050s] Level 1:colcon.colcon_core.package_discovery:discover_packages(prefix_path) discover
[1.063s] WARNING:colcon.colcon_core.prefix_path.colcon:The path '/home/dong/turtlebot4_ws/install' in the environment variable COLCON_PREFIX_PATH doesn't exist
[1.064s] WARNING:colcon.colcon_ros.prefix_path.ament:The path '/home/dong/turtlebot4_ws/install/turtlebot4_setup' in the environment variable AMENT_PREFIX_PATH doesn't exist
[1.064s] WARNING:colcon.colcon_ros.prefix_path.ament:The path '/home/dong/turtlebot4_ws/install/turtlebot4_cmd_py' in the environment variable AMENT_PREFIX_PATH doesn't exist
[1.064s] WARNING:colcon.colcon_ros.prefix_path.ament:The path '/home/dong/turtlebot4_ws/install/teleop_twist_keyboard' in the environment variable AMENT_PREFIX_PATH doesn't exist
[1.064s] WARNING:colcon.colcon_ros.prefix_path.ament:The path '/home/dong/turtlebot4_ws/install/minibot_navigation2' in the environment variable AMENT_PREFIX_PATH doesn't exist
[1.064s] WARNING:colcon.colcon_ros.prefix_path.ament:The path '/home/dong/turtlebot4_ws/install/minibot_controllers' in the environment variable AMENT_PREFIX_PATH doesn't exist
[1.064s] WARNING:colcon.colcon_ros.prefix_path.ament:The path '/home/dong/turtlebot4_ws/install/minibot_interfaces' in the environment variable AMENT_PREFIX_PATH doesn't exist
[1.064s] WARNING:colcon.colcon_ros.prefix_path.ament:The path '/home/dong/turtlebot4_ws/install/minibot_hardware_interface' in the environment variable AMENT_PREFIX_PATH doesn't exist
[1.064s] WARNING:colcon.colcon_ros.prefix_path.ament:The path '/home/dong/turtlebot4_ws/install/minibot_bringup' in the environment variable AMENT_PREFIX_PATH doesn't exist
[1.064s] WARNING:colcon.colcon_ros.prefix_path.ament:The path '/home/dong/turtlebot4_ws/install/minibot_gazebo' in the environment variable AMENT_PREFIX_PATH doesn't exist
[1.064s] WARNING:colcon.colcon_ros.prefix_path.ament:The path '/home/dong/turtlebot4_ws/install/minibot_description' in the environment variable AMENT_PREFIX_PATH doesn't exist
[1.064s] WARNING:colcon.colcon_ros.prefix_path.catkin:The path '/home/dong/turtlebot4_ws/install/turtlebot4_setup' in the environment variable CMAKE_PREFIX_PATH doesn't exist
[1.064s] WARNING:colcon.colcon_ros.prefix_path.catkin:The path '/home/dong/turtlebot4_ws/install/minibot_navigation2' in the environment variable CMAKE_PREFIX_PATH doesn't exist
[1.064s] WARNING:colcon.colcon_ros.prefix_path.catkin:The path '/home/dong/turtlebot4_ws/install/minibot_controllers' in the environment variable CMAKE_PREFIX_PATH doesn't exist
[1.064s] WARNING:colcon.colcon_ros.prefix_path.catkin:The path '/home/dong/turtlebot4_ws/install/minibot_interfaces' in the environment variable CMAKE_PREFIX_PATH doesn't exist
[1.064s] WARNING:colcon.colcon_ros.prefix_path.catkin:The path '/home/dong/turtlebot4_ws/install/minibot_hardware_interface' in the environment variable CMAKE_PREFIX_PATH doesn't exist
[1.064s] WARNING:colcon.colcon_ros.prefix_path.catkin:The path '/home/dong/turtlebot4_ws/install/minibot_bringup' in the environment variable CMAKE_PREFIX_PATH doesn't exist
[1.064s] WARNING:colcon.colcon_ros.prefix_path.catkin:The path '/home/dong/turtlebot4_ws/install/minibot_gazebo' in the environment variable CMAKE_PREFIX_PATH doesn't exist
[1.064s] WARNING:colcon.colcon_ros.prefix_path.catkin:The path '/home/dong/turtlebot4_ws/install/minibot_description' in the environment variable CMAKE_PREFIX_PATH doesn't exist
[1.078s] DEBUG:colcon.colcon_installed_package_information.package_discovery:Found 10 installed packages in /home/dong/turtlebot4-ws/install
[1.091s] DEBUG:colcon.colcon_installed_package_information.package_discovery:Found 506 installed packages in /opt/ros/humble
[1.103s] Level 1:colcon.colcon_core.package_discovery:discover_packages(prefix_path) using defaults
[1.168s] WARNING:colcon.colcon_core.package_selection:Some selected packages are already built in one or more underlay workspaces:
	'teleop_twist_keyboard' is in: /home/dong/turtlebot4-ws/install/teleop_twist_keyboard, /opt/ros/humble
If a package in a merged underlay workspace is overridden and it installs headers, then all packages in the overlay must sort their include directories by workspace order. Failure to do so may result in build failures or undefined behavior at run time.
If the overridden package is used by another package in any underlay, then the overriding package in the overlay must be API and ABI compatible or undefined behavior at run time may occur.

If you understand the risks and want to override a package anyways, add the following to the command line:
	--allow-overriding teleop_twist_keyboard

This may be promoted to an error in a future release of colcon-override-check.
[1.182s] Level 5:colcon.colcon_core.verb:set package 'minibot_description' build argument 'cmake_args' from command line to 'None'
[1.182s] Level 5:colcon.colcon_core.verb:set package 'minibot_description' build argument 'cmake_target' from command line to 'None'
[1.182s] Level 5:colcon.colcon_core.verb:set package 'minibot_description' build argument 'cmake_target_skip_unavailable' from command line to 'False'
[1.182s] Level 5:colcon.colcon_core.verb:set package 'minibot_description' build argument 'cmake_clean_cache' from command line to 'False'
[1.182s] Level 5:colcon.colcon_core.verb:set package 'minibot_description' build argument 'cmake_clean_first' from command line to 'False'
[1.182s] Level 5:colcon.colcon_core.verb:set package 'minibot_description' build argument 'cmake_force_configure' from command line to 'False'
[1.182s] Level 5:colcon.colcon_core.verb:set package 'minibot_description' build argument 'ament_cmake_args' from command line to 'None'
[1.182s] Level 5:colcon.colcon_core.verb:set package 'minibot_description' build argument 'catkin_cmake_args' from command line to 'None'
[1.182s] Level 5:colcon.colcon_core.verb:set package 'minibot_description' build argument 'catkin_skip_building_tests' from command line to 'False'
[1.182s] DEBUG:colcon.colcon_core.verb:Building package 'minibot_description' with the following arguments: {'ament_cmake_args': None, 'build_base': '/home/dong/turtlebot4-ws/build/minibot_description', 'catkin_cmake_args': None, 'catkin_skip_building_tests': False, 'cmake_args': None, 'cmake_clean_cache': False, 'cmake_clean_first': False, 'cmake_force_configure': False, 'cmake_target': None, 'cmake_target_skip_unavailable': False, 'install_base': '/home/dong/turtlebot4-ws/install/minibot_description', 'merge_install': False, 'path': '/home/dong/turtlebot4-ws/src/pinklab_minibot_robot/minibot_description', 'symlink_install': True, 'test_result_base': None}
[1.195s] Level 5:colcon.colcon_core.verb:set package 'minibot_hardware_interface' build argument 'cmake_args' from command line to 'None'
[1.195s] Level 5:colcon.colcon_core.verb:set package 'minibot_hardware_interface' build argument 'cmake_target' from command line to 'None'
[1.195s] Level 5:colcon.colcon_core.verb:set package 'minibot_hardware_interface' build argument 'cmake_target_skip_unavailable' from command line to 'False'
[1.195s] Level 5:colcon.colcon_core.verb:set package 'minibot_hardware_interface' build argument 'cmake_clean_cache' from command line to 'False'
[1.195s] Level 5:colcon.colcon_core.verb:set package 'minibot_hardware_interface' build argument 'cmake_clean_first' from command line to 'False'
[1.195s] Level 5:colcon.colcon_core.verb:set package 'minibot_hardware_interface' build argument 'cmake_force_configure' from command line to 'False'
[1.195s] Level 5:colcon.colcon_core.verb:set package 'minibot_hardware_interface' build argument 'ament_cmake_args' from command line to 'None'
[1.195s] Level 5:colcon.colcon_core.verb:set package 'minibot_hardware_interface' build argument 'catkin_cmake_args' from command line to 'None'
[1.195s] Level 5:colcon.colcon_core.verb:set package 'minibot_hardware_interface' build argument 'catkin_skip_building_tests' from command line to 'False'
[1.195s] DEBUG:colcon.colcon_core.verb:Building package 'minibot_hardware_interface' with the following arguments: {'ament_cmake_args': None, 'build_base': '/home/dong/turtlebot4-ws/build/minibot_hardware_interface', 'catkin_cmake_args': None, 'catkin_skip_building_tests': False, 'cmake_args': None, 'cmake_clean_cache': False, 'cmake_clean_first': False, 'cmake_force_configure': False, 'cmake_target': None, 'cmake_target_skip_unavailable': False, 'install_base': '/home/dong/turtlebot4-ws/install/minibot_hardware_interface', 'merge_install': False, 'path': '/home/dong/turtlebot4-ws/src/pinklab_minibot_robot/minibot_hardware_interface', 'symlink_install': True, 'test_result_base': None}
[1.208s] Level 5:colcon.colcon_core.verb:set package 'minibot_interfaces' build argument 'cmake_args' from command line to 'None'
[1.208s] Level 5:colcon.colcon_core.verb:set package 'minibot_interfaces' build argument 'cmake_target' from command line to 'None'
[1.208s] Level 5:colcon.colcon_core.verb:set package 'minibot_interfaces' build argument 'cmake_target_skip_unavailable' from command line to 'False'
[1.208s] Level 5:colcon.colcon_core.verb:set package 'minibot_interfaces' build argument 'cmake_clean_cache' from command line to 'False'
[1.208s] Level 5:colcon.colcon_core.verb:set package 'minibot_interfaces' build argument 'cmake_clean_first' from command line to 'False'
[1.208s] Level 5:colcon.colcon_core.verb:set package 'minibot_interfaces' build argument 'cmake_force_configure' from command line to 'False'
[1.208s] Level 5:colcon.colcon_core.verb:set package 'minibot_interfaces' build argument 'ament_cmake_args' from command line to 'None'
[1.208s] Level 5:colcon.colcon_core.verb:set package 'minibot_interfaces' build argument 'catkin_cmake_args' from command line to 'None'
[1.208s] Level 5:colcon.colcon_core.verb:set package 'minibot_interfaces' build argument 'catkin_skip_building_tests' from command line to 'False'
[1.208s] DEBUG:colcon.colcon_core.verb:Building package 'minibot_interfaces' with the following arguments: {'ament_cmake_args': None, 'build_base': '/home/dong/turtlebot4-ws/build/minibot_interfaces', 'catkin_cmake_args': None, 'catkin_skip_building_tests': False, 'cmake_args': None, 'cmake_clean_cache': False, 'cmake_clean_first': False, 'cmake_force_configure': False, 'cmake_target': None, 'cmake_target_skip_unavailable': False, 'install_base': '/home/dong/turtlebot4-ws/install/minibot_interfaces', 'merge_install': False, 'path': '/home/dong/turtlebot4-ws/src/pinklab_minibot_robot/minibot_interfaces', 'symlink_install': True, 'test_result_base': None}
[1.220s] Level 5:colcon.colcon_core.verb:set package 'minibot_navigation2' build argument 'cmake_args' from command line to 'None'
[1.220s] Level 5:colcon.colcon_core.verb:set package 'minibot_navigation2' build argument 'cmake_target' from command line to 'None'
[1.220s] Level 5:colcon.colcon_core.verb:set package 'minibot_navigation2' build argument 'cmake_target_skip_unavailable' from command line to 'False'
[1.220s] Level 5:colcon.colcon_core.verb:set package 'minibot_navigation2' build argument 'cmake_clean_cache' from command line to 'False'
[1.220s] Level 5:colcon.colcon_core.verb:set package 'minibot_navigation2' build argument 'cmake_clean_first' from command line to 'False'
[1.220s] Level 5:colcon.colcon_core.verb:set package 'minibot_navigation2' build argument 'cmake_force_configure' from command line to 'False'
[1.220s] Level 5:colcon.colcon_core.verb:set package 'minibot_navigation2' build argument 'ament_cmake_args' from command line to 'None'
[1.220s] Level 5:colcon.colcon_core.verb:set package 'minibot_navigation2' build argument 'catkin_cmake_args' from command line to 'None'
[1.220s] Level 5:colcon.colcon_core.verb:set package 'minibot_navigation2' build argument 'catkin_skip_building_tests' from command line to 'False'
[1.220s] DEBUG:colcon.colcon_core.verb:Building package 'minibot_navigation2' with the following arguments: {'ament_cmake_args': None, 'build_base': '/home/dong/turtlebot4-ws/build/minibot_navigation2', 'catkin_cmake_args': None, 'catkin_skip_building_tests': False, 'cmake_args': None, 'cmake_clean_cache': False, 'cmake_clean_first': False, 'cmake_force_configure': False, 'cmake_target': None, 'cmake_target_skip_unavailable': False, 'install_base': '/home/dong/turtlebot4-ws/install/minibot_navigation2', 'merge_install': False, 'path': '/home/dong/turtlebot4-ws/src/pinklab_minibot_robot/minibot_navigation2', 'symlink_install': True, 'test_result_base': None}
[1.233s] Level 5:colcon.colcon_core.verb:set package 'teleop_twist_keyboard' build argument 'cmake_args' from command line to 'None'
[1.233s] Level 5:colcon.colcon_core.verb:set package 'teleop_twist_keyboard' build argument 'cmake_target' from command line to 'None'
[1.233s] Level 5:colcon.colcon_core.verb:set package 'teleop_twist_keyboard' build argument 'cmake_target_skip_unavailable' from command line to 'False'
[1.233s] Level 5:colcon.colcon_core.verb:set package 'teleop_twist_keyboard' build argument 'cmake_clean_cache' from command line to 'False'
[1.233s] Level 5:colcon.colcon_core.verb:set package 'teleop_twist_keyboard' build argument 'cmake_clean_first' from command line to 'False'
[1.233s] Level 5:colcon.colcon_core.verb:set package 'teleop_twist_keyboard' build argument 'cmake_force_configure' from command line to 'False'
[1.233s] Level 5:colcon.colcon_core.verb:set package 'teleop_twist_keyboard' build argument 'ament_cmake_args' from command line to 'None'
[1.233s] Level 5:colcon.colcon_core.verb:set package 'teleop_twist_keyboard' build argument 'catkin_cmake_args' from command line to 'None'
[1.233s] Level 5:colcon.colcon_core.verb:set package 'teleop_twist_keyboard' build argument 'catkin_skip_building_tests' from command line to 'False'
[1.233s] DEBUG:colcon.colcon_core.verb:Building package 'teleop_twist_keyboard' with the following arguments: {'ament_cmake_args': None, 'build_base': '/home/dong/turtlebot4-ws/build/teleop_twist_keyboard', 'catkin_cmake_args': None, 'catkin_skip_building_tests': False, 'cmake_args': None, 'cmake_clean_cache': False, 'cmake_clean_first': False, 'cmake_force_configure': False, 'cmake_target': None, 'cmake_target_skip_unavailable': False, 'install_base': '/home/dong/turtlebot4-ws/install/teleop_twist_keyboard', 'merge_install': False, 'path': '/home/dong/turtlebot4-ws/src/ros2_teleop_keyboard', 'symlink_install': True, 'test_result_base': None}
[1.245s] Level 5:colcon.colcon_core.verb:set package 'turtlebot4_cmd_py' build argument 'cmake_args' from command line to 'None'
[1.245s] Level 5:colcon.colcon_core.verb:set package 'turtlebot4_cmd_py' build argument 'cmake_target' from command line to 'None'
[1.246s] Level 5:colcon.colcon_core.verb:set package 'turtlebot4_cmd_py' build argument 'cmake_target_skip_unavailable' from command line to 'False'
[1.246s] Level 5:colcon.colcon_core.verb:set package 'turtlebot4_cmd_py' build argument 'cmake_clean_cache' from command line to 'False'
[1.246s] Level 5:colcon.colcon_core.verb:set package 'turtlebot4_cmd_py' build argument 'cmake_clean_first' from command line to 'False'
[1.246s] Level 5:colcon.colcon_core.verb:set package 'turtlebot4_cmd_py' build argument 'cmake_force_configure' from command line to 'False'
[1.246s] Level 5:colcon.colcon_core.verb:set package 'turtlebot4_cmd_py' build argument 'ament_cmake_args' from command line to 'None'
[1.246s] Level 5:colcon.colcon_core.verb:set package 'turtlebot4_cmd_py' build argument 'catkin_cmake_args' from command line to 'None'
[1.246s] Level 5:colcon.colcon_core.verb:set package 'turtlebot4_cmd_py' build argument 'catkin_skip_building_tests' from command line to 'False'
[1.246s] DEBUG:colcon.colcon_core.verb:Building package 'turtlebot4_cmd_py' with the following arguments: {'ament_cmake_args': None, 'build_base': '/home/dong/turtlebot4-ws/build/turtlebot4_cmd_py', 'catkin_cmake_args': None, 'catkin_skip_building_tests': False, 'cmake_args': None, 'cmake_clean_cache': False, 'cmake_clean_first': False, 'cmake_force_configure': False, 'cmake_target': None, 'cmake_target_skip_unavailable': False, 'install_base': '/home/dong/turtlebot4-ws/install/turtlebot4_cmd_py', 'merge_install': False, 'path': '/home/dong/turtlebot4-ws/src/turtlebot4_cmd_py', 'symlink_install': True, 'test_result_base': None}
[1.258s] Level 5:colcon.colcon_core.verb:set package 'turtlebot4_setup' build argument 'cmake_args' from command line to 'None'
[1.258s] Level 5:colcon.colcon_core.verb:set package 'turtlebot4_setup' build argument 'cmake_target' from command line to 'None'
[1.258s] Level 5:colcon.colcon_core.verb:set package 'turtlebot4_setup' build argument 'cmake_target_skip_unavailable' from command line to 'False'
[1.258s] Level 5:colcon.colcon_core.verb:set package 'turtlebot4_setup' build argument 'cmake_clean_cache' from command line to 'False'
[1.258s] Level 5:colcon.colcon_core.verb:set package 'turtlebot4_setup' build argument 'cmake_clean_first' from command line to 'False'
[1.258s] Level 5:colcon.colcon_core.verb:set package 'turtlebot4_setup' build argument 'cmake_force_configure' from command line to 'False'
[1.258s] Level 5:colcon.colcon_core.verb:set package 'turtlebot4_setup' build argument 'ament_cmake_args' from command line to 'None'
[1.258s] Level 5:colcon.colcon_core.verb:set package 'turtlebot4_setup' build argument 'catkin_cmake_args' from command line to 'None'
[1.258s] Level 5:colcon.colcon_core.verb:set package 'turtlebot4_setup' build argument 'catkin_skip_building_tests' from command line to 'False'
[1.258s] DEBUG:colcon.colcon_core.verb:Building package 'turtlebot4_setup' with the following arguments: {'ament_cmake_args': None, 'build_base': '/home/dong/turtlebot4-ws/build/turtlebot4_setup', 'catkin_cmake_args': None, 'catkin_skip_building_tests': False, 'cmake_args': None, 'cmake_clean_cache': False, 'cmake_clean_first': False, 'cmake_force_configure': False, 'cmake_target': None, 'cmake_target_skip_unavailable': False, 'install_base': '/home/dong/turtlebot4-ws/install/turtlebot4_setup', 'merge_install': False, 'path': '/home/dong/turtlebot4-ws/src/turtlebot4_setup', 'symlink_install': True, 'test_result_base': None}
[1.271s] Level 5:colcon.colcon_core.verb:set package 'minibot_controllers' build argument 'cmake_args' from command line to 'None'
[1.271s] Level 5:colcon.colcon_core.verb:set package 'minibot_controllers' build argument 'cmake_target' from command line to 'None'
[1.271s] Level 5:colcon.colcon_core.verb:set package 'minibot_controllers' build argument 'cmake_target_skip_unavailable' from command line to 'False'
[1.271s] Level 5:colcon.colcon_core.verb:set package 'minibot_controllers' build argument 'cmake_clean_cache' from command line to 'False'
[1.271s] Level 5:colcon.colcon_core.verb:set package 'minibot_controllers' build argument 'cmake_clean_first' from command line to 'False'
[1.271s] Level 5:colcon.colcon_core.verb:set package 'minibot_controllers' build argument 'cmake_force_configure' from command line to 'False'
[1.271s] Level 5:colcon.colcon_core.verb:set package 'minibot_controllers' build argument 'ament_cmake_args' from command line to 'None'
[1.271s] Level 5:colcon.colcon_core.verb:set package 'minibot_controllers' build argument 'catkin_cmake_args' from command line to 'None'
[1.271s] Level 5:colcon.colcon_core.verb:set package 'minibot_controllers' build argument 'catkin_skip_building_tests' from command line to 'False'
[1.271s] DEBUG:colcon.colcon_core.verb:Building package 'minibot_controllers' with the following arguments: {'ament_cmake_args': None, 'build_base': '/home/dong/turtlebot4-ws/build/minibot_controllers', 'catkin_cmake_args': None, 'catkin_skip_building_tests': False, 'cmake_args': None, 'cmake_clean_cache': False, 'cmake_clean_first': False, 'cmake_force_configure': False, 'cmake_target': None, 'cmake_target_skip_unavailable': False, 'install_base': '/home/dong/turtlebot4-ws/install/minibot_controllers', 'merge_install': False, 'path': '/home/dong/turtlebot4-ws/src/pinklab_minibot_robot/minibot_controllers', 'symlink_install': True, 'test_result_base': None}
[1.283s] Level 5:colcon.colcon_core.verb:set package 'minibot_gazebo' build argument 'cmake_args' from command line to 'None'
[1.283s] Level 5:colcon.colcon_core.verb:set package 'minibot_gazebo' build argument 'cmake_target' from command line to 'None'
[1.283s] Level 5:colcon.colcon_core.verb:set package 'minibot_gazebo' build argument 'cmake_target_skip_unavailable' from command line to 'False'
[1.283s] Level 5:colcon.colcon_core.verb:set package 'minibot_gazebo' build argument 'cmake_clean_cache' from command line to 'False'
[1.283s] Level 5:colcon.colcon_core.verb:set package 'minibot_gazebo' build argument 'cmake_clean_first' from command line to 'False'
[1.283s] Level 5:colcon.colcon_core.verb:set package 'minibot_gazebo' build argument 'cmake_force_configure' from command line to 'False'
[1.283s] Level 5:colcon.colcon_core.verb:set package 'minibot_gazebo' build argument 'ament_cmake_args' from command line to 'None'
[1.283s] Level 5:colcon.colcon_core.verb:set package 'minibot_gazebo' build argument 'catkin_cmake_args' from command line to 'None'
[1.283s] Level 5:colcon.colcon_core.verb:set package 'minibot_gazebo' build argument 'catkin_skip_building_tests' from command line to 'False'
[1.283s] DEBUG:colcon.colcon_core.verb:Building package 'minibot_gazebo' with the following arguments: {'ament_cmake_args': None, 'build_base': '/home/dong/turtlebot4-ws/build/minibot_gazebo', 'catkin_cmake_args': None, 'catkin_skip_building_tests': False, 'cmake_args': None, 'cmake_clean_cache': False, 'cmake_clean_first': False, 'cmake_force_configure': False, 'cmake_target': None, 'cmake_target_skip_unavailable': False, 'install_base': '/home/dong/turtlebot4-ws/install/minibot_gazebo', 'merge_install': False, 'path': '/home/dong/turtlebot4-ws/src/pinklab_minibot_robot/minibot_gazebo', 'symlink_install': True, 'test_result_base': None}
[1.296s] Level 5:colcon.colcon_core.verb:set package 'minibot_bringup' build argument 'cmake_args' from command line to 'None'
[1.296s] Level 5:colcon.colcon_core.verb:set package 'minibot_bringup' build argument 'cmake_target' from command line to 'None'
[1.296s] Level 5:colcon.colcon_core.verb:set package 'minibot_bringup' build argument 'cmake_target_skip_unavailable' from command line to 'False'
[1.296s] Level 5:colcon.colcon_core.verb:set package 'minibot_bringup' build argument 'cmake_clean_cache' from command line to 'False'
[1.296s] Level 5:colcon.colcon_core.verb:set package 'minibot_bringup' build argument 'cmake_clean_first' from command line to 'False'
[1.296s] Level 5:colcon.colcon_core.verb:set package 'minibot_bringup' build argument 'cmake_force_configure' from command line to 'False'
[1.296s] Level 5:colcon.colcon_core.verb:set package 'minibot_bringup' build argument 'ament_cmake_args' from command line to 'None'
[1.296s] Level 5:colcon.colcon_core.verb:set package 'minibot_bringup' build argument 'catkin_cmake_args' from command line to 'None'
[1.296s] Level 5:colcon.colcon_core.verb:set package 'minibot_bringup' build argument 'catkin_skip_building_tests' from command line to 'False'
[1.296s] DEBUG:colcon.colcon_core.verb:Building package 'minibot_bringup' with the following arguments: {'ament_cmake_args': None, 'build_base': '/home/dong/turtlebot4-ws/build/minibot_bringup', 'catkin_cmake_args': None, 'catkin_skip_building_tests': False, 'cmake_args': None, 'cmake_clean_cache': False, 'cmake_clean_first': False, 'cmake_force_configure': False, 'cmake_target': None, 'cmake_target_skip_unavailable': False, 'install_base': '/home/dong/turtlebot4-ws/install/minibot_bringup', 'merge_install': False, 'path': '/home/dong/turtlebot4-ws/src/pinklab_minibot_robot/minibot_bringup', 'symlink_install': True, 'test_result_base': None}
[1.309s] INFO:colcon.colcon_core.executor:Executing jobs using 'parallel' executor
[1.322s] DEBUG:colcon.colcon_parallel_executor.executor.parallel:run_until_complete
[1.322s] INFO:colcon.colcon_ros.task.ament_cmake.build:Building ROS package in '/home/dong/turtlebot4-ws/src/pinklab_minibot_robot/minibot_description' with build type 'ament_cmake'
[1.322s] INFO:colcon.colcon_cmake.task.cmake.build:Building CMake package in '/home/dong/turtlebot4-ws/src/pinklab_minibot_robot/minibot_description'
[1.338s] INFO:colcon.colcon_core.plugin_system:Skipping extension 'colcon_core.shell.bat': Not used on non-Windows systems
[1.339s] INFO:colcon.colcon_core.shell:Skip shell extension 'powershell' for command environment: Not usable outside of PowerShell
[1.339s] DEBUG:colcon.colcon_core.shell:Skip shell extension 'dsv' for command environment
[1.376s] INFO:colcon.colcon_ros.task.ament_cmake.build:Building ROS package in '/home/dong/turtlebot4-ws/src/pinklab_minibot_robot/minibot_interfaces' with build type 'ament_cmake'
[1.376s] INFO:colcon.colcon_cmake.task.cmake.build:Building CMake package in '/home/dong/turtlebot4-ws/src/pinklab_minibot_robot/minibot_interfaces'
[1.390s] INFO:colcon.colcon_core.shell:Skip shell extension 'powershell' for command environment: Not usable outside of PowerShell
[1.390s] DEBUG:colcon.colcon_core.shell:Skip shell extension 'dsv' for command environment
[1.428s] INFO:colcon.colcon_ros.task.ament_cmake.build:Building ROS package in '/home/dong/turtlebot4-ws/src/pinklab_minibot_robot/minibot_hardware_interface' with build type 'ament_cmake'
[1.428s] INFO:colcon.colcon_cmake.task.cmake.build:Building CMake package in '/home/dong/turtlebot4-ws/src/pinklab_minibot_robot/minibot_hardware_interface'
[1.442s] INFO:colcon.colcon_core.shell:Skip shell extension 'powershell' for command environment: Not usable outside of PowerShell
[1.442s] DEBUG:colcon.colcon_core.shell:Skip shell extension 'dsv' for command environment
[1.481s] INFO:colcon.colcon_ros.task.ament_cmake.build:Building ROS package in '/home/dong/turtlebot4-ws/src/pinklab_minibot_robot/minibot_navigation2' with build type 'ament_cmake'
[1.482s] INFO:colcon.colcon_cmake.task.cmake.build:Building CMake package in '/home/dong/turtlebot4-ws/src/pinklab_minibot_robot/minibot_navigation2'
[1.495s] INFO:colcon.colcon_core.shell:Skip shell extension 'powershell' for command environment: Not usable outside of PowerShell
[1.495s] DEBUG:colcon.colcon_core.shell:Skip shell extension 'dsv' for command environment
[1.533s] INFO:colcon.colcon_ros.task.ament_python.build:Building ROS package in '/home/dong/turtlebot4-ws/src/ros2_teleop_keyboard' with build type 'ament_python'
[1.533s] Level 1:colcon.colcon_core.shell:create_environment_hook('teleop_twist_keyboard', 'ament_prefix_path')
[1.547s] INFO:colcon.colcon_core.shell:Creating environment hook '/home/dong/turtlebot4-ws/install/teleop_twist_keyboard/share/teleop_twist_keyboard/hook/ament_prefix_path.ps1'
[1.548s] INFO:colcon.colcon_core.shell:Creating environment descriptor '/home/dong/turtlebot4-ws/install/teleop_twist_keyboard/share/teleop_twist_keyboard/hook/ament_prefix_path.dsv'
[1.549s] INFO:colcon.colcon_core.shell:Creating environment hook '/home/dong/turtlebot4-ws/install/teleop_twist_keyboard/share/teleop_twist_keyboard/hook/ament_prefix_path.sh'
[1.563s] INFO:colcon.colcon_core.shell:Skip shell extension 'powershell' for command environment: Not usable outside of PowerShell
[1.563s] DEBUG:colcon.colcon_core.shell:Skip shell extension 'dsv' for command environment
[1.603s] INFO:colcon.colcon_ros.task.ament_python.build:Building ROS package in '/home/dong/turtlebot4-ws/src/turtlebot4_cmd_py' with build type 'ament_python'
[1.603s] Level 1:colcon.colcon_core.shell:create_environment_hook('turtlebot4_cmd_py', 'ament_prefix_path')
[1.616s] INFO:colcon.colcon_core.shell:Creating environment hook '/home/dong/turtlebot4-ws/install/turtlebot4_cmd_py/share/turtlebot4_cmd_py/hook/ament_prefix_path.ps1'
[1.616s] INFO:colcon.colcon_core.shell:Creating environment descriptor '/home/dong/turtlebot4-ws/install/turtlebot4_cmd_py/share/turtlebot4_cmd_py/hook/ament_prefix_path.dsv'
[1.617s] INFO:colcon.colcon_core.shell:Creating environment hook '/home/dong/turtlebot4-ws/install/turtlebot4_cmd_py/share/turtlebot4_cmd_py/hook/ament_prefix_path.sh'
[1.630s] INFO:colcon.colcon_core.shell:Skip shell extension 'powershell' for command environment: Not usable outside of PowerShell
[1.630s] DEBUG:colcon.colcon_core.shell:Skip shell extension 'dsv' for command environment
[1.670s] INFO:colcon.colcon_ros.task.ament_cmake.build:Building ROS package in '/home/dong/turtlebot4-ws/src/turtlebot4_setup' with build type 'ament_cmake'
[1.670s] INFO:colcon.colcon_cmake.task.cmake.build:Building CMake package in '/home/dong/turtlebot4-ws/src/turtlebot4_setup'
[1.682s] INFO:colcon.colcon_core.shell:Skip shell extension 'powershell' for command environment: Not usable outside of PowerShell
[1.682s] DEBUG:colcon.colcon_core.shell:Skip shell extension 'dsv' for command environment
[1.726s] DEBUG:colcon.colcon_core.event_handler.log_command:Invoking command in '/home/dong/turtlebot4-ws/build/minibot_description': CMAKE_PREFIX_PATH=${CMAKE_PREFIX_PATH}:/home/dong/turtlebot4-ws/install/turtlebot4_cmd_py:/home/dong/turtlebot4-ws/install/teleop_twist_keyboard:/home/dong/turtlebot4_ws/install/turtlebot4_cmd_py:/home/dong/turtlebot4_ws/install/teleop_twist_keyboard:/opt/ros/humble /usr/bin/cmake --build /home/dong/turtlebot4-ws/build/minibot_description -- -j8 -l8
[1.732s] DEBUG:colcon.colcon_core.event_handler.log_command:Invoking command in '/home/dong/turtlebot4-ws/build/minibot_interfaces': CMAKE_PREFIX_PATH=${CMAKE_PREFIX_PATH}:/home/dong/turtlebot4-ws/install/turtlebot4_cmd_py:/home/dong/turtlebot4-ws/install/teleop_twist_keyboard:/home/dong/turtlebot4_ws/install/turtlebot4_cmd_py:/home/dong/turtlebot4_ws/install/teleop_twist_keyboard:/opt/ros/humble /usr/bin/cmake --build /home/dong/turtlebot4-ws/build/minibot_interfaces -- -j8 -l8
[1.735s] DEBUG:colcon.colcon_core.event_handler.log_command:Invoking command in '/home/dong/turtlebot4-ws/build/minibot_hardware_interface': CMAKE_PREFIX_PATH=${CMAKE_PREFIX_PATH}:/home/dong/turtlebot4-ws/install/turtlebot4_cmd_py:/home/dong/turtlebot4-ws/install/teleop_twist_keyboard:/home/dong/turtlebot4_ws/install/turtlebot4_cmd_py:/home/dong/turtlebot4_ws/install/teleop_twist_keyboard:/opt/ros/humble /usr/bin/cmake --build /home/dong/turtlebot4-ws/build/minibot_hardware_interface -- -j8 -l8
[1.739s] DEBUG:colcon.colcon_core.event_handler.log_command:Invoking command in '/home/dong/turtlebot4-ws/build/minibot_navigation2': CMAKE_PREFIX_PATH=${CMAKE_PREFIX_PATH}:/home/dong/turtlebot4-ws/install/turtlebot4_cmd_py:/home/dong/turtlebot4-ws/install/teleop_twist_keyboard:/home/dong/turtlebot4_ws/install/turtlebot4_cmd_py:/home/dong/turtlebot4_ws/install/teleop_twist_keyboard:/opt/ros/humble /usr/bin/cmake --build /home/dong/turtlebot4-ws/build/minibot_navigation2 -- -j8 -l8
[1.891s] WARNING:colcon.colcon_ros.task.ament_python.build:Package 'teleop_twist_keyboard' doesn't explicitly install a marker in the package index (colcon-ros currently does it implicitly but that fallback will be removed in the future)
[1.891s] WARNING:colcon.colcon_ros.task.ament_python.build:Package 'teleop_twist_keyboard' doesn't explicitly install the 'package.xml' file (colcon-ros currently does it implicitly but that fallback will be removed in the future)
[1.891s] INFO:colcon.colcon_core.task.python.build:Building Python package in '/home/dong/turtlebot4-ws/src/ros2_teleop_keyboard'
[1.903s] INFO:colcon.colcon_core.shell:Skip shell extension 'powershell' for command environment: Not usable outside of PowerShell
[1.903s] DEBUG:colcon.colcon_core.shell:Skip shell extension 'dsv' for command environment
[2.091s] INFO:colcon.colcon_core.task.python.build:Building Python package in '/home/dong/turtlebot4-ws/src/turtlebot4_cmd_py'
[2.102s] INFO:colcon.colcon_core.shell:Skip shell extension 'powershell' for command environment: Not usable outside of PowerShell
[2.102s] DEBUG:colcon.colcon_core.shell:Skip shell extension 'dsv' for command environment
[2.144s] DEBUG:colcon.colcon_core.event_handler.log_command:Invoked command in '/home/dong/turtlebot4-ws/build/minibot_description' returned '2': CMAKE_PREFIX_PATH=${CMAKE_PREFIX_PATH}:/home/dong/turtlebot4-ws/install/turtlebot4_cmd_py:/home/dong/turtlebot4-ws/install/teleop_twist_keyboard:/home/dong/turtlebot4_ws/install/turtlebot4_cmd_py:/home/dong/turtlebot4_ws/install/teleop_twist_keyboard:/opt/ros/humble /usr/bin/cmake --build /home/dong/turtlebot4-ws/build/minibot_description -- -j8 -l8
[2.144s] DEBUG:colcon.colcon_core.event_handler.log_command:Invoked command in '/home/dong/turtlebot4-ws/build/minibot_hardware_interface' returned '2': CMAKE_PREFIX_PATH=${CMAKE_PREFIX_PATH}:/home/dong/turtlebot4-ws/install/turtlebot4_cmd_py:/home/dong/turtlebot4-ws/install/teleop_twist_keyboard:/home/dong/turtlebot4_ws/install/turtlebot4_cmd_py:/home/dong/turtlebot4_ws/install/teleop_twist_keyboard:/opt/ros/humble /usr/bin/cmake --build /home/dong/turtlebot4-ws/build/minibot_hardware_interface -- -j8 -l8
[2.145s] DEBUG:colcon.colcon_core.event_handler.log_command:Invoked command in '/home/dong/turtlebot4-ws/build/minibot_navigation2' returned '2': CMAKE_PREFIX_PATH=${CMAKE_PREFIX_PATH}:/home/dong/turtlebot4-ws/install/turtlebot4_cmd_py:/home/dong/turtlebot4-ws/install/teleop_twist_keyboard:/home/dong/turtlebot4_ws/install/turtlebot4_cmd_py:/home/dong/turtlebot4_ws/install/teleop_twist_keyboard:/opt/ros/humble /usr/bin/cmake --build /home/dong/turtlebot4-ws/build/minibot_navigation2 -- -j8 -l8
[2.146s] DEBUG:colcon.colcon_core.event_handler.log_command:Invoked command in '/home/dong/turtlebot4-ws/build/minibot_interfaces' returned '2': CMAKE_PREFIX_PATH=${CMAKE_PREFIX_PATH}:/home/dong/turtlebot4-ws/install/turtlebot4_cmd_py:/home/dong/turtlebot4-ws/install/teleop_twist_keyboard:/home/dong/turtlebot4_ws/install/turtlebot4_cmd_py:/home/dong/turtlebot4_ws/install/teleop_twist_keyboard:/opt/ros/humble /usr/bin/cmake --build /home/dong/turtlebot4-ws/build/minibot_interfaces -- -j8 -l8
[2.153s] DEBUG:colcon.colcon_core.event_handler.log_command:Invoking command in '/home/dong/turtlebot4-ws/build/turtlebot4_setup': CMAKE_PREFIX_PATH=${CMAKE_PREFIX_PATH}:/home/dong/turtlebot4-ws/install/turtlebot4_cmd_py:/home/dong/turtlebot4-ws/install/teleop_twist_keyboard:/home/dong/turtlebot4_ws/install/turtlebot4_cmd_py:/home/dong/turtlebot4_ws/install/teleop_twist_keyboard:/opt/ros/humble /usr/bin/cmake --build /home/dong/turtlebot4-ws/build/turtlebot4_setup -- -j8 -l8
[2.181s] Level 1:colcon.colcon_core.environment:create_environment_scripts_only(minibot_description)
[2.199s] Level 1:colcon.colcon_core.environment:checking '/home/dong/turtlebot4-ws/install/minibot_description' for CMake module files
[2.200s] Level 1:colcon.colcon_core.environment:checking '/home/dong/turtlebot4-ws/install/minibot_description' for CMake config files
[2.201s] Level 1:colcon.colcon_core.shell:create_environment_hook('minibot_description', 'cmake_prefix_path')
[2.215s] INFO:colcon.colcon_core.shell:Creating environment hook '/home/dong/turtlebot4-ws/install/minibot_description/share/minibot_description/hook/cmake_prefix_path.ps1'
[2.216s] INFO:colcon.colcon_core.shell:Creating environment descriptor '/home/dong/turtlebot4-ws/install/minibot_description/share/minibot_description/hook/cmake_prefix_path.dsv'
[2.216s] INFO:colcon.colcon_core.shell:Creating environment hook '/home/dong/turtlebot4-ws/install/minibot_description/share/minibot_description/hook/cmake_prefix_path.sh'
[2.216s] Level 1:colcon.colcon_core.environment:checking '/home/dong/turtlebot4-ws/install/minibot_description/bin'
[2.217s] Level 1:colcon.colcon_core.environment:checking '/home/dong/turtlebot4-ws/install/minibot_description/lib/pkgconfig/minibot_description.pc'
[2.217s] Level 1:colcon.colcon_core.environment:checking '/home/dong/turtlebot4-ws/install/minibot_description/lib/python3.10/site-packages'
[2.217s] Level 1:colcon.colcon_core.environment:checking '/home/dong/turtlebot4-ws/install/minibot_description/bin'
[2.231s] INFO:colcon.colcon_core.shell:Creating package script '/home/dong/turtlebot4-ws/install/minibot_description/share/minibot_description/package.ps1'
[2.233s] INFO:colcon.colcon_core.shell:Creating package descriptor '/home/dong/turtlebot4-ws/install/minibot_description/share/minibot_description/package.dsv'
[2.234s] INFO:colcon.colcon_core.shell:Creating package script '/home/dong/turtlebot4-ws/install/minibot_description/share/minibot_description/package.sh'
[2.235s] INFO:colcon.colcon_core.shell:Creating package script '/home/dong/turtlebot4-ws/install/minibot_description/share/minibot_description/package.bash'
[2.237s] INFO:colcon.colcon_core.shell:Creating package script '/home/dong/turtlebot4-ws/install/minibot_description/share/minibot_description/package.zsh'
[2.238s] Level 1:colcon.colcon_core.environment:create_file_with_runtime_dependencies(/home/dong/turtlebot4-ws/install/minibot_description/share/colcon-core/packages/minibot_description)
[2.762s] DEBUG:colcon.colcon_parallel_executor.executor.parallel:closing loop
[2.762s] DEBUG:colcon.colcon_parallel_executor.executor.parallel:loop closed
[2.762s] DEBUG:colcon.colcon_parallel_executor.executor.parallel:run_until_complete finished with '2'
[2.762s] DEBUG:colcon.colcon_core.event_reactor:joining thread
[2.793s] INFO:colcon.colcon_core.plugin_system:Skipping extension 'colcon_notification.desktop_notification.terminal_notifier': Not used on non-Darwin systems
[2.793s] INFO:colcon.colcon_core.plugin_system:Skipping extension 'colcon_notification.desktop_notification.win32': Not used on non-Windows systems
[2.793s] INFO:colcon.colcon_notification.desktop_notification:Sending desktop notification using 'notify2'
[2.813s] DEBUG:colcon.colcon_core.event_reactor:joined thread
[2.826s] INFO:colcon.colcon_core.shell:Creating prefix script '/home/dong/turtlebot4-ws/install/local_setup.ps1'
[2.826s] INFO:colcon.colcon_core.shell:Creating prefix util module '/home/dong/turtlebot4-ws/install/_local_setup_util_ps1.py'
[2.828s] INFO:colcon.colcon_core.shell:Creating prefix chain script '/home/dong/turtlebot4-ws/install/setup.ps1'
[2.842s] INFO:colcon.colcon_core.shell:Creating prefix script '/home/dong/turtlebot4-ws/install/local_setup.sh'
[2.844s] INFO:colcon.colcon_core.shell:Creating prefix util module '/home/dong/turtlebot4-ws/install/_local_setup_util_sh.py'
[2.844s] INFO:colcon.colcon_core.shell:Creating prefix chain script '/home/dong/turtlebot4-ws/install/setup.sh'
[2.858s] INFO:colcon.colcon_core.shell:Creating prefix script '/home/dong/turtlebot4-ws/install/local_setup.bash'
[2.859s] INFO:colcon.colcon_core.shell:Creating prefix chain script '/home/dong/turtlebot4-ws/install/setup.bash'
[2.873s] INFO:colcon.colcon_core.shell:Creating prefix script '/home/dong/turtlebot4-ws/install/local_setup.zsh'
[2.874s] INFO:colcon.colcon_core.shell:Creating prefix chain script '/home/dong/turtlebot4-ws/install/setup.zsh'
