[0.871s] DEBUG:colcon:Command line arguments: ['/usr/bin/colcon', 'build', '--symlink-install']
[0.871s] DEBUG:colcon:Parsed command line arguments: Namespace(log_base=None, log_level=None, verb_name='build', build_base='build', install_base='install', merge_install=False, symlink_install=True, test_result_base=None, continue_on_error=False, executor='parallel', parallel_workers=8, event_handlers=None, ignore_user_meta=False, metas=['./colcon.meta'], base_paths=['.'], packages_ignore=None, packages_ignore_regex=None, paths=None, packages_up_to=None, packages_up_to_regex=None, packages_above=None, packages_above_and_dependencies=None, packages_above_depth=None, packages_select_by_dep=None, packages_skip_by_dep=None, packages_skip_up_to=None, packages_select_build_failed=False, packages_skip_build_finished=False, packages_select_test_failures=False, packages_skip_test_passed=False, packages_select=None, packages_skip=None, packages_select_regex=None, packages_skip_regex=None, packages_start=None, packages_end=None, allow_overriding=[], cmake_args=None, cmake_target=None, cmake_target_skip_unavailable=False, cmake_clean_cache=False, cmake_clean_first=False, cmake_force_configure=False, ament_cmake_args=None, catkin_cmake_args=None, catkin_skip_building_tests=False, verb_parser=<colcon_defaults.argument_parser.defaults.DefaultArgumentsDecorator object at 0x7f8de9533730>, verb_extension=<colcon_core.verb.build.BuildVerb object at 0x7f8de988f310>, main=<bound method BuildVerb.main of <colcon_core.verb.build.BuildVerb object at 0x7f8de988f310>>)
[0.922s] Level 1:colcon.colcon_core.package_discovery:discover_packages(colcon_meta) check parameters
[0.922s] Level 1:colcon.colcon_core.package_discovery:discover_packages(recursive) check parameters
[0.922s] Level 1:colcon.colcon_core.package_discovery:discover_packages(ignore) check parameters
[0.922s] Level 1:colcon.colcon_core.package_discovery:discover_packages(path) check parameters
[0.922s] Level 1:colcon.colcon_core.package_discovery:discover_packages(colcon_meta) discover
[0.922s] Level 1:colcon.colcon_core.package_discovery:discover_packages(recursive) discover
[0.922s] INFO:colcon.colcon_core.package_discovery:Crawling recursively for packages in '/home/dong/turtlebot4_project/turtlebot4-ws'
[0.922s] Level 1:colcon.colcon_core.package_identification:_identify(.) by extensions ['ignore', 'ignore_ament_install']
[0.922s] Level 1:colcon.colcon_core.package_identification:_identify(.) by extension 'ignore'
[0.923s] Level 1:colcon.colcon_core.package_identification:_identify(.) by extension 'ignore_ament_install'
[0.923s] Level 1:colcon.colcon_core.package_identification:_identify(.) by extensions ['colcon_pkg']
[0.923s] Level 1:colcon.colcon_core.package_identification:_identify(.) by extension 'colcon_pkg'
[0.923s] Level 1:colcon.colcon_core.package_identification:_identify(.) by extensions ['colcon_meta']
[0.923s] Level 1:colcon.colcon_core.package_identification:_identify(.) by extension 'colcon_meta'
[0.923s] Level 1:colcon.colcon_core.package_identification:_identify(.) by extensions ['ros']
[0.923s] Level 1:colcon.colcon_core.package_identification:_identify(.) by extension 'ros'
[0.946s] Level 1:colcon.colcon_core.package_identification:_identify(.) by extensions ['cmake', 'python']
[0.946s] Level 1:colcon.colcon_core.package_identification:_identify(.) by extension 'cmake'
[0.946s] Level 1:colcon.colcon_core.package_identification:_identify(.) by extension 'python'
[0.946s] Level 1:colcon.colcon_core.package_identification:_identify(.) by extensions ['python_setup_py']
[0.946s] Level 1:colcon.colcon_core.package_identification:_identify(.) by extension 'python_setup_py'
[0.946s] Level 1:colcon.colcon_core.package_identification:_identify(build) by extensions ['ignore', 'ignore_ament_install']
[0.946s] Level 1:colcon.colcon_core.package_identification:_identify(build) by extension 'ignore'
[0.946s] Level 1:colcon.colcon_core.package_identification:_identify(build) ignored
[0.946s] Level 1:colcon.colcon_core.package_identification:_identify(install) by extensions ['ignore', 'ignore_ament_install']
[0.946s] Level 1:colcon.colcon_core.package_identification:_identify(install) by extension 'ignore'
[0.946s] Level 1:colcon.colcon_core.package_identification:_identify(install) ignored
[0.946s] Level 1:colcon.colcon_core.package_identification:_identify(log) by extensions ['ignore', 'ignore_ament_install']
[0.946s] Level 1:colcon.colcon_core.package_identification:_identify(log) by extension 'ignore'
[0.946s] Level 1:colcon.colcon_core.package_identification:_identify(log) ignored
[0.946s] Level 1:colcon.colcon_core.package_identification:_identify(src) by extensions ['ignore', 'ignore_ament_install']
[0.946s] Level 1:colcon.colcon_core.package_identification:_identify(src) by extension 'ignore'
[0.946s] Level 1:colcon.colcon_core.package_identification:_identify(src) by extension 'ignore_ament_install'
[0.946s] Level 1:colcon.colcon_core.package_identification:_identify(src) by extensions ['colcon_pkg']
[0.947s] Level 1:colcon.colcon_core.package_identification:_identify(src) by extension 'colcon_pkg'
[0.947s] Level 1:colcon.colcon_core.package_identification:_identify(src) by extensions ['colcon_meta']
[0.947s] Level 1:colcon.colcon_core.package_identification:_identify(src) by extension 'colcon_meta'
[0.947s] Level 1:colcon.colcon_core.package_identification:_identify(src) by extensions ['ros']
[0.947s] Level 1:colcon.colcon_core.package_identification:_identify(src) by extension 'ros'
[0.947s] Level 1:colcon.colcon_core.package_identification:_identify(src) by extensions ['cmake', 'python']
[0.947s] Level 1:colcon.colcon_core.package_identification:_identify(src) by extension 'cmake'
[0.947s] Level 1:colcon.colcon_core.package_identification:_identify(src) by extension 'python'
[0.947s] Level 1:colcon.colcon_core.package_identification:_identify(src) by extensions ['python_setup_py']
[0.947s] Level 1:colcon.colcon_core.package_identification:_identify(src) by extension 'python_setup_py'
[0.947s] Level 1:colcon.colcon_core.package_identification:_identify(src/turtlebot4_cmd_py) by extensions ['ignore', 'ignore_ament_install']
[0.947s] Level 1:colcon.colcon_core.package_identification:_identify(src/turtlebot4_cmd_py) by extension 'ignore'
[0.947s] Level 1:colcon.colcon_core.package_identification:_identify(src/turtlebot4_cmd_py) by extension 'ignore_ament_install'
[0.947s] Level 1:colcon.colcon_core.package_identification:_identify(src/turtlebot4_cmd_py) by extensions ['colcon_pkg']
[0.947s] Level 1:colcon.colcon_core.package_identification:_identify(src/turtlebot4_cmd_py) by extension 'colcon_pkg'
[0.947s] Level 1:colcon.colcon_core.package_identification:_identify(src/turtlebot4_cmd_py) by extensions ['colcon_meta']
[0.947s] Level 1:colcon.colcon_core.package_identification:_identify(src/turtlebot4_cmd_py) by extension 'colcon_meta'
[0.947s] Level 1:colcon.colcon_core.package_identification:_identify(src/turtlebot4_cmd_py) by extensions ['ros']
[0.947s] Level 1:colcon.colcon_core.package_identification:_identify(src/turtlebot4_cmd_py) by extension 'ros'
[0.950s] DEBUG:colcon.colcon_core.package_identification:Package 'src/turtlebot4_cmd_py' with type 'ros.ament_python' and name 'turtlebot4_cmd_py'
[0.950s] Level 1:colcon.colcon_core.package_identification:_identify(src/turtlebot4_path_planning) by extensions ['ignore', 'ignore_ament_install']
[0.950s] Level 1:colcon.colcon_core.package_identification:_identify(src/turtlebot4_path_planning) by extension 'ignore'
[0.951s] Level 1:colcon.colcon_core.package_identification:_identify(src/turtlebot4_path_planning) by extension 'ignore_ament_install'
[0.951s] Level 1:colcon.colcon_core.package_identification:_identify(src/turtlebot4_path_planning) by extensions ['colcon_pkg']
[0.951s] Level 1:colcon.colcon_core.package_identification:_identify(src/turtlebot4_path_planning) by extension 'colcon_pkg'
[0.951s] Level 1:colcon.colcon_core.package_identification:_identify(src/turtlebot4_path_planning) by extensions ['colcon_meta']
[0.951s] Level 1:colcon.colcon_core.package_identification:_identify(src/turtlebot4_path_planning) by extension 'colcon_meta'
[0.951s] Level 1:colcon.colcon_core.package_identification:_identify(src/turtlebot4_path_planning) by extensions ['ros']
[0.951s] Level 1:colcon.colcon_core.package_identification:_identify(src/turtlebot4_path_planning) by extension 'ros'
[0.951s] DEBUG:colcon.colcon_core.package_identification:Package 'src/turtlebot4_path_planning' with type 'ros.ament_python' and name 'turtlebot4_path_planning'
[0.951s] Level 1:colcon.colcon_core.package_discovery:discover_packages(recursive) using defaults
[0.951s] Level 1:colcon.colcon_core.package_discovery:discover_packages(ignore) discover
[0.951s] Level 1:colcon.colcon_core.package_discovery:discover_packages(ignore) using defaults
[0.951s] Level 1:colcon.colcon_core.package_discovery:discover_packages(path) discover
[0.951s] Level 1:colcon.colcon_core.package_discovery:discover_packages(path) using defaults
[1.033s] Level 1:colcon.colcon_core.package_discovery:discover_packages(prefix_path) check parameters
[1.034s] Level 1:colcon.colcon_core.package_discovery:discover_packages(prefix_path) discover
[1.061s] DEBUG:colcon.colcon_installed_package_information.package_discovery:Found 2 installed packages in /home/dong/turtlebot4_project/turtlebot4-ws/install
[1.076s] DEBUG:colcon.colcon_installed_package_information.package_discovery:Found 321 installed packages in /opt/ros/humble
[1.078s] Level 1:colcon.colcon_core.package_discovery:discover_packages(prefix_path) using defaults
[1.159s] Level 5:colcon.colcon_core.verb:set package 'turtlebot4_cmd_py' build argument 'cmake_args' from command line to 'None'
[1.160s] Level 5:colcon.colcon_core.verb:set package 'turtlebot4_cmd_py' build argument 'cmake_target' from command line to 'None'
[1.160s] Level 5:colcon.colcon_core.verb:set package 'turtlebot4_cmd_py' build argument 'cmake_target_skip_unavailable' from command line to 'False'
[1.160s] Level 5:colcon.colcon_core.verb:set package 'turtlebot4_cmd_py' build argument 'cmake_clean_cache' from command line to 'False'
[1.160s] Level 5:colcon.colcon_core.verb:set package 'turtlebot4_cmd_py' build argument 'cmake_clean_first' from command line to 'False'
[1.160s] Level 5:colcon.colcon_core.verb:set package 'turtlebot4_cmd_py' build argument 'cmake_force_configure' from command line to 'False'
[1.160s] Level 5:colcon.colcon_core.verb:set package 'turtlebot4_cmd_py' build argument 'ament_cmake_args' from command line to 'None'
[1.160s] Level 5:colcon.colcon_core.verb:set package 'turtlebot4_cmd_py' build argument 'catkin_cmake_args' from command line to 'None'
[1.160s] Level 5:colcon.colcon_core.verb:set package 'turtlebot4_cmd_py' build argument 'catkin_skip_building_tests' from command line to 'False'
[1.160s] DEBUG:colcon.colcon_core.verb:Building package 'turtlebot4_cmd_py' with the following arguments: {'ament_cmake_args': None, 'build_base': '/home/dong/turtlebot4_project/turtlebot4-ws/build/turtlebot4_cmd_py', 'catkin_cmake_args': None, 'catkin_skip_building_tests': False, 'cmake_args': None, 'cmake_clean_cache': False, 'cmake_clean_first': False, 'cmake_force_configure': False, 'cmake_target': None, 'cmake_target_skip_unavailable': False, 'install_base': '/home/dong/turtlebot4_project/turtlebot4-ws/install/turtlebot4_cmd_py', 'merge_install': False, 'path': '/home/dong/turtlebot4_project/turtlebot4-ws/src/turtlebot4_cmd_py', 'symlink_install': True, 'test_result_base': None}
[1.174s] Level 5:colcon.colcon_core.verb:set package 'turtlebot4_path_planning' build argument 'cmake_args' from command line to 'None'
[1.175s] Level 5:colcon.colcon_core.verb:set package 'turtlebot4_path_planning' build argument 'cmake_target' from command line to 'None'
[1.175s] Level 5:colcon.colcon_core.verb:set package 'turtlebot4_path_planning' build argument 'cmake_target_skip_unavailable' from command line to 'False'
[1.175s] Level 5:colcon.colcon_core.verb:set package 'turtlebot4_path_planning' build argument 'cmake_clean_cache' from command line to 'False'
[1.175s] Level 5:colcon.colcon_core.verb:set package 'turtlebot4_path_planning' build argument 'cmake_clean_first' from command line to 'False'
[1.175s] Level 5:colcon.colcon_core.verb:set package 'turtlebot4_path_planning' build argument 'cmake_force_configure' from command line to 'False'
[1.175s] Level 5:colcon.colcon_core.verb:set package 'turtlebot4_path_planning' build argument 'ament_cmake_args' from command line to 'None'
[1.175s] Level 5:colcon.colcon_core.verb:set package 'turtlebot4_path_planning' build argument 'catkin_cmake_args' from command line to 'None'
[1.175s] Level 5:colcon.colcon_core.verb:set package 'turtlebot4_path_planning' build argument 'catkin_skip_building_tests' from command line to 'False'
[1.175s] DEBUG:colcon.colcon_core.verb:Building package 'turtlebot4_path_planning' with the following arguments: {'ament_cmake_args': None, 'build_base': '/home/dong/turtlebot4_project/turtlebot4-ws/build/turtlebot4_path_planning', 'catkin_cmake_args': None, 'catkin_skip_building_tests': False, 'cmake_args': None, 'cmake_clean_cache': False, 'cmake_clean_first': False, 'cmake_force_configure': False, 'cmake_target': None, 'cmake_target_skip_unavailable': False, 'install_base': '/home/dong/turtlebot4_project/turtlebot4-ws/install/turtlebot4_path_planning', 'merge_install': False, 'path': '/home/dong/turtlebot4_project/turtlebot4-ws/src/turtlebot4_path_planning', 'symlink_install': True, 'test_result_base': None}
[1.189s] INFO:colcon.colcon_core.executor:Executing jobs using 'parallel' executor
[1.203s] DEBUG:colcon.colcon_parallel_executor.executor.parallel:run_until_complete
[1.204s] INFO:colcon.colcon_ros.task.ament_python.build:Building ROS package in '/home/dong/turtlebot4_project/turtlebot4-ws/src/turtlebot4_cmd_py' with build type 'ament_python'
[1.204s] Level 1:colcon.colcon_core.shell:create_environment_hook('turtlebot4_cmd_py', 'ament_prefix_path')
[1.221s] INFO:colcon.colcon_core.plugin_system:Skipping extension 'colcon_core.shell.bat': Not used on non-Windows systems
[1.221s] INFO:colcon.colcon_core.shell:Creating environment hook '/home/dong/turtlebot4_project/turtlebot4-ws/install/turtlebot4_cmd_py/share/turtlebot4_cmd_py/hook/ament_prefix_path.ps1'
[1.221s] INFO:colcon.colcon_core.shell:Creating environment descriptor '/home/dong/turtlebot4_project/turtlebot4-ws/install/turtlebot4_cmd_py/share/turtlebot4_cmd_py/hook/ament_prefix_path.dsv'
[1.222s] INFO:colcon.colcon_core.shell:Creating environment hook '/home/dong/turtlebot4_project/turtlebot4-ws/install/turtlebot4_cmd_py/share/turtlebot4_cmd_py/hook/ament_prefix_path.sh'
[1.237s] INFO:colcon.colcon_core.shell:Skip shell extension 'powershell' for command environment: Not usable outside of PowerShell
[1.237s] DEBUG:colcon.colcon_core.shell:Skip shell extension 'dsv' for command environment
[1.282s] INFO:colcon.colcon_ros.task.ament_python.build:Building ROS package in '/home/dong/turtlebot4_project/turtlebot4-ws/src/turtlebot4_path_planning' with build type 'ament_python'
[1.282s] Level 1:colcon.colcon_core.shell:create_environment_hook('turtlebot4_path_planning', 'ament_prefix_path')
[1.297s] INFO:colcon.colcon_core.shell:Creating environment hook '/home/dong/turtlebot4_project/turtlebot4-ws/install/turtlebot4_path_planning/share/turtlebot4_path_planning/hook/ament_prefix_path.ps1'
[1.298s] INFO:colcon.colcon_core.shell:Creating environment descriptor '/home/dong/turtlebot4_project/turtlebot4-ws/install/turtlebot4_path_planning/share/turtlebot4_path_planning/hook/ament_prefix_path.dsv'
[1.299s] INFO:colcon.colcon_core.shell:Creating environment hook '/home/dong/turtlebot4_project/turtlebot4-ws/install/turtlebot4_path_planning/share/turtlebot4_path_planning/hook/ament_prefix_path.sh'
[1.316s] INFO:colcon.colcon_core.shell:Skip shell extension 'powershell' for command environment: Not usable outside of PowerShell
[1.317s] DEBUG:colcon.colcon_core.shell:Skip shell extension 'dsv' for command environment
[1.551s] INFO:colcon.colcon_core.task.python.build:Building Python package in '/home/dong/turtlebot4_project/turtlebot4-ws/src/turtlebot4_cmd_py'
[1.566s] INFO:colcon.colcon_core.shell:Skip shell extension 'powershell' for command environment: Not usable outside of PowerShell
[1.566s] DEBUG:colcon.colcon_core.shell:Skip shell extension 'dsv' for command environment
[1.797s] INFO:colcon.colcon_core.task.python.build:Building Python package in '/home/dong/turtlebot4_project/turtlebot4-ws/src/turtlebot4_path_planning'
[1.811s] INFO:colcon.colcon_core.shell:Skip shell extension 'powershell' for command environment: Not usable outside of PowerShell
[1.811s] DEBUG:colcon.colcon_core.shell:Skip shell extension 'dsv' for command environment
[2.393s] DEBUG:colcon.colcon_core.event_handler.log_command:Invoking command in '/home/dong/turtlebot4_project/turtlebot4-ws/build/turtlebot4_cmd_py': PYTHONPATH=/home/dong/turtlebot4_project/turtlebot4-ws/build/turtlebot4_cmd_py/prefix_override:/home/dong/turtlebot4_project/turtlebot4-ws/install/turtlebot4_cmd_py/lib/python3.10/site-packages:${PYTHONPATH} /usr/bin/python3 setup.py develop --editable --build-directory /home/dong/turtlebot4_project/turtlebot4-ws/build/turtlebot4_cmd_py/build --no-deps install_data
[2.395s] DEBUG:colcon.colcon_core.task.python.build:While undoing a previous installation files outside the Python library path are being ignored: /home/dong/turtlebot4_project/turtlebot4-ws/install/turtlebot4_path_planning/share/ament_index/resource_index/packages/turtlebot4_path_planning
[2.395s] DEBUG:colcon.colcon_core.task.python.build:While undoing a previous installation files outside the Python library path are being ignored: /home/dong/turtlebot4_project/turtlebot4-ws/install/turtlebot4_path_planning/share/turtlebot4_path_planning/package.xml
[2.396s] DEBUG:colcon.colcon_core.task.python.build:While undoing a previous installation files outside the Python library path are being ignored: /home/dong/turtlebot4_project/turtlebot4-ws/install/turtlebot4_path_planning/lib/turtlebot4_path_planning/turtlebot4_global_path
[2.396s] DEBUG:colcon.colcon_core.task.python.build:While undoing a previous installation files outside the Python library path are being ignored: /home/dong/turtlebot4_project/turtlebot4-ws/install/turtlebot4_path_planning/lib/turtlebot4_path_planning/turtlebot4_pub_path
[2.399s] DEBUG:colcon.colcon_core.event_handler.log_command:Invoking command in '/home/dong/turtlebot4_project/turtlebot4-ws/build/turtlebot4_path_planning': PYTHONPATH=/home/dong/turtlebot4_project/turtlebot4-ws/build/turtlebot4_path_planning/prefix_override:/home/dong/turtlebot4_project/turtlebot4-ws/install/turtlebot4_path_planning/lib/python3.10/site-packages:${PYTHONPATH} /usr/bin/python3 setup.py develop --editable --build-directory /home/dong/turtlebot4_project/turtlebot4-ws/build/turtlebot4_path_planning/build --no-deps install_data
[3.069s] Level 1:colcon.colcon_core.shell:create_environment_hook('turtlebot4_cmd_py', 'pythonpath_develop')
[3.070s] DEBUG:colcon.colcon_core.event_handler.log_command:Invoked command in '/home/dong/turtlebot4_project/turtlebot4-ws/build/turtlebot4_cmd_py' returned '0': PYTHONPATH=/home/dong/turtlebot4_project/turtlebot4-ws/build/turtlebot4_cmd_py/prefix_override:/home/dong/turtlebot4_project/turtlebot4-ws/install/turtlebot4_cmd_py/lib/python3.10/site-packages:${PYTHONPATH} /usr/bin/python3 setup.py develop --editable --build-directory /home/dong/turtlebot4_project/turtlebot4-ws/build/turtlebot4_cmd_py/build --no-deps install_data
[3.085s] INFO:colcon.colcon_core.shell:Creating environment hook '/home/dong/turtlebot4_project/turtlebot4-ws/build/turtlebot4_cmd_py/share/turtlebot4_cmd_py/hook/pythonpath_develop.ps1'
[3.086s] INFO:colcon.colcon_core.shell:Creating environment descriptor '/home/dong/turtlebot4_project/turtlebot4-ws/build/turtlebot4_cmd_py/share/turtlebot4_cmd_py/hook/pythonpath_develop.dsv'
[3.086s] INFO:colcon.colcon_core.shell:Creating environment hook '/home/dong/turtlebot4_project/turtlebot4-ws/build/turtlebot4_cmd_py/share/turtlebot4_cmd_py/hook/pythonpath_develop.sh'
[3.102s] Level 1:colcon.colcon_core.environment:checking '/home/dong/turtlebot4_project/turtlebot4-ws/install/turtlebot4_cmd_py' for CMake module files
[3.102s] Level 1:colcon.colcon_core.environment:checking '/home/dong/turtlebot4_project/turtlebot4-ws/install/turtlebot4_cmd_py' for CMake config files
[3.103s] Level 1:colcon.colcon_core.environment:checking '/home/dong/turtlebot4_project/turtlebot4-ws/install/turtlebot4_cmd_py/lib'
[3.103s] Level 1:colcon.colcon_core.environment:checking '/home/dong/turtlebot4_project/turtlebot4-ws/install/turtlebot4_cmd_py/bin'
[3.103s] Level 1:colcon.colcon_core.environment:checking '/home/dong/turtlebot4_project/turtlebot4-ws/install/turtlebot4_cmd_py/lib/pkgconfig/turtlebot4_cmd_py.pc'
[3.103s] Level 1:colcon.colcon_core.environment:checking '/home/dong/turtlebot4_project/turtlebot4-ws/install/turtlebot4_cmd_py/lib/python3.10/site-packages'
[3.103s] Level 1:colcon.colcon_core.shell:create_environment_hook('turtlebot4_cmd_py', 'pythonpath')
[3.117s] INFO:colcon.colcon_core.shell:Creating environment hook '/home/dong/turtlebot4_project/turtlebot4-ws/install/turtlebot4_cmd_py/share/turtlebot4_cmd_py/hook/pythonpath.ps1'
[3.117s] INFO:colcon.colcon_core.shell:Creating environment descriptor '/home/dong/turtlebot4_project/turtlebot4-ws/install/turtlebot4_cmd_py/share/turtlebot4_cmd_py/hook/pythonpath.dsv'
[3.117s] INFO:colcon.colcon_core.shell:Creating environment hook '/home/dong/turtlebot4_project/turtlebot4-ws/install/turtlebot4_cmd_py/share/turtlebot4_cmd_py/hook/pythonpath.sh'
[3.118s] Level 1:colcon.colcon_core.environment:checking '/home/dong/turtlebot4_project/turtlebot4-ws/install/turtlebot4_cmd_py/bin'
[3.118s] Level 1:colcon.colcon_core.environment:create_environment_scripts_only(turtlebot4_cmd_py)
[3.132s] INFO:colcon.colcon_core.shell:Creating package script '/home/dong/turtlebot4_project/turtlebot4-ws/install/turtlebot4_cmd_py/share/turtlebot4_cmd_py/package.ps1'
[3.133s] INFO:colcon.colcon_core.shell:Creating package descriptor '/home/dong/turtlebot4_project/turtlebot4-ws/install/turtlebot4_cmd_py/share/turtlebot4_cmd_py/package.dsv'
[3.134s] INFO:colcon.colcon_core.shell:Creating package script '/home/dong/turtlebot4_project/turtlebot4-ws/install/turtlebot4_cmd_py/share/turtlebot4_cmd_py/package.sh'
[3.134s] INFO:colcon.colcon_core.shell:Creating package script '/home/dong/turtlebot4_project/turtlebot4-ws/install/turtlebot4_cmd_py/share/turtlebot4_cmd_py/package.bash'
[3.135s] INFO:colcon.colcon_core.shell:Creating package script '/home/dong/turtlebot4_project/turtlebot4-ws/install/turtlebot4_cmd_py/share/turtlebot4_cmd_py/package.zsh'
[3.136s] Level 1:colcon.colcon_core.environment:create_file_with_runtime_dependencies(/home/dong/turtlebot4_project/turtlebot4-ws/install/turtlebot4_cmd_py/share/colcon-core/packages/turtlebot4_cmd_py)
[3.137s] Level 1:colcon.colcon_core.shell:create_environment_hook('turtlebot4_path_planning', 'pythonpath_develop')
[3.138s] DEBUG:colcon.colcon_core.event_handler.log_command:Invoked command in '/home/dong/turtlebot4_project/turtlebot4-ws/build/turtlebot4_path_planning' returned '0': PYTHONPATH=/home/dong/turtlebot4_project/turtlebot4-ws/build/turtlebot4_path_planning/prefix_override:/home/dong/turtlebot4_project/turtlebot4-ws/install/turtlebot4_path_planning/lib/python3.10/site-packages:${PYTHONPATH} /usr/bin/python3 setup.py develop --editable --build-directory /home/dong/turtlebot4_project/turtlebot4-ws/build/turtlebot4_path_planning/build --no-deps install_data
[3.152s] INFO:colcon.colcon_core.shell:Creating environment hook '/home/dong/turtlebot4_project/turtlebot4-ws/build/turtlebot4_path_planning/share/turtlebot4_path_planning/hook/pythonpath_develop.ps1'
[3.153s] INFO:colcon.colcon_core.shell:Creating environment descriptor '/home/dong/turtlebot4_project/turtlebot4-ws/build/turtlebot4_path_planning/share/turtlebot4_path_planning/hook/pythonpath_develop.dsv'
[3.153s] INFO:colcon.colcon_core.shell:Creating environment hook '/home/dong/turtlebot4_project/turtlebot4-ws/build/turtlebot4_path_planning/share/turtlebot4_path_planning/hook/pythonpath_develop.sh'
[3.169s] Level 1:colcon.colcon_core.environment:checking '/home/dong/turtlebot4_project/turtlebot4-ws/install/turtlebot4_path_planning' for CMake module files
[3.169s] Level 1:colcon.colcon_core.environment:checking '/home/dong/turtlebot4_project/turtlebot4-ws/install/turtlebot4_path_planning' for CMake config files
[3.170s] Level 1:colcon.colcon_core.environment:checking '/home/dong/turtlebot4_project/turtlebot4-ws/install/turtlebot4_path_planning/lib'
[3.170s] Level 1:colcon.colcon_core.environment:checking '/home/dong/turtlebot4_project/turtlebot4-ws/install/turtlebot4_path_planning/bin'
[3.170s] Level 1:colcon.colcon_core.environment:checking '/home/dong/turtlebot4_project/turtlebot4-ws/install/turtlebot4_path_planning/lib/pkgconfig/turtlebot4_path_planning.pc'
[3.170s] Level 1:colcon.colcon_core.environment:checking '/home/dong/turtlebot4_project/turtlebot4-ws/install/turtlebot4_path_planning/lib/python3.10/site-packages'
[3.170s] Level 1:colcon.colcon_core.shell:create_environment_hook('turtlebot4_path_planning', 'pythonpath')
[3.184s] INFO:colcon.colcon_core.shell:Creating environment hook '/home/dong/turtlebot4_project/turtlebot4-ws/install/turtlebot4_path_planning/share/turtlebot4_path_planning/hook/pythonpath.ps1'
[3.185s] INFO:colcon.colcon_core.shell:Creating environment descriptor '/home/dong/turtlebot4_project/turtlebot4-ws/install/turtlebot4_path_planning/share/turtlebot4_path_planning/hook/pythonpath.dsv'
[3.185s] INFO:colcon.colcon_core.shell:Creating environment hook '/home/dong/turtlebot4_project/turtlebot4-ws/install/turtlebot4_path_planning/share/turtlebot4_path_planning/hook/pythonpath.sh'
[3.185s] Level 1:colcon.colcon_core.environment:checking '/home/dong/turtlebot4_project/turtlebot4-ws/install/turtlebot4_path_planning/bin'
[3.185s] Level 1:colcon.colcon_core.environment:create_environment_scripts_only(turtlebot4_path_planning)
[3.200s] INFO:colcon.colcon_core.shell:Creating package script '/home/dong/turtlebot4_project/turtlebot4-ws/install/turtlebot4_path_planning/share/turtlebot4_path_planning/package.ps1'
[3.201s] INFO:colcon.colcon_core.shell:Creating package descriptor '/home/dong/turtlebot4_project/turtlebot4-ws/install/turtlebot4_path_planning/share/turtlebot4_path_planning/package.dsv'
[3.201s] INFO:colcon.colcon_core.shell:Creating package script '/home/dong/turtlebot4_project/turtlebot4-ws/install/turtlebot4_path_planning/share/turtlebot4_path_planning/package.sh'
[3.202s] INFO:colcon.colcon_core.shell:Creating package script '/home/dong/turtlebot4_project/turtlebot4-ws/install/turtlebot4_path_planning/share/turtlebot4_path_planning/package.bash'
[3.202s] INFO:colcon.colcon_core.shell:Creating package script '/home/dong/turtlebot4_project/turtlebot4-ws/install/turtlebot4_path_planning/share/turtlebot4_path_planning/package.zsh'
[3.202s] Level 1:colcon.colcon_core.environment:create_file_with_runtime_dependencies(/home/dong/turtlebot4_project/turtlebot4-ws/install/turtlebot4_path_planning/share/colcon-core/packages/turtlebot4_path_planning)
[3.202s] DEBUG:colcon.colcon_parallel_executor.executor.parallel:closing loop
[3.203s] DEBUG:colcon.colcon_parallel_executor.executor.parallel:loop closed
[3.203s] DEBUG:colcon.colcon_parallel_executor.executor.parallel:run_until_complete finished with '0'
[3.203s] DEBUG:colcon.colcon_core.event_reactor:joining thread
[3.235s] INFO:colcon.colcon_core.plugin_system:Skipping extension 'colcon_notification.desktop_notification.terminal_notifier': Not used on non-Darwin systems
[3.235s] INFO:colcon.colcon_core.plugin_system:Skipping extension 'colcon_notification.desktop_notification.win32': Not used on non-Windows systems
[3.235s] INFO:colcon.colcon_notification.desktop_notification:Sending desktop notification using 'notify2'
[3.252s] DEBUG:colcon.colcon_core.event_reactor:joined thread
[3.268s] INFO:colcon.colcon_core.shell:Creating prefix script '/home/dong/turtlebot4_project/turtlebot4-ws/install/local_setup.ps1'
[3.269s] INFO:colcon.colcon_core.shell:Creating prefix util module '/home/dong/turtlebot4_project/turtlebot4-ws/install/_local_setup_util_ps1.py'
[3.270s] INFO:colcon.colcon_core.shell:Creating prefix chain script '/home/dong/turtlebot4_project/turtlebot4-ws/install/setup.ps1'
[3.286s] INFO:colcon.colcon_core.shell:Creating prefix script '/home/dong/turtlebot4_project/turtlebot4-ws/install/local_setup.sh'
[3.286s] INFO:colcon.colcon_core.shell:Creating prefix util module '/home/dong/turtlebot4_project/turtlebot4-ws/install/_local_setup_util_sh.py'
[3.287s] INFO:colcon.colcon_core.shell:Creating prefix chain script '/home/dong/turtlebot4_project/turtlebot4-ws/install/setup.sh'
[3.302s] INFO:colcon.colcon_core.shell:Creating prefix script '/home/dong/turtlebot4_project/turtlebot4-ws/install/local_setup.bash'
[3.302s] INFO:colcon.colcon_core.shell:Creating prefix chain script '/home/dong/turtlebot4_project/turtlebot4-ws/install/setup.bash'
[3.318s] INFO:colcon.colcon_core.shell:Creating prefix script '/home/dong/turtlebot4_project/turtlebot4-ws/install/local_setup.zsh'
[3.318s] INFO:colcon.colcon_core.shell:Creating prefix chain script '/home/dong/turtlebot4_project/turtlebot4-ws/install/setup.zsh'
