[1.194s] Invoking command in '/home/dong/turtlebot4_ws/build/teleop_twist_keyboard': PYTHONPATH=/home/dong/turtlebot4_ws/build/teleop_twist_keyboard/prefix_override:/home/dong/turtlebot4_ws/install/teleop_twist_keyboard/lib/python3.10/site-packages:${PYTHONPATH} /usr/bin/python3 setup.py develop --editable --build-directory /home/dong/turtlebot4_ws/build/teleop_twist_keyboard/build --no-deps
[1.451s] running develop
[1.451s] /home/dong/.local/lib/python3.10/site-packages/setuptools/command/develop.py:39: EasyInstallDeprecationWarning: easy_install command is deprecated.
[1.451s] !!
[1.452s] 
[1.452s]         ********************************************************************************
[1.452s]         Please avoid running ``setup.py`` and ``easy_install``.
[1.452s]         Instead, use pypa/build, pypa/installer or other
[1.452s]         standards-based tools.
[1.452s] 
[1.453s]         See https://github.com/pypa/setuptools/issues/917 for details.
[1.453s]         ********************************************************************************
[1.453s] 
[1.453s] !!
[1.453s]   easy_install.initialize_options(self)
[1.480s] /home/dong/.local/lib/python3.10/site-packages/setuptools/_distutils/cmd.py:66: SetuptoolsDeprecationWarning: setup.py install is deprecated.
[1.481s] !!
[1.481s] 
[1.481s]         ********************************************************************************
[1.481s]         Please avoid running ``setup.py`` directly.
[1.481s]         Instead, use pypa/build, pypa/installer or other
[1.481s]         standards-based tools.
[1.481s] 
[1.482s]         See https://blog.ganssle.io/articles/2021/10/setup-py-deprecated.html for details.
[1.482s]         ********************************************************************************
[1.482s] 
[1.482s] !!
[1.482s]   self.initialize_options()
[1.637s] running egg_info
[1.650s] writing teleop_twist_keyboard.egg-info/PKG-INFO
[1.650s] writing dependency_links to teleop_twist_keyboard.egg-info/dependency_links.txt
[1.650s] writing entry points to teleop_twist_keyboard.egg-info/entry_points.txt
[1.651s] writing requirements to teleop_twist_keyboard.egg-info/requires.txt
[1.651s] writing top-level names to teleop_twist_keyboard.egg-info/top_level.txt
[1.696s] reading manifest file 'teleop_twist_keyboard.egg-info/SOURCES.txt'
[1.697s] writing manifest file 'teleop_twist_keyboard.egg-info/SOURCES.txt'
[1.722s] running build_ext
[1.722s] Creating /home/dong/turtlebot4_ws/install/teleop_twist_keyboard/lib/python3.10/site-packages/teleop_twist_keyboard.egg-link (link to .)
[1.723s] Installing teleop_twist_keyboard script to /home/dong/turtlebot4_ws/install/teleop_twist_keyboard/bin
[1.724s] 
[1.724s] Installed /home/dong/turtlebot4_ws/build/teleop_twist_keyboard
[1.875s] Invoked command in '/home/dong/turtlebot4_ws/build/teleop_twist_keyboard' returned '0': PYTHONPATH=/home/dong/turtlebot4_ws/build/teleop_twist_keyboard/prefix_override:/home/dong/turtlebot4_ws/install/teleop_twist_keyboard/lib/python3.10/site-packages:${PYTHONPATH} /usr/bin/python3 setup.py develop --editable --build-directory /home/dong/turtlebot4_ws/build/teleop_twist_keyboard/build --no-deps
