-- The C compiler identification is GNU 11.4.0
-- The CXX compiler identification is GNU 11.4.0
-- Detecting C compiler ABI info
-- Detecting C compiler ABI info - done
-- Check for working C compiler: /usr/bin/cc - skipped
-- Detecting C compile features
-- Detecting C compile features - done
-- Detecting CXX compiler ABI info
-- Detecting CXX compiler ABI info - done
-- Check for working CXX compiler: /usr/bin/c++ - skipped
-- Detecting CXX compile features
-- Detecting CXX compile features - done
-- Found ament_cmake: 1.3.7 (/opt/ros/humble/share/ament_cmake/cmake)
-- Found Python3: /usr/bin/python3.10 (found version "3.10.12") found components: Interpreter 
-- Override CMake install command with custom implementation using symlinks instead of copying resources
-- Found minibot_gazebo: 0.0.0 (/home/dong/turtlebot4_ws/install/minibot_gazebo/share/minibot_gazebo/cmake)
-- Found minibot_description: 0.0.0 (/home/dong/turtlebot4_ws/install/minibot_description/share/minibot_description/cmake)
-- Found ament_lint_auto: 0.12.10 (/opt/ros/humble/share/ament_lint_auto/cmake)
-- Added test 'copyright' to check source files copyright and LICENSE
-- Added test 'flake8' to check Python code syntax and style conventions
-- Added test 'lint_cmake' to check CMake code style
-- Added test 'pep257' to check Python code against some of the docstring style conventions in PEP 257
-- Added test 'xmllint' to check XML markup files
-- Configuring done
-- Generating done
-- Build files have been written to: /home/dong/turtlebot4_ws/build/minibot_bringup
-- Install configuration: ""
-- Execute custom install script
-- Symlinking: /home/dong/turtlebot4_ws/install/minibot_bringup/share/minibot_bringup/config/minibot_controllers.yaml
-- Symlinking: /home/dong/turtlebot4_ws/install/minibot_bringup/share/minibot_bringup/config/minibot_controllers_gazebo.yaml
-- Symlinking: /home/dong/turtlebot4_ws/install/minibot_bringup/share/minibot_bringup/config/ydlidar.yaml
-- Symlinking: /home/dong/turtlebot4_ws/install/minibot_bringup/share/minibot_bringup/launch/bringup_robot.launch.py
-- Symlinking: /home/dong/turtlebot4_ws/install/minibot_bringup/share/minibot_bringup/launch/bringup_robot_gazebo.launch.py
-- Symlinking: /home/dong/turtlebot4_ws/install/minibot_bringup/share/minibot_bringup/rviz/.empty
-- Symlinking: /home/dong/turtlebot4_ws/install/minibot_bringup/share/minibot_bringup/rviz/robot.rviz
-- Symlinking: /home/dong/turtlebot4_ws/install/minibot_bringup/share/ament_index/resource_index/package_run_dependencies/minibot_bringup
-- Symlinking: /home/dong/turtlebot4_ws/install/minibot_bringup/share/ament_index/resource_index/parent_prefix_path/minibot_bringup
-- Symlinking: /home/dong/turtlebot4_ws/install/minibot_bringup/share/minibot_bringup/environment/ament_prefix_path.sh
-- Symlinking: /home/dong/turtlebot4_ws/install/minibot_bringup/share/minibot_bringup/environment/ament_prefix_path.dsv
-- Symlinking: /home/dong/turtlebot4_ws/install/minibot_bringup/share/minibot_bringup/environment/path.sh
-- Symlinking: /home/dong/turtlebot4_ws/install/minibot_bringup/share/minibot_bringup/environment/path.dsv
-- Symlinking: /home/dong/turtlebot4_ws/install/minibot_bringup/share/minibot_bringup/local_setup.bash
-- Symlinking: /home/dong/turtlebot4_ws/install/minibot_bringup/share/minibot_bringup/local_setup.sh
-- Symlinking: /home/dong/turtlebot4_ws/install/minibot_bringup/share/minibot_bringup/local_setup.zsh
-- Symlinking: /home/dong/turtlebot4_ws/install/minibot_bringup/share/minibot_bringup/local_setup.dsv
-- Symlinking: /home/dong/turtlebot4_ws/install/minibot_bringup/share/minibot_bringup/package.dsv
-- Symlinking: /home/dong/turtlebot4_ws/install/minibot_bringup/share/ament_index/resource_index/packages/minibot_bringup
-- Symlinking: /home/dong/turtlebot4_ws/install/minibot_bringup/share/minibot_bringup/cmake/minibot_bringupConfig.cmake
-- Symlinking: /home/dong/turtlebot4_ws/install/minibot_bringup/share/minibot_bringup/cmake/minibot_bringupConfig-version.cmake
-- Symlinking: /home/dong/turtlebot4_ws/install/minibot_bringup/share/minibot_bringup/package.xml
