[0.109s] Invoking command in '/home/dong/turtlebot4_ws/build/minibot_bringup': AMENT_PREFIX_PATH=/home/dong/turtlebot4_ws/install/minibot_gazebo:/home/dong/turtlebot4_ws/install/minibot_description:${AMENT_PREFIX_PATH} CMAKE_PREFIX_PATH=/home/dong/turtlebot4_ws/install/minibot_gazebo:/home/dong/turtlebot4_ws/install/minibot_description:/home/dong/turtlebot4_ws/install/turtlebot4_setup:/home/dong/turtlebot4_ws/install/turtlebot4_cmd_py:/home/dong/turtlebot4_ws/install/teleop_twist_keyboard:/opt/ros/humble /usr/bin/cmake /home/dong/turtlebot4_ws/src/pinklab_minibot_robot/minibot_bringup -DAMENT_CMAKE_SYMLINK_INSTALL=1 -DCMAKE_INSTALL_PREFIX=/home/dong/turtlebot4_ws/install/minibot_bringup
[0.165s] -- The C compiler identification is GNU 11.4.0
[0.232s] -- The CXX compiler identification is GNU 11.4.0
[0.237s] -- Detecting C compiler ABI info
[0.304s] -- Detecting C compiler ABI info - done
[0.315s] -- Check for working C compiler: /usr/bin/cc - skipped
[0.315s] -- Detecting C compile features
[0.316s] -- Detecting C compile features - done
[0.320s] -- Detecting CXX compiler ABI info
[0.394s] -- Detecting CXX compiler ABI info - done
[0.401s] -- Check for working CXX compiler: /usr/bin/c++ - skipped
[0.401s] -- Detecting CXX compile features
[0.401s] -- Detecting CXX compile features - done
[0.404s] -- Found ament_cmake: 1.3.7 (/opt/ros/humble/share/ament_cmake/cmake)
[0.701s] -- Found Python3: /usr/bin/python3.10 (found version "3.10.12") found components: Interpreter 
[0.753s] -- Override CMake install command with custom implementation using symlinks instead of copying resources
[0.792s] -- Found minibot_gazebo: 0.0.0 (/home/dong/turtlebot4_ws/install/minibot_gazebo/share/minibot_gazebo/cmake)
[0.792s] -- Found minibot_description: 0.0.0 (/home/dong/turtlebot4_ws/install/minibot_description/share/minibot_description/cmake)
[0.795s] -- Found ament_lint_auto: 0.12.10 (/opt/ros/humble/share/ament_lint_auto/cmake)
[0.880s] -- Added test 'copyright' to check source files copyright and LICENSE
[0.882s] -- Added test 'flake8' to check Python code syntax and style conventions
[0.882s] -- Added test 'lint_cmake' to check CMake code style
[0.883s] -- Added test 'pep257' to check Python code against some of the docstring style conventions in PEP 257
[0.883s] -- Added test 'xmllint' to check XML markup files
[0.885s] -- Configuring done
[0.887s] -- Generating done
[0.887s] -- Build files have been written to: /home/dong/turtlebot4_ws/build/minibot_bringup
[0.891s] Invoked command in '/home/dong/turtlebot4_ws/build/minibot_bringup' returned '0': AMENT_PREFIX_PATH=/home/dong/turtlebot4_ws/install/minibot_gazebo:/home/dong/turtlebot4_ws/install/minibot_description:${AMENT_PREFIX_PATH} CMAKE_PREFIX_PATH=/home/dong/turtlebot4_ws/install/minibot_gazebo:/home/dong/turtlebot4_ws/install/minibot_description:/home/dong/turtlebot4_ws/install/turtlebot4_setup:/home/dong/turtlebot4_ws/install/turtlebot4_cmd_py:/home/dong/turtlebot4_ws/install/teleop_twist_keyboard:/opt/ros/humble /usr/bin/cmake /home/dong/turtlebot4_ws/src/pinklab_minibot_robot/minibot_bringup -DAMENT_CMAKE_SYMLINK_INSTALL=1 -DCMAKE_INSTALL_PREFIX=/home/dong/turtlebot4_ws/install/minibot_bringup
[0.892s] Invoking command in '/home/dong/turtlebot4_ws/build/minibot_bringup': AMENT_PREFIX_PATH=/home/dong/turtlebot4_ws/install/minibot_gazebo:/home/dong/turtlebot4_ws/install/minibot_description:${AMENT_PREFIX_PATH} CMAKE_PREFIX_PATH=/home/dong/turtlebot4_ws/install/minibot_gazebo:/home/dong/turtlebot4_ws/install/minibot_description:/home/dong/turtlebot4_ws/install/turtlebot4_setup:/home/dong/turtlebot4_ws/install/turtlebot4_cmd_py:/home/dong/turtlebot4_ws/install/teleop_twist_keyboard:/opt/ros/humble /usr/bin/cmake --build /home/dong/turtlebot4_ws/build/minibot_bringup -- -j8 -l8
[0.918s] Invoked command in '/home/dong/turtlebot4_ws/build/minibot_bringup' returned '0': AMENT_PREFIX_PATH=/home/dong/turtlebot4_ws/install/minibot_gazebo:/home/dong/turtlebot4_ws/install/minibot_description:${AMENT_PREFIX_PATH} CMAKE_PREFIX_PATH=/home/dong/turtlebot4_ws/install/minibot_gazebo:/home/dong/turtlebot4_ws/install/minibot_description:/home/dong/turtlebot4_ws/install/turtlebot4_setup:/home/dong/turtlebot4_ws/install/turtlebot4_cmd_py:/home/dong/turtlebot4_ws/install/teleop_twist_keyboard:/opt/ros/humble /usr/bin/cmake --build /home/dong/turtlebot4_ws/build/minibot_bringup -- -j8 -l8
[0.934s] Invoking command in '/home/dong/turtlebot4_ws/build/minibot_bringup': AMENT_PREFIX_PATH=/home/dong/turtlebot4_ws/install/minibot_gazebo:/home/dong/turtlebot4_ws/install/minibot_description:${AMENT_PREFIX_PATH} CMAKE_PREFIX_PATH=/home/dong/turtlebot4_ws/install/minibot_gazebo:/home/dong/turtlebot4_ws/install/minibot_description:/home/dong/turtlebot4_ws/install/turtlebot4_setup:/home/dong/turtlebot4_ws/install/turtlebot4_cmd_py:/home/dong/turtlebot4_ws/install/teleop_twist_keyboard:/opt/ros/humble /usr/bin/cmake --install /home/dong/turtlebot4_ws/build/minibot_bringup
[0.939s] -- Install configuration: ""
[0.940s] -- Execute custom install script
[0.940s] -- Symlinking: /home/dong/turtlebot4_ws/install/minibot_bringup/share/minibot_bringup/config/minibot_controllers.yaml
[0.946s] -- Symlinking: /home/dong/turtlebot4_ws/install/minibot_bringup/share/minibot_bringup/config/minibot_controllers_gazebo.yaml
[0.953s] -- Symlinking: /home/dong/turtlebot4_ws/install/minibot_bringup/share/minibot_bringup/config/ydlidar.yaml
[0.960s] -- Symlinking: /home/dong/turtlebot4_ws/install/minibot_bringup/share/minibot_bringup/launch/bringup_robot.launch.py
[0.967s] -- Symlinking: /home/dong/turtlebot4_ws/install/minibot_bringup/share/minibot_bringup/launch/bringup_robot_gazebo.launch.py
[0.975s] -- Symlinking: /home/dong/turtlebot4_ws/install/minibot_bringup/share/minibot_bringup/rviz/.empty
[0.982s] -- Symlinking: /home/dong/turtlebot4_ws/install/minibot_bringup/share/minibot_bringup/rviz/robot.rviz
[0.989s] -- Symlinking: /home/dong/turtlebot4_ws/install/minibot_bringup/share/ament_index/resource_index/package_run_dependencies/minibot_bringup
[0.997s] -- Symlinking: /home/dong/turtlebot4_ws/install/minibot_bringup/share/ament_index/resource_index/parent_prefix_path/minibot_bringup
[1.004s] -- Symlinking: /home/dong/turtlebot4_ws/install/minibot_bringup/share/minibot_bringup/environment/ament_prefix_path.sh
[1.012s] -- Symlinking: /home/dong/turtlebot4_ws/install/minibot_bringup/share/minibot_bringup/environment/ament_prefix_path.dsv
[1.019s] -- Symlinking: /home/dong/turtlebot4_ws/install/minibot_bringup/share/minibot_bringup/environment/path.sh
[1.025s] -- Symlinking: /home/dong/turtlebot4_ws/install/minibot_bringup/share/minibot_bringup/environment/path.dsv
[1.032s] -- Symlinking: /home/dong/turtlebot4_ws/install/minibot_bringup/share/minibot_bringup/local_setup.bash
[1.039s] -- Symlinking: /home/dong/turtlebot4_ws/install/minibot_bringup/share/minibot_bringup/local_setup.sh
[1.047s] -- Symlinking: /home/dong/turtlebot4_ws/install/minibot_bringup/share/minibot_bringup/local_setup.zsh
[1.054s] -- Symlinking: /home/dong/turtlebot4_ws/install/minibot_bringup/share/minibot_bringup/local_setup.dsv
[1.061s] -- Symlinking: /home/dong/turtlebot4_ws/install/minibot_bringup/share/minibot_bringup/package.dsv
[1.068s] -- Symlinking: /home/dong/turtlebot4_ws/install/minibot_bringup/share/ament_index/resource_index/packages/minibot_bringup
[1.075s] -- Symlinking: /home/dong/turtlebot4_ws/install/minibot_bringup/share/minibot_bringup/cmake/minibot_bringupConfig.cmake
[1.082s] -- Symlinking: /home/dong/turtlebot4_ws/install/minibot_bringup/share/minibot_bringup/cmake/minibot_bringupConfig-version.cmake
[1.088s] -- Symlinking: /home/dong/turtlebot4_ws/install/minibot_bringup/share/minibot_bringup/package.xml
[1.096s] Invoked command in '/home/dong/turtlebot4_ws/build/minibot_bringup' returned '0': AMENT_PREFIX_PATH=/home/dong/turtlebot4_ws/install/minibot_gazebo:/home/dong/turtlebot4_ws/install/minibot_description:${AMENT_PREFIX_PATH} CMAKE_PREFIX_PATH=/home/dong/turtlebot4_ws/install/minibot_gazebo:/home/dong/turtlebot4_ws/install/minibot_description:/home/dong/turtlebot4_ws/install/turtlebot4_setup:/home/dong/turtlebot4_ws/install/turtlebot4_cmd_py:/home/dong/turtlebot4_ws/install/teleop_twist_keyboard:/opt/ros/humble /usr/bin/cmake --install /home/dong/turtlebot4_ws/build/minibot_bringup
