[0.114s] Invoking command in '/home/dong/turtlebot4_ws/build/minibot_controllers': CMAKE_PREFIX_PATH=/home/dong/turtlebot4_ws/install/minibot_interfaces:/home/dong/turtlebot4_ws/install/turtlebot4_setup:/home/dong/turtlebot4_ws/install/minibot_navigation2:/home/dong/turtlebot4_ws/install/minibot_controllers:/home/dong/turtlebot4_ws/install/minibot_hardware_interface:/home/dong/turtlebot4_ws/install/minibot_bringup:/home/dong/turtlebot4_ws/install/minibot_gazebo:/home/dong/turtlebot4_ws/install/minibot_description:/home/dong/turtlebot4_ws/install/turtlebot4_cmd_py:/home/dong/turtlebot4_ws/install/teleop_twist_keyboard:/opt/ros/humble LD_LIBRARY_PATH=/home/dong/turtlebot4_ws/install/minibot_interfaces/lib:/home/dong/turtlebot4_ws/install/minibot_controllers/lib:/home/dong/turtlebot4_ws/install/minibot_hardware_interface/lib:/usr/lib/x86_64-linux-gnu/gazebo-11/plugins:/opt/ros/humble/opt/rviz_ogre_vendor/lib:/opt/ros/humble/lib/x86_64-linux-gnu:/opt/ros/humble/lib /usr/bin/cmake --build /home/dong/turtlebot4_ws/build/minibot_controllers -- -j8 -l8
[0.160s] [100%] Built target minibot_controllers
[0.251s] Invoked command in '/home/dong/turtlebot4_ws/build/minibot_controllers' returned '0': CMAKE_PREFIX_PATH=/home/dong/turtlebot4_ws/install/minibot_interfaces:/home/dong/turtlebot4_ws/install/turtlebot4_setup:/home/dong/turtlebot4_ws/install/minibot_navigation2:/home/dong/turtlebot4_ws/install/minibot_controllers:/home/dong/turtlebot4_ws/install/minibot_hardware_interface:/home/dong/turtlebot4_ws/install/minibot_bringup:/home/dong/turtlebot4_ws/install/minibot_gazebo:/home/dong/turtlebot4_ws/install/minibot_description:/home/dong/turtlebot4_ws/install/turtlebot4_cmd_py:/home/dong/turtlebot4_ws/install/teleop_twist_keyboard:/opt/ros/humble LD_LIBRARY_PATH=/home/dong/turtlebot4_ws/install/minibot_interfaces/lib:/home/dong/turtlebot4_ws/install/minibot_controllers/lib:/home/dong/turtlebot4_ws/install/minibot_hardware_interface/lib:/usr/lib/x86_64-linux-gnu/gazebo-11/plugins:/opt/ros/humble/opt/rviz_ogre_vendor/lib:/opt/ros/humble/lib/x86_64-linux-gnu:/opt/ros/humble/lib /usr/bin/cmake --build /home/dong/turtlebot4_ws/build/minibot_controllers -- -j8 -l8
[0.385s] Invoking command in '/home/dong/turtlebot4_ws/build/minibot_controllers': CMAKE_PREFIX_PATH=/home/dong/turtlebot4_ws/install/minibot_interfaces:/home/dong/turtlebot4_ws/install/turtlebot4_setup:/home/dong/turtlebot4_ws/install/minibot_navigation2:/home/dong/turtlebot4_ws/install/minibot_controllers:/home/dong/turtlebot4_ws/install/minibot_hardware_interface:/home/dong/turtlebot4_ws/install/minibot_bringup:/home/dong/turtlebot4_ws/install/minibot_gazebo:/home/dong/turtlebot4_ws/install/minibot_description:/home/dong/turtlebot4_ws/install/turtlebot4_cmd_py:/home/dong/turtlebot4_ws/install/teleop_twist_keyboard:/opt/ros/humble LD_LIBRARY_PATH=/home/dong/turtlebot4_ws/install/minibot_interfaces/lib:/home/dong/turtlebot4_ws/install/minibot_controllers/lib:/home/dong/turtlebot4_ws/install/minibot_hardware_interface/lib:/usr/lib/x86_64-linux-gnu/gazebo-11/plugins:/opt/ros/humble/opt/rviz_ogre_vendor/lib:/opt/ros/humble/lib/x86_64-linux-gnu:/opt/ros/humble/lib /usr/bin/cmake --install /home/dong/turtlebot4_ws/build/minibot_controllers
[0.392s] -- Install configuration: ""
[0.392s] -- Execute custom install script
[0.392s] -- Up-to-date symlink: /home/dong/turtlebot4_ws/install/minibot_controllers/share/minibot_controllers//controller_plugins.xml
[0.392s] -- Up-to-date symlink: /home/dong/turtlebot4_ws/install/minibot_controllers/lib/libminibot_controllers.so
[0.393s] -- Up-to-date symlink: /home/dong/turtlebot4_ws/install/minibot_controllers/include/minibot_gpio_controller/gpio_controller.hpp
[0.393s] -- Up-to-date symlink: /home/dong/turtlebot4_ws/install/minibot_controllers/share/minibot_controllers/controller_plugins.xml
[0.393s] -- Up-to-date symlink: /home/dong/turtlebot4_ws/install/minibot_controllers/share/minibot_controllers/environment/library_path.sh
[0.393s] -- Up-to-date symlink: /home/dong/turtlebot4_ws/install/minibot_controllers/share/minibot_controllers/environment/library_path.dsv
[0.393s] -- Up-to-date symlink: /home/dong/turtlebot4_ws/install/minibot_controllers/share/ament_index/resource_index/package_run_dependencies/minibot_controllers
[0.393s] -- Up-to-date symlink: /home/dong/turtlebot4_ws/install/minibot_controllers/share/ament_index/resource_index/parent_prefix_path/minibot_controllers
[0.393s] -- Up-to-date symlink: /home/dong/turtlebot4_ws/install/minibot_controllers/share/minibot_controllers/environment/ament_prefix_path.sh
[0.393s] -- Up-to-date symlink: /home/dong/turtlebot4_ws/install/minibot_controllers/share/minibot_controllers/environment/ament_prefix_path.dsv
[0.394s] -- Up-to-date symlink: /home/dong/turtlebot4_ws/install/minibot_controllers/share/minibot_controllers/environment/path.sh
[0.394s] -- Up-to-date symlink: /home/dong/turtlebot4_ws/install/minibot_controllers/share/minibot_controllers/environment/path.dsv
[0.394s] -- Up-to-date symlink: /home/dong/turtlebot4_ws/install/minibot_controllers/share/minibot_controllers/local_setup.bash
[0.394s] -- Up-to-date symlink: /home/dong/turtlebot4_ws/install/minibot_controllers/share/minibot_controllers/local_setup.sh
[0.394s] -- Up-to-date symlink: /home/dong/turtlebot4_ws/install/minibot_controllers/share/minibot_controllers/local_setup.zsh
[0.394s] -- Up-to-date symlink: /home/dong/turtlebot4_ws/install/minibot_controllers/share/minibot_controllers/local_setup.dsv
[0.394s] -- Symlinking: /home/dong/turtlebot4_ws/install/minibot_controllers/share/minibot_controllers/package.dsv
[0.401s] -- Up-to-date symlink: /home/dong/turtlebot4_ws/install/minibot_controllers/share/ament_index/resource_index/packages/minibot_controllers
[0.401s] -- Up-to-date symlink: /home/dong/turtlebot4_ws/install/minibot_controllers/share/ament_index/resource_index/controller_interface__pluginlib__plugin/minibot_controllers
[0.401s] -- Up-to-date symlink: /home/dong/turtlebot4_ws/install/minibot_controllers/share/minibot_controllers/cmake/ament_cmake_export_dependencies-extras.cmake
[0.401s] -- Up-to-date symlink: /home/dong/turtlebot4_ws/install/minibot_controllers/share/minibot_controllers/cmake/ament_cmake_export_include_directories-extras.cmake
[0.401s] -- Up-to-date symlink: /home/dong/turtlebot4_ws/install/minibot_controllers/share/minibot_controllers/cmake/ament_cmake_export_libraries-extras.cmake
[0.401s] -- Up-to-date symlink: /home/dong/turtlebot4_ws/install/minibot_controllers/share/minibot_controllers/cmake/minibot_controllersConfig.cmake
[0.401s] -- Up-to-date symlink: /home/dong/turtlebot4_ws/install/minibot_controllers/share/minibot_controllers/cmake/minibot_controllersConfig-version.cmake
[0.401s] -- Up-to-date symlink: /home/dong/turtlebot4_ws/install/minibot_controllers/share/minibot_controllers/package.xml
[0.403s] Invoked command in '/home/dong/turtlebot4_ws/build/minibot_controllers' returned '0': CMAKE_PREFIX_PATH=/home/dong/turtlebot4_ws/install/minibot_interfaces:/home/dong/turtlebot4_ws/install/turtlebot4_setup:/home/dong/turtlebot4_ws/install/minibot_navigation2:/home/dong/turtlebot4_ws/install/minibot_controllers:/home/dong/turtlebot4_ws/install/minibot_hardware_interface:/home/dong/turtlebot4_ws/install/minibot_bringup:/home/dong/turtlebot4_ws/install/minibot_gazebo:/home/dong/turtlebot4_ws/install/minibot_description:/home/dong/turtlebot4_ws/install/turtlebot4_cmd_py:/home/dong/turtlebot4_ws/install/teleop_twist_keyboard:/opt/ros/humble LD_LIBRARY_PATH=/home/dong/turtlebot4_ws/install/minibot_interfaces/lib:/home/dong/turtlebot4_ws/install/minibot_controllers/lib:/home/dong/turtlebot4_ws/install/minibot_hardware_interface/lib:/usr/lib/x86_64-linux-gnu/gazebo-11/plugins:/opt/ros/humble/opt/rviz_ogre_vendor/lib:/opt/ros/humble/lib/x86_64-linux-gnu:/opt/ros/humble/lib /usr/bin/cmake --install /home/dong/turtlebot4_ws/build/minibot_controllers
