[1.300s] Invoking command in '/home/dong/turtlebot4_ws/build/teleop_twist_keyboard': PYTHONPATH=/home/dong/turtlebot4_ws/build/teleop_twist_keyboard/prefix_override:/home/dong/turtlebot4_ws/install/teleop_twist_keyboard/lib/python3.10/site-packages:${PYTHONPATH} /usr/bin/python3 setup.py develop --editable --build-directory /home/dong/turtlebot4_ws/build/teleop_twist_keyboard/build --no-deps
[1.576s] running develop
[1.576s] /home/dong/.local/lib/python3.10/site-packages/setuptools/command/develop.py:39: EasyInstallDeprecationWarning: easy_install command is deprecated.
[1.577s] !!
[1.577s] 
[1.577s]         ********************************************************************************
[1.577s]         Please avoid running ``setup.py`` and ``easy_install``.
[1.578s]         Instead, use pypa/build, pypa/installer or other
[1.578s]         standards-based tools.
[1.578s] 
[1.579s]         See https://github.com/pypa/setuptools/issues/917 for details.
[1.580s]         ********************************************************************************
[1.580s] 
[1.581s] !!
[1.581s]   easy_install.initialize_options(self)
[1.608s] /home/dong/.local/lib/python3.10/site-packages/setuptools/_distutils/cmd.py:66: SetuptoolsDeprecationWarning: setup.py install is deprecated.
[1.608s] !!
[1.608s] 
[1.609s]         ********************************************************************************
[1.609s]         Please avoid running ``setup.py`` directly.
[1.609s]         Instead, use pypa/build, pypa/installer or other
[1.609s]         standards-based tools.
[1.609s] 
[1.609s]         See https://blog.ganssle.io/articles/2021/10/setup-py-deprecated.html for details.
[1.609s]         ********************************************************************************
[1.609s] 
[1.609s] !!
[1.609s]   self.initialize_options()
[1.775s] running egg_info
[1.788s] writing teleop_twist_keyboard.egg-info/PKG-INFO
[1.788s] writing dependency_links to teleop_twist_keyboard.egg-info/dependency_links.txt
[1.788s] writing entry points to teleop_twist_keyboard.egg-info/entry_points.txt
[1.788s] writing requirements to teleop_twist_keyboard.egg-info/requires.txt
[1.788s] writing top-level names to teleop_twist_keyboard.egg-info/top_level.txt
[1.815s] reading manifest file 'teleop_twist_keyboard.egg-info/SOURCES.txt'
[1.815s] writing manifest file 'teleop_twist_keyboard.egg-info/SOURCES.txt'
[1.831s] running build_ext
[1.831s] Creating /home/dong/turtlebot4_ws/install/teleop_twist_keyboard/lib/python3.10/site-packages/teleop_twist_keyboard.egg-link (link to .)
[1.832s] Installing teleop_twist_keyboard script to /home/dong/turtlebot4_ws/install/teleop_twist_keyboard/bin
[1.832s] 
[1.832s] Installed /home/dong/turtlebot4_ws/build/teleop_twist_keyboard
[1.977s] Invoked command in '/home/dong/turtlebot4_ws/build/teleop_twist_keyboard' returned '0': PYTHONPATH=/home/dong/turtlebot4_ws/build/teleop_twist_keyboard/prefix_override:/home/dong/turtlebot4_ws/install/teleop_twist_keyboard/lib/python3.10/site-packages:${PYTHONPATH} /usr/bin/python3 setup.py develop --editable --build-directory /home/dong/turtlebot4_ws/build/teleop_twist_keyboard/build --no-deps
