running develop
/home/dong/.local/lib/python3.10/site-packages/setuptools/command/develop.py:39: EasyInstallDeprecationWarning: easy_install command is deprecated.
!!

        ********************************************************************************
        Please avoid running ``setup.py`` and ``easy_install``.
        Instead, use pypa/build, pypa/installer or other
        standards-based tools.

        See https://github.com/pypa/setuptools/issues/917 for details.
        ********************************************************************************

!!
  easy_install.initialize_options(self)
/home/dong/.local/lib/python3.10/site-packages/setuptools/_distutils/cmd.py:66: SetuptoolsDeprecationWarning: setup.py install is deprecated.
!!

        ********************************************************************************
        Please avoid running ``setup.py`` directly.
        Instead, use pypa/build, pypa/installer or other
        standards-based tools.

        See https://blog.ganssle.io/articles/2021/10/setup-py-deprecated.html for details.
        ********************************************************************************

!!
  self.initialize_options()
running egg_info
creating turtlebot4_cmd_py.egg-info
writing turtlebot4_cmd_py.egg-info/PKG-INFO
writing dependency_links to turtlebot4_cmd_py.egg-info/dependency_links.txt
writing entry points to turtlebot4_cmd_py.egg-info/entry_points.txt
writing requirements to turtlebot4_cmd_py.egg-info/requires.txt
writing top-level names to turtlebot4_cmd_py.egg-info/top_level.txt
writing manifest file 'turtlebot4_cmd_py.egg-info/SOURCES.txt'
reading manifest file 'turtlebot4_cmd_py.egg-info/SOURCES.txt'
writing manifest file 'turtlebot4_cmd_py.egg-info/SOURCES.txt'
running build_ext
Creating /home/dong/turtlebot4_ws/install/turtlebot4_cmd_py/lib/python3.10/site-packages/turtlebot4_cmd_py.egg-link (link to .)
Installing Turtlebot4Ctl script to /home/dong/turtlebot4_ws/install/turtlebot4_cmd_py/lib/turtlebot4_cmd_py

Installed /home/dong/turtlebot4_ws/build/turtlebot4_cmd_py
running install_data
creating /home/dong/turtlebot4_ws/install/turtlebot4_cmd_py/share/ament_index
creating /home/dong/turtlebot4_ws/install/turtlebot4_cmd_py/share/ament_index/resource_index
creating /home/dong/turtlebot4_ws/install/turtlebot4_cmd_py/share/ament_index/resource_index/packages
copying resource/turtlebot4_cmd_py -> /home/dong/turtlebot4_ws/install/turtlebot4_cmd_py/share/ament_index/resource_index/packages
copying package.xml -> /home/dong/turtlebot4_ws/install/turtlebot4_cmd_py/share/turtlebot4_cmd_py
