[0.718s] Invoking command in '/home/dong/turtlebot4_ws/build/turtlebot4_cmd_py': PYTHONPATH=/home/dong/turtlebot4_ws/build/turtlebot4_cmd_py/prefix_override:/home/dong/turtlebot4_ws/install/turtlebot4_cmd_py/lib/python3.10/site-packages:${PYTHONPATH} /usr/bin/python3 setup.py develop --editable --build-directory /home/dong/turtlebot4_ws/build/turtlebot4_cmd_py/build --no-deps install_data
[0.948s] running develop
[0.948s] /home/dong/.local/lib/python3.10/site-packages/setuptools/command/develop.py:39: EasyInstallDeprecationWarning: easy_install command is deprecated.
[0.949s] !!
[0.949s] 
[0.949s]         ********************************************************************************
[0.949s]         Please avoid running ``setup.py`` and ``easy_install``.
[0.949s]         Instead, use pypa/build, pypa/installer or other
[0.949s]         standards-based tools.
[0.949s] 
[0.949s]         See https://github.com/pypa/setuptools/issues/917 for details.
[0.949s]         ********************************************************************************
[0.949s] 
[0.949s] !!
[0.949s]   easy_install.initialize_options(self)
[0.972s] /home/dong/.local/lib/python3.10/site-packages/setuptools/_distutils/cmd.py:66: SetuptoolsDeprecationWarning: setup.py install is deprecated.
[0.973s] !!
[0.973s] 
[0.973s]         ********************************************************************************
[0.973s]         Please avoid running ``setup.py`` directly.
[0.973s]         Instead, use pypa/build, pypa/installer or other
[0.973s]         standards-based tools.
[0.973s] 
[0.973s]         See https://blog.ganssle.io/articles/2021/10/setup-py-deprecated.html for details.
[0.973s]         ********************************************************************************
[0.973s] 
[0.973s] !!
[0.973s]   self.initialize_options()
[1.110s] running egg_info
[1.110s] creating turtlebot4_cmd_py.egg-info
[1.121s] writing turtlebot4_cmd_py.egg-info/PKG-INFO
[1.121s] writing dependency_links to turtlebot4_cmd_py.egg-info/dependency_links.txt
[1.122s] writing entry points to turtlebot4_cmd_py.egg-info/entry_points.txt
[1.122s] writing requirements to turtlebot4_cmd_py.egg-info/requires.txt
[1.122s] writing top-level names to turtlebot4_cmd_py.egg-info/top_level.txt
[1.122s] writing manifest file 'turtlebot4_cmd_py.egg-info/SOURCES.txt'
[1.146s] reading manifest file 'turtlebot4_cmd_py.egg-info/SOURCES.txt'
[1.146s] writing manifest file 'turtlebot4_cmd_py.egg-info/SOURCES.txt'
[1.159s] running build_ext
[1.160s] Creating /home/dong/turtlebot4_ws/install/turtlebot4_cmd_py/lib/python3.10/site-packages/turtlebot4_cmd_py.egg-link (link to .)
[1.161s] Installing Turtlebot4Ctl script to /home/dong/turtlebot4_ws/install/turtlebot4_cmd_py/lib/turtlebot4_cmd_py
[1.161s] 
[1.161s] Installed /home/dong/turtlebot4_ws/build/turtlebot4_cmd_py
[1.161s] running install_data
[1.161s] creating /home/dong/turtlebot4_ws/install/turtlebot4_cmd_py/share/ament_index
[1.161s] creating /home/dong/turtlebot4_ws/install/turtlebot4_cmd_py/share/ament_index/resource_index
[1.161s] creating /home/dong/turtlebot4_ws/install/turtlebot4_cmd_py/share/ament_index/resource_index/packages
[1.161s] copying resource/turtlebot4_cmd_py -> /home/dong/turtlebot4_ws/install/turtlebot4_cmd_py/share/ament_index/resource_index/packages
[1.161s] copying package.xml -> /home/dong/turtlebot4_ws/install/turtlebot4_cmd_py/share/turtlebot4_cmd_py
[1.184s] Invoked command in '/home/dong/turtlebot4_ws/build/turtlebot4_cmd_py' returned '0': PYTHONPATH=/home/dong/turtlebot4_ws/build/turtlebot4_cmd_py/prefix_override:/home/dong/turtlebot4_ws/install/turtlebot4_cmd_py/lib/python3.10/site-packages:${PYTHONPATH} /usr/bin/python3 setup.py develop --editable --build-directory /home/dong/turtlebot4_ws/build/turtlebot4_cmd_py/build --no-deps install_data
