[0.970s] Invoking command in '/home/dong/turtlebot4_ws/build/turtlebot4_cmd_py': PYTHONPATH=/home/dong/turtlebot4_ws/build/turtlebot4_cmd_py/prefix_override:/home/dong/turtlebot4_ws/install/turtlebot4_cmd_py/lib/python3.10/site-packages:${PYTHONPATH} /usr/bin/python3 setup.py develop --editable --build-directory /home/dong/turtlebot4_ws/build/turtlebot4_cmd_py/build --no-deps install_data
[1.235s] running develop
[1.236s] /home/dong/.local/lib/python3.10/site-packages/setuptools/command/develop.py:39: EasyInstallDeprecationWarning: easy_install command is deprecated.
[1.236s] !!
[1.236s] 
[1.236s]         ********************************************************************************
[1.236s]         Please avoid running ``setup.py`` and ``easy_install``.
[1.236s]         Instead, use pypa/build, pypa/installer or other
[1.236s]         standards-based tools.
[1.236s] 
[1.236s]         See https://github.com/pypa/setuptools/issues/917 for details.
[1.236s]         ********************************************************************************
[1.236s] 
[1.236s] !!
[1.236s]   easy_install.initialize_options(self)
[1.264s] /home/dong/.local/lib/python3.10/site-packages/setuptools/_distutils/cmd.py:66: SetuptoolsDeprecationWarning: setup.py install is deprecated.
[1.264s] !!
[1.264s] 
[1.264s]         ********************************************************************************
[1.264s]         Please avoid running ``setup.py`` directly.
[1.264s]         Instead, use pypa/build, pypa/installer or other
[1.264s]         standards-based tools.
[1.264s] 
[1.264s]         See https://blog.ganssle.io/articles/2021/10/setup-py-deprecated.html for details.
[1.264s]         ********************************************************************************
[1.264s] 
[1.264s] !!
[1.265s]   self.initialize_options()
[1.424s] running egg_info
[1.436s] writing turtlebot4_cmd_py.egg-info/PKG-INFO
[1.437s] writing dependency_links to turtlebot4_cmd_py.egg-info/dependency_links.txt
[1.437s] writing entry points to turtlebot4_cmd_py.egg-info/entry_points.txt
[1.437s] writing requirements to turtlebot4_cmd_py.egg-info/requires.txt
[1.437s] writing top-level names to turtlebot4_cmd_py.egg-info/top_level.txt
[1.464s] reading manifest file 'turtlebot4_cmd_py.egg-info/SOURCES.txt'
[1.465s] writing manifest file 'turtlebot4_cmd_py.egg-info/SOURCES.txt'
[1.478s] running build_ext
[1.478s] Creating /home/dong/turtlebot4_ws/install/turtlebot4_cmd_py/lib/python3.10/site-packages/turtlebot4_cmd_py.egg-link (link to .)
[1.480s] Installing Turtlebot4Ctl script to /home/dong/turtlebot4_ws/install/turtlebot4_cmd_py/lib/turtlebot4_cmd_py
[1.480s] 
[1.480s] Installed /home/dong/turtlebot4_ws/build/turtlebot4_cmd_py
[1.480s] running install_data
[1.480s] copying resource/turtlebot4_cmd_py -> /home/dong/turtlebot4_ws/install/turtlebot4_cmd_py/share/ament_index/resource_index/packages
[1.480s] copying package.xml -> /home/dong/turtlebot4_ws/install/turtlebot4_cmd_py/share/turtlebot4_cmd_py
[1.561s] Invoked command in '/home/dong/turtlebot4_ws/build/turtlebot4_cmd_py' returned '0': PYTHONPATH=/home/dong/turtlebot4_ws/build/turtlebot4_cmd_py/prefix_override:/home/dong/turtlebot4_ws/install/turtlebot4_cmd_py/lib/python3.10/site-packages:${PYTHONPATH} /usr/bin/python3 setup.py develop --editable --build-directory /home/dong/turtlebot4_ws/build/turtlebot4_cmd_py/build --no-deps install_data
