[0.719s] DEBUG:colcon:Command line arguments: ['/usr/bin/colcon', 'build', '--packages-select', 'turtlebot4_cmd_py']
[0.719s] DEBUG:colcon:Parsed command line arguments: Namespace(log_base=None, log_level=None, verb_name='build', build_base='build', install_base='install', merge_install=False, symlink_install=False, test_result_base=None, continue_on_error=False, executor='parallel', parallel_workers=8, event_handlers=None, ignore_user_meta=False, metas=['./colcon.meta'], base_paths=['.'], packages_ignore=None, packages_ignore_regex=None, paths=None, packages_up_to=None, packages_up_to_regex=None, packages_above=None, packages_above_and_dependencies=None, packages_above_depth=None, packages_select_by_dep=None, packages_skip_by_dep=None, packages_skip_up_to=None, packages_select_build_failed=False, packages_skip_build_finished=False, packages_select_test_failures=False, packages_skip_test_passed=False, packages_select=['turtlebot4_cmd_py'], packages_skip=None, packages_select_regex=None, packages_skip_regex=None, packages_start=None, packages_end=None, allow_overriding=[], cmake_args=None, cmake_target=None, cmake_target_skip_unavailable=False, cmake_clean_cache=False, cmake_clean_first=False, cmake_force_configure=False, ament_cmake_args=None, catkin_cmake_args=None, catkin_skip_building_tests=False, verb_parser=<colcon_defaults.argument_parser.defaults.DefaultArgumentsDecorator object at 0x7f2379c419f0>, verb_extension=<colcon_core.verb.build.BuildVerb object at 0x7f237a0d3850>, main=<bound method BuildVerb.main of <colcon_core.verb.build.BuildVerb object at 0x7f237a0d3850>>)
[0.759s] Level 1:colcon.colcon_core.package_discovery:discover_packages(colcon_meta) check parameters
[0.759s] Level 1:colcon.colcon_core.package_discovery:discover_packages(recursive) check parameters
[0.759s] Level 1:colcon.colcon_core.package_discovery:discover_packages(ignore) check parameters
[0.759s] Level 1:colcon.colcon_core.package_discovery:discover_packages(path) check parameters
[0.759s] Level 1:colcon.colcon_core.package_discovery:discover_packages(colcon_meta) discover
[0.759s] Level 1:colcon.colcon_core.package_discovery:discover_packages(recursive) discover
[0.759s] INFO:colcon.colcon_core.package_discovery:Crawling recursively for packages in '/home/dong/turtlebot4_ws'
[0.759s] Level 1:colcon.colcon_core.package_identification:_identify(.) by extensions ['ignore', 'ignore_ament_install']
[0.759s] Level 1:colcon.colcon_core.package_identification:_identify(.) by extension 'ignore'
[0.759s] Level 1:colcon.colcon_core.package_identification:_identify(.) by extension 'ignore_ament_install'
[0.759s] Level 1:colcon.colcon_core.package_identification:_identify(.) by extensions ['colcon_pkg']
[0.759s] Level 1:colcon.colcon_core.package_identification:_identify(.) by extension 'colcon_pkg'
[0.759s] Level 1:colcon.colcon_core.package_identification:_identify(.) by extensions ['colcon_meta']
[0.759s] Level 1:colcon.colcon_core.package_identification:_identify(.) by extension 'colcon_meta'
[0.759s] Level 1:colcon.colcon_core.package_identification:_identify(.) by extensions ['ros']
[0.760s] Level 1:colcon.colcon_core.package_identification:_identify(.) by extension 'ros'
[0.775s] Level 1:colcon.colcon_core.package_identification:_identify(.) by extensions ['cmake', 'python']
[0.775s] Level 1:colcon.colcon_core.package_identification:_identify(.) by extension 'cmake'
[0.775s] Level 1:colcon.colcon_core.package_identification:_identify(.) by extension 'python'
[0.776s] Level 1:colcon.colcon_core.package_identification:_identify(.) by extensions ['python_setup_py']
[0.776s] Level 1:colcon.colcon_core.package_identification:_identify(.) by extension 'python_setup_py'
[0.776s] Level 1:colcon.colcon_core.package_identification:_identify(build) by extensions ['ignore', 'ignore_ament_install']
[0.776s] Level 1:colcon.colcon_core.package_identification:_identify(build) by extension 'ignore'
[0.776s] Level 1:colcon.colcon_core.package_identification:_identify(build) ignored
[0.776s] Level 1:colcon.colcon_core.package_identification:_identify(install) by extensions ['ignore', 'ignore_ament_install']
[0.776s] Level 1:colcon.colcon_core.package_identification:_identify(install) by extension 'ignore'
[0.776s] Level 1:colcon.colcon_core.package_identification:_identify(install) ignored
[0.776s] Level 1:colcon.colcon_core.package_identification:_identify(log) by extensions ['ignore', 'ignore_ament_install']
[0.776s] Level 1:colcon.colcon_core.package_identification:_identify(log) by extension 'ignore'
[0.776s] Level 1:colcon.colcon_core.package_identification:_identify(log) ignored
[0.776s] Level 1:colcon.colcon_core.package_identification:_identify(src) by extensions ['ignore', 'ignore_ament_install']
[0.776s] Level 1:colcon.colcon_core.package_identification:_identify(src) by extension 'ignore'
[0.776s] Level 1:colcon.colcon_core.package_identification:_identify(src) by extension 'ignore_ament_install'
[0.776s] Level 1:colcon.colcon_core.package_identification:_identify(src) by extensions ['colcon_pkg']
[0.776s] Level 1:colcon.colcon_core.package_identification:_identify(src) by extension 'colcon_pkg'
[0.776s] Level 1:colcon.colcon_core.package_identification:_identify(src) by extensions ['colcon_meta']
[0.776s] Level 1:colcon.colcon_core.package_identification:_identify(src) by extension 'colcon_meta'
[0.776s] Level 1:colcon.colcon_core.package_identification:_identify(src) by extensions ['ros']
[0.776s] Level 1:colcon.colcon_core.package_identification:_identify(src) by extension 'ros'
[0.776s] Level 1:colcon.colcon_core.package_identification:_identify(src) by extensions ['cmake', 'python']
[0.776s] Level 1:colcon.colcon_core.package_identification:_identify(src) by extension 'cmake'
[0.776s] Level 1:colcon.colcon_core.package_identification:_identify(src) by extension 'python'
[0.776s] Level 1:colcon.colcon_core.package_identification:_identify(src) by extensions ['python_setup_py']
[0.776s] Level 1:colcon.colcon_core.package_identification:_identify(src) by extension 'python_setup_py'
[0.776s] Level 1:colcon.colcon_core.package_identification:_identify(src/pinklab_minibot_robot) by extensions ['ignore', 'ignore_ament_install']
[0.777s] Level 1:colcon.colcon_core.package_identification:_identify(src/pinklab_minibot_robot) by extension 'ignore'
[0.777s] Level 1:colcon.colcon_core.package_identification:_identify(src/pinklab_minibot_robot) by extension 'ignore_ament_install'
[0.777s] Level 1:colcon.colcon_core.package_identification:_identify(src/pinklab_minibot_robot) by extensions ['colcon_pkg']
[0.777s] Level 1:colcon.colcon_core.package_identification:_identify(src/pinklab_minibot_robot) by extension 'colcon_pkg'
[0.777s] Level 1:colcon.colcon_core.package_identification:_identify(src/pinklab_minibot_robot) by extensions ['colcon_meta']
[0.777s] Level 1:colcon.colcon_core.package_identification:_identify(src/pinklab_minibot_robot) by extension 'colcon_meta'
[0.777s] Level 1:colcon.colcon_core.package_identification:_identify(src/pinklab_minibot_robot) by extensions ['ros']
[0.777s] Level 1:colcon.colcon_core.package_identification:_identify(src/pinklab_minibot_robot) by extension 'ros'
[0.777s] Level 1:colcon.colcon_core.package_identification:_identify(src/pinklab_minibot_robot) by extensions ['cmake', 'python']
[0.777s] Level 1:colcon.colcon_core.package_identification:_identify(src/pinklab_minibot_robot) by extension 'cmake'
[0.777s] Level 1:colcon.colcon_core.package_identification:_identify(src/pinklab_minibot_robot) by extension 'python'
[0.777s] Level 1:colcon.colcon_core.package_identification:_identify(src/pinklab_minibot_robot) by extensions ['python_setup_py']
[0.777s] Level 1:colcon.colcon_core.package_identification:_identify(src/pinklab_minibot_robot) by extension 'python_setup_py'
[0.777s] Level 1:colcon.colcon_core.package_identification:_identify(src/pinklab_minibot_robot/docs) by extensions ['ignore', 'ignore_ament_install']
[0.777s] Level 1:colcon.colcon_core.package_identification:_identify(src/pinklab_minibot_robot/docs) by extension 'ignore'
[0.777s] Level 1:colcon.colcon_core.package_identification:_identify(src/pinklab_minibot_robot/docs) by extension 'ignore_ament_install'
[0.777s] Level 1:colcon.colcon_core.package_identification:_identify(src/pinklab_minibot_robot/docs) by extensions ['colcon_pkg']
[0.777s] Level 1:colcon.colcon_core.package_identification:_identify(src/pinklab_minibot_robot/docs) by extension 'colcon_pkg'
[0.777s] Level 1:colcon.colcon_core.package_identification:_identify(src/pinklab_minibot_robot/docs) by extensions ['colcon_meta']
[0.777s] Level 1:colcon.colcon_core.package_identification:_identify(src/pinklab_minibot_robot/docs) by extension 'colcon_meta'
[0.777s] Level 1:colcon.colcon_core.package_identification:_identify(src/pinklab_minibot_robot/docs) by extensions ['ros']
[0.777s] Level 1:colcon.colcon_core.package_identification:_identify(src/pinklab_minibot_robot/docs) by extension 'ros'
[0.777s] Level 1:colcon.colcon_core.package_identification:_identify(src/pinklab_minibot_robot/docs) by extensions ['cmake', 'python']
[0.777s] Level 1:colcon.colcon_core.package_identification:_identify(src/pinklab_minibot_robot/docs) by extension 'cmake'
[0.777s] Level 1:colcon.colcon_core.package_identification:_identify(src/pinklab_minibot_robot/docs) by extension 'python'
[0.777s] Level 1:colcon.colcon_core.package_identification:_identify(src/pinklab_minibot_robot/docs) by extensions ['python_setup_py']
[0.777s] Level 1:colcon.colcon_core.package_identification:_identify(src/pinklab_minibot_robot/docs) by extension 'python_setup_py'
[0.777s] Level 1:colcon.colcon_core.package_identification:_identify(src/pinklab_minibot_robot/docs/blender) by extensions ['ignore', 'ignore_ament_install']
[0.777s] Level 1:colcon.colcon_core.package_identification:_identify(src/pinklab_minibot_robot/docs/blender) by extension 'ignore'
[0.777s] Level 1:colcon.colcon_core.package_identification:_identify(src/pinklab_minibot_robot/docs/blender) by extension 'ignore_ament_install'
[0.777s] Level 1:colcon.colcon_core.package_identification:_identify(src/pinklab_minibot_robot/docs/blender) by extensions ['colcon_pkg']
[0.777s] Level 1:colcon.colcon_core.package_identification:_identify(src/pinklab_minibot_robot/docs/blender) by extension 'colcon_pkg'
[0.777s] Level 1:colcon.colcon_core.package_identification:_identify(src/pinklab_minibot_robot/docs/blender) by extensions ['colcon_meta']
[0.777s] Level 1:colcon.colcon_core.package_identification:_identify(src/pinklab_minibot_robot/docs/blender) by extension 'colcon_meta'
[0.777s] Level 1:colcon.colcon_core.package_identification:_identify(src/pinklab_minibot_robot/docs/blender) by extensions ['ros']
[0.778s] Level 1:colcon.colcon_core.package_identification:_identify(src/pinklab_minibot_robot/docs/blender) by extension 'ros'
[0.778s] Level 1:colcon.colcon_core.package_identification:_identify(src/pinklab_minibot_robot/docs/blender) by extensions ['cmake', 'python']
[0.778s] Level 1:colcon.colcon_core.package_identification:_identify(src/pinklab_minibot_robot/docs/blender) by extension 'cmake'
[0.778s] Level 1:colcon.colcon_core.package_identification:_identify(src/pinklab_minibot_robot/docs/blender) by extension 'python'
[0.778s] Level 1:colcon.colcon_core.package_identification:_identify(src/pinklab_minibot_robot/docs/blender) by extensions ['python_setup_py']
[0.778s] Level 1:colcon.colcon_core.package_identification:_identify(src/pinklab_minibot_robot/docs/blender) by extension 'python_setup_py'
[0.778s] Level 1:colcon.colcon_core.package_identification:_identify(src/pinklab_minibot_robot/minibot_bringup) by extensions ['ignore', 'ignore_ament_install']
[0.778s] Level 1:colcon.colcon_core.package_identification:_identify(src/pinklab_minibot_robot/minibot_bringup) by extension 'ignore'
[0.778s] Level 1:colcon.colcon_core.package_identification:_identify(src/pinklab_minibot_robot/minibot_bringup) by extension 'ignore_ament_install'
[0.778s] Level 1:colcon.colcon_core.package_identification:_identify(src/pinklab_minibot_robot/minibot_bringup) by extensions ['colcon_pkg']
[0.778s] Level 1:colcon.colcon_core.package_identification:_identify(src/pinklab_minibot_robot/minibot_bringup) by extension 'colcon_pkg'
[0.778s] Level 1:colcon.colcon_core.package_identification:_identify(src/pinklab_minibot_robot/minibot_bringup) by extensions ['colcon_meta']
[0.778s] Level 1:colcon.colcon_core.package_identification:_identify(src/pinklab_minibot_robot/minibot_bringup) by extension 'colcon_meta'
[0.778s] Level 1:colcon.colcon_core.package_identification:_identify(src/pinklab_minibot_robot/minibot_bringup) by extensions ['ros']
[0.778s] Level 1:colcon.colcon_core.package_identification:_identify(src/pinklab_minibot_robot/minibot_bringup) by extension 'ros'
[0.780s] DEBUG:colcon.colcon_core.package_identification:Package 'src/pinklab_minibot_robot/minibot_bringup' with type 'ros.ament_cmake' and name 'minibot_bringup'
[0.780s] Level 1:colcon.colcon_core.package_identification:_identify(src/pinklab_minibot_robot/minibot_controllers) by extensions ['ignore', 'ignore_ament_install']
[0.780s] Level 1:colcon.colcon_core.package_identification:_identify(src/pinklab_minibot_robot/minibot_controllers) by extension 'ignore'
[0.780s] Level 1:colcon.colcon_core.package_identification:_identify(src/pinklab_minibot_robot/minibot_controllers) by extension 'ignore_ament_install'
[0.780s] Level 1:colcon.colcon_core.package_identification:_identify(src/pinklab_minibot_robot/minibot_controllers) by extensions ['colcon_pkg']
[0.780s] Level 1:colcon.colcon_core.package_identification:_identify(src/pinklab_minibot_robot/minibot_controllers) by extension 'colcon_pkg'
[0.780s] Level 1:colcon.colcon_core.package_identification:_identify(src/pinklab_minibot_robot/minibot_controllers) by extensions ['colcon_meta']
[0.780s] Level 1:colcon.colcon_core.package_identification:_identify(src/pinklab_minibot_robot/minibot_controllers) by extension 'colcon_meta'
[0.780s] Level 1:colcon.colcon_core.package_identification:_identify(src/pinklab_minibot_robot/minibot_controllers) by extensions ['ros']
[0.780s] Level 1:colcon.colcon_core.package_identification:_identify(src/pinklab_minibot_robot/minibot_controllers) by extension 'ros'
[0.781s] DEBUG:colcon.colcon_core.package_identification:Package 'src/pinklab_minibot_robot/minibot_controllers' with type 'ros.ament_cmake' and name 'minibot_controllers'
[0.781s] Level 1:colcon.colcon_core.package_identification:_identify(src/pinklab_minibot_robot/minibot_description) by extensions ['ignore', 'ignore_ament_install']
[0.781s] Level 1:colcon.colcon_core.package_identification:_identify(src/pinklab_minibot_robot/minibot_description) by extension 'ignore'
[0.781s] Level 1:colcon.colcon_core.package_identification:_identify(src/pinklab_minibot_robot/minibot_description) by extension 'ignore_ament_install'
[0.781s] Level 1:colcon.colcon_core.package_identification:_identify(src/pinklab_minibot_robot/minibot_description) by extensions ['colcon_pkg']
[0.781s] Level 1:colcon.colcon_core.package_identification:_identify(src/pinklab_minibot_robot/minibot_description) by extension 'colcon_pkg'
[0.781s] Level 1:colcon.colcon_core.package_identification:_identify(src/pinklab_minibot_robot/minibot_description) by extensions ['colcon_meta']
[0.781s] Level 1:colcon.colcon_core.package_identification:_identify(src/pinklab_minibot_robot/minibot_description) by extension 'colcon_meta'
[0.781s] Level 1:colcon.colcon_core.package_identification:_identify(src/pinklab_minibot_robot/minibot_description) by extensions ['ros']
[0.781s] Level 1:colcon.colcon_core.package_identification:_identify(src/pinklab_minibot_robot/minibot_description) by extension 'ros'
[0.781s] DEBUG:colcon.colcon_core.package_identification:Package 'src/pinklab_minibot_robot/minibot_description' with type 'ros.ament_cmake' and name 'minibot_description'
[0.781s] Level 1:colcon.colcon_core.package_identification:_identify(src/pinklab_minibot_robot/minibot_gazebo) by extensions ['ignore', 'ignore_ament_install']
[0.781s] Level 1:colcon.colcon_core.package_identification:_identify(src/pinklab_minibot_robot/minibot_gazebo) by extension 'ignore'
[0.781s] Level 1:colcon.colcon_core.package_identification:_identify(src/pinklab_minibot_robot/minibot_gazebo) by extension 'ignore_ament_install'
[0.782s] Level 1:colcon.colcon_core.package_identification:_identify(src/pinklab_minibot_robot/minibot_gazebo) by extensions ['colcon_pkg']
[0.782s] Level 1:colcon.colcon_core.package_identification:_identify(src/pinklab_minibot_robot/minibot_gazebo) by extension 'colcon_pkg'
[0.782s] Level 1:colcon.colcon_core.package_identification:_identify(src/pinklab_minibot_robot/minibot_gazebo) by extensions ['colcon_meta']
[0.782s] Level 1:colcon.colcon_core.package_identification:_identify(src/pinklab_minibot_robot/minibot_gazebo) by extension 'colcon_meta'
[0.782s] Level 1:colcon.colcon_core.package_identification:_identify(src/pinklab_minibot_robot/minibot_gazebo) by extensions ['ros']
[0.782s] Level 1:colcon.colcon_core.package_identification:_identify(src/pinklab_minibot_robot/minibot_gazebo) by extension 'ros'
[0.782s] DEBUG:colcon.colcon_core.package_identification:Package 'src/pinklab_minibot_robot/minibot_gazebo' with type 'ros.ament_cmake' and name 'minibot_gazebo'
[0.782s] Level 1:colcon.colcon_core.package_identification:_identify(src/pinklab_minibot_robot/minibot_hardware_interface) by extensions ['ignore', 'ignore_ament_install']
[0.782s] Level 1:colcon.colcon_core.package_identification:_identify(src/pinklab_minibot_robot/minibot_hardware_interface) by extension 'ignore'
[0.782s] Level 1:colcon.colcon_core.package_identification:_identify(src/pinklab_minibot_robot/minibot_hardware_interface) by extension 'ignore_ament_install'
[0.782s] Level 1:colcon.colcon_core.package_identification:_identify(src/pinklab_minibot_robot/minibot_hardware_interface) by extensions ['colcon_pkg']
[0.782s] Level 1:colcon.colcon_core.package_identification:_identify(src/pinklab_minibot_robot/minibot_hardware_interface) by extension 'colcon_pkg'
[0.782s] Level 1:colcon.colcon_core.package_identification:_identify(src/pinklab_minibot_robot/minibot_hardware_interface) by extensions ['colcon_meta']
[0.782s] Level 1:colcon.colcon_core.package_identification:_identify(src/pinklab_minibot_robot/minibot_hardware_interface) by extension 'colcon_meta'
[0.782s] Level 1:colcon.colcon_core.package_identification:_identify(src/pinklab_minibot_robot/minibot_hardware_interface) by extensions ['ros']
[0.782s] Level 1:colcon.colcon_core.package_identification:_identify(src/pinklab_minibot_robot/minibot_hardware_interface) by extension 'ros'
[0.783s] DEBUG:colcon.colcon_core.package_identification:Package 'src/pinklab_minibot_robot/minibot_hardware_interface' with type 'ros.ament_cmake' and name 'minibot_hardware_interface'
[0.783s] Level 1:colcon.colcon_core.package_identification:_identify(src/pinklab_minibot_robot/minibot_interfaces) by extensions ['ignore', 'ignore_ament_install']
[0.783s] Level 1:colcon.colcon_core.package_identification:_identify(src/pinklab_minibot_robot/minibot_interfaces) by extension 'ignore'
[0.783s] Level 1:colcon.colcon_core.package_identification:_identify(src/pinklab_minibot_robot/minibot_interfaces) by extension 'ignore_ament_install'
[0.783s] Level 1:colcon.colcon_core.package_identification:_identify(src/pinklab_minibot_robot/minibot_interfaces) by extensions ['colcon_pkg']
[0.783s] Level 1:colcon.colcon_core.package_identification:_identify(src/pinklab_minibot_robot/minibot_interfaces) by extension 'colcon_pkg'
[0.783s] Level 1:colcon.colcon_core.package_identification:_identify(src/pinklab_minibot_robot/minibot_interfaces) by extensions ['colcon_meta']
[0.783s] Level 1:colcon.colcon_core.package_identification:_identify(src/pinklab_minibot_robot/minibot_interfaces) by extension 'colcon_meta'
[0.783s] Level 1:colcon.colcon_core.package_identification:_identify(src/pinklab_minibot_robot/minibot_interfaces) by extensions ['ros']
[0.783s] Level 1:colcon.colcon_core.package_identification:_identify(src/pinklab_minibot_robot/minibot_interfaces) by extension 'ros'
[0.784s] DEBUG:colcon.colcon_core.package_identification:Package 'src/pinklab_minibot_robot/minibot_interfaces' with type 'ros.ament_cmake' and name 'minibot_interfaces'
[0.784s] Level 1:colcon.colcon_core.package_identification:_identify(src/pinklab_minibot_robot/minibot_navigation2) by extensions ['ignore', 'ignore_ament_install']
[0.784s] Level 1:colcon.colcon_core.package_identification:_identify(src/pinklab_minibot_robot/minibot_navigation2) by extension 'ignore'
[0.784s] Level 1:colcon.colcon_core.package_identification:_identify(src/pinklab_minibot_robot/minibot_navigation2) by extension 'ignore_ament_install'
[0.784s] Level 1:colcon.colcon_core.package_identification:_identify(src/pinklab_minibot_robot/minibot_navigation2) by extensions ['colcon_pkg']
[0.784s] Level 1:colcon.colcon_core.package_identification:_identify(src/pinklab_minibot_robot/minibot_navigation2) by extension 'colcon_pkg'
[0.784s] Level 1:colcon.colcon_core.package_identification:_identify(src/pinklab_minibot_robot/minibot_navigation2) by extensions ['colcon_meta']
[0.784s] Level 1:colcon.colcon_core.package_identification:_identify(src/pinklab_minibot_robot/minibot_navigation2) by extension 'colcon_meta'
[0.784s] Level 1:colcon.colcon_core.package_identification:_identify(src/pinklab_minibot_robot/minibot_navigation2) by extensions ['ros']
[0.784s] Level 1:colcon.colcon_core.package_identification:_identify(src/pinklab_minibot_robot/minibot_navigation2) by extension 'ros'
[0.784s] DEBUG:colcon.colcon_core.package_identification:Package 'src/pinklab_minibot_robot/minibot_navigation2' with type 'ros.ament_cmake' and name 'minibot_navigation2'
[0.784s] Level 1:colcon.colcon_core.package_identification:_identify(src/ros2_teleop_keyboard) by extensions ['ignore', 'ignore_ament_install']
[0.784s] Level 1:colcon.colcon_core.package_identification:_identify(src/ros2_teleop_keyboard) by extension 'ignore'
[0.784s] Level 1:colcon.colcon_core.package_identification:_identify(src/ros2_teleop_keyboard) by extension 'ignore_ament_install'
[0.784s] Level 1:colcon.colcon_core.package_identification:_identify(src/ros2_teleop_keyboard) by extensions ['colcon_pkg']
[0.784s] Level 1:colcon.colcon_core.package_identification:_identify(src/ros2_teleop_keyboard) by extension 'colcon_pkg'
[0.784s] Level 1:colcon.colcon_core.package_identification:_identify(src/ros2_teleop_keyboard) by extensions ['colcon_meta']
[0.784s] Level 1:colcon.colcon_core.package_identification:_identify(src/ros2_teleop_keyboard) by extension 'colcon_meta'
[0.784s] Level 1:colcon.colcon_core.package_identification:_identify(src/ros2_teleop_keyboard) by extensions ['ros']
[0.784s] Level 1:colcon.colcon_core.package_identification:_identify(src/ros2_teleop_keyboard) by extension 'ros'
[0.785s] DEBUG:colcon.colcon_core.package_identification:Package 'src/ros2_teleop_keyboard' with type 'ros.ament_python' and name 'teleop_twist_keyboard'
[0.785s] Level 1:colcon.colcon_core.package_identification:_identify(src/turtlebot4_cmd_py) by extensions ['ignore', 'ignore_ament_install']
[0.785s] Level 1:colcon.colcon_core.package_identification:_identify(src/turtlebot4_cmd_py) by extension 'ignore'
[0.785s] Level 1:colcon.colcon_core.package_identification:_identify(src/turtlebot4_cmd_py) by extension 'ignore_ament_install'
[0.785s] Level 1:colcon.colcon_core.package_identification:_identify(src/turtlebot4_cmd_py) by extensions ['colcon_pkg']
[0.785s] Level 1:colcon.colcon_core.package_identification:_identify(src/turtlebot4_cmd_py) by extension 'colcon_pkg'
[0.785s] Level 1:colcon.colcon_core.package_identification:_identify(src/turtlebot4_cmd_py) by extensions ['colcon_meta']
[0.785s] Level 1:colcon.colcon_core.package_identification:_identify(src/turtlebot4_cmd_py) by extension 'colcon_meta'
[0.785s] Level 1:colcon.colcon_core.package_identification:_identify(src/turtlebot4_cmd_py) by extensions ['ros']
[0.785s] Level 1:colcon.colcon_core.package_identification:_identify(src/turtlebot4_cmd_py) by extension 'ros'
[0.785s] DEBUG:colcon.colcon_core.package_identification:Package 'src/turtlebot4_cmd_py' with type 'ros.ament_python' and name 'turtlebot4_cmd_py'
[0.785s] Level 1:colcon.colcon_core.package_identification:_identify(src/turtlebot4_setup) by extensions ['ignore', 'ignore_ament_install']
[0.785s] Level 1:colcon.colcon_core.package_identification:_identify(src/turtlebot4_setup) by extension 'ignore'
[0.786s] Level 1:colcon.colcon_core.package_identification:_identify(src/turtlebot4_setup) by extension 'ignore_ament_install'
[0.786s] Level 1:colcon.colcon_core.package_identification:_identify(src/turtlebot4_setup) by extensions ['colcon_pkg']
[0.786s] Level 1:colcon.colcon_core.package_identification:_identify(src/turtlebot4_setup) by extension 'colcon_pkg'
[0.786s] Level 1:colcon.colcon_core.package_identification:_identify(src/turtlebot4_setup) by extensions ['colcon_meta']
[0.786s] Level 1:colcon.colcon_core.package_identification:_identify(src/turtlebot4_setup) by extension 'colcon_meta'
[0.786s] Level 1:colcon.colcon_core.package_identification:_identify(src/turtlebot4_setup) by extensions ['ros']
[0.786s] Level 1:colcon.colcon_core.package_identification:_identify(src/turtlebot4_setup) by extension 'ros'
[0.786s] DEBUG:colcon.colcon_core.package_identification:Package 'src/turtlebot4_setup' with type 'ros.ament_cmake' and name 'turtlebot4_setup'
[0.786s] Level 1:colcon.colcon_core.package_discovery:discover_packages(recursive) using defaults
[0.786s] Level 1:colcon.colcon_core.package_discovery:discover_packages(ignore) discover
[0.786s] Level 1:colcon.colcon_core.package_discovery:discover_packages(ignore) using defaults
[0.786s] Level 1:colcon.colcon_core.package_discovery:discover_packages(path) discover
[0.786s] Level 1:colcon.colcon_core.package_discovery:discover_packages(path) using defaults
[0.832s] INFO:colcon.colcon_core.package_selection:Skipping not selected package 'minibot_description' in 'src/pinklab_minibot_robot/minibot_description'
[0.832s] INFO:colcon.colcon_core.package_selection:Skipping not selected package 'minibot_hardware_interface' in 'src/pinklab_minibot_robot/minibot_hardware_interface'
[0.832s] INFO:colcon.colcon_core.package_selection:Skipping not selected package 'minibot_interfaces' in 'src/pinklab_minibot_robot/minibot_interfaces'
[0.832s] INFO:colcon.colcon_core.package_selection:Skipping not selected package 'minibot_navigation2' in 'src/pinklab_minibot_robot/minibot_navigation2'
[0.832s] INFO:colcon.colcon_core.package_selection:Skipping not selected package 'teleop_twist_keyboard' in 'src/ros2_teleop_keyboard'
[0.832s] INFO:colcon.colcon_core.package_selection:Skipping not selected package 'turtlebot4_setup' in 'src/turtlebot4_setup'
[0.832s] INFO:colcon.colcon_core.package_selection:Skipping not selected package 'minibot_controllers' in 'src/pinklab_minibot_robot/minibot_controllers'
[0.832s] INFO:colcon.colcon_core.package_selection:Skipping not selected package 'minibot_gazebo' in 'src/pinklab_minibot_robot/minibot_gazebo'
[0.832s] INFO:colcon.colcon_core.package_selection:Skipping not selected package 'minibot_bringup' in 'src/pinklab_minibot_robot/minibot_bringup'
[0.855s] Level 1:colcon.colcon_core.package_discovery:discover_packages(prefix_path) check parameters
[0.855s] Level 1:colcon.colcon_core.package_discovery:discover_packages(prefix_path) discover
[0.878s] DEBUG:colcon.colcon_installed_package_information.package_discovery:Found 506 installed packages in /opt/ros/humble
[0.880s] Level 1:colcon.colcon_core.package_discovery:discover_packages(prefix_path) using defaults
[0.957s] Level 5:colcon.colcon_core.verb:set package 'turtlebot4_cmd_py' build argument 'cmake_args' from command line to 'None'
[0.957s] Level 5:colcon.colcon_core.verb:set package 'turtlebot4_cmd_py' build argument 'cmake_target' from command line to 'None'
[0.957s] Level 5:colcon.colcon_core.verb:set package 'turtlebot4_cmd_py' build argument 'cmake_target_skip_unavailable' from command line to 'False'
[0.957s] Level 5:colcon.colcon_core.verb:set package 'turtlebot4_cmd_py' build argument 'cmake_clean_cache' from command line to 'False'
[0.957s] Level 5:colcon.colcon_core.verb:set package 'turtlebot4_cmd_py' build argument 'cmake_clean_first' from command line to 'False'
[0.957s] Level 5:colcon.colcon_core.verb:set package 'turtlebot4_cmd_py' build argument 'cmake_force_configure' from command line to 'False'
[0.957s] Level 5:colcon.colcon_core.verb:set package 'turtlebot4_cmd_py' build argument 'ament_cmake_args' from command line to 'None'
[0.957s] Level 5:colcon.colcon_core.verb:set package 'turtlebot4_cmd_py' build argument 'catkin_cmake_args' from command line to 'None'
[0.957s] Level 5:colcon.colcon_core.verb:set package 'turtlebot4_cmd_py' build argument 'catkin_skip_building_tests' from command line to 'False'
[0.957s] DEBUG:colcon.colcon_core.verb:Building package 'turtlebot4_cmd_py' with the following arguments: {'ament_cmake_args': None, 'build_base': '/home/dong/turtlebot4_ws/build/turtlebot4_cmd_py', 'catkin_cmake_args': None, 'catkin_skip_building_tests': False, 'cmake_args': None, 'cmake_clean_cache': False, 'cmake_clean_first': False, 'cmake_force_configure': False, 'cmake_target': None, 'cmake_target_skip_unavailable': False, 'install_base': '/home/dong/turtlebot4_ws/install/turtlebot4_cmd_py', 'merge_install': False, 'path': '/home/dong/turtlebot4_ws/src/turtlebot4_cmd_py', 'symlink_install': False, 'test_result_base': None}
[0.968s] INFO:colcon.colcon_core.executor:Executing jobs using 'parallel' executor
[0.979s] DEBUG:colcon.colcon_parallel_executor.executor.parallel:run_until_complete
[0.979s] INFO:colcon.colcon_ros.task.ament_python.build:Building ROS package in '/home/dong/turtlebot4_ws/src/turtlebot4_cmd_py' with build type 'ament_python'
[0.979s] Level 1:colcon.colcon_core.shell:create_environment_hook('turtlebot4_cmd_py', 'ament_prefix_path')
[0.992s] INFO:colcon.colcon_core.plugin_system:Skipping extension 'colcon_core.shell.bat': Not used on non-Windows systems
[0.992s] INFO:colcon.colcon_core.shell:Creating environment hook '/home/dong/turtlebot4_ws/install/turtlebot4_cmd_py/share/turtlebot4_cmd_py/hook/ament_prefix_path.ps1'
[0.993s] INFO:colcon.colcon_core.shell:Creating environment descriptor '/home/dong/turtlebot4_ws/install/turtlebot4_cmd_py/share/turtlebot4_cmd_py/hook/ament_prefix_path.dsv'
[0.993s] INFO:colcon.colcon_core.shell:Creating environment hook '/home/dong/turtlebot4_ws/install/turtlebot4_cmd_py/share/turtlebot4_cmd_py/hook/ament_prefix_path.sh'
[1.004s] INFO:colcon.colcon_core.shell:Skip shell extension 'powershell' for command environment: Not usable outside of PowerShell
[1.004s] DEBUG:colcon.colcon_core.shell:Skip shell extension 'dsv' for command environment
[1.163s] INFO:colcon.colcon_core.task.python.build:Building Python package in '/home/dong/turtlebot4_ws/src/turtlebot4_cmd_py'
[1.174s] INFO:colcon.colcon_core.shell:Skip shell extension 'powershell' for command environment: Not usable outside of PowerShell
[1.174s] DEBUG:colcon.colcon_core.shell:Skip shell extension 'dsv' for command environment
[1.615s] DEBUG:colcon.colcon_core.event_handler.log_command:Invoking command in '/home/dong/turtlebot4_ws/build/turtlebot4_cmd_py': PYTHONPATH=/home/dong/turtlebot4_ws/build/turtlebot4_cmd_py/prefix_override:/home/dong/turtlebot4_ws/install/turtlebot4_cmd_py/lib/python3.10/site-packages:${PYTHONPATH} /usr/bin/python3 setup.py develop --uninstall --editable --build-directory /home/dong/turtlebot4_ws/build/turtlebot4_cmd_py/build
[2.007s] DEBUG:colcon.colcon_core.event_handler.log_command:Invoked command in '/home/dong/turtlebot4_ws/build/turtlebot4_cmd_py' returned '0': PYTHONPATH=/home/dong/turtlebot4_ws/build/turtlebot4_cmd_py/prefix_override:/home/dong/turtlebot4_ws/install/turtlebot4_cmd_py/lib/python3.10/site-packages:${PYTHONPATH} /usr/bin/python3 setup.py develop --uninstall --editable --build-directory /home/dong/turtlebot4_ws/build/turtlebot4_cmd_py/build
[2.009s] DEBUG:colcon.colcon_core.event_handler.log_command:Invoking command in '/home/dong/turtlebot4_ws/src/turtlebot4_cmd_py': PYTHONPATH=/home/dong/turtlebot4_ws/build/turtlebot4_cmd_py/prefix_override:/home/dong/turtlebot4_ws/install/turtlebot4_cmd_py/lib/python3.10/site-packages:${PYTHONPATH} /usr/bin/python3 setup.py egg_info --egg-base ../../build/turtlebot4_cmd_py build --build-base /home/dong/turtlebot4_ws/build/turtlebot4_cmd_py/build install --record /home/dong/turtlebot4_ws/build/turtlebot4_cmd_py/install.log --single-version-externally-managed
[2.363s] DEBUG:colcon.colcon_core.event_handler.log_command:Invoked command in '/home/dong/turtlebot4_ws/src/turtlebot4_cmd_py' returned '0': PYTHONPATH=/home/dong/turtlebot4_ws/build/turtlebot4_cmd_py/prefix_override:/home/dong/turtlebot4_ws/install/turtlebot4_cmd_py/lib/python3.10/site-packages:${PYTHONPATH} /usr/bin/python3 setup.py egg_info --egg-base ../../build/turtlebot4_cmd_py build --build-base /home/dong/turtlebot4_ws/build/turtlebot4_cmd_py/build install --record /home/dong/turtlebot4_ws/build/turtlebot4_cmd_py/install.log --single-version-externally-managed
[2.376s] Level 1:colcon.colcon_core.environment:checking '/home/dong/turtlebot4_ws/install/turtlebot4_cmd_py' for CMake module files
[2.376s] Level 1:colcon.colcon_core.environment:checking '/home/dong/turtlebot4_ws/install/turtlebot4_cmd_py' for CMake config files
[2.376s] Level 1:colcon.colcon_core.environment:checking '/home/dong/turtlebot4_ws/install/turtlebot4_cmd_py/lib'
[2.376s] Level 1:colcon.colcon_core.environment:checking '/home/dong/turtlebot4_ws/install/turtlebot4_cmd_py/bin'
[2.376s] Level 1:colcon.colcon_core.environment:checking '/home/dong/turtlebot4_ws/install/turtlebot4_cmd_py/lib/pkgconfig/turtlebot4_cmd_py.pc'
[2.377s] Level 1:colcon.colcon_core.environment:checking '/home/dong/turtlebot4_ws/install/turtlebot4_cmd_py/lib/python3.10/site-packages'
[2.377s] Level 1:colcon.colcon_core.shell:create_environment_hook('turtlebot4_cmd_py', 'pythonpath')
[2.388s] INFO:colcon.colcon_core.shell:Creating environment hook '/home/dong/turtlebot4_ws/install/turtlebot4_cmd_py/share/turtlebot4_cmd_py/hook/pythonpath.ps1'
[2.388s] INFO:colcon.colcon_core.shell:Creating environment descriptor '/home/dong/turtlebot4_ws/install/turtlebot4_cmd_py/share/turtlebot4_cmd_py/hook/pythonpath.dsv'
[2.388s] INFO:colcon.colcon_core.shell:Creating environment hook '/home/dong/turtlebot4_ws/install/turtlebot4_cmd_py/share/turtlebot4_cmd_py/hook/pythonpath.sh'
[2.388s] Level 1:colcon.colcon_core.environment:checking '/home/dong/turtlebot4_ws/install/turtlebot4_cmd_py/bin'
[2.388s] Level 1:colcon.colcon_core.environment:create_environment_scripts_only(turtlebot4_cmd_py)
[2.399s] INFO:colcon.colcon_core.shell:Creating package script '/home/dong/turtlebot4_ws/install/turtlebot4_cmd_py/share/turtlebot4_cmd_py/package.ps1'
[2.400s] INFO:colcon.colcon_core.shell:Creating package descriptor '/home/dong/turtlebot4_ws/install/turtlebot4_cmd_py/share/turtlebot4_cmd_py/package.dsv'
[2.400s] INFO:colcon.colcon_core.shell:Creating package script '/home/dong/turtlebot4_ws/install/turtlebot4_cmd_py/share/turtlebot4_cmd_py/package.sh'
[2.401s] INFO:colcon.colcon_core.shell:Creating package script '/home/dong/turtlebot4_ws/install/turtlebot4_cmd_py/share/turtlebot4_cmd_py/package.bash'
[2.401s] INFO:colcon.colcon_core.shell:Creating package script '/home/dong/turtlebot4_ws/install/turtlebot4_cmd_py/share/turtlebot4_cmd_py/package.zsh'
[2.401s] Level 1:colcon.colcon_core.environment:create_file_with_runtime_dependencies(/home/dong/turtlebot4_ws/install/turtlebot4_cmd_py/share/colcon-core/packages/turtlebot4_cmd_py)
[2.402s] DEBUG:colcon.colcon_parallel_executor.executor.parallel:closing loop
[2.402s] DEBUG:colcon.colcon_parallel_executor.executor.parallel:loop closed
[2.402s] DEBUG:colcon.colcon_parallel_executor.executor.parallel:run_until_complete finished with '0'
[2.402s] DEBUG:colcon.colcon_core.event_reactor:joining thread
[2.416s] INFO:colcon.colcon_core.plugin_system:Skipping extension 'colcon_notification.desktop_notification.terminal_notifier': Not used on non-Darwin systems
[2.416s] INFO:colcon.colcon_core.plugin_system:Skipping extension 'colcon_notification.desktop_notification.win32': Not used on non-Windows systems
[2.417s] INFO:colcon.colcon_notification.desktop_notification:Sending desktop notification using 'notify2'
[2.425s] DEBUG:colcon.colcon_core.event_reactor:joined thread
[2.437s] INFO:colcon.colcon_core.shell:Creating prefix script '/home/dong/turtlebot4_ws/install/local_setup.ps1'
[2.438s] INFO:colcon.colcon_core.shell:Creating prefix util module '/home/dong/turtlebot4_ws/install/_local_setup_util_ps1.py'
[2.439s] INFO:colcon.colcon_core.shell:Creating prefix chain script '/home/dong/turtlebot4_ws/install/setup.ps1'
[2.450s] INFO:colcon.colcon_core.shell:Creating prefix script '/home/dong/turtlebot4_ws/install/local_setup.sh'
[2.450s] INFO:colcon.colcon_core.shell:Creating prefix util module '/home/dong/turtlebot4_ws/install/_local_setup_util_sh.py'
[2.451s] INFO:colcon.colcon_core.shell:Creating prefix chain script '/home/dong/turtlebot4_ws/install/setup.sh'
[2.462s] INFO:colcon.colcon_core.shell:Creating prefix script '/home/dong/turtlebot4_ws/install/local_setup.bash'
[2.462s] INFO:colcon.colcon_core.shell:Creating prefix chain script '/home/dong/turtlebot4_ws/install/setup.bash'
[2.474s] INFO:colcon.colcon_core.shell:Creating prefix script '/home/dong/turtlebot4_ws/install/local_setup.zsh'
[2.475s] INFO:colcon.colcon_core.shell:Creating prefix chain script '/home/dong/turtlebot4_ws/install/setup.zsh'
