[0.337s] Invoking command in '/home/dong/turtlebot4-ws/build/minibot_interfaces': CMAKE_PREFIX_PATH=${CMAKE_PREFIX_PATH}:/home/dong/turtlebot4-ws/install/turtlebot4_cmd_py:/home/dong/turtlebot4-ws/install/teleop_twist_keyboard:/home/dong/turtlebot4_ws/install/turtlebot4_cmd_py:/home/dong/turtlebot4_ws/install/teleop_twist_keyboard:/opt/ros/humble /usr/bin/cmake /home/dong/turtlebot4-ws/src/pinklab_minibot_robot/minibot_interfaces -DAMENT_CMAKE_SYMLINK_INSTALL=1 -DCMAKE_INSTALL_PREFIX=/home/dong/turtlebot4-ws/install/minibot_interfaces
[0.846s] -- The C compiler identification is GNU 11.4.0
[0.848s] -- The CXX compiler identification is GNU 11.4.0
[0.848s] -- Detecting C compiler ABI info
[0.848s] -- Detecting C compiler ABI info - done
[0.848s] -- Check for working C compiler: /usr/bin/cc - skipped
[0.848s] -- Detecting C compile features
[0.848s] -- Detecting C compile features - done
[0.848s] -- Detecting CXX compiler ABI info
[0.848s] -- Detecting CXX compiler ABI info - done
[0.848s] -- Check for working CXX compiler: /usr/bin/c++ - skipped
[0.848s] -- Detecting CXX compile features
[0.848s] -- Detecting CXX compile features - done
[0.849s] -- Found ament_cmake: 1.3.7 (/opt/ros/humble/share/ament_cmake/cmake)
[1.238s] -- Found Python3: /usr/bin/python3.10 (found version "3.10.12") found components: Interpreter 
[1.335s] -- Override CMake install command with custom implementation using symlinks instead of copying resources
[1.377s] -- Found std_msgs: 4.2.3 (/opt/ros/humble/share/std_msgs/cmake)
[1.430s] -- Found rosidl_generator_c: 3.1.5 (/opt/ros/humble/share/rosidl_generator_c/cmake)
[1.438s] -- Found rosidl_adapter: 3.1.5 (/opt/ros/humble/share/rosidl_adapter/cmake)
[1.451s] -- Found rosidl_generator_cpp: 3.1.5 (/opt/ros/humble/share/rosidl_generator_cpp/cmake)
[1.476s] -- Using all available rosidl_typesupport_c: rosidl_typesupport_fastrtps_c;rosidl_typesupport_introspection_c
[1.509s] -- Using all available rosidl_typesupport_cpp: rosidl_typesupport_fastrtps_cpp;rosidl_typesupport_introspection_cpp
[1.606s] -- Found rosidl_default_generators: 1.2.0 (/opt/ros/humble/share/rosidl_default_generators/cmake)
[2.065s] -- Found ament_cmake_ros: 0.10.0 (/opt/ros/humble/share/ament_cmake_ros/cmake)
[2.590s] -- Using all available rosidl_typesupport_c: rosidl_typesupport_fastrtps_c;rosidl_typesupport_introspection_c
[2.757s] -- Using all available rosidl_typesupport_cpp: rosidl_typesupport_fastrtps_cpp;rosidl_typesupport_introspection_cpp
[2.783s] -- Found PythonInterp: /usr/bin/python3 (found suitable version "3.10.12", minimum required is "3.6") 
[2.786s] -- Found python_cmake_module: 0.10.0 (/opt/ros/humble/share/python_cmake_module/cmake)
[2.814s] -- Found PythonLibs: /usr/lib/x86_64-linux-gnu/libpython3.10.so (found suitable version "3.10.12", minimum required is "3.5") 
[2.814s] -- Using PYTHON_EXECUTABLE: /usr/bin/python3
[2.814s] -- Using PYTHON_INCLUDE_DIRS: /usr/include/python3.10
[2.815s] -- Using PYTHON_LIBRARIES: /usr/lib/x86_64-linux-gnu/libpython3.10.so
[2.839s] -- Found PythonExtra: .so  
[2.902s] -- Found ament_lint_auto: 0.12.10 (/opt/ros/humble/share/ament_lint_auto/cmake)
[2.931s] -- Added test 'lint_cmake' to check CMake code style
[2.933s] -- Added test 'xmllint' to check XML markup files
[2.938s] -- Configuring done
[2.978s] -- Generating done
[2.981s] -- Build files have been written to: /home/dong/turtlebot4-ws/build/minibot_interfaces
[2.991s] Invoked command in '/home/dong/turtlebot4-ws/build/minibot_interfaces' returned '0': CMAKE_PREFIX_PATH=${CMAKE_PREFIX_PATH}:/home/dong/turtlebot4-ws/install/turtlebot4_cmd_py:/home/dong/turtlebot4-ws/install/teleop_twist_keyboard:/home/dong/turtlebot4_ws/install/turtlebot4_cmd_py:/home/dong/turtlebot4_ws/install/teleop_twist_keyboard:/opt/ros/humble /usr/bin/cmake /home/dong/turtlebot4-ws/src/pinklab_minibot_robot/minibot_interfaces -DAMENT_CMAKE_SYMLINK_INSTALL=1 -DCMAKE_INSTALL_PREFIX=/home/dong/turtlebot4-ws/install/minibot_interfaces
[2.993s] Invoking command in '/home/dong/turtlebot4-ws/build/minibot_interfaces': CMAKE_PREFIX_PATH=${CMAKE_PREFIX_PATH}:/home/dong/turtlebot4-ws/install/turtlebot4_cmd_py:/home/dong/turtlebot4-ws/install/teleop_twist_keyboard:/home/dong/turtlebot4_ws/install/turtlebot4_cmd_py:/home/dong/turtlebot4_ws/install/teleop_twist_keyboard:/opt/ros/humble /usr/bin/cmake --build /home/dong/turtlebot4-ws/build/minibot_interfaces -- -j8 -l8
[3.031s] [  2%] [34m[1mGenerating C code for ROS interfaces[0m
[3.045s] [  5%] [34m[1mGenerating C++ code for ROS interfaces[0m
[3.053s] [  5%] Built target ament_cmake_python_symlink_minibot_interfaces
[3.298s] running egg_info
[3.300s] creating minibot_interfaces.egg-info
[3.325s] writing minibot_interfaces.egg-info/PKG-INFO
[3.326s] writing dependency_links to minibot_interfaces.egg-info/dependency_links.txt
[3.326s] writing top-level names to minibot_interfaces.egg-info/top_level.txt
[3.326s] writing manifest file 'minibot_interfaces.egg-info/SOURCES.txt'
[3.398s] reading manifest file 'minibot_interfaces.egg-info/SOURCES.txt'
[3.398s] writing manifest file 'minibot_interfaces.egg-info/SOURCES.txt'
[3.438s] [  5%] Built target ament_cmake_python_build_minibot_interfaces_egg
[3.439s] [  5%] Built target minibot_interfaces__cpp
[3.453s] [  7%] [34m[1mGenerating C++ type support for eProsima Fast-RTPS[0m
[3.453s] [ 10%] [34m[1mGenerating C++ type support dispatch for ROS interfaces[0m
[3.453s] [ 12%] [34m[1mGenerating C++ introspection for ROS interfaces[0m
[3.521s] [ 17%] [32mBuilding C object CMakeFiles/minibot_interfaces__rosidl_generator_c.dir/rosidl_generator_c/minibot_interfaces/msg/detail/lamp_command__functions.c.o[0m
[3.521s] [ 17%] [32mBuilding C object CMakeFiles/minibot_interfaces__rosidl_generator_c.dir/rosidl_generator_c/minibot_interfaces/msg/detail/robot_state__functions.c.o[0m
[3.609s] [ 20%] [32m[1mLinking C shared library libminibot_interfaces__rosidl_generator_c.so[0m
[3.654s] [ 20%] Built target minibot_interfaces__rosidl_generator_c
[3.665s] [ 23%] [34m[1mGenerating C type support for eProsima Fast-RTPS[0m
[3.669s] [ 25%] [34m[1mGenerating C type support dispatch for ROS interfaces[0m
[3.675s] [ 28%] [34m[1mGenerating C introspection for ROS interfaces[0m
[3.807s] [ 30%] [32mBuilding CXX object CMakeFiles/minibot_interfaces__rosidl_typesupport_cpp.dir/rosidl_typesupport_cpp/minibot_interfaces/msg/robot_state__type_support.cpp.o[0m
[3.822s] [ 33%] [32mBuilding CXX object CMakeFiles/minibot_interfaces__rosidl_typesupport_cpp.dir/rosidl_typesupport_cpp/minibot_interfaces/msg/lamp_command__type_support.cpp.o[0m
[3.873s] [ 35%] [32mBuilding CXX object CMakeFiles/minibot_interfaces__rosidl_typesupport_introspection_cpp.dir/rosidl_typesupport_introspection_cpp/minibot_interfaces/msg/detail/lamp_command__type_support.cpp.o[0m
[3.888s] [ 38%] [32mBuilding CXX object CMakeFiles/minibot_interfaces__rosidl_typesupport_fastrtps_cpp.dir/rosidl_typesupport_fastrtps_cpp/minibot_interfaces/msg/detail/dds_fastrtps/lamp_command__type_support.cpp.o[0m
[3.888s] [ 41%] [32mBuilding CXX object CMakeFiles/minibot_interfaces__rosidl_typesupport_introspection_cpp.dir/rosidl_typesupport_introspection_cpp/minibot_interfaces/msg/detail/robot_state__type_support.cpp.o[0m
[4.045s] [ 43%] [32mBuilding CXX object CMakeFiles/minibot_interfaces__rosidl_typesupport_c.dir/rosidl_typesupport_c/minibot_interfaces/msg/lamp_command__type_support.cpp.o[0m
[4.089s] [ 46%] [32mBuilding CXX object CMakeFiles/minibot_interfaces__rosidl_typesupport_c.dir/rosidl_typesupport_c/minibot_interfaces/msg/robot_state__type_support.cpp.o[0m
[4.146s] [ 48%] [32m[1mLinking CXX shared library libminibot_interfaces__rosidl_typesupport_c.so[0m
[4.215s] [ 48%] Built target minibot_interfaces__rosidl_typesupport_c
[4.222s] [ 51%] [32mBuilding CXX object CMakeFiles/minibot_interfaces__rosidl_typesupport_fastrtps_c.dir/rosidl_typesupport_fastrtps_c/minibot_interfaces/msg/detail/lamp_command__type_support_c.cpp.o[0m
[4.229s] [ 53%] [32mBuilding CXX object CMakeFiles/minibot_interfaces__rosidl_typesupport_fastrtps_cpp.dir/rosidl_typesupport_fastrtps_cpp/minibot_interfaces/msg/detail/dds_fastrtps/robot_state__type_support.cpp.o[0m
[4.313s] [ 56%] [32mBuilding CXX object CMakeFiles/minibot_interfaces__rosidl_typesupport_fastrtps_c.dir/rosidl_typesupport_fastrtps_c/minibot_interfaces/msg/detail/robot_state__type_support_c.cpp.o[0m
[4.345s] [ 58%] [32mBuilding C object CMakeFiles/minibot_interfaces__rosidl_typesupport_introspection_c.dir/rosidl_typesupport_introspection_c/minibot_interfaces/msg/detail/lamp_command__type_support.c.o[0m
[4.429s] [ 61%] [32m[1mLinking CXX shared library libminibot_interfaces__rosidl_typesupport_cpp.so[0m
[4.466s] [ 64%] [32mBuilding C object CMakeFiles/minibot_interfaces__rosidl_typesupport_introspection_c.dir/rosidl_typesupport_introspection_c/minibot_interfaces/msg/detail/robot_state__type_support.c.o[0m
[4.519s] [ 66%] [32m[1mLinking CXX shared library libminibot_interfaces__rosidl_typesupport_introspection_cpp.so[0m
[4.522s] [ 69%] [32m[1mLinking C shared library libminibot_interfaces__rosidl_typesupport_introspection_c.so[0m
[4.545s] [ 69%] Built target minibot_interfaces__rosidl_typesupport_cpp
[4.581s] [ 69%] Built target minibot_interfaces__rosidl_typesupport_introspection_c
[4.614s] [ 69%] Built target minibot_interfaces__rosidl_typesupport_introspection_cpp
[4.733s] [ 71%] [32m[1mLinking CXX shared library libminibot_interfaces__rosidl_typesupport_fastrtps_c.so[0m
[4.753s] [ 74%] [32m[1mLinking CXX shared library libminibot_interfaces__rosidl_typesupport_fastrtps_cpp.so[0m
[4.822s] [ 74%] Built target minibot_interfaces__rosidl_typesupport_fastrtps_c
[4.838s] [ 74%] Built target minibot_interfaces__rosidl_typesupport_fastrtps_cpp
[4.857s] [ 74%] Built target minibot_interfaces
[4.875s] [ 76%] [34m[1mGenerating Python code for ROS interfaces[0m
[5.306s] [ 76%] Built target minibot_interfaces__py
[5.323s] [ 79%] [32mBuilding C object CMakeFiles/minibot_interfaces__rosidl_generator_py.dir/rosidl_generator_py/minibot_interfaces/msg/_lamp_command_s.c.o[0m
[5.326s] [ 82%] [32mBuilding C object CMakeFiles/minibot_interfaces__rosidl_generator_py.dir/rosidl_generator_py/minibot_interfaces/msg/_robot_state_s.c.o[0m
[5.448s] [ 84%] [32m[1mLinking C shared library rosidl_generator_py/minibot_interfaces/libminibot_interfaces__rosidl_generator_py.so[0m
[5.480s] [ 84%] Built target minibot_interfaces__rosidl_generator_py
[5.502s] [ 89%] [32mBuilding C object CMakeFiles/minibot_interfaces__rosidl_typesupport_c__pyext.dir/rosidl_generator_py/minibot_interfaces/_minibot_interfaces_s.ep.rosidl_typesupport_c.c.o[0m
[5.503s] [ 89%] [32mBuilding C object CMakeFiles/minibot_interfaces__rosidl_typesupport_fastrtps_c__pyext.dir/rosidl_generator_py/minibot_interfaces/_minibot_interfaces_s.ep.rosidl_typesupport_fastrtps_c.c.o[0m
[5.503s] [ 92%] [32mBuilding C object CMakeFiles/minibot_interfaces__rosidl_typesupport_introspection_c__pyext.dir/rosidl_generator_py/minibot_interfaces/_minibot_interfaces_s.ep.rosidl_typesupport_introspection_c.c.o[0m
[5.600s] [ 94%] [32m[1mLinking C shared library rosidl_generator_py/minibot_interfaces/minibot_interfaces_s__rosidl_typesupport_introspection_c.cpython-310-x86_64-linux-gnu.so[0m
[5.616s] [ 97%] [32m[1mLinking C shared library rosidl_generator_py/minibot_interfaces/minibot_interfaces_s__rosidl_typesupport_c.cpython-310-x86_64-linux-gnu.so[0m
[5.633s] [100%] [32m[1mLinking C shared library rosidl_generator_py/minibot_interfaces/minibot_interfaces_s__rosidl_typesupport_fastrtps_c.cpython-310-x86_64-linux-gnu.so[0m
[5.642s] [100%] Built target minibot_interfaces__rosidl_typesupport_introspection_c__pyext
[5.662s] [100%] Built target minibot_interfaces__rosidl_typesupport_c__pyext
[5.669s] [100%] Built target minibot_interfaces__rosidl_typesupport_fastrtps_c__pyext
[5.679s] Invoked command in '/home/dong/turtlebot4-ws/build/minibot_interfaces' returned '0': CMAKE_PREFIX_PATH=${CMAKE_PREFIX_PATH}:/home/dong/turtlebot4-ws/install/turtlebot4_cmd_py:/home/dong/turtlebot4-ws/install/teleop_twist_keyboard:/home/dong/turtlebot4_ws/install/turtlebot4_cmd_py:/home/dong/turtlebot4_ws/install/teleop_twist_keyboard:/opt/ros/humble /usr/bin/cmake --build /home/dong/turtlebot4-ws/build/minibot_interfaces -- -j8 -l8
[5.769s] Invoking command in '/home/dong/turtlebot4-ws/build/minibot_interfaces': CMAKE_PREFIX_PATH=${CMAKE_PREFIX_PATH}:/home/dong/turtlebot4-ws/install/turtlebot4_cmd_py:/home/dong/turtlebot4-ws/install/teleop_twist_keyboard:/home/dong/turtlebot4_ws/install/turtlebot4_cmd_py:/home/dong/turtlebot4_ws/install/teleop_twist_keyboard:/opt/ros/humble /usr/bin/cmake --install /home/dong/turtlebot4-ws/build/minibot_interfaces
[5.775s] -- Install configuration: ""
[5.775s] -- Execute custom install script
[5.775s] -- Symlinking: /home/dong/turtlebot4-ws/install/minibot_interfaces/share/ament_index/resource_index/rosidl_interfaces/minibot_interfaces
[5.784s] -- Symlinking: /home/dong/turtlebot4-ws/install/minibot_interfaces/include/minibot_interfaces/minibot_interfaces/msg/detail/lamp_command__functions.h
[5.791s] -- Symlinking: /home/dong/turtlebot4-ws/install/minibot_interfaces/include/minibot_interfaces/minibot_interfaces/msg/detail/lamp_command__struct.h
[5.798s] -- Symlinking: /home/dong/turtlebot4-ws/install/minibot_interfaces/include/minibot_interfaces/minibot_interfaces/msg/detail/lamp_command__type_support.h
[5.806s] -- Symlinking: /home/dong/turtlebot4-ws/install/minibot_interfaces/include/minibot_interfaces/minibot_interfaces/msg/detail/robot_state__functions.h
[5.812s] -- Symlinking: /home/dong/turtlebot4-ws/install/minibot_interfaces/include/minibot_interfaces/minibot_interfaces/msg/detail/robot_state__struct.h
[5.819s] -- Symlinking: /home/dong/turtlebot4-ws/install/minibot_interfaces/include/minibot_interfaces/minibot_interfaces/msg/detail/robot_state__type_support.h
[5.826s] -- Symlinking: /home/dong/turtlebot4-ws/install/minibot_interfaces/include/minibot_interfaces/minibot_interfaces/msg/lamp_command.h
[5.834s] -- Symlinking: /home/dong/turtlebot4-ws/install/minibot_interfaces/include/minibot_interfaces/minibot_interfaces/msg/robot_state.h
[5.841s] -- Symlinking: /home/dong/turtlebot4-ws/install/minibot_interfaces/include/minibot_interfaces/minibot_interfaces/msg/rosidl_generator_c__visibility_control.h
[5.848s] -- Symlinking: /home/dong/turtlebot4-ws/install/minibot_interfaces/share/minibot_interfaces/environment/library_path.sh
[5.857s] -- Symlinking: /home/dong/turtlebot4-ws/install/minibot_interfaces/share/minibot_interfaces/environment/library_path.dsv
[5.864s] -- Symlinking: /home/dong/turtlebot4-ws/install/minibot_interfaces/include/minibot_interfaces/minibot_interfaces/msg/detail/lamp_command__rosidl_typesupport_fastrtps_c.h
[5.871s] -- Symlinking: /home/dong/turtlebot4-ws/install/minibot_interfaces/include/minibot_interfaces/minibot_interfaces/msg/detail/robot_state__rosidl_typesupport_fastrtps_c.h
[5.878s] -- Symlinking: /home/dong/turtlebot4-ws/install/minibot_interfaces/include/minibot_interfaces/minibot_interfaces/msg/rosidl_typesupport_fastrtps_c__visibility_control.h
[5.886s] -- Symlinking: /home/dong/turtlebot4-ws/install/minibot_interfaces/include/minibot_interfaces/minibot_interfaces/msg/detail/lamp_command__builder.hpp
[5.892s] -- Symlinking: /home/dong/turtlebot4-ws/install/minibot_interfaces/include/minibot_interfaces/minibot_interfaces/msg/detail/lamp_command__struct.hpp
[5.899s] -- Symlinking: /home/dong/turtlebot4-ws/install/minibot_interfaces/include/minibot_interfaces/minibot_interfaces/msg/detail/lamp_command__traits.hpp
[5.907s] -- Symlinking: /home/dong/turtlebot4-ws/install/minibot_interfaces/include/minibot_interfaces/minibot_interfaces/msg/detail/robot_state__builder.hpp
[5.913s] -- Symlinking: /home/dong/turtlebot4-ws/install/minibot_interfaces/include/minibot_interfaces/minibot_interfaces/msg/detail/robot_state__struct.hpp
[5.921s] -- Symlinking: /home/dong/turtlebot4-ws/install/minibot_interfaces/include/minibot_interfaces/minibot_interfaces/msg/detail/robot_state__traits.hpp
[5.927s] -- Symlinking: /home/dong/turtlebot4-ws/install/minibot_interfaces/include/minibot_interfaces/minibot_interfaces/msg/lamp_command.hpp
[5.935s] -- Symlinking: /home/dong/turtlebot4-ws/install/minibot_interfaces/include/minibot_interfaces/minibot_interfaces/msg/robot_state.hpp
[5.942s] -- Symlinking: /home/dong/turtlebot4-ws/install/minibot_interfaces/include/minibot_interfaces/minibot_interfaces/msg/detail/lamp_command__rosidl_typesupport_fastrtps_cpp.hpp
[5.949s] -- Symlinking: /home/dong/turtlebot4-ws/install/minibot_interfaces/include/minibot_interfaces/minibot_interfaces/msg/detail/robot_state__rosidl_typesupport_fastrtps_cpp.hpp
[5.957s] -- Symlinking: /home/dong/turtlebot4-ws/install/minibot_interfaces/include/minibot_interfaces/minibot_interfaces/msg/rosidl_typesupport_fastrtps_cpp__visibility_control.h
[5.964s] -- Symlinking: /home/dong/turtlebot4-ws/install/minibot_interfaces/include/minibot_interfaces/minibot_interfaces/msg/detail/lamp_command__rosidl_typesupport_introspection_c.h
[5.972s] -- Symlinking: /home/dong/turtlebot4-ws/install/minibot_interfaces/include/minibot_interfaces/minibot_interfaces/msg/detail/robot_state__rosidl_typesupport_introspection_c.h
[5.980s] -- Symlinking: /home/dong/turtlebot4-ws/install/minibot_interfaces/include/minibot_interfaces/minibot_interfaces/msg/rosidl_typesupport_introspection_c__visibility_control.h
[5.990s] -- Symlinking: /home/dong/turtlebot4-ws/install/minibot_interfaces/include/minibot_interfaces/minibot_interfaces/msg/detail/lamp_command__rosidl_typesupport_introspection_cpp.hpp
[5.996s] -- Symlinking: /home/dong/turtlebot4-ws/install/minibot_interfaces/include/minibot_interfaces/minibot_interfaces/msg/detail/robot_state__rosidl_typesupport_introspection_cpp.hpp
[6.003s] -- Symlinking: /home/dong/turtlebot4-ws/install/minibot_interfaces/share/minibot_interfaces/environment/pythonpath.sh
[6.010s] -- Symlinking: /home/dong/turtlebot4-ws/install/minibot_interfaces/share/minibot_interfaces/environment/pythonpath.dsv
[6.017s] -- Symlinking: /home/dong/turtlebot4-ws/install/minibot_interfaces/local/lib/python3.10/dist-packages/minibot_interfaces-0.0.0-py3.10.egg-info/PKG-INFO
[6.024s] -- Symlinking: /home/dong/turtlebot4-ws/install/minibot_interfaces/local/lib/python3.10/dist-packages/minibot_interfaces-0.0.0-py3.10.egg-info/SOURCES.txt
[6.031s] -- Symlinking: /home/dong/turtlebot4-ws/install/minibot_interfaces/local/lib/python3.10/dist-packages/minibot_interfaces-0.0.0-py3.10.egg-info/dependency_links.txt
[6.039s] -- Symlinking: /home/dong/turtlebot4-ws/install/minibot_interfaces/local/lib/python3.10/dist-packages/minibot_interfaces-0.0.0-py3.10.egg-info/top_level.txt
[6.046s] -- Symlinking: /home/dong/turtlebot4-ws/install/minibot_interfaces/local/lib/python3.10/dist-packages/minibot_interfaces/__init__.py
[6.054s] -- Symlinking: /home/dong/turtlebot4-ws/install/minibot_interfaces/local/lib/python3.10/dist-packages/minibot_interfaces/_minibot_interfaces_s.ep.rosidl_typesupport_c.c
[6.060s] -- Symlinking: /home/dong/turtlebot4-ws/install/minibot_interfaces/local/lib/python3.10/dist-packages/minibot_interfaces/_minibot_interfaces_s.ep.rosidl_typesupport_fastrtps_c.c
[6.068s] -- Symlinking: /home/dong/turtlebot4-ws/install/minibot_interfaces/local/lib/python3.10/dist-packages/minibot_interfaces/_minibot_interfaces_s.ep.rosidl_typesupport_introspection_c.c
[6.075s] -- Symlinking: /home/dong/turtlebot4-ws/install/minibot_interfaces/local/lib/python3.10/dist-packages/minibot_interfaces/libminibot_interfaces__rosidl_generator_py.so
[6.081s] -- Symlinking: /home/dong/turtlebot4-ws/install/minibot_interfaces/local/lib/python3.10/dist-packages/minibot_interfaces/minibot_interfaces_s__rosidl_typesupport_c.cpython-310-x86_64-linux-gnu.so
[6.088s] -- Symlinking: /home/dong/turtlebot4-ws/install/minibot_interfaces/local/lib/python3.10/dist-packages/minibot_interfaces/minibot_interfaces_s__rosidl_typesupport_fastrtps_c.cpython-310-x86_64-linux-gnu.so
[6.095s] -- Symlinking: /home/dong/turtlebot4-ws/install/minibot_interfaces/local/lib/python3.10/dist-packages/minibot_interfaces/minibot_interfaces_s__rosidl_typesupport_introspection_c.cpython-310-x86_64-linux-gnu.so
[6.102s] -- Symlinking: /home/dong/turtlebot4-ws/install/minibot_interfaces/local/lib/python3.10/dist-packages/minibot_interfaces/msg/__init__.py
[6.109s] -- Symlinking: /home/dong/turtlebot4-ws/install/minibot_interfaces/local/lib/python3.10/dist-packages/minibot_interfaces/msg/_lamp_command.py
[6.116s] -- Symlinking: /home/dong/turtlebot4-ws/install/minibot_interfaces/local/lib/python3.10/dist-packages/minibot_interfaces/msg/_lamp_command_s.c
[6.123s] -- Symlinking: /home/dong/turtlebot4-ws/install/minibot_interfaces/local/lib/python3.10/dist-packages/minibot_interfaces/msg/_robot_state.py
[6.129s] -- Symlinking: /home/dong/turtlebot4-ws/install/minibot_interfaces/local/lib/python3.10/dist-packages/minibot_interfaces/msg/_robot_state_s.c
[6.136s] -- Up-to-date symlink: /home/dong/turtlebot4-ws/install/minibot_interfaces/local/lib/python3.10/dist-packages/minibot_interfaces/minibot_interfaces_s__rosidl_typesupport_fastrtps_c.cpython-310-x86_64-linux-gnu.so
[6.136s] -- Up-to-date symlink: /home/dong/turtlebot4-ws/install/minibot_interfaces/local/lib/python3.10/dist-packages/minibot_interfaces/minibot_interfaces_s__rosidl_typesupport_introspection_c.cpython-310-x86_64-linux-gnu.so
[6.136s] -- Up-to-date symlink: /home/dong/turtlebot4-ws/install/minibot_interfaces/local/lib/python3.10/dist-packages/minibot_interfaces/minibot_interfaces_s__rosidl_typesupport_c.cpython-310-x86_64-linux-gnu.so
[6.136s] -- Symlinking: /home/dong/turtlebot4-ws/install/minibot_interfaces/share/minibot_interfaces/msg/LampCommand.idl
[6.143s] -- Symlinking: /home/dong/turtlebot4-ws/install/minibot_interfaces/share/minibot_interfaces/msg/RobotState.idl
[6.150s] -- Symlinking: /home/dong/turtlebot4-ws/install/minibot_interfaces/share/minibot_interfaces/msg/LampCommand.msg
[6.157s] -- Symlinking: /home/dong/turtlebot4-ws/install/minibot_interfaces/share/minibot_interfaces/msg/RobotState.msg
[6.164s] -- Symlinking: /home/dong/turtlebot4-ws/install/minibot_interfaces/share/ament_index/resource_index/package_run_dependencies/minibot_interfaces
[6.171s] -- Symlinking: /home/dong/turtlebot4-ws/install/minibot_interfaces/share/ament_index/resource_index/parent_prefix_path/minibot_interfaces
[6.177s] -- Symlinking: /home/dong/turtlebot4-ws/install/minibot_interfaces/share/minibot_interfaces/environment/ament_prefix_path.sh
[6.184s] -- Symlinking: /home/dong/turtlebot4-ws/install/minibot_interfaces/share/minibot_interfaces/environment/ament_prefix_path.dsv
[6.191s] -- Symlinking: /home/dong/turtlebot4-ws/install/minibot_interfaces/share/minibot_interfaces/environment/path.sh
[6.198s] -- Symlinking: /home/dong/turtlebot4-ws/install/minibot_interfaces/share/minibot_interfaces/environment/path.dsv
[6.206s] -- Symlinking: /home/dong/turtlebot4-ws/install/minibot_interfaces/share/minibot_interfaces/local_setup.bash
[6.212s] -- Symlinking: /home/dong/turtlebot4-ws/install/minibot_interfaces/share/minibot_interfaces/local_setup.sh
[6.220s] -- Symlinking: /home/dong/turtlebot4-ws/install/minibot_interfaces/share/minibot_interfaces/local_setup.zsh
[6.227s] -- Symlinking: /home/dong/turtlebot4-ws/install/minibot_interfaces/share/minibot_interfaces/local_setup.dsv
[6.234s] -- Symlinking: /home/dong/turtlebot4-ws/install/minibot_interfaces/share/minibot_interfaces/package.dsv
[6.241s] -- Symlinking: /home/dong/turtlebot4-ws/install/minibot_interfaces/share/ament_index/resource_index/packages/minibot_interfaces
[6.249s] -- Symlinking: /home/dong/turtlebot4-ws/install/minibot_interfaces/share/minibot_interfaces/cmake/rosidl_cmake-extras.cmake
[6.254s] -- Symlinking: /home/dong/turtlebot4-ws/install/minibot_interfaces/share/minibot_interfaces/cmake/ament_cmake_export_dependencies-extras.cmake
[6.261s] -- Symlinking: /home/dong/turtlebot4-ws/install/minibot_interfaces/share/minibot_interfaces/cmake/ament_cmake_export_include_directories-extras.cmake
[6.269s] -- Symlinking: /home/dong/turtlebot4-ws/install/minibot_interfaces/share/minibot_interfaces/cmake/ament_cmake_export_libraries-extras.cmake
[6.276s] -- Symlinking: /home/dong/turtlebot4-ws/install/minibot_interfaces/share/minibot_interfaces/cmake/ament_cmake_export_targets-extras.cmake
[6.285s] -- Symlinking: /home/dong/turtlebot4-ws/install/minibot_interfaces/share/minibot_interfaces/cmake/rosidl_cmake_export_typesupport_targets-extras.cmake
[6.292s] -- Symlinking: /home/dong/turtlebot4-ws/install/minibot_interfaces/share/minibot_interfaces/cmake/rosidl_cmake_export_typesupport_libraries-extras.cmake
[6.298s] -- Symlinking: /home/dong/turtlebot4-ws/install/minibot_interfaces/share/minibot_interfaces/cmake/minibot_interfacesConfig.cmake
[6.306s] -- Symlinking: /home/dong/turtlebot4-ws/install/minibot_interfaces/share/minibot_interfaces/cmake/minibot_interfacesConfig-version.cmake
[6.312s] -- Symlinking: /home/dong/turtlebot4-ws/install/minibot_interfaces/share/minibot_interfaces/package.xml
[6.318s] -- Installing: /home/dong/turtlebot4-ws/install/minibot_interfaces/lib/libminibot_interfaces__rosidl_generator_c.so
[6.319s] -- Set runtime path of "/home/dong/turtlebot4-ws/install/minibot_interfaces/lib/libminibot_interfaces__rosidl_generator_c.so" to ""
[6.319s] -- Installing: /home/dong/turtlebot4-ws/install/minibot_interfaces/lib/libminibot_interfaces__rosidl_typesupport_fastrtps_c.so
[6.319s] -- Set runtime path of "/home/dong/turtlebot4-ws/install/minibot_interfaces/lib/libminibot_interfaces__rosidl_typesupport_fastrtps_c.so" to ""
[6.319s] -- Installing: /home/dong/turtlebot4-ws/install/minibot_interfaces/lib/libminibot_interfaces__rosidl_typesupport_fastrtps_cpp.so
[6.319s] -- Set runtime path of "/home/dong/turtlebot4-ws/install/minibot_interfaces/lib/libminibot_interfaces__rosidl_typesupport_fastrtps_cpp.so" to ""
[6.319s] -- Installing: /home/dong/turtlebot4-ws/install/minibot_interfaces/lib/libminibot_interfaces__rosidl_typesupport_introspection_c.so
[6.319s] -- Set runtime path of "/home/dong/turtlebot4-ws/install/minibot_interfaces/lib/libminibot_interfaces__rosidl_typesupport_introspection_c.so" to ""
[6.320s] -- Installing: /home/dong/turtlebot4-ws/install/minibot_interfaces/lib/libminibot_interfaces__rosidl_typesupport_c.so
[6.320s] -- Set runtime path of "/home/dong/turtlebot4-ws/install/minibot_interfaces/lib/libminibot_interfaces__rosidl_typesupport_c.so" to ""
[6.320s] -- Installing: /home/dong/turtlebot4-ws/install/minibot_interfaces/lib/libminibot_interfaces__rosidl_typesupport_introspection_cpp.so
[6.320s] -- Set runtime path of "/home/dong/turtlebot4-ws/install/minibot_interfaces/lib/libminibot_interfaces__rosidl_typesupport_introspection_cpp.so" to ""
[6.320s] -- Installing: /home/dong/turtlebot4-ws/install/minibot_interfaces/lib/libminibot_interfaces__rosidl_typesupport_cpp.so
[6.320s] -- Set runtime path of "/home/dong/turtlebot4-ws/install/minibot_interfaces/lib/libminibot_interfaces__rosidl_typesupport_cpp.so" to ""
[6.347s] Listing '/home/dong/turtlebot4-ws/install/minibot_interfaces/local/lib/python3.10/dist-packages/minibot_interfaces'...
[6.347s] Compiling '/home/dong/turtlebot4-ws/install/minibot_interfaces/local/lib/python3.10/dist-packages/minibot_interfaces/__init__.py'...
[6.347s] Listing '/home/dong/turtlebot4-ws/install/minibot_interfaces/local/lib/python3.10/dist-packages/minibot_interfaces/msg'...
[6.347s] Compiling '/home/dong/turtlebot4-ws/install/minibot_interfaces/local/lib/python3.10/dist-packages/minibot_interfaces/msg/__init__.py'...
[6.347s] Compiling '/home/dong/turtlebot4-ws/install/minibot_interfaces/local/lib/python3.10/dist-packages/minibot_interfaces/msg/_lamp_command.py'...
[6.347s] Compiling '/home/dong/turtlebot4-ws/install/minibot_interfaces/local/lib/python3.10/dist-packages/minibot_interfaces/msg/_robot_state.py'...
[6.351s] -- Installing: /home/dong/turtlebot4-ws/install/minibot_interfaces/lib/libminibot_interfaces__rosidl_generator_py.so
[6.351s] -- Set runtime path of "/home/dong/turtlebot4-ws/install/minibot_interfaces/lib/libminibot_interfaces__rosidl_generator_py.so" to ""
[6.351s] -- Installing: /home/dong/turtlebot4-ws/install/minibot_interfaces/share/minibot_interfaces/cmake/export_minibot_interfaces__rosidl_generator_cExport.cmake
[6.352s] -- Installing: /home/dong/turtlebot4-ws/install/minibot_interfaces/share/minibot_interfaces/cmake/export_minibot_interfaces__rosidl_generator_cExport-noconfig.cmake
[6.352s] -- Installing: /home/dong/turtlebot4-ws/install/minibot_interfaces/share/minibot_interfaces/cmake/export_minibot_interfaces__rosidl_typesupport_fastrtps_cExport.cmake
[6.352s] -- Installing: /home/dong/turtlebot4-ws/install/minibot_interfaces/share/minibot_interfaces/cmake/export_minibot_interfaces__rosidl_typesupport_fastrtps_cExport-noconfig.cmake
[6.352s] -- Installing: /home/dong/turtlebot4-ws/install/minibot_interfaces/share/minibot_interfaces/cmake/export_minibot_interfaces__rosidl_generator_cppExport.cmake
[6.352s] -- Installing: /home/dong/turtlebot4-ws/install/minibot_interfaces/share/minibot_interfaces/cmake/export_minibot_interfaces__rosidl_typesupport_fastrtps_cppExport.cmake
[6.352s] -- Installing: /home/dong/turtlebot4-ws/install/minibot_interfaces/share/minibot_interfaces/cmake/export_minibot_interfaces__rosidl_typesupport_fastrtps_cppExport-noconfig.cmake
[6.352s] -- Installing: /home/dong/turtlebot4-ws/install/minibot_interfaces/share/minibot_interfaces/cmake/minibot_interfaces__rosidl_typesupport_introspection_cExport.cmake
[6.352s] -- Installing: /home/dong/turtlebot4-ws/install/minibot_interfaces/share/minibot_interfaces/cmake/minibot_interfaces__rosidl_typesupport_introspection_cExport-noconfig.cmake
[6.352s] -- Installing: /home/dong/turtlebot4-ws/install/minibot_interfaces/share/minibot_interfaces/cmake/minibot_interfaces__rosidl_typesupport_cExport.cmake
[6.353s] -- Installing: /home/dong/turtlebot4-ws/install/minibot_interfaces/share/minibot_interfaces/cmake/minibot_interfaces__rosidl_typesupport_cExport-noconfig.cmake
[6.353s] -- Installing: /home/dong/turtlebot4-ws/install/minibot_interfaces/share/minibot_interfaces/cmake/minibot_interfaces__rosidl_typesupport_introspection_cppExport.cmake
[6.353s] -- Installing: /home/dong/turtlebot4-ws/install/minibot_interfaces/share/minibot_interfaces/cmake/minibot_interfaces__rosidl_typesupport_introspection_cppExport-noconfig.cmake
[6.353s] -- Installing: /home/dong/turtlebot4-ws/install/minibot_interfaces/share/minibot_interfaces/cmake/minibot_interfaces__rosidl_typesupport_cppExport.cmake
[6.353s] -- Installing: /home/dong/turtlebot4-ws/install/minibot_interfaces/share/minibot_interfaces/cmake/minibot_interfaces__rosidl_typesupport_cppExport-noconfig.cmake
[6.353s] -- Installing: /home/dong/turtlebot4-ws/install/minibot_interfaces/share/minibot_interfaces/cmake/export_minibot_interfaces__rosidl_generator_pyExport.cmake
[6.353s] -- Installing: /home/dong/turtlebot4-ws/install/minibot_interfaces/share/minibot_interfaces/cmake/export_minibot_interfaces__rosidl_generator_pyExport-noconfig.cmake
[6.355s] Invoked command in '/home/dong/turtlebot4-ws/build/minibot_interfaces' returned '0': CMAKE_PREFIX_PATH=${CMAKE_PREFIX_PATH}:/home/dong/turtlebot4-ws/install/turtlebot4_cmd_py:/home/dong/turtlebot4-ws/install/teleop_twist_keyboard:/home/dong/turtlebot4_ws/install/turtlebot4_cmd_py:/home/dong/turtlebot4_ws/install/teleop_twist_keyboard:/opt/ros/humble /usr/bin/cmake --install /home/dong/turtlebot4-ws/build/minibot_interfaces
