[0.962s] Invoking command in '/home/dong/turtlebot4_project/turtlebot4-ws/build/turtlebot4_cmd_py': PYTHONPATH=/home/dong/turtlebot4_project/turtlebot4-ws/build/turtlebot4_cmd_py/prefix_override:/home/dong/turtlebot4_project/turtlebot4-ws/install/turtlebot4_cmd_py/lib/python3.10/site-packages:${PYTHONPATH} /usr/bin/python3 setup.py develop --editable --build-directory /home/dong/turtlebot4_project/turtlebot4-ws/build/turtlebot4_cmd_py/build --no-deps install_data
[1.228s] running develop
[1.229s] /home/dong/.local/lib/python3.10/site-packages/setuptools/command/develop.py:39: EasyInstallDeprecationWarning: easy_install command is deprecated.
[1.229s] !!
[1.229s] 
[1.229s]         ********************************************************************************
[1.229s]         Please avoid running ``setup.py`` and ``easy_install``.
[1.229s]         Instead, use pypa/build, pypa/installer or other
[1.229s]         standards-based tools.
[1.229s] 
[1.229s]         See https://github.com/pypa/setuptools/issues/917 for details.
[1.229s]         ********************************************************************************
[1.229s] 
[1.229s] !!
[1.230s]   easy_install.initialize_options(self)
[1.254s] /home/dong/.local/lib/python3.10/site-packages/setuptools/_distutils/cmd.py:66: SetuptoolsDeprecationWarning: setup.py install is deprecated.
[1.254s] !!
[1.254s] 
[1.255s]         ********************************************************************************
[1.255s]         Please avoid running ``setup.py`` directly.
[1.255s]         Instead, use pypa/build, pypa/installer or other
[1.255s]         standards-based tools.
[1.255s] 
[1.255s]         See https://blog.ganssle.io/articles/2021/10/setup-py-deprecated.html for details.
[1.255s]         ********************************************************************************
[1.255s] 
[1.255s] !!
[1.255s]   self.initialize_options()
[1.406s] running egg_info
[1.418s] writing turtlebot4_cmd_py.egg-info/PKG-INFO
[1.418s] writing dependency_links to turtlebot4_cmd_py.egg-info/dependency_links.txt
[1.418s] writing entry points to turtlebot4_cmd_py.egg-info/entry_points.txt
[1.419s] writing requirements to turtlebot4_cmd_py.egg-info/requires.txt
[1.419s] writing top-level names to turtlebot4_cmd_py.egg-info/top_level.txt
[1.444s] reading manifest file 'turtlebot4_cmd_py.egg-info/SOURCES.txt'
[1.445s] writing manifest file 'turtlebot4_cmd_py.egg-info/SOURCES.txt'
[1.458s] running build_ext
[1.458s] Creating /home/dong/turtlebot4_project/turtlebot4-ws/install/turtlebot4_cmd_py/lib/python3.10/site-packages/turtlebot4_cmd_py.egg-link (link to .)
[1.459s] Installing Turtlebot4Ctl script to /home/dong/turtlebot4_project/turtlebot4-ws/install/turtlebot4_cmd_py/lib/turtlebot4_cmd_py
[1.459s] Installing pub script to /home/dong/turtlebot4_project/turtlebot4-ws/install/turtlebot4_cmd_py/lib/turtlebot4_cmd_py
[1.459s] Installing sub script to /home/dong/turtlebot4_project/turtlebot4-ws/install/turtlebot4_cmd_py/lib/turtlebot4_cmd_py
[1.459s] Installing test script to /home/dong/turtlebot4_project/turtlebot4-ws/install/turtlebot4_cmd_py/lib/turtlebot4_cmd_py
[1.459s] Installing test1 script to /home/dong/turtlebot4_project/turtlebot4-ws/install/turtlebot4_cmd_py/lib/turtlebot4_cmd_py
[1.459s] Installing test2 script to /home/dong/turtlebot4_project/turtlebot4-ws/install/turtlebot4_cmd_py/lib/turtlebot4_cmd_py
[1.460s] 
[1.460s] Installed /home/dong/turtlebot4_project/turtlebot4-ws/build/turtlebot4_cmd_py
[1.460s] running install_data
[1.460s] copying resource/turtlebot4_cmd_py -> /home/dong/turtlebot4_project/turtlebot4-ws/install/turtlebot4_cmd_py/share/ament_index/resource_index/packages
[1.460s] copying package.xml -> /home/dong/turtlebot4_project/turtlebot4-ws/install/turtlebot4_cmd_py/share/turtlebot4_cmd_py
[1.460s] copying launch/turtlebot4_launch.launch.py -> /home/dong/turtlebot4_project/turtlebot4-ws/install/turtlebot4_cmd_py/share/turtlebot4_cmd_py
[1.485s] Invoked command in '/home/dong/turtlebot4_project/turtlebot4-ws/build/turtlebot4_cmd_py' returned '0': PYTHONPATH=/home/dong/turtlebot4_project/turtlebot4-ws/build/turtlebot4_cmd_py/prefix_override:/home/dong/turtlebot4_project/turtlebot4-ws/install/turtlebot4_cmd_py/lib/python3.10/site-packages:${PYTHONPATH} /usr/bin/python3 setup.py develop --editable --build-directory /home/dong/turtlebot4_project/turtlebot4-ws/build/turtlebot4_cmd_py/build --no-deps install_data
