running develop
/home/dong/.local/lib/python3.10/site-packages/setuptools/command/develop.py:39: EasyInstallDeprecationWarning: easy_install command is deprecated.
!!

        ********************************************************************************
        Please avoid running ``setup.py`` and ``easy_install``.
        Instead, use pypa/build, pypa/installer or other
        standards-based tools.

        See https://github.com/pypa/setuptools/issues/917 for details.
        ********************************************************************************

!!
  easy_install.initialize_options(self)
/home/dong/.local/lib/python3.10/site-packages/setuptools/_distutils/cmd.py:66: SetuptoolsDeprecationWarning: setup.py install is deprecated.
!!

        ********************************************************************************
        Please avoid running ``setup.py`` directly.
        Instead, use pypa/build, pypa/installer or other
        standards-based tools.

        See https://blog.ganssle.io/articles/2021/10/setup-py-deprecated.html for details.
        ********************************************************************************

!!
  self.initialize_options()
running egg_info
writing teleop_twist_keyboard.egg-info/PKG-INFO
writing dependency_links to teleop_twist_keyboard.egg-info/dependency_links.txt
writing entry points to teleop_twist_keyboard.egg-info/entry_points.txt
writing requirements to teleop_twist_keyboard.egg-info/requires.txt
writing top-level names to teleop_twist_keyboard.egg-info/top_level.txt
reading manifest file 'teleop_twist_keyboard.egg-info/SOURCES.txt'
writing manifest file 'teleop_twist_keyboard.egg-info/SOURCES.txt'
running build_ext
Creating /home/dong/turtlebot4-ws/install/teleop_twist_keyboard/lib/python3.10/site-packages/teleop_twist_keyboard.egg-link (link to .)
Installing teleop_twist_keyboard script to /home/dong/turtlebot4-ws/install/teleop_twist_keyboard/bin

Installed /home/dong/turtlebot4-ws/build/teleop_twist_keyboard
