[0.883s] Invoking command in '/home/dong/turtlebot4_ws/build/turtlebot4_cmd_py': PYTHONPATH=/home/dong/turtlebot4_ws/build/turtlebot4_cmd_py/prefix_override:/home/dong/turtlebot4_ws/install/turtlebot4_cmd_py/lib/python3.10/site-packages:${PYTHONPATH} /usr/bin/python3 setup.py develop --editable --build-directory /home/dong/turtlebot4_ws/build/turtlebot4_cmd_py/build --no-deps install_data
[1.113s] /home/dong/.local/lib/python3.10/site-packages/setuptools/command/develop.py:39: EasyInstallDeprecationWarning: easy_install command is deprecated.
[1.113s] !!
[1.113s] 
[1.113s]         ********************************************************************************
[1.113s]         Please avoid running ``setup.py`` and ``easy_install``.
[1.113s]         Instead, use pypa/build, pypa/installer or other
[1.113s]         standards-based tools.
[1.113s] 
[1.113s]         See https://github.com/pypa/setuptools/issues/917 for details.
[1.113s]         ********************************************************************************
[1.113s] 
[1.113s] !!
[1.113s]   easy_install.initialize_options(self)
[1.113s] running develop
[1.136s] /home/dong/.local/lib/python3.10/site-packages/setuptools/_distutils/cmd.py:66: SetuptoolsDeprecationWarning: setup.py install is deprecated.
[1.136s] !!
[1.136s] 
[1.136s]         ********************************************************************************
[1.136s]         Please avoid running ``setup.py`` directly.
[1.136s]         Instead, use pypa/build, pypa/installer or other
[1.136s]         standards-based tools.
[1.136s] 
[1.136s]         See https://blog.ganssle.io/articles/2021/10/setup-py-deprecated.html for details.
[1.136s]         ********************************************************************************
[1.136s] 
[1.136s] !!
[1.136s]   self.initialize_options()
[1.273s] running egg_info
[1.285s] writing turtlebot4_cmd_py.egg-info/PKG-INFO
[1.285s] writing dependency_links to turtlebot4_cmd_py.egg-info/dependency_links.txt
[1.285s] writing entry points to turtlebot4_cmd_py.egg-info/entry_points.txt
[1.285s] writing requirements to turtlebot4_cmd_py.egg-info/requires.txt
[1.285s] writing top-level names to turtlebot4_cmd_py.egg-info/top_level.txt
[1.310s] reading manifest file 'turtlebot4_cmd_py.egg-info/SOURCES.txt'
[1.310s] writing manifest file 'turtlebot4_cmd_py.egg-info/SOURCES.txt'
[1.324s] running build_ext
[1.324s] Creating /home/dong/turtlebot4_ws/install/turtlebot4_cmd_py/lib/python3.10/site-packages/turtlebot4_cmd_py.egg-link (link to .)
[1.324s] Installing Turtlebot4Ctl script to /home/dong/turtlebot4_ws/install/turtlebot4_cmd_py/lib/turtlebot4_cmd_py
[1.325s] 
[1.325s] Installed /home/dong/turtlebot4_ws/build/turtlebot4_cmd_py
[1.325s] running install_data
[1.325s] copying resource/turtlebot4_cmd_py -> /home/dong/turtlebot4_ws/install/turtlebot4_cmd_py/share/ament_index/resource_index/packages
[1.325s] copying package.xml -> /home/dong/turtlebot4_ws/install/turtlebot4_cmd_py/share/turtlebot4_cmd_py
[1.414s] Invoked command in '/home/dong/turtlebot4_ws/build/turtlebot4_cmd_py' returned '0': PYTHONPATH=/home/dong/turtlebot4_ws/build/turtlebot4_cmd_py/prefix_override:/home/dong/turtlebot4_ws/install/turtlebot4_cmd_py/lib/python3.10/site-packages:${PYTHONPATH} /usr/bin/python3 setup.py develop --editable --build-directory /home/dong/turtlebot4_ws/build/turtlebot4_cmd_py/build --no-deps install_data
