[0.733s] DEBUG:colcon:Command line arguments: ['/usr/bin/colcon', 'build']
[0.733s] DEBUG:colcon:Parsed command line arguments: Namespace(log_base=None, log_level=None, verb_name='build', build_base='build', install_base='install', merge_install=False, symlink_install=False, test_result_base=None, continue_on_error=False, executor='parallel', parallel_workers=8, event_handlers=None, ignore_user_meta=False, metas=['./colcon.meta'], base_paths=['.'], packages_ignore=None, packages_ignore_regex=None, paths=None, packages_up_to=None, packages_up_to_regex=None, packages_above=None, packages_above_and_dependencies=None, packages_above_depth=None, packages_select_by_dep=None, packages_skip_by_dep=None, packages_skip_up_to=None, packages_select_build_failed=False, packages_skip_build_finished=False, packages_select_test_failures=False, packages_skip_test_passed=False, packages_select=None, packages_skip=None, packages_select_regex=None, packages_skip_regex=None, packages_start=None, packages_end=None, allow_overriding=[], cmake_args=None, cmake_target=None, cmake_target_skip_unavailable=False, cmake_clean_cache=False, cmake_clean_first=False, cmake_force_configure=False, ament_cmake_args=None, catkin_cmake_args=None, catkin_skip_building_tests=False, verb_parser=<colcon_defaults.argument_parser.defaults.DefaultArgumentsDecorator object at 0x7f0dddf41a50>, verb_extension=<colcon_core.verb.build.BuildVerb object at 0x7f0dde3d3f40>, main=<bound method BuildVerb.main of <colcon_core.verb.build.BuildVerb object at 0x7f0dde3d3f40>>)
[0.773s] Level 1:colcon.colcon_core.package_discovery:discover_packages(colcon_meta) check parameters
[0.773s] Level 1:colcon.colcon_core.package_discovery:discover_packages(recursive) check parameters
[0.773s] Level 1:colcon.colcon_core.package_discovery:discover_packages(ignore) check parameters
[0.773s] Level 1:colcon.colcon_core.package_discovery:discover_packages(path) check parameters
[0.773s] Level 1:colcon.colcon_core.package_discovery:discover_packages(colcon_meta) discover
[0.773s] Level 1:colcon.colcon_core.package_discovery:discover_packages(recursive) discover
[0.773s] INFO:colcon.colcon_core.package_discovery:Crawling recursively for packages in '/home/dong/turtlebot4_ws'
[0.774s] Level 1:colcon.colcon_core.package_identification:_identify(.) by extensions ['ignore', 'ignore_ament_install']
[0.774s] Level 1:colcon.colcon_core.package_identification:_identify(.) by extension 'ignore'
[0.774s] Level 1:colcon.colcon_core.package_identification:_identify(.) by extension 'ignore_ament_install'
[0.774s] Level 1:colcon.colcon_core.package_identification:_identify(.) by extensions ['colcon_pkg']
[0.774s] Level 1:colcon.colcon_core.package_identification:_identify(.) by extension 'colcon_pkg'
[0.774s] Level 1:colcon.colcon_core.package_identification:_identify(.) by extensions ['colcon_meta']
[0.774s] Level 1:colcon.colcon_core.package_identification:_identify(.) by extension 'colcon_meta'
[0.774s] Level 1:colcon.colcon_core.package_identification:_identify(.) by extensions ['ros']
[0.774s] Level 1:colcon.colcon_core.package_identification:_identify(.) by extension 'ros'
[0.790s] Level 1:colcon.colcon_core.package_identification:_identify(.) by extensions ['cmake', 'python']
[0.790s] Level 1:colcon.colcon_core.package_identification:_identify(.) by extension 'cmake'
[0.790s] Level 1:colcon.colcon_core.package_identification:_identify(.) by extension 'python'
[0.790s] Level 1:colcon.colcon_core.package_identification:_identify(.) by extensions ['python_setup_py']
[0.790s] Level 1:colcon.colcon_core.package_identification:_identify(.) by extension 'python_setup_py'
[0.790s] Level 1:colcon.colcon_core.package_identification:_identify(build) by extensions ['ignore', 'ignore_ament_install']
[0.791s] Level 1:colcon.colcon_core.package_identification:_identify(build) by extension 'ignore'
[0.791s] Level 1:colcon.colcon_core.package_identification:_identify(build) ignored
[0.791s] Level 1:colcon.colcon_core.package_identification:_identify(install) by extensions ['ignore', 'ignore_ament_install']
[0.791s] Level 1:colcon.colcon_core.package_identification:_identify(install) by extension 'ignore'
[0.791s] Level 1:colcon.colcon_core.package_identification:_identify(install) ignored
[0.791s] Level 1:colcon.colcon_core.package_identification:_identify(log) by extensions ['ignore', 'ignore_ament_install']
[0.791s] Level 1:colcon.colcon_core.package_identification:_identify(log) by extension 'ignore'
[0.791s] Level 1:colcon.colcon_core.package_identification:_identify(log) ignored
[0.791s] Level 1:colcon.colcon_core.package_identification:_identify(src) by extensions ['ignore', 'ignore_ament_install']
[0.791s] Level 1:colcon.colcon_core.package_identification:_identify(src) by extension 'ignore'
[0.791s] Level 1:colcon.colcon_core.package_identification:_identify(src) by extension 'ignore_ament_install'
[0.791s] Level 1:colcon.colcon_core.package_identification:_identify(src) by extensions ['colcon_pkg']
[0.791s] Level 1:colcon.colcon_core.package_identification:_identify(src) by extension 'colcon_pkg'
[0.791s] Level 1:colcon.colcon_core.package_identification:_identify(src) by extensions ['colcon_meta']
[0.791s] Level 1:colcon.colcon_core.package_identification:_identify(src) by extension 'colcon_meta'
[0.791s] Level 1:colcon.colcon_core.package_identification:_identify(src) by extensions ['ros']
[0.791s] Level 1:colcon.colcon_core.package_identification:_identify(src) by extension 'ros'
[0.791s] Level 1:colcon.colcon_core.package_identification:_identify(src) by extensions ['cmake', 'python']
[0.791s] Level 1:colcon.colcon_core.package_identification:_identify(src) by extension 'cmake'
[0.791s] Level 1:colcon.colcon_core.package_identification:_identify(src) by extension 'python'
[0.791s] Level 1:colcon.colcon_core.package_identification:_identify(src) by extensions ['python_setup_py']
[0.791s] Level 1:colcon.colcon_core.package_identification:_identify(src) by extension 'python_setup_py'
[0.791s] Level 1:colcon.colcon_core.package_identification:_identify(src/turtlebot4_ctl) by extensions ['ignore', 'ignore_ament_install']
[0.791s] Level 1:colcon.colcon_core.package_identification:_identify(src/turtlebot4_ctl) by extension 'ignore'
[0.791s] Level 1:colcon.colcon_core.package_identification:_identify(src/turtlebot4_ctl) by extension 'ignore_ament_install'
[0.792s] Level 1:colcon.colcon_core.package_identification:_identify(src/turtlebot4_ctl) by extensions ['colcon_pkg']
[0.792s] Level 1:colcon.colcon_core.package_identification:_identify(src/turtlebot4_ctl) by extension 'colcon_pkg'
[0.792s] Level 1:colcon.colcon_core.package_identification:_identify(src/turtlebot4_ctl) by extensions ['colcon_meta']
[0.792s] Level 1:colcon.colcon_core.package_identification:_identify(src/turtlebot4_ctl) by extension 'colcon_meta'
[0.792s] Level 1:colcon.colcon_core.package_identification:_identify(src/turtlebot4_ctl) by extensions ['ros']
[0.792s] Level 1:colcon.colcon_core.package_identification:_identify(src/turtlebot4_ctl) by extension 'ros'
[0.792s] Level 1:colcon.colcon_core.package_identification:_identify(src/turtlebot4_ctl) by extensions ['cmake', 'python']
[0.792s] Level 1:colcon.colcon_core.package_identification:_identify(src/turtlebot4_ctl) by extension 'cmake'
[0.792s] Level 1:colcon.colcon_core.package_identification:_identify(src/turtlebot4_ctl) by extension 'python'
[0.792s] Level 1:colcon.colcon_core.package_identification:_identify(src/turtlebot4_ctl) by extensions ['python_setup_py']
[0.792s] Level 1:colcon.colcon_core.package_identification:_identify(src/turtlebot4_ctl) by extension 'python_setup_py'
[0.792s] Level 1:colcon.colcon_core.package_identification:_identify(src/turtlebot4_setup) by extensions ['ignore', 'ignore_ament_install']
[0.792s] Level 1:colcon.colcon_core.package_identification:_identify(src/turtlebot4_setup) by extension 'ignore'
[0.792s] Level 1:colcon.colcon_core.package_identification:_identify(src/turtlebot4_setup) by extension 'ignore_ament_install'
[0.792s] Level 1:colcon.colcon_core.package_identification:_identify(src/turtlebot4_setup) by extensions ['colcon_pkg']
[0.792s] Level 1:colcon.colcon_core.package_identification:_identify(src/turtlebot4_setup) by extension 'colcon_pkg'
[0.792s] Level 1:colcon.colcon_core.package_identification:_identify(src/turtlebot4_setup) by extensions ['colcon_meta']
[0.792s] Level 1:colcon.colcon_core.package_identification:_identify(src/turtlebot4_setup) by extension 'colcon_meta'
[0.792s] Level 1:colcon.colcon_core.package_identification:_identify(src/turtlebot4_setup) by extensions ['ros']
[0.792s] Level 1:colcon.colcon_core.package_identification:_identify(src/turtlebot4_setup) by extension 'ros'
[0.794s] DEBUG:colcon.colcon_core.package_identification:Package 'src/turtlebot4_setup' with type 'ros.ament_cmake' and name 'turtlebot4_setup'
[0.794s] Level 1:colcon.colcon_core.package_discovery:discover_packages(recursive) using defaults
[0.794s] Level 1:colcon.colcon_core.package_discovery:discover_packages(ignore) discover
[0.794s] Level 1:colcon.colcon_core.package_discovery:discover_packages(ignore) using defaults
[0.794s] Level 1:colcon.colcon_core.package_discovery:discover_packages(path) discover
[0.794s] Level 1:colcon.colcon_core.package_discovery:discover_packages(path) using defaults
[0.863s] Level 1:colcon.colcon_core.package_discovery:discover_packages(prefix_path) check parameters
[0.863s] Level 1:colcon.colcon_core.package_discovery:discover_packages(prefix_path) discover
[0.887s] DEBUG:colcon.colcon_installed_package_information.package_discovery:Found 505 installed packages in /opt/ros/humble
[0.888s] Level 1:colcon.colcon_core.package_discovery:discover_packages(prefix_path) using defaults
[0.966s] Level 5:colcon.colcon_core.verb:set package 'turtlebot4_setup' build argument 'cmake_args' from command line to 'None'
[0.966s] Level 5:colcon.colcon_core.verb:set package 'turtlebot4_setup' build argument 'cmake_target' from command line to 'None'
[0.966s] Level 5:colcon.colcon_core.verb:set package 'turtlebot4_setup' build argument 'cmake_target_skip_unavailable' from command line to 'False'
[0.966s] Level 5:colcon.colcon_core.verb:set package 'turtlebot4_setup' build argument 'cmake_clean_cache' from command line to 'False'
[0.966s] Level 5:colcon.colcon_core.verb:set package 'turtlebot4_setup' build argument 'cmake_clean_first' from command line to 'False'
[0.966s] Level 5:colcon.colcon_core.verb:set package 'turtlebot4_setup' build argument 'cmake_force_configure' from command line to 'False'
[0.966s] Level 5:colcon.colcon_core.verb:set package 'turtlebot4_setup' build argument 'ament_cmake_args' from command line to 'None'
[0.966s] Level 5:colcon.colcon_core.verb:set package 'turtlebot4_setup' build argument 'catkin_cmake_args' from command line to 'None'
[0.966s] Level 5:colcon.colcon_core.verb:set package 'turtlebot4_setup' build argument 'catkin_skip_building_tests' from command line to 'False'
[0.966s] DEBUG:colcon.colcon_core.verb:Building package 'turtlebot4_setup' with the following arguments: {'ament_cmake_args': None, 'build_base': '/home/dong/turtlebot4_ws/build/turtlebot4_setup', 'catkin_cmake_args': None, 'catkin_skip_building_tests': False, 'cmake_args': None, 'cmake_clean_cache': False, 'cmake_clean_first': False, 'cmake_force_configure': False, 'cmake_target': None, 'cmake_target_skip_unavailable': False, 'install_base': '/home/dong/turtlebot4_ws/install/turtlebot4_setup', 'merge_install': False, 'path': '/home/dong/turtlebot4_ws/src/turtlebot4_setup', 'symlink_install': False, 'test_result_base': None}
[0.977s] INFO:colcon.colcon_core.executor:Executing jobs using 'parallel' executor
[0.989s] DEBUG:colcon.colcon_parallel_executor.executor.parallel:run_until_complete
[0.989s] INFO:colcon.colcon_ros.task.ament_cmake.build:Building ROS package in '/home/dong/turtlebot4_ws/src/turtlebot4_setup' with build type 'ament_cmake'
[0.989s] INFO:colcon.colcon_cmake.task.cmake.build:Building CMake package in '/home/dong/turtlebot4_ws/src/turtlebot4_setup'
[1.002s] INFO:colcon.colcon_core.plugin_system:Skipping extension 'colcon_core.shell.bat': Not used on non-Windows systems
[1.002s] INFO:colcon.colcon_core.shell:Skip shell extension 'powershell' for command environment: Not usable outside of PowerShell
[1.002s] DEBUG:colcon.colcon_core.shell:Skip shell extension 'dsv' for command environment
[1.031s] DEBUG:colcon.colcon_core.event_handler.log_command:Invoking command in '/home/dong/turtlebot4_ws/build/turtlebot4_setup': CMAKE_PREFIX_PATH=/opt/ros/humble /usr/bin/cmake /home/dong/turtlebot4_ws/src/turtlebot4_setup -DCMAKE_INSTALL_PREFIX=/home/dong/turtlebot4_ws/install/turtlebot4_setup
[1.258s] DEBUG:colcon.colcon_core.event_handler.log_command:Invoked command in '/home/dong/turtlebot4_ws/build/turtlebot4_setup' returned '0': CMAKE_PREFIX_PATH=/opt/ros/humble /usr/bin/cmake /home/dong/turtlebot4_ws/src/turtlebot4_setup -DCMAKE_INSTALL_PREFIX=/home/dong/turtlebot4_ws/install/turtlebot4_setup
[1.259s] DEBUG:colcon.colcon_core.event_handler.log_command:Invoking command in '/home/dong/turtlebot4_ws/build/turtlebot4_setup': CMAKE_PREFIX_PATH=/opt/ros/humble /usr/bin/cmake --build /home/dong/turtlebot4_ws/build/turtlebot4_setup -- -j8 -l8
[1.289s] DEBUG:colcon.colcon_core.event_handler.log_command:Invoked command in '/home/dong/turtlebot4_ws/build/turtlebot4_setup' returned '2': CMAKE_PREFIX_PATH=/opt/ros/humble /usr/bin/cmake --build /home/dong/turtlebot4_ws/build/turtlebot4_setup -- -j8 -l8
[1.315s] Level 1:colcon.colcon_core.environment:create_environment_scripts_only(turtlebot4_setup)
[1.327s] Level 1:colcon.colcon_core.environment:checking '/home/dong/turtlebot4_ws/install/turtlebot4_setup' for CMake module files
[1.328s] Level 1:colcon.colcon_core.environment:checking '/home/dong/turtlebot4_ws/install/turtlebot4_setup' for CMake config files
[1.328s] Level 1:colcon.colcon_core.shell:create_environment_hook('turtlebot4_setup', 'cmake_prefix_path')
[1.339s] INFO:colcon.colcon_core.shell:Creating environment hook '/home/dong/turtlebot4_ws/install/turtlebot4_setup/share/turtlebot4_setup/hook/cmake_prefix_path.ps1'
[1.339s] INFO:colcon.colcon_core.shell:Creating environment descriptor '/home/dong/turtlebot4_ws/install/turtlebot4_setup/share/turtlebot4_setup/hook/cmake_prefix_path.dsv'
[1.340s] INFO:colcon.colcon_core.shell:Creating environment hook '/home/dong/turtlebot4_ws/install/turtlebot4_setup/share/turtlebot4_setup/hook/cmake_prefix_path.sh'
[1.340s] Level 1:colcon.colcon_core.environment:checking '/home/dong/turtlebot4_ws/install/turtlebot4_setup/lib'
[1.340s] Level 1:colcon.colcon_core.environment:checking '/home/dong/turtlebot4_ws/install/turtlebot4_setup/bin'
[1.340s] Level 1:colcon.colcon_core.environment:checking '/home/dong/turtlebot4_ws/install/turtlebot4_setup/lib/pkgconfig/turtlebot4_setup.pc'
[1.340s] Level 1:colcon.colcon_core.environment:checking '/home/dong/turtlebot4_ws/install/turtlebot4_setup/lib/python3.10/site-packages'
[1.341s] Level 1:colcon.colcon_core.environment:checking '/home/dong/turtlebot4_ws/install/turtlebot4_setup/bin'
[1.352s] INFO:colcon.colcon_core.shell:Creating package script '/home/dong/turtlebot4_ws/install/turtlebot4_setup/share/turtlebot4_setup/package.ps1'
[1.352s] INFO:colcon.colcon_core.shell:Creating package descriptor '/home/dong/turtlebot4_ws/install/turtlebot4_setup/share/turtlebot4_setup/package.dsv'
[1.353s] INFO:colcon.colcon_core.shell:Creating package script '/home/dong/turtlebot4_ws/install/turtlebot4_setup/share/turtlebot4_setup/package.sh'
[1.353s] INFO:colcon.colcon_core.shell:Creating package script '/home/dong/turtlebot4_ws/install/turtlebot4_setup/share/turtlebot4_setup/package.bash'
[1.354s] INFO:colcon.colcon_core.shell:Creating package script '/home/dong/turtlebot4_ws/install/turtlebot4_setup/share/turtlebot4_setup/package.zsh'
[1.354s] Level 1:colcon.colcon_core.environment:create_file_with_runtime_dependencies(/home/dong/turtlebot4_ws/install/turtlebot4_setup/share/colcon-core/packages/turtlebot4_setup)
[1.354s] DEBUG:colcon.colcon_parallel_executor.executor.parallel:closing loop
[1.355s] DEBUG:colcon.colcon_parallel_executor.executor.parallel:loop closed
[1.355s] DEBUG:colcon.colcon_parallel_executor.executor.parallel:run_until_complete finished with '2'
[1.355s] DEBUG:colcon.colcon_core.event_reactor:joining thread
[1.369s] INFO:colcon.colcon_core.plugin_system:Skipping extension 'colcon_notification.desktop_notification.terminal_notifier': Not used on non-Darwin systems
[1.369s] INFO:colcon.colcon_core.plugin_system:Skipping extension 'colcon_notification.desktop_notification.win32': Not used on non-Windows systems
[1.369s] INFO:colcon.colcon_notification.desktop_notification:Sending desktop notification using 'notify2'
[1.377s] DEBUG:colcon.colcon_core.event_reactor:joined thread
[1.389s] INFO:colcon.colcon_core.shell:Creating prefix script '/home/dong/turtlebot4_ws/install/local_setup.ps1'
[1.390s] INFO:colcon.colcon_core.shell:Creating prefix util module '/home/dong/turtlebot4_ws/install/_local_setup_util_ps1.py'
[1.391s] INFO:colcon.colcon_core.shell:Creating prefix chain script '/home/dong/turtlebot4_ws/install/setup.ps1'
[1.402s] INFO:colcon.colcon_core.shell:Creating prefix script '/home/dong/turtlebot4_ws/install/local_setup.sh'
[1.403s] INFO:colcon.colcon_core.shell:Creating prefix util module '/home/dong/turtlebot4_ws/install/_local_setup_util_sh.py'
[1.403s] INFO:colcon.colcon_core.shell:Creating prefix chain script '/home/dong/turtlebot4_ws/install/setup.sh'
[1.415s] INFO:colcon.colcon_core.shell:Creating prefix script '/home/dong/turtlebot4_ws/install/local_setup.bash'
[1.415s] INFO:colcon.colcon_core.shell:Creating prefix chain script '/home/dong/turtlebot4_ws/install/setup.bash'
[1.427s] INFO:colcon.colcon_core.shell:Creating prefix script '/home/dong/turtlebot4_ws/install/local_setup.zsh'
[1.428s] INFO:colcon.colcon_core.shell:Creating prefix chain script '/home/dong/turtlebot4_ws/install/setup.zsh'
